[2024-10-18T09:51:19.649+0000] {processor.py:186} INFO - Started process (PID=222) to work on /home/airflow/.local/lib/python3.12/site-packages/airflow/example_dags/example_setup_teardown.py
[2024-10-18T09:51:19.653+0000] {processor.py:914} INFO - Processing file /home/airflow/.local/lib/python3.12/site-packages/airflow/example_dags/example_setup_teardown.py for tasks to queue
[2024-10-18T09:51:19.667+0000] {logging_mixin.py:190} INFO - [2024-10-18T09:51:19.666+0000] {dagbag.py:588} INFO - Filling up the DagBag from /home/airflow/.local/lib/python3.12/site-packages/airflow/example_dags/example_setup_teardown.py
[2024-10-18T09:51:19.704+0000] {processor.py:925} INFO - DAG(s) 'example_setup_teardown' retrieved from /home/airflow/.local/lib/python3.12/site-packages/airflow/example_dags/example_setup_teardown.py
[2024-10-18T09:51:19.787+0000] {logging_mixin.py:190} INFO - [2024-10-18T09:51:19.786+0000] {dag.py:3239} INFO - Sync 1 DAGs
[2024-10-18T09:51:19.830+0000] {logging_mixin.py:190} INFO - [2024-10-18T09:51:19.830+0000] {dag.py:4180} INFO - Setting next_dagrun for example_setup_teardown to None, run_after=None
[2024-10-18T09:51:19.880+0000] {processor.py:208} INFO - Processing /home/airflow/.local/lib/python3.12/site-packages/airflow/example_dags/example_setup_teardown.py took 0.247 seconds
[2024-10-18T09:51:52.575+0000] {processor.py:186} INFO - Started process (PID=513) to work on /home/airflow/.local/lib/python3.12/site-packages/airflow/example_dags/example_setup_teardown.py
[2024-10-18T09:51:52.581+0000] {processor.py:914} INFO - Processing file /home/airflow/.local/lib/python3.12/site-packages/airflow/example_dags/example_setup_teardown.py for tasks to queue
[2024-10-18T09:51:52.592+0000] {logging_mixin.py:190} INFO - [2024-10-18T09:51:52.591+0000] {dagbag.py:588} INFO - Filling up the DagBag from /home/airflow/.local/lib/python3.12/site-packages/airflow/example_dags/example_setup_teardown.py
[2024-10-18T09:51:52.630+0000] {processor.py:925} INFO - DAG(s) 'example_setup_teardown' retrieved from /home/airflow/.local/lib/python3.12/site-packages/airflow/example_dags/example_setup_teardown.py
[2024-10-18T09:51:52.725+0000] {logging_mixin.py:190} INFO - [2024-10-18T09:51:52.724+0000] {dag.py:3239} INFO - Sync 1 DAGs
[2024-10-18T09:51:52.789+0000] {logging_mixin.py:190} INFO - [2024-10-18T09:51:52.788+0000] {dag.py:4180} INFO - Setting next_dagrun for example_setup_teardown to None, run_after=None
[2024-10-18T09:51:52.850+0000] {processor.py:208} INFO - Processing /home/airflow/.local/lib/python3.12/site-packages/airflow/example_dags/example_setup_teardown.py took 0.294 seconds
[2024-10-18T09:52:23.282+0000] {processor.py:186} INFO - Started process (PID=804) to work on /home/airflow/.local/lib/python3.12/site-packages/airflow/example_dags/example_setup_teardown.py
[2024-10-18T09:52:23.292+0000] {processor.py:914} INFO - Processing file /home/airflow/.local/lib/python3.12/site-packages/airflow/example_dags/example_setup_teardown.py for tasks to queue
[2024-10-18T09:52:23.308+0000] {logging_mixin.py:190} INFO - [2024-10-18T09:52:23.306+0000] {dagbag.py:588} INFO - Filling up the DagBag from /home/airflow/.local/lib/python3.12/site-packages/airflow/example_dags/example_setup_teardown.py
[2024-10-18T09:52:23.359+0000] {processor.py:925} INFO - DAG(s) 'example_setup_teardown' retrieved from /home/airflow/.local/lib/python3.12/site-packages/airflow/example_dags/example_setup_teardown.py
[2024-10-18T09:52:23.495+0000] {logging_mixin.py:190} INFO - [2024-10-18T09:52:23.492+0000] {dag.py:3239} INFO - Sync 1 DAGs
[2024-10-18T09:52:23.576+0000] {logging_mixin.py:190} INFO - [2024-10-18T09:52:23.575+0000] {dag.py:4180} INFO - Setting next_dagrun for example_setup_teardown to None, run_after=None
[2024-10-18T09:52:23.674+0000] {processor.py:208} INFO - Processing /home/airflow/.local/lib/python3.12/site-packages/airflow/example_dags/example_setup_teardown.py took 0.417 seconds
[2024-10-18T09:52:54.099+0000] {processor.py:186} INFO - Started process (PID=1095) to work on /home/airflow/.local/lib/python3.12/site-packages/airflow/example_dags/example_setup_teardown.py
[2024-10-18T09:52:54.101+0000] {processor.py:914} INFO - Processing file /home/airflow/.local/lib/python3.12/site-packages/airflow/example_dags/example_setup_teardown.py for tasks to queue
[2024-10-18T09:52:54.105+0000] {logging_mixin.py:190} INFO - [2024-10-18T09:52:54.104+0000] {dagbag.py:588} INFO - Filling up the DagBag from /home/airflow/.local/lib/python3.12/site-packages/airflow/example_dags/example_setup_teardown.py
[2024-10-18T09:52:54.117+0000] {processor.py:925} INFO - DAG(s) 'example_setup_teardown' retrieved from /home/airflow/.local/lib/python3.12/site-packages/airflow/example_dags/example_setup_teardown.py
[2024-10-18T09:52:54.156+0000] {logging_mixin.py:190} INFO - [2024-10-18T09:52:54.156+0000] {dag.py:3239} INFO - Sync 1 DAGs
[2024-10-18T09:52:54.182+0000] {logging_mixin.py:190} INFO - [2024-10-18T09:52:54.182+0000] {dag.py:4180} INFO - Setting next_dagrun for example_setup_teardown to None, run_after=None
[2024-10-18T09:52:54.223+0000] {processor.py:208} INFO - Processing /home/airflow/.local/lib/python3.12/site-packages/airflow/example_dags/example_setup_teardown.py took 0.140 seconds
[2024-10-18T09:53:25.012+0000] {processor.py:186} INFO - Started process (PID=1386) to work on /home/airflow/.local/lib/python3.12/site-packages/airflow/example_dags/example_setup_teardown.py
[2024-10-18T09:53:25.016+0000] {processor.py:914} INFO - Processing file /home/airflow/.local/lib/python3.12/site-packages/airflow/example_dags/example_setup_teardown.py for tasks to queue
[2024-10-18T09:53:25.021+0000] {logging_mixin.py:190} INFO - [2024-10-18T09:53:25.021+0000] {dagbag.py:588} INFO - Filling up the DagBag from /home/airflow/.local/lib/python3.12/site-packages/airflow/example_dags/example_setup_teardown.py
[2024-10-18T09:53:25.032+0000] {processor.py:925} INFO - DAG(s) 'example_setup_teardown' retrieved from /home/airflow/.local/lib/python3.12/site-packages/airflow/example_dags/example_setup_teardown.py
[2024-10-18T09:53:25.059+0000] {logging_mixin.py:190} INFO - [2024-10-18T09:53:25.059+0000] {dag.py:3239} INFO - Sync 1 DAGs
[2024-10-18T09:53:25.082+0000] {logging_mixin.py:190} INFO - [2024-10-18T09:53:25.082+0000] {dag.py:4180} INFO - Setting next_dagrun for example_setup_teardown to None, run_after=None
[2024-10-18T09:53:25.121+0000] {processor.py:208} INFO - Processing /home/airflow/.local/lib/python3.12/site-packages/airflow/example_dags/example_setup_teardown.py took 0.126 seconds
[2024-10-18T09:53:55.758+0000] {processor.py:186} INFO - Started process (PID=1677) to work on /home/airflow/.local/lib/python3.12/site-packages/airflow/example_dags/example_setup_teardown.py
[2024-10-18T09:53:55.761+0000] {processor.py:914} INFO - Processing file /home/airflow/.local/lib/python3.12/site-packages/airflow/example_dags/example_setup_teardown.py for tasks to queue
[2024-10-18T09:53:55.768+0000] {logging_mixin.py:190} INFO - [2024-10-18T09:53:55.767+0000] {dagbag.py:588} INFO - Filling up the DagBag from /home/airflow/.local/lib/python3.12/site-packages/airflow/example_dags/example_setup_teardown.py
[2024-10-18T09:53:55.808+0000] {processor.py:925} INFO - DAG(s) 'example_setup_teardown' retrieved from /home/airflow/.local/lib/python3.12/site-packages/airflow/example_dags/example_setup_teardown.py
[2024-10-18T09:53:55.941+0000] {logging_mixin.py:190} INFO - [2024-10-18T09:53:55.940+0000] {dag.py:3239} INFO - Sync 1 DAGs
[2024-10-18T09:53:56.023+0000] {logging_mixin.py:190} INFO - [2024-10-18T09:53:56.022+0000] {dag.py:4180} INFO - Setting next_dagrun for example_setup_teardown to None, run_after=None
[2024-10-18T09:53:56.101+0000] {processor.py:208} INFO - Processing /home/airflow/.local/lib/python3.12/site-packages/airflow/example_dags/example_setup_teardown.py took 0.358 seconds
[2024-10-18T09:54:26.212+0000] {processor.py:186} INFO - Started process (PID=1970) to work on /home/airflow/.local/lib/python3.12/site-packages/airflow/example_dags/example_setup_teardown.py
[2024-10-18T09:54:26.214+0000] {processor.py:914} INFO - Processing file /home/airflow/.local/lib/python3.12/site-packages/airflow/example_dags/example_setup_teardown.py for tasks to queue
[2024-10-18T09:54:26.217+0000] {logging_mixin.py:190} INFO - [2024-10-18T09:54:26.216+0000] {dagbag.py:588} INFO - Filling up the DagBag from /home/airflow/.local/lib/python3.12/site-packages/airflow/example_dags/example_setup_teardown.py
[2024-10-18T09:54:26.225+0000] {processor.py:925} INFO - DAG(s) 'example_setup_teardown' retrieved from /home/airflow/.local/lib/python3.12/site-packages/airflow/example_dags/example_setup_teardown.py
[2024-10-18T09:54:26.249+0000] {logging_mixin.py:190} INFO - [2024-10-18T09:54:26.249+0000] {dag.py:3239} INFO - Sync 1 DAGs
[2024-10-18T09:54:26.263+0000] {logging_mixin.py:190} INFO - [2024-10-18T09:54:26.263+0000] {dag.py:4180} INFO - Setting next_dagrun for example_setup_teardown to None, run_after=None
[2024-10-18T09:54:26.287+0000] {processor.py:208} INFO - Processing /home/airflow/.local/lib/python3.12/site-packages/airflow/example_dags/example_setup_teardown.py took 0.081 seconds
[2024-10-18T09:54:56.413+0000] {processor.py:186} INFO - Started process (PID=2261) to work on /home/airflow/.local/lib/python3.12/site-packages/airflow/example_dags/example_setup_teardown.py
[2024-10-18T09:54:56.415+0000] {processor.py:914} INFO - Processing file /home/airflow/.local/lib/python3.12/site-packages/airflow/example_dags/example_setup_teardown.py for tasks to queue
[2024-10-18T09:54:56.418+0000] {logging_mixin.py:190} INFO - [2024-10-18T09:54:56.418+0000] {dagbag.py:588} INFO - Filling up the DagBag from /home/airflow/.local/lib/python3.12/site-packages/airflow/example_dags/example_setup_teardown.py
[2024-10-18T09:54:56.426+0000] {processor.py:925} INFO - DAG(s) 'example_setup_teardown' retrieved from /home/airflow/.local/lib/python3.12/site-packages/airflow/example_dags/example_setup_teardown.py
[2024-10-18T09:54:56.449+0000] {logging_mixin.py:190} INFO - [2024-10-18T09:54:56.449+0000] {dag.py:3239} INFO - Sync 1 DAGs
[2024-10-18T09:54:56.462+0000] {logging_mixin.py:190} INFO - [2024-10-18T09:54:56.461+0000] {dag.py:4180} INFO - Setting next_dagrun for example_setup_teardown to None, run_after=None
[2024-10-18T09:54:56.483+0000] {processor.py:208} INFO - Processing /home/airflow/.local/lib/python3.12/site-packages/airflow/example_dags/example_setup_teardown.py took 0.082 seconds
[2024-10-18T09:55:26.705+0000] {processor.py:186} INFO - Started process (PID=2552) to work on /home/airflow/.local/lib/python3.12/site-packages/airflow/example_dags/example_setup_teardown.py
[2024-10-18T09:55:26.706+0000] {processor.py:914} INFO - Processing file /home/airflow/.local/lib/python3.12/site-packages/airflow/example_dags/example_setup_teardown.py for tasks to queue
[2024-10-18T09:55:26.709+0000] {logging_mixin.py:190} INFO - [2024-10-18T09:55:26.709+0000] {dagbag.py:588} INFO - Filling up the DagBag from /home/airflow/.local/lib/python3.12/site-packages/airflow/example_dags/example_setup_teardown.py
[2024-10-18T09:55:26.717+0000] {processor.py:925} INFO - DAG(s) 'example_setup_teardown' retrieved from /home/airflow/.local/lib/python3.12/site-packages/airflow/example_dags/example_setup_teardown.py
[2024-10-18T09:55:26.739+0000] {logging_mixin.py:190} INFO - [2024-10-18T09:55:26.739+0000] {dag.py:3239} INFO - Sync 1 DAGs
[2024-10-18T09:55:26.756+0000] {logging_mixin.py:190} INFO - [2024-10-18T09:55:26.755+0000] {dag.py:4180} INFO - Setting next_dagrun for example_setup_teardown to None, run_after=None
[2024-10-18T09:55:26.777+0000] {processor.py:208} INFO - Processing /home/airflow/.local/lib/python3.12/site-packages/airflow/example_dags/example_setup_teardown.py took 0.078 seconds
[2024-10-18T09:55:56.843+0000] {processor.py:186} INFO - Started process (PID=2841) to work on /home/airflow/.local/lib/python3.12/site-packages/airflow/example_dags/example_setup_teardown.py
[2024-10-18T09:55:56.844+0000] {processor.py:914} INFO - Processing file /home/airflow/.local/lib/python3.12/site-packages/airflow/example_dags/example_setup_teardown.py for tasks to queue
[2024-10-18T09:55:56.847+0000] {logging_mixin.py:190} INFO - [2024-10-18T09:55:56.847+0000] {dagbag.py:588} INFO - Filling up the DagBag from /home/airflow/.local/lib/python3.12/site-packages/airflow/example_dags/example_setup_teardown.py
[2024-10-18T09:55:56.856+0000] {processor.py:925} INFO - DAG(s) 'example_setup_teardown' retrieved from /home/airflow/.local/lib/python3.12/site-packages/airflow/example_dags/example_setup_teardown.py
[2024-10-18T09:55:56.877+0000] {logging_mixin.py:190} INFO - [2024-10-18T09:55:56.877+0000] {dag.py:3239} INFO - Sync 1 DAGs
[2024-10-18T09:55:56.889+0000] {logging_mixin.py:190} INFO - [2024-10-18T09:55:56.889+0000] {dag.py:4180} INFO - Setting next_dagrun for example_setup_teardown to None, run_after=None
[2024-10-18T09:55:56.911+0000] {processor.py:208} INFO - Processing /home/airflow/.local/lib/python3.12/site-packages/airflow/example_dags/example_setup_teardown.py took 0.073 seconds
[2024-10-18T09:56:27.232+0000] {processor.py:186} INFO - Started process (PID=3132) to work on /home/airflow/.local/lib/python3.12/site-packages/airflow/example_dags/example_setup_teardown.py
[2024-10-18T09:56:27.234+0000] {processor.py:914} INFO - Processing file /home/airflow/.local/lib/python3.12/site-packages/airflow/example_dags/example_setup_teardown.py for tasks to queue
[2024-10-18T09:56:27.239+0000] {logging_mixin.py:190} INFO - [2024-10-18T09:56:27.238+0000] {dagbag.py:588} INFO - Filling up the DagBag from /home/airflow/.local/lib/python3.12/site-packages/airflow/example_dags/example_setup_teardown.py
[2024-10-18T09:56:27.253+0000] {processor.py:925} INFO - DAG(s) 'example_setup_teardown' retrieved from /home/airflow/.local/lib/python3.12/site-packages/airflow/example_dags/example_setup_teardown.py
[2024-10-18T09:56:27.283+0000] {logging_mixin.py:190} INFO - [2024-10-18T09:56:27.282+0000] {dag.py:3239} INFO - Sync 1 DAGs
[2024-10-18T09:56:27.299+0000] {logging_mixin.py:190} INFO - [2024-10-18T09:56:27.299+0000] {dag.py:4180} INFO - Setting next_dagrun for example_setup_teardown to None, run_after=None
[2024-10-18T09:56:27.323+0000] {processor.py:208} INFO - Processing /home/airflow/.local/lib/python3.12/site-packages/airflow/example_dags/example_setup_teardown.py took 0.100 seconds
[2024-10-18T09:56:58.287+0000] {processor.py:186} INFO - Started process (PID=3424) to work on /home/airflow/.local/lib/python3.12/site-packages/airflow/example_dags/example_setup_teardown.py
[2024-10-18T09:56:58.289+0000] {processor.py:914} INFO - Processing file /home/airflow/.local/lib/python3.12/site-packages/airflow/example_dags/example_setup_teardown.py for tasks to queue
[2024-10-18T09:56:58.293+0000] {logging_mixin.py:190} INFO - [2024-10-18T09:56:58.292+0000] {dagbag.py:588} INFO - Filling up the DagBag from /home/airflow/.local/lib/python3.12/site-packages/airflow/example_dags/example_setup_teardown.py
[2024-10-18T09:56:58.306+0000] {processor.py:925} INFO - DAG(s) 'example_setup_teardown' retrieved from /home/airflow/.local/lib/python3.12/site-packages/airflow/example_dags/example_setup_teardown.py
[2024-10-18T09:56:58.334+0000] {logging_mixin.py:190} INFO - [2024-10-18T09:56:58.334+0000] {dag.py:3239} INFO - Sync 1 DAGs
[2024-10-18T09:56:58.356+0000] {logging_mixin.py:190} INFO - [2024-10-18T09:56:58.356+0000] {dag.py:4180} INFO - Setting next_dagrun for example_setup_teardown to None, run_after=None
[2024-10-18T09:56:58.384+0000] {processor.py:208} INFO - Processing /home/airflow/.local/lib/python3.12/site-packages/airflow/example_dags/example_setup_teardown.py took 0.106 seconds
[2024-10-18T09:57:28.519+0000] {processor.py:186} INFO - Started process (PID=3712) to work on /home/airflow/.local/lib/python3.12/site-packages/airflow/example_dags/example_setup_teardown.py
[2024-10-18T09:57:28.521+0000] {processor.py:914} INFO - Processing file /home/airflow/.local/lib/python3.12/site-packages/airflow/example_dags/example_setup_teardown.py for tasks to queue
[2024-10-18T09:57:28.524+0000] {logging_mixin.py:190} INFO - [2024-10-18T09:57:28.524+0000] {dagbag.py:588} INFO - Filling up the DagBag from /home/airflow/.local/lib/python3.12/site-packages/airflow/example_dags/example_setup_teardown.py
[2024-10-18T09:57:28.535+0000] {processor.py:925} INFO - DAG(s) 'example_setup_teardown' retrieved from /home/airflow/.local/lib/python3.12/site-packages/airflow/example_dags/example_setup_teardown.py
[2024-10-18T09:57:28.568+0000] {logging_mixin.py:190} INFO - [2024-10-18T09:57:28.567+0000] {dag.py:3239} INFO - Sync 1 DAGs
[2024-10-18T09:57:28.603+0000] {logging_mixin.py:190} INFO - [2024-10-18T09:57:28.602+0000] {dag.py:4180} INFO - Setting next_dagrun for example_setup_teardown to None, run_after=None
[2024-10-18T09:57:28.651+0000] {processor.py:208} INFO - Processing /home/airflow/.local/lib/python3.12/site-packages/airflow/example_dags/example_setup_teardown.py took 0.141 seconds
