[2024-10-18T09:51:28.664+0000] {processor.py:186} INFO - Started process (PID=457) to work on /home/airflow/.local/lib/python3.12/site-packages/airflow/example_dags/example_xcomargs.py
[2024-10-18T09:51:28.667+0000] {processor.py:914} INFO - Processing file /home/airflow/.local/lib/python3.12/site-packages/airflow/example_dags/example_xcomargs.py for tasks to queue
[2024-10-18T09:51:28.672+0000] {logging_mixin.py:190} INFO - [2024-10-18T09:51:28.672+0000] {dagbag.py:588} INFO - Filling up the DagBag from /home/airflow/.local/lib/python3.12/site-packages/airflow/example_dags/example_xcomargs.py
[2024-10-18T09:51:28.699+0000] {processor.py:925} INFO - DAG(s) 'example_xcom_args', 'example_xcom_args_with_operators' retrieved from /home/airflow/.local/lib/python3.12/site-packages/airflow/example_dags/example_xcomargs.py
[2024-10-18T09:51:28.746+0000] {logging_mixin.py:190} INFO - [2024-10-18T09:51:28.745+0000] {dag.py:3239} INFO - Sync 2 DAGs
[2024-10-18T09:51:28.778+0000] {logging_mixin.py:190} INFO - [2024-10-18T09:51:28.777+0000] {dag.py:4180} INFO - Setting next_dagrun for example_xcom_args to None, run_after=None
[2024-10-18T09:51:28.789+0000] {logging_mixin.py:190} INFO - [2024-10-18T09:51:28.788+0000] {dag.py:4180} INFO - Setting next_dagrun for example_xcom_args_with_operators to None, run_after=None
[2024-10-18T09:51:28.843+0000] {processor.py:208} INFO - Processing /home/airflow/.local/lib/python3.12/site-packages/airflow/example_dags/example_xcomargs.py took 0.192 seconds
[2024-10-18T09:52:01.500+0000] {processor.py:186} INFO - Started process (PID=748) to work on /home/airflow/.local/lib/python3.12/site-packages/airflow/example_dags/example_xcomargs.py
[2024-10-18T09:52:01.506+0000] {processor.py:914} INFO - Processing file /home/airflow/.local/lib/python3.12/site-packages/airflow/example_dags/example_xcomargs.py for tasks to queue
[2024-10-18T09:52:01.513+0000] {logging_mixin.py:190} INFO - [2024-10-18T09:52:01.512+0000] {dagbag.py:588} INFO - Filling up the DagBag from /home/airflow/.local/lib/python3.12/site-packages/airflow/example_dags/example_xcomargs.py
[2024-10-18T09:52:01.544+0000] {processor.py:925} INFO - DAG(s) 'example_xcom_args', 'example_xcom_args_with_operators' retrieved from /home/airflow/.local/lib/python3.12/site-packages/airflow/example_dags/example_xcomargs.py
[2024-10-18T09:52:01.606+0000] {logging_mixin.py:190} INFO - [2024-10-18T09:52:01.605+0000] {dag.py:3239} INFO - Sync 2 DAGs
[2024-10-18T09:52:01.646+0000] {logging_mixin.py:190} INFO - [2024-10-18T09:52:01.646+0000] {dag.py:4180} INFO - Setting next_dagrun for example_xcom_args to None, run_after=None
[2024-10-18T09:52:01.663+0000] {logging_mixin.py:190} INFO - [2024-10-18T09:52:01.663+0000] {dag.py:4180} INFO - Setting next_dagrun for example_xcom_args_with_operators to None, run_after=None
[2024-10-18T09:52:01.727+0000] {processor.py:208} INFO - Processing /home/airflow/.local/lib/python3.12/site-packages/airflow/example_dags/example_xcomargs.py took 0.246 seconds
[2024-10-18T09:52:34.792+0000] {processor.py:186} INFO - Started process (PID=1039) to work on /home/airflow/.local/lib/python3.12/site-packages/airflow/example_dags/example_xcomargs.py
[2024-10-18T09:52:34.795+0000] {processor.py:914} INFO - Processing file /home/airflow/.local/lib/python3.12/site-packages/airflow/example_dags/example_xcomargs.py for tasks to queue
[2024-10-18T09:52:34.799+0000] {logging_mixin.py:190} INFO - [2024-10-18T09:52:34.798+0000] {dagbag.py:588} INFO - Filling up the DagBag from /home/airflow/.local/lib/python3.12/site-packages/airflow/example_dags/example_xcomargs.py
[2024-10-18T09:52:34.817+0000] {processor.py:925} INFO - DAG(s) 'example_xcom_args', 'example_xcom_args_with_operators' retrieved from /home/airflow/.local/lib/python3.12/site-packages/airflow/example_dags/example_xcomargs.py
[2024-10-18T09:52:34.865+0000] {logging_mixin.py:190} INFO - [2024-10-18T09:52:34.864+0000] {dag.py:3239} INFO - Sync 2 DAGs
[2024-10-18T09:52:34.890+0000] {logging_mixin.py:190} INFO - [2024-10-18T09:52:34.890+0000] {dag.py:4180} INFO - Setting next_dagrun for example_xcom_args to None, run_after=None
[2024-10-18T09:52:34.897+0000] {logging_mixin.py:190} INFO - [2024-10-18T09:52:34.897+0000] {dag.py:4180} INFO - Setting next_dagrun for example_xcom_args_with_operators to None, run_after=None
[2024-10-18T09:52:34.928+0000] {processor.py:208} INFO - Processing /home/airflow/.local/lib/python3.12/site-packages/airflow/example_dags/example_xcomargs.py took 0.145 seconds
[2024-10-18T09:53:08.561+0000] {processor.py:186} INFO - Started process (PID=1330) to work on /home/airflow/.local/lib/python3.12/site-packages/airflow/example_dags/example_xcomargs.py
[2024-10-18T09:53:08.565+0000] {processor.py:914} INFO - Processing file /home/airflow/.local/lib/python3.12/site-packages/airflow/example_dags/example_xcomargs.py for tasks to queue
[2024-10-18T09:53:08.571+0000] {logging_mixin.py:190} INFO - [2024-10-18T09:53:08.570+0000] {dagbag.py:588} INFO - Filling up the DagBag from /home/airflow/.local/lib/python3.12/site-packages/airflow/example_dags/example_xcomargs.py
[2024-10-18T09:53:08.591+0000] {processor.py:925} INFO - DAG(s) 'example_xcom_args', 'example_xcom_args_with_operators' retrieved from /home/airflow/.local/lib/python3.12/site-packages/airflow/example_dags/example_xcomargs.py
[2024-10-18T09:53:08.650+0000] {logging_mixin.py:190} INFO - [2024-10-18T09:53:08.649+0000] {dag.py:3239} INFO - Sync 2 DAGs
[2024-10-18T09:53:08.696+0000] {logging_mixin.py:190} INFO - [2024-10-18T09:53:08.696+0000] {dag.py:4180} INFO - Setting next_dagrun for example_xcom_args to None, run_after=None
[2024-10-18T09:53:08.709+0000] {logging_mixin.py:190} INFO - [2024-10-18T09:53:08.708+0000] {dag.py:4180} INFO - Setting next_dagrun for example_xcom_args_with_operators to None, run_after=None
[2024-10-18T09:53:08.759+0000] {processor.py:208} INFO - Processing /home/airflow/.local/lib/python3.12/site-packages/airflow/example_dags/example_xcomargs.py took 0.219 seconds
[2024-10-18T09:53:39.571+0000] {processor.py:186} INFO - Started process (PID=1621) to work on /home/airflow/.local/lib/python3.12/site-packages/airflow/example_dags/example_xcomargs.py
[2024-10-18T09:53:39.572+0000] {processor.py:914} INFO - Processing file /home/airflow/.local/lib/python3.12/site-packages/airflow/example_dags/example_xcomargs.py for tasks to queue
[2024-10-18T09:53:39.575+0000] {logging_mixin.py:190} INFO - [2024-10-18T09:53:39.575+0000] {dagbag.py:588} INFO - Filling up the DagBag from /home/airflow/.local/lib/python3.12/site-packages/airflow/example_dags/example_xcomargs.py
[2024-10-18T09:53:39.588+0000] {processor.py:925} INFO - DAG(s) 'example_xcom_args', 'example_xcom_args_with_operators' retrieved from /home/airflow/.local/lib/python3.12/site-packages/airflow/example_dags/example_xcomargs.py
[2024-10-18T09:53:39.625+0000] {logging_mixin.py:190} INFO - [2024-10-18T09:53:39.624+0000] {dag.py:3239} INFO - Sync 2 DAGs
[2024-10-18T09:53:39.646+0000] {logging_mixin.py:190} INFO - [2024-10-18T09:53:39.645+0000] {dag.py:4180} INFO - Setting next_dagrun for example_xcom_args to None, run_after=None
[2024-10-18T09:53:39.652+0000] {logging_mixin.py:190} INFO - [2024-10-18T09:53:39.652+0000] {dag.py:4180} INFO - Setting next_dagrun for example_xcom_args_with_operators to None, run_after=None
[2024-10-18T09:53:39.678+0000] {processor.py:208} INFO - Processing /home/airflow/.local/lib/python3.12/site-packages/airflow/example_dags/example_xcomargs.py took 0.114 seconds
[2024-10-18T09:54:09.902+0000] {processor.py:186} INFO - Started process (PID=1912) to work on /home/airflow/.local/lib/python3.12/site-packages/airflow/example_dags/example_xcomargs.py
[2024-10-18T09:54:09.904+0000] {processor.py:914} INFO - Processing file /home/airflow/.local/lib/python3.12/site-packages/airflow/example_dags/example_xcomargs.py for tasks to queue
[2024-10-18T09:54:09.907+0000] {logging_mixin.py:190} INFO - [2024-10-18T09:54:09.907+0000] {dagbag.py:588} INFO - Filling up the DagBag from /home/airflow/.local/lib/python3.12/site-packages/airflow/example_dags/example_xcomargs.py
[2024-10-18T09:54:09.921+0000] {processor.py:925} INFO - DAG(s) 'example_xcom_args', 'example_xcom_args_with_operators' retrieved from /home/airflow/.local/lib/python3.12/site-packages/airflow/example_dags/example_xcomargs.py
[2024-10-18T09:54:09.950+0000] {logging_mixin.py:190} INFO - [2024-10-18T09:54:09.949+0000] {dag.py:3239} INFO - Sync 2 DAGs
[2024-10-18T09:54:09.965+0000] {logging_mixin.py:190} INFO - [2024-10-18T09:54:09.964+0000] {dag.py:4180} INFO - Setting next_dagrun for example_xcom_args to None, run_after=None
[2024-10-18T09:54:09.970+0000] {logging_mixin.py:190} INFO - [2024-10-18T09:54:09.969+0000] {dag.py:4180} INFO - Setting next_dagrun for example_xcom_args_with_operators to None, run_after=None
[2024-10-18T09:54:09.990+0000] {processor.py:208} INFO - Processing /home/airflow/.local/lib/python3.12/site-packages/airflow/example_dags/example_xcomargs.py took 0.097 seconds
[2024-10-18T09:54:40.322+0000] {processor.py:186} INFO - Started process (PID=2203) to work on /home/airflow/.local/lib/python3.12/site-packages/airflow/example_dags/example_xcomargs.py
[2024-10-18T09:54:40.324+0000] {processor.py:914} INFO - Processing file /home/airflow/.local/lib/python3.12/site-packages/airflow/example_dags/example_xcomargs.py for tasks to queue
[2024-10-18T09:54:40.327+0000] {logging_mixin.py:190} INFO - [2024-10-18T09:54:40.327+0000] {dagbag.py:588} INFO - Filling up the DagBag from /home/airflow/.local/lib/python3.12/site-packages/airflow/example_dags/example_xcomargs.py
[2024-10-18T09:54:40.340+0000] {processor.py:925} INFO - DAG(s) 'example_xcom_args_with_operators', 'example_xcom_args' retrieved from /home/airflow/.local/lib/python3.12/site-packages/airflow/example_dags/example_xcomargs.py
[2024-10-18T09:54:40.370+0000] {logging_mixin.py:190} INFO - [2024-10-18T09:54:40.370+0000] {dag.py:3239} INFO - Sync 2 DAGs
[2024-10-18T09:54:40.388+0000] {logging_mixin.py:190} INFO - [2024-10-18T09:54:40.387+0000] {dag.py:4180} INFO - Setting next_dagrun for example_xcom_args to None, run_after=None
[2024-10-18T09:54:40.393+0000] {logging_mixin.py:190} INFO - [2024-10-18T09:54:40.392+0000] {dag.py:4180} INFO - Setting next_dagrun for example_xcom_args_with_operators to None, run_after=None
[2024-10-18T09:54:40.416+0000] {processor.py:208} INFO - Processing /home/airflow/.local/lib/python3.12/site-packages/airflow/example_dags/example_xcomargs.py took 0.100 seconds
[2024-10-18T09:55:10.591+0000] {processor.py:186} INFO - Started process (PID=2494) to work on /home/airflow/.local/lib/python3.12/site-packages/airflow/example_dags/example_xcomargs.py
[2024-10-18T09:55:10.593+0000] {processor.py:914} INFO - Processing file /home/airflow/.local/lib/python3.12/site-packages/airflow/example_dags/example_xcomargs.py for tasks to queue
[2024-10-18T09:55:10.596+0000] {logging_mixin.py:190} INFO - [2024-10-18T09:55:10.596+0000] {dagbag.py:588} INFO - Filling up the DagBag from /home/airflow/.local/lib/python3.12/site-packages/airflow/example_dags/example_xcomargs.py
[2024-10-18T09:55:10.607+0000] {processor.py:925} INFO - DAG(s) 'example_xcom_args', 'example_xcom_args_with_operators' retrieved from /home/airflow/.local/lib/python3.12/site-packages/airflow/example_dags/example_xcomargs.py
[2024-10-18T09:55:10.637+0000] {logging_mixin.py:190} INFO - [2024-10-18T09:55:10.636+0000] {dag.py:3239} INFO - Sync 2 DAGs
[2024-10-18T09:55:10.652+0000] {logging_mixin.py:190} INFO - [2024-10-18T09:55:10.652+0000] {dag.py:4180} INFO - Setting next_dagrun for example_xcom_args to None, run_after=None
[2024-10-18T09:55:10.657+0000] {logging_mixin.py:190} INFO - [2024-10-18T09:55:10.657+0000] {dag.py:4180} INFO - Setting next_dagrun for example_xcom_args_with_operators to None, run_after=None
[2024-10-18T09:55:10.678+0000] {processor.py:208} INFO - Processing /home/airflow/.local/lib/python3.12/site-packages/airflow/example_dags/example_xcomargs.py took 0.092 seconds
[2024-10-18T09:55:40.895+0000] {processor.py:186} INFO - Started process (PID=2785) to work on /home/airflow/.local/lib/python3.12/site-packages/airflow/example_dags/example_xcomargs.py
[2024-10-18T09:55:40.897+0000] {processor.py:914} INFO - Processing file /home/airflow/.local/lib/python3.12/site-packages/airflow/example_dags/example_xcomargs.py for tasks to queue
[2024-10-18T09:55:40.900+0000] {logging_mixin.py:190} INFO - [2024-10-18T09:55:40.900+0000] {dagbag.py:588} INFO - Filling up the DagBag from /home/airflow/.local/lib/python3.12/site-packages/airflow/example_dags/example_xcomargs.py
[2024-10-18T09:55:40.910+0000] {processor.py:925} INFO - DAG(s) 'example_xcom_args', 'example_xcom_args_with_operators' retrieved from /home/airflow/.local/lib/python3.12/site-packages/airflow/example_dags/example_xcomargs.py
[2024-10-18T09:55:40.940+0000] {logging_mixin.py:190} INFO - [2024-10-18T09:55:40.939+0000] {dag.py:3239} INFO - Sync 2 DAGs
[2024-10-18T09:55:40.956+0000] {logging_mixin.py:190} INFO - [2024-10-18T09:55:40.955+0000] {dag.py:4180} INFO - Setting next_dagrun for example_xcom_args to None, run_after=None
[2024-10-18T09:55:40.960+0000] {logging_mixin.py:190} INFO - [2024-10-18T09:55:40.960+0000] {dag.py:4180} INFO - Setting next_dagrun for example_xcom_args_with_operators to None, run_after=None
[2024-10-18T09:55:40.984+0000] {processor.py:208} INFO - Processing /home/airflow/.local/lib/python3.12/site-packages/airflow/example_dags/example_xcomargs.py took 0.093 seconds
[2024-10-18T09:56:11.125+0000] {processor.py:186} INFO - Started process (PID=3076) to work on /home/airflow/.local/lib/python3.12/site-packages/airflow/example_dags/example_xcomargs.py
[2024-10-18T09:56:11.126+0000] {processor.py:914} INFO - Processing file /home/airflow/.local/lib/python3.12/site-packages/airflow/example_dags/example_xcomargs.py for tasks to queue
[2024-10-18T09:56:11.130+0000] {logging_mixin.py:190} INFO - [2024-10-18T09:56:11.129+0000] {dagbag.py:588} INFO - Filling up the DagBag from /home/airflow/.local/lib/python3.12/site-packages/airflow/example_dags/example_xcomargs.py
[2024-10-18T09:56:11.143+0000] {processor.py:925} INFO - DAG(s) 'example_xcom_args_with_operators', 'example_xcom_args' retrieved from /home/airflow/.local/lib/python3.12/site-packages/airflow/example_dags/example_xcomargs.py
[2024-10-18T09:56:11.176+0000] {logging_mixin.py:190} INFO - [2024-10-18T09:56:11.175+0000] {dag.py:3239} INFO - Sync 2 DAGs
[2024-10-18T09:56:11.194+0000] {logging_mixin.py:190} INFO - [2024-10-18T09:56:11.194+0000] {dag.py:4180} INFO - Setting next_dagrun for example_xcom_args to None, run_after=None
[2024-10-18T09:56:11.200+0000] {logging_mixin.py:190} INFO - [2024-10-18T09:56:11.200+0000] {dag.py:4180} INFO - Setting next_dagrun for example_xcom_args_with_operators to None, run_after=None
[2024-10-18T09:56:11.228+0000] {processor.py:208} INFO - Processing /home/airflow/.local/lib/python3.12/site-packages/airflow/example_dags/example_xcomargs.py took 0.110 seconds
[2024-10-18T09:56:41.534+0000] {processor.py:186} INFO - Started process (PID=3367) to work on /home/airflow/.local/lib/python3.12/site-packages/airflow/example_dags/example_xcomargs.py
[2024-10-18T09:56:41.536+0000] {processor.py:914} INFO - Processing file /home/airflow/.local/lib/python3.12/site-packages/airflow/example_dags/example_xcomargs.py for tasks to queue
[2024-10-18T09:56:41.540+0000] {logging_mixin.py:190} INFO - [2024-10-18T09:56:41.539+0000] {dagbag.py:588} INFO - Filling up the DagBag from /home/airflow/.local/lib/python3.12/site-packages/airflow/example_dags/example_xcomargs.py
[2024-10-18T09:56:41.549+0000] {processor.py:925} INFO - DAG(s) 'example_xcom_args', 'example_xcom_args_with_operators' retrieved from /home/airflow/.local/lib/python3.12/site-packages/airflow/example_dags/example_xcomargs.py
[2024-10-18T09:56:41.581+0000] {logging_mixin.py:190} INFO - [2024-10-18T09:56:41.581+0000] {dag.py:3239} INFO - Sync 2 DAGs
[2024-10-18T09:56:41.595+0000] {logging_mixin.py:190} INFO - [2024-10-18T09:56:41.595+0000] {dag.py:4180} INFO - Setting next_dagrun for example_xcom_args to None, run_after=None
[2024-10-18T09:56:41.600+0000] {logging_mixin.py:190} INFO - [2024-10-18T09:56:41.600+0000] {dag.py:4180} INFO - Setting next_dagrun for example_xcom_args_with_operators to None, run_after=None
[2024-10-18T09:56:41.622+0000] {processor.py:208} INFO - Processing /home/airflow/.local/lib/python3.12/site-packages/airflow/example_dags/example_xcomargs.py took 0.093 seconds
[2024-10-18T09:57:11.741+0000] {processor.py:186} INFO - Started process (PID=3659) to work on /home/airflow/.local/lib/python3.12/site-packages/airflow/example_dags/example_xcomargs.py
[2024-10-18T09:57:11.742+0000] {processor.py:914} INFO - Processing file /home/airflow/.local/lib/python3.12/site-packages/airflow/example_dags/example_xcomargs.py for tasks to queue
[2024-10-18T09:57:11.746+0000] {logging_mixin.py:190} INFO - [2024-10-18T09:57:11.746+0000] {dagbag.py:588} INFO - Filling up the DagBag from /home/airflow/.local/lib/python3.12/site-packages/airflow/example_dags/example_xcomargs.py
[2024-10-18T09:57:11.761+0000] {processor.py:925} INFO - DAG(s) 'example_xcom_args_with_operators', 'example_xcom_args' retrieved from /home/airflow/.local/lib/python3.12/site-packages/airflow/example_dags/example_xcomargs.py
[2024-10-18T09:57:11.803+0000] {logging_mixin.py:190} INFO - [2024-10-18T09:57:11.802+0000] {dag.py:3239} INFO - Sync 2 DAGs
[2024-10-18T09:57:11.824+0000] {logging_mixin.py:190} INFO - [2024-10-18T09:57:11.823+0000] {dag.py:4180} INFO - Setting next_dagrun for example_xcom_args to None, run_after=None
[2024-10-18T09:57:11.829+0000] {logging_mixin.py:190} INFO - [2024-10-18T09:57:11.829+0000] {dag.py:4180} INFO - Setting next_dagrun for example_xcom_args_with_operators to None, run_after=None
[2024-10-18T09:57:11.855+0000] {processor.py:208} INFO - Processing /home/airflow/.local/lib/python3.12/site-packages/airflow/example_dags/example_xcomargs.py took 0.122 seconds
