[2024-10-18T09:51:20.217+0000] {processor.py:186} INFO - Started process (PID=242) to work on /home/airflow/.local/lib/python3.12/site-packages/airflow/example_dags/example_local_kubernetes_executor.py
[2024-10-18T09:51:20.219+0000] {processor.py:914} INFO - Processing file /home/airflow/.local/lib/python3.12/site-packages/airflow/example_dags/example_local_kubernetes_executor.py for tasks to queue
[2024-10-18T09:51:20.223+0000] {logging_mixin.py:190} INFO - [2024-10-18T09:51:20.223+0000] {dagbag.py:588} INFO - Filling up the DagBag from /home/airflow/.local/lib/python3.12/site-packages/airflow/example_dags/example_local_kubernetes_executor.py
[2024-10-18T09:51:20.245+0000] {processor.py:925} INFO - DAG(s) 'example_local_kubernetes_executor' retrieved from /home/airflow/.local/lib/python3.12/site-packages/airflow/example_dags/example_local_kubernetes_executor.py
[2024-10-18T09:51:20.325+0000] {logging_mixin.py:190} INFO - [2024-10-18T09:51:20.324+0000] {dag.py:3239} INFO - Sync 1 DAGs
[2024-10-18T09:51:20.367+0000] {logging_mixin.py:190} INFO - [2024-10-18T09:51:20.366+0000] {dag.py:4180} INFO - Setting next_dagrun for example_local_kubernetes_executor to None, run_after=None
[2024-10-18T09:51:20.424+0000] {processor.py:208} INFO - Processing /home/airflow/.local/lib/python3.12/site-packages/airflow/example_dags/example_local_kubernetes_executor.py took 0.220 seconds
[2024-10-18T09:51:53.234+0000] {processor.py:186} INFO - Started process (PID=533) to work on /home/airflow/.local/lib/python3.12/site-packages/airflow/example_dags/example_local_kubernetes_executor.py
[2024-10-18T09:51:53.237+0000] {processor.py:914} INFO - Processing file /home/airflow/.local/lib/python3.12/site-packages/airflow/example_dags/example_local_kubernetes_executor.py for tasks to queue
[2024-10-18T09:51:53.242+0000] {logging_mixin.py:190} INFO - [2024-10-18T09:51:53.241+0000] {dagbag.py:588} INFO - Filling up the DagBag from /home/airflow/.local/lib/python3.12/site-packages/airflow/example_dags/example_local_kubernetes_executor.py
[2024-10-18T09:51:53.275+0000] {processor.py:925} INFO - DAG(s) 'example_local_kubernetes_executor' retrieved from /home/airflow/.local/lib/python3.12/site-packages/airflow/example_dags/example_local_kubernetes_executor.py
[2024-10-18T09:51:53.340+0000] {logging_mixin.py:190} INFO - [2024-10-18T09:51:53.339+0000] {dag.py:3239} INFO - Sync 1 DAGs
[2024-10-18T09:51:53.382+0000] {logging_mixin.py:190} INFO - [2024-10-18T09:51:53.381+0000] {dag.py:4180} INFO - Setting next_dagrun for example_local_kubernetes_executor to None, run_after=None
[2024-10-18T09:51:53.430+0000] {processor.py:208} INFO - Processing /home/airflow/.local/lib/python3.12/site-packages/airflow/example_dags/example_local_kubernetes_executor.py took 0.207 seconds
[2024-10-18T09:52:24.567+0000] {processor.py:186} INFO - Started process (PID=824) to work on /home/airflow/.local/lib/python3.12/site-packages/airflow/example_dags/example_local_kubernetes_executor.py
[2024-10-18T09:52:24.572+0000] {processor.py:914} INFO - Processing file /home/airflow/.local/lib/python3.12/site-packages/airflow/example_dags/example_local_kubernetes_executor.py for tasks to queue
[2024-10-18T09:52:24.579+0000] {logging_mixin.py:190} INFO - [2024-10-18T09:52:24.578+0000] {dagbag.py:588} INFO - Filling up the DagBag from /home/airflow/.local/lib/python3.12/site-packages/airflow/example_dags/example_local_kubernetes_executor.py
[2024-10-18T09:52:24.617+0000] {processor.py:925} INFO - DAG(s) 'example_local_kubernetes_executor' retrieved from /home/airflow/.local/lib/python3.12/site-packages/airflow/example_dags/example_local_kubernetes_executor.py
[2024-10-18T09:52:24.704+0000] {logging_mixin.py:190} INFO - [2024-10-18T09:52:24.703+0000] {dag.py:3239} INFO - Sync 1 DAGs
[2024-10-18T09:52:24.751+0000] {logging_mixin.py:190} INFO - [2024-10-18T09:52:24.749+0000] {dag.py:4180} INFO - Setting next_dagrun for example_local_kubernetes_executor to None, run_after=None
[2024-10-18T09:52:24.883+0000] {processor.py:208} INFO - Processing /home/airflow/.local/lib/python3.12/site-packages/airflow/example_dags/example_local_kubernetes_executor.py took 0.342 seconds
[2024-10-18T09:52:55.638+0000] {processor.py:186} INFO - Started process (PID=1117) to work on /home/airflow/.local/lib/python3.12/site-packages/airflow/example_dags/example_local_kubernetes_executor.py
[2024-10-18T09:52:55.639+0000] {processor.py:914} INFO - Processing file /home/airflow/.local/lib/python3.12/site-packages/airflow/example_dags/example_local_kubernetes_executor.py for tasks to queue
[2024-10-18T09:52:55.642+0000] {logging_mixin.py:190} INFO - [2024-10-18T09:52:55.642+0000] {dagbag.py:588} INFO - Filling up the DagBag from /home/airflow/.local/lib/python3.12/site-packages/airflow/example_dags/example_local_kubernetes_executor.py
[2024-10-18T09:52:55.653+0000] {processor.py:925} INFO - DAG(s) 'example_local_kubernetes_executor' retrieved from /home/airflow/.local/lib/python3.12/site-packages/airflow/example_dags/example_local_kubernetes_executor.py
[2024-10-18T09:52:55.682+0000] {logging_mixin.py:190} INFO - [2024-10-18T09:52:55.681+0000] {dag.py:3239} INFO - Sync 1 DAGs
[2024-10-18T09:52:55.698+0000] {logging_mixin.py:190} INFO - [2024-10-18T09:52:55.698+0000] {dag.py:4180} INFO - Setting next_dagrun for example_local_kubernetes_executor to None, run_after=None
[2024-10-18T09:52:55.759+0000] {processor.py:208} INFO - Processing /home/airflow/.local/lib/python3.12/site-packages/airflow/example_dags/example_local_kubernetes_executor.py took 0.127 seconds
[2024-10-18T09:53:26.452+0000] {processor.py:186} INFO - Started process (PID=1408) to work on /home/airflow/.local/lib/python3.12/site-packages/airflow/example_dags/example_local_kubernetes_executor.py
[2024-10-18T09:53:26.454+0000] {processor.py:914} INFO - Processing file /home/airflow/.local/lib/python3.12/site-packages/airflow/example_dags/example_local_kubernetes_executor.py for tasks to queue
[2024-10-18T09:53:26.458+0000] {logging_mixin.py:190} INFO - [2024-10-18T09:53:26.458+0000] {dagbag.py:588} INFO - Filling up the DagBag from /home/airflow/.local/lib/python3.12/site-packages/airflow/example_dags/example_local_kubernetes_executor.py
[2024-10-18T09:53:26.467+0000] {processor.py:925} INFO - DAG(s) 'example_local_kubernetes_executor' retrieved from /home/airflow/.local/lib/python3.12/site-packages/airflow/example_dags/example_local_kubernetes_executor.py
[2024-10-18T09:53:26.494+0000] {logging_mixin.py:190} INFO - [2024-10-18T09:53:26.494+0000] {dag.py:3239} INFO - Sync 1 DAGs
[2024-10-18T09:53:26.510+0000] {logging_mixin.py:190} INFO - [2024-10-18T09:53:26.509+0000] {dag.py:4180} INFO - Setting next_dagrun for example_local_kubernetes_executor to None, run_after=None
[2024-10-18T09:53:26.534+0000] {processor.py:208} INFO - Processing /home/airflow/.local/lib/python3.12/site-packages/airflow/example_dags/example_local_kubernetes_executor.py took 0.088 seconds
[2024-10-18T09:53:56.916+0000] {processor.py:186} INFO - Started process (PID=1697) to work on /home/airflow/.local/lib/python3.12/site-packages/airflow/example_dags/example_local_kubernetes_executor.py
[2024-10-18T09:53:56.919+0000] {processor.py:914} INFO - Processing file /home/airflow/.local/lib/python3.12/site-packages/airflow/example_dags/example_local_kubernetes_executor.py for tasks to queue
[2024-10-18T09:53:56.929+0000] {logging_mixin.py:190} INFO - [2024-10-18T09:53:56.926+0000] {dagbag.py:588} INFO - Filling up the DagBag from /home/airflow/.local/lib/python3.12/site-packages/airflow/example_dags/example_local_kubernetes_executor.py
[2024-10-18T09:53:56.961+0000] {processor.py:925} INFO - DAG(s) 'example_local_kubernetes_executor' retrieved from /home/airflow/.local/lib/python3.12/site-packages/airflow/example_dags/example_local_kubernetes_executor.py
[2024-10-18T09:53:57.026+0000] {logging_mixin.py:190} INFO - [2024-10-18T09:53:57.024+0000] {dag.py:3239} INFO - Sync 1 DAGs
[2024-10-18T09:53:57.069+0000] {logging_mixin.py:190} INFO - [2024-10-18T09:53:57.068+0000] {dag.py:4180} INFO - Setting next_dagrun for example_local_kubernetes_executor to None, run_after=None
[2024-10-18T09:53:57.110+0000] {processor.py:208} INFO - Processing /home/airflow/.local/lib/python3.12/site-packages/airflow/example_dags/example_local_kubernetes_executor.py took 0.218 seconds
[2024-10-18T09:54:27.409+0000] {processor.py:186} INFO - Started process (PID=1988) to work on /home/airflow/.local/lib/python3.12/site-packages/airflow/example_dags/example_local_kubernetes_executor.py
[2024-10-18T09:54:27.411+0000] {processor.py:914} INFO - Processing file /home/airflow/.local/lib/python3.12/site-packages/airflow/example_dags/example_local_kubernetes_executor.py for tasks to queue
[2024-10-18T09:54:27.416+0000] {logging_mixin.py:190} INFO - [2024-10-18T09:54:27.415+0000] {dagbag.py:588} INFO - Filling up the DagBag from /home/airflow/.local/lib/python3.12/site-packages/airflow/example_dags/example_local_kubernetes_executor.py
[2024-10-18T09:54:27.429+0000] {processor.py:925} INFO - DAG(s) 'example_local_kubernetes_executor' retrieved from /home/airflow/.local/lib/python3.12/site-packages/airflow/example_dags/example_local_kubernetes_executor.py
[2024-10-18T09:54:27.464+0000] {logging_mixin.py:190} INFO - [2024-10-18T09:54:27.463+0000] {dag.py:3239} INFO - Sync 1 DAGs
[2024-10-18T09:54:27.518+0000] {logging_mixin.py:190} INFO - [2024-10-18T09:54:27.516+0000] {dag.py:4180} INFO - Setting next_dagrun for example_local_kubernetes_executor to None, run_after=None
[2024-10-18T09:54:27.556+0000] {processor.py:208} INFO - Processing /home/airflow/.local/lib/python3.12/site-packages/airflow/example_dags/example_local_kubernetes_executor.py took 0.155 seconds
[2024-10-18T09:54:57.728+0000] {processor.py:186} INFO - Started process (PID=2281) to work on /home/airflow/.local/lib/python3.12/site-packages/airflow/example_dags/example_local_kubernetes_executor.py
[2024-10-18T09:54:57.730+0000] {processor.py:914} INFO - Processing file /home/airflow/.local/lib/python3.12/site-packages/airflow/example_dags/example_local_kubernetes_executor.py for tasks to queue
[2024-10-18T09:54:57.733+0000] {logging_mixin.py:190} INFO - [2024-10-18T09:54:57.733+0000] {dagbag.py:588} INFO - Filling up the DagBag from /home/airflow/.local/lib/python3.12/site-packages/airflow/example_dags/example_local_kubernetes_executor.py
[2024-10-18T09:54:57.742+0000] {processor.py:925} INFO - DAG(s) 'example_local_kubernetes_executor' retrieved from /home/airflow/.local/lib/python3.12/site-packages/airflow/example_dags/example_local_kubernetes_executor.py
[2024-10-18T09:54:57.765+0000] {logging_mixin.py:190} INFO - [2024-10-18T09:54:57.765+0000] {dag.py:3239} INFO - Sync 1 DAGs
[2024-10-18T09:54:57.778+0000] {logging_mixin.py:190} INFO - [2024-10-18T09:54:57.778+0000] {dag.py:4180} INFO - Setting next_dagrun for example_local_kubernetes_executor to None, run_after=None
[2024-10-18T09:54:57.798+0000] {processor.py:208} INFO - Processing /home/airflow/.local/lib/python3.12/site-packages/airflow/example_dags/example_local_kubernetes_executor.py took 0.074 seconds
[2024-10-18T09:55:28.170+0000] {processor.py:186} INFO - Started process (PID=2572) to work on /home/airflow/.local/lib/python3.12/site-packages/airflow/example_dags/example_local_kubernetes_executor.py
[2024-10-18T09:55:28.172+0000] {processor.py:914} INFO - Processing file /home/airflow/.local/lib/python3.12/site-packages/airflow/example_dags/example_local_kubernetes_executor.py for tasks to queue
[2024-10-18T09:55:28.175+0000] {logging_mixin.py:190} INFO - [2024-10-18T09:55:28.175+0000] {dagbag.py:588} INFO - Filling up the DagBag from /home/airflow/.local/lib/python3.12/site-packages/airflow/example_dags/example_local_kubernetes_executor.py
[2024-10-18T09:55:28.184+0000] {processor.py:925} INFO - DAG(s) 'example_local_kubernetes_executor' retrieved from /home/airflow/.local/lib/python3.12/site-packages/airflow/example_dags/example_local_kubernetes_executor.py
[2024-10-18T09:55:28.210+0000] {logging_mixin.py:190} INFO - [2024-10-18T09:55:28.210+0000] {dag.py:3239} INFO - Sync 1 DAGs
[2024-10-18T09:55:28.224+0000] {logging_mixin.py:190} INFO - [2024-10-18T09:55:28.223+0000] {dag.py:4180} INFO - Setting next_dagrun for example_local_kubernetes_executor to None, run_after=None
[2024-10-18T09:55:28.248+0000] {processor.py:208} INFO - Processing /home/airflow/.local/lib/python3.12/site-packages/airflow/example_dags/example_local_kubernetes_executor.py took 0.084 seconds
[2024-10-18T09:55:58.320+0000] {processor.py:186} INFO - Started process (PID=2861) to work on /home/airflow/.local/lib/python3.12/site-packages/airflow/example_dags/example_local_kubernetes_executor.py
[2024-10-18T09:55:58.323+0000] {processor.py:914} INFO - Processing file /home/airflow/.local/lib/python3.12/site-packages/airflow/example_dags/example_local_kubernetes_executor.py for tasks to queue
[2024-10-18T09:55:58.326+0000] {logging_mixin.py:190} INFO - [2024-10-18T09:55:58.326+0000] {dagbag.py:588} INFO - Filling up the DagBag from /home/airflow/.local/lib/python3.12/site-packages/airflow/example_dags/example_local_kubernetes_executor.py
[2024-10-18T09:55:58.341+0000] {processor.py:925} INFO - DAG(s) 'example_local_kubernetes_executor' retrieved from /home/airflow/.local/lib/python3.12/site-packages/airflow/example_dags/example_local_kubernetes_executor.py
[2024-10-18T09:55:58.371+0000] {logging_mixin.py:190} INFO - [2024-10-18T09:55:58.370+0000] {dag.py:3239} INFO - Sync 1 DAGs
[2024-10-18T09:55:58.389+0000] {logging_mixin.py:190} INFO - [2024-10-18T09:55:58.389+0000] {dag.py:4180} INFO - Setting next_dagrun for example_local_kubernetes_executor to None, run_after=None
[2024-10-18T09:55:58.416+0000] {processor.py:208} INFO - Processing /home/airflow/.local/lib/python3.12/site-packages/airflow/example_dags/example_local_kubernetes_executor.py took 0.104 seconds
[2024-10-18T09:56:28.580+0000] {processor.py:186} INFO - Started process (PID=3152) to work on /home/airflow/.local/lib/python3.12/site-packages/airflow/example_dags/example_local_kubernetes_executor.py
[2024-10-18T09:56:28.582+0000] {processor.py:914} INFO - Processing file /home/airflow/.local/lib/python3.12/site-packages/airflow/example_dags/example_local_kubernetes_executor.py for tasks to queue
[2024-10-18T09:56:28.584+0000] {logging_mixin.py:190} INFO - [2024-10-18T09:56:28.584+0000] {dagbag.py:588} INFO - Filling up the DagBag from /home/airflow/.local/lib/python3.12/site-packages/airflow/example_dags/example_local_kubernetes_executor.py
[2024-10-18T09:56:28.594+0000] {processor.py:925} INFO - DAG(s) 'example_local_kubernetes_executor' retrieved from /home/airflow/.local/lib/python3.12/site-packages/airflow/example_dags/example_local_kubernetes_executor.py
[2024-10-18T09:56:28.619+0000] {logging_mixin.py:190} INFO - [2024-10-18T09:56:28.619+0000] {dag.py:3239} INFO - Sync 1 DAGs
[2024-10-18T09:56:28.636+0000] {logging_mixin.py:190} INFO - [2024-10-18T09:56:28.636+0000] {dag.py:4180} INFO - Setting next_dagrun for example_local_kubernetes_executor to None, run_after=None
[2024-10-18T09:56:28.662+0000] {processor.py:208} INFO - Processing /home/airflow/.local/lib/python3.12/site-packages/airflow/example_dags/example_local_kubernetes_executor.py took 0.087 seconds
[2024-10-18T09:56:58.894+0000] {processor.py:186} INFO - Started process (PID=3444) to work on /home/airflow/.local/lib/python3.12/site-packages/airflow/example_dags/example_local_kubernetes_executor.py
[2024-10-18T09:56:58.896+0000] {processor.py:914} INFO - Processing file /home/airflow/.local/lib/python3.12/site-packages/airflow/example_dags/example_local_kubernetes_executor.py for tasks to queue
[2024-10-18T09:56:58.901+0000] {logging_mixin.py:190} INFO - [2024-10-18T09:56:58.900+0000] {dagbag.py:588} INFO - Filling up the DagBag from /home/airflow/.local/lib/python3.12/site-packages/airflow/example_dags/example_local_kubernetes_executor.py
[2024-10-18T09:56:58.916+0000] {processor.py:925} INFO - DAG(s) 'example_local_kubernetes_executor' retrieved from /home/airflow/.local/lib/python3.12/site-packages/airflow/example_dags/example_local_kubernetes_executor.py
[2024-10-18T09:56:58.948+0000] {logging_mixin.py:190} INFO - [2024-10-18T09:56:58.947+0000] {dag.py:3239} INFO - Sync 1 DAGs
[2024-10-18T09:56:58.972+0000] {logging_mixin.py:190} INFO - [2024-10-18T09:56:58.972+0000] {dag.py:4180} INFO - Setting next_dagrun for example_local_kubernetes_executor to None, run_after=None
[2024-10-18T09:56:59.008+0000] {processor.py:208} INFO - Processing /home/airflow/.local/lib/python3.12/site-packages/airflow/example_dags/example_local_kubernetes_executor.py took 0.123 seconds
[2024-10-18T09:57:29.084+0000] {processor.py:186} INFO - Started process (PID=3735) to work on /home/airflow/.local/lib/python3.12/site-packages/airflow/example_dags/example_local_kubernetes_executor.py
[2024-10-18T09:57:29.085+0000] {processor.py:914} INFO - Processing file /home/airflow/.local/lib/python3.12/site-packages/airflow/example_dags/example_local_kubernetes_executor.py for tasks to queue
[2024-10-18T09:57:29.088+0000] {logging_mixin.py:190} INFO - [2024-10-18T09:57:29.088+0000] {dagbag.py:588} INFO - Filling up the DagBag from /home/airflow/.local/lib/python3.12/site-packages/airflow/example_dags/example_local_kubernetes_executor.py
[2024-10-18T09:57:29.097+0000] {processor.py:925} INFO - DAG(s) 'example_local_kubernetes_executor' retrieved from /home/airflow/.local/lib/python3.12/site-packages/airflow/example_dags/example_local_kubernetes_executor.py
[2024-10-18T09:57:29.125+0000] {logging_mixin.py:190} INFO - [2024-10-18T09:57:29.124+0000] {dag.py:3239} INFO - Sync 1 DAGs
[2024-10-18T09:57:29.140+0000] {logging_mixin.py:190} INFO - [2024-10-18T09:57:29.140+0000] {dag.py:4180} INFO - Setting next_dagrun for example_local_kubernetes_executor to None, run_after=None
[2024-10-18T09:57:29.177+0000] {processor.py:208} INFO - Processing /home/airflow/.local/lib/python3.12/site-packages/airflow/example_dags/example_local_kubernetes_executor.py took 0.099 seconds
