[2024-10-18T09:51:26.109+0000] {processor.py:186} INFO - Started process (PID=392) to work on /home/airflow/.local/lib/python3.12/site-packages/airflow/example_dags/example_outlet_event_extra.py
[2024-10-18T09:51:26.111+0000] {processor.py:914} INFO - Processing file /home/airflow/.local/lib/python3.12/site-packages/airflow/example_dags/example_outlet_event_extra.py for tasks to queue
[2024-10-18T09:51:26.116+0000] {logging_mixin.py:190} INFO - [2024-10-18T09:51:26.115+0000] {dagbag.py:588} INFO - Filling up the DagBag from /home/airflow/.local/lib/python3.12/site-packages/airflow/example_dags/example_outlet_event_extra.py
[2024-10-18T09:51:26.151+0000] {processor.py:925} INFO - DAG(s) 'dataset_with_extra_by_yield', 'dataset_with_extra_by_context', 'dataset_with_extra_from_classic_operator' retrieved from /home/airflow/.local/lib/python3.12/site-packages/airflow/example_dags/example_outlet_event_extra.py
[2024-10-18T09:51:26.212+0000] {logging_mixin.py:190} INFO - [2024-10-18T09:51:26.212+0000] {dag.py:3239} INFO - Sync 3 DAGs
[2024-10-18T09:51:26.278+0000] {logging_mixin.py:190} INFO - [2024-10-18T09:51:26.277+0000] {dag.py:4180} INFO - Setting next_dagrun for dataset_with_extra_by_context to 2024-10-17 00:00:00+00:00, run_after=2024-10-18 00:00:00+00:00
[2024-10-18T09:51:26.288+0000] {logging_mixin.py:190} INFO - [2024-10-18T09:51:26.287+0000] {dag.py:4180} INFO - Setting next_dagrun for dataset_with_extra_by_yield to 2024-10-17 00:00:00+00:00, run_after=2024-10-18 00:00:00+00:00
[2024-10-18T09:51:26.293+0000] {logging_mixin.py:190} INFO - [2024-10-18T09:51:26.292+0000] {dag.py:4180} INFO - Setting next_dagrun for dataset_with_extra_from_classic_operator to 2024-10-17 00:00:00+00:00, run_after=2024-10-18 00:00:00+00:00
[2024-10-18T09:51:26.338+0000] {processor.py:208} INFO - Processing /home/airflow/.local/lib/python3.12/site-packages/airflow/example_dags/example_outlet_event_extra.py took 0.240 seconds
[2024-10-18T09:51:58.702+0000] {processor.py:186} INFO - Started process (PID=683) to work on /home/airflow/.local/lib/python3.12/site-packages/airflow/example_dags/example_outlet_event_extra.py
[2024-10-18T09:51:58.705+0000] {processor.py:914} INFO - Processing file /home/airflow/.local/lib/python3.12/site-packages/airflow/example_dags/example_outlet_event_extra.py for tasks to queue
[2024-10-18T09:51:58.711+0000] {logging_mixin.py:190} INFO - [2024-10-18T09:51:58.710+0000] {dagbag.py:588} INFO - Filling up the DagBag from /home/airflow/.local/lib/python3.12/site-packages/airflow/example_dags/example_outlet_event_extra.py
[2024-10-18T09:51:58.745+0000] {processor.py:925} INFO - DAG(s) 'dataset_with_extra_from_classic_operator', 'dataset_with_extra_by_context', 'dataset_with_extra_by_yield' retrieved from /home/airflow/.local/lib/python3.12/site-packages/airflow/example_dags/example_outlet_event_extra.py
[2024-10-18T09:51:58.808+0000] {logging_mixin.py:190} INFO - [2024-10-18T09:51:58.807+0000] {dag.py:3239} INFO - Sync 3 DAGs
[2024-10-18T09:51:58.872+0000] {logging_mixin.py:190} INFO - [2024-10-18T09:51:58.872+0000] {dag.py:4180} INFO - Setting next_dagrun for dataset_with_extra_by_context to 2024-10-17 00:00:00+00:00, run_after=2024-10-18 00:00:00+00:00
[2024-10-18T09:51:58.887+0000] {logging_mixin.py:190} INFO - [2024-10-18T09:51:58.886+0000] {dag.py:4180} INFO - Setting next_dagrun for dataset_with_extra_by_yield to 2024-10-17 00:00:00+00:00, run_after=2024-10-18 00:00:00+00:00
[2024-10-18T09:51:58.892+0000] {logging_mixin.py:190} INFO - [2024-10-18T09:51:58.892+0000] {dag.py:4180} INFO - Setting next_dagrun for dataset_with_extra_from_classic_operator to 2024-10-17 00:00:00+00:00, run_after=2024-10-18 00:00:00+00:00
[2024-10-18T09:51:58.940+0000] {processor.py:208} INFO - Processing /home/airflow/.local/lib/python3.12/site-packages/airflow/example_dags/example_outlet_event_extra.py took 0.250 seconds
[2024-10-18T09:52:32.268+0000] {processor.py:186} INFO - Started process (PID=974) to work on /home/airflow/.local/lib/python3.12/site-packages/airflow/example_dags/example_outlet_event_extra.py
[2024-10-18T09:52:32.273+0000] {processor.py:914} INFO - Processing file /home/airflow/.local/lib/python3.12/site-packages/airflow/example_dags/example_outlet_event_extra.py for tasks to queue
[2024-10-18T09:52:32.288+0000] {logging_mixin.py:190} INFO - [2024-10-18T09:52:32.287+0000] {dagbag.py:588} INFO - Filling up the DagBag from /home/airflow/.local/lib/python3.12/site-packages/airflow/example_dags/example_outlet_event_extra.py
[2024-10-18T09:52:32.326+0000] {processor.py:925} INFO - DAG(s) 'dataset_with_extra_by_yield', 'dataset_with_extra_by_context', 'dataset_with_extra_from_classic_operator' retrieved from /home/airflow/.local/lib/python3.12/site-packages/airflow/example_dags/example_outlet_event_extra.py
[2024-10-18T09:52:32.397+0000] {logging_mixin.py:190} INFO - [2024-10-18T09:52:32.396+0000] {dag.py:3239} INFO - Sync 3 DAGs
[2024-10-18T09:52:32.485+0000] {logging_mixin.py:190} INFO - [2024-10-18T09:52:32.484+0000] {dag.py:4180} INFO - Setting next_dagrun for dataset_with_extra_by_context to 2024-10-17 00:00:00+00:00, run_after=2024-10-18 00:00:00+00:00
[2024-10-18T09:52:32.497+0000] {logging_mixin.py:190} INFO - [2024-10-18T09:52:32.497+0000] {dag.py:4180} INFO - Setting next_dagrun for dataset_with_extra_by_yield to 2024-10-17 00:00:00+00:00, run_after=2024-10-18 00:00:00+00:00
[2024-10-18T09:52:32.504+0000] {logging_mixin.py:190} INFO - [2024-10-18T09:52:32.504+0000] {dag.py:4180} INFO - Setting next_dagrun for dataset_with_extra_from_classic_operator to 2024-10-17 00:00:00+00:00, run_after=2024-10-18 00:00:00+00:00
[2024-10-18T09:52:32.605+0000] {processor.py:208} INFO - Processing /home/airflow/.local/lib/python3.12/site-packages/airflow/example_dags/example_outlet_event_extra.py took 0.363 seconds
[2024-10-18T09:53:02.788+0000] {processor.py:186} INFO - Started process (PID=1260) to work on /home/airflow/.local/lib/python3.12/site-packages/airflow/example_dags/example_outlet_event_extra.py
[2024-10-18T09:53:02.791+0000] {processor.py:914} INFO - Processing file /home/airflow/.local/lib/python3.12/site-packages/airflow/example_dags/example_outlet_event_extra.py for tasks to queue
[2024-10-18T09:53:02.795+0000] {logging_mixin.py:190} INFO - [2024-10-18T09:53:02.794+0000] {dagbag.py:588} INFO - Filling up the DagBag from /home/airflow/.local/lib/python3.12/site-packages/airflow/example_dags/example_outlet_event_extra.py
[2024-10-18T09:53:02.822+0000] {processor.py:925} INFO - DAG(s) 'dataset_with_extra_by_yield', 'dataset_with_extra_by_context', 'dataset_with_extra_from_classic_operator' retrieved from /home/airflow/.local/lib/python3.12/site-packages/airflow/example_dags/example_outlet_event_extra.py
[2024-10-18T09:53:02.872+0000] {logging_mixin.py:190} INFO - [2024-10-18T09:53:02.872+0000] {dag.py:3239} INFO - Sync 3 DAGs
[2024-10-18T09:53:02.910+0000] {logging_mixin.py:190} INFO - [2024-10-18T09:53:02.909+0000] {dag.py:4180} INFO - Setting next_dagrun for dataset_with_extra_by_context to 2024-10-17 00:00:00+00:00, run_after=2024-10-18 00:00:00+00:00
[2024-10-18T09:53:02.918+0000] {logging_mixin.py:190} INFO - [2024-10-18T09:53:02.917+0000] {dag.py:4180} INFO - Setting next_dagrun for dataset_with_extra_by_yield to 2024-10-17 00:00:00+00:00, run_after=2024-10-18 00:00:00+00:00
[2024-10-18T09:53:02.922+0000] {logging_mixin.py:190} INFO - [2024-10-18T09:53:02.922+0000] {dag.py:4180} INFO - Setting next_dagrun for dataset_with_extra_from_classic_operator to 2024-10-17 00:00:00+00:00, run_after=2024-10-18 00:00:00+00:00
[2024-10-18T09:53:02.956+0000] {processor.py:208} INFO - Processing /home/airflow/.local/lib/python3.12/site-packages/airflow/example_dags/example_outlet_event_extra.py took 0.185 seconds
[2024-10-18T09:53:33.799+0000] {processor.py:186} INFO - Started process (PID=1551) to work on /home/airflow/.local/lib/python3.12/site-packages/airflow/example_dags/example_outlet_event_extra.py
[2024-10-18T09:53:33.801+0000] {processor.py:914} INFO - Processing file /home/airflow/.local/lib/python3.12/site-packages/airflow/example_dags/example_outlet_event_extra.py for tasks to queue
[2024-10-18T09:53:33.807+0000] {logging_mixin.py:190} INFO - [2024-10-18T09:53:33.806+0000] {dagbag.py:588} INFO - Filling up the DagBag from /home/airflow/.local/lib/python3.12/site-packages/airflow/example_dags/example_outlet_event_extra.py
[2024-10-18T09:53:33.842+0000] {processor.py:925} INFO - DAG(s) 'dataset_with_extra_by_yield', 'dataset_with_extra_by_context', 'dataset_with_extra_from_classic_operator' retrieved from /home/airflow/.local/lib/python3.12/site-packages/airflow/example_dags/example_outlet_event_extra.py
[2024-10-18T09:53:33.899+0000] {logging_mixin.py:190} INFO - [2024-10-18T09:53:33.899+0000] {dag.py:3239} INFO - Sync 3 DAGs
[2024-10-18T09:53:33.975+0000] {logging_mixin.py:190} INFO - [2024-10-18T09:53:33.974+0000] {dag.py:4180} INFO - Setting next_dagrun for dataset_with_extra_by_context to 2024-10-17 00:00:00+00:00, run_after=2024-10-18 00:00:00+00:00
[2024-10-18T09:53:33.989+0000] {logging_mixin.py:190} INFO - [2024-10-18T09:53:33.988+0000] {dag.py:4180} INFO - Setting next_dagrun for dataset_with_extra_by_yield to 2024-10-17 00:00:00+00:00, run_after=2024-10-18 00:00:00+00:00
[2024-10-18T09:53:33.996+0000] {logging_mixin.py:190} INFO - [2024-10-18T09:53:33.996+0000] {dag.py:4180} INFO - Setting next_dagrun for dataset_with_extra_from_classic_operator to 2024-10-17 00:00:00+00:00, run_after=2024-10-18 00:00:00+00:00
[2024-10-18T09:53:34.060+0000] {processor.py:208} INFO - Processing /home/airflow/.local/lib/python3.12/site-packages/airflow/example_dags/example_outlet_event_extra.py took 0.272 seconds
[2024-10-18T09:54:04.619+0000] {processor.py:186} INFO - Started process (PID=1842) to work on /home/airflow/.local/lib/python3.12/site-packages/airflow/example_dags/example_outlet_event_extra.py
[2024-10-18T09:54:04.622+0000] {processor.py:914} INFO - Processing file /home/airflow/.local/lib/python3.12/site-packages/airflow/example_dags/example_outlet_event_extra.py for tasks to queue
[2024-10-18T09:54:04.628+0000] {logging_mixin.py:190} INFO - [2024-10-18T09:54:04.627+0000] {dagbag.py:588} INFO - Filling up the DagBag from /home/airflow/.local/lib/python3.12/site-packages/airflow/example_dags/example_outlet_event_extra.py
[2024-10-18T09:54:04.683+0000] {processor.py:925} INFO - DAG(s) 'dataset_with_extra_by_context', 'dataset_with_extra_from_classic_operator', 'dataset_with_extra_by_yield' retrieved from /home/airflow/.local/lib/python3.12/site-packages/airflow/example_dags/example_outlet_event_extra.py
[2024-10-18T09:54:04.753+0000] {logging_mixin.py:190} INFO - [2024-10-18T09:54:04.752+0000] {dag.py:3239} INFO - Sync 3 DAGs
[2024-10-18T09:54:04.809+0000] {logging_mixin.py:190} INFO - [2024-10-18T09:54:04.808+0000] {dag.py:4180} INFO - Setting next_dagrun for dataset_with_extra_by_context to 2024-10-17 00:00:00+00:00, run_after=2024-10-18 00:00:00+00:00
[2024-10-18T09:54:04.819+0000] {logging_mixin.py:190} INFO - [2024-10-18T09:54:04.818+0000] {dag.py:4180} INFO - Setting next_dagrun for dataset_with_extra_by_yield to 2024-10-17 00:00:00+00:00, run_after=2024-10-18 00:00:00+00:00
[2024-10-18T09:54:04.824+0000] {logging_mixin.py:190} INFO - [2024-10-18T09:54:04.824+0000] {dag.py:4180} INFO - Setting next_dagrun for dataset_with_extra_from_classic_operator to 2024-10-17 00:00:00+00:00, run_after=2024-10-18 00:00:00+00:00
[2024-10-18T09:54:04.869+0000] {processor.py:208} INFO - Processing /home/airflow/.local/lib/python3.12/site-packages/airflow/example_dags/example_outlet_event_extra.py took 0.262 seconds
[2024-10-18T09:54:35.072+0000] {processor.py:186} INFO - Started process (PID=2133) to work on /home/airflow/.local/lib/python3.12/site-packages/airflow/example_dags/example_outlet_event_extra.py
[2024-10-18T09:54:35.073+0000] {processor.py:914} INFO - Processing file /home/airflow/.local/lib/python3.12/site-packages/airflow/example_dags/example_outlet_event_extra.py for tasks to queue
[2024-10-18T09:54:35.076+0000] {logging_mixin.py:190} INFO - [2024-10-18T09:54:35.076+0000] {dagbag.py:588} INFO - Filling up the DagBag from /home/airflow/.local/lib/python3.12/site-packages/airflow/example_dags/example_outlet_event_extra.py
[2024-10-18T09:54:35.097+0000] {processor.py:925} INFO - DAG(s) 'dataset_with_extra_by_context', 'dataset_with_extra_from_classic_operator', 'dataset_with_extra_by_yield' retrieved from /home/airflow/.local/lib/python3.12/site-packages/airflow/example_dags/example_outlet_event_extra.py
[2024-10-18T09:54:35.133+0000] {logging_mixin.py:190} INFO - [2024-10-18T09:54:35.132+0000] {dag.py:3239} INFO - Sync 3 DAGs
[2024-10-18T09:54:35.171+0000] {logging_mixin.py:190} INFO - [2024-10-18T09:54:35.171+0000] {dag.py:4180} INFO - Setting next_dagrun for dataset_with_extra_by_context to 2024-10-17 00:00:00+00:00, run_after=2024-10-18 00:00:00+00:00
[2024-10-18T09:54:35.179+0000] {logging_mixin.py:190} INFO - [2024-10-18T09:54:35.179+0000] {dag.py:4180} INFO - Setting next_dagrun for dataset_with_extra_by_yield to 2024-10-17 00:00:00+00:00, run_after=2024-10-18 00:00:00+00:00
[2024-10-18T09:54:35.183+0000] {logging_mixin.py:190} INFO - [2024-10-18T09:54:35.183+0000] {dag.py:4180} INFO - Setting next_dagrun for dataset_with_extra_from_classic_operator to 2024-10-17 00:00:00+00:00, run_after=2024-10-18 00:00:00+00:00
[2024-10-18T09:54:35.216+0000] {processor.py:208} INFO - Processing /home/airflow/.local/lib/python3.12/site-packages/airflow/example_dags/example_outlet_event_extra.py took 0.152 seconds
[2024-10-18T09:55:05.284+0000] {processor.py:186} INFO - Started process (PID=2424) to work on /home/airflow/.local/lib/python3.12/site-packages/airflow/example_dags/example_outlet_event_extra.py
[2024-10-18T09:55:05.285+0000] {processor.py:914} INFO - Processing file /home/airflow/.local/lib/python3.12/site-packages/airflow/example_dags/example_outlet_event_extra.py for tasks to queue
[2024-10-18T09:55:05.287+0000] {logging_mixin.py:190} INFO - [2024-10-18T09:55:05.287+0000] {dagbag.py:588} INFO - Filling up the DagBag from /home/airflow/.local/lib/python3.12/site-packages/airflow/example_dags/example_outlet_event_extra.py
[2024-10-18T09:55:05.301+0000] {processor.py:925} INFO - DAG(s) 'dataset_with_extra_by_context', 'dataset_with_extra_from_classic_operator', 'dataset_with_extra_by_yield' retrieved from /home/airflow/.local/lib/python3.12/site-packages/airflow/example_dags/example_outlet_event_extra.py
[2024-10-18T09:55:05.329+0000] {logging_mixin.py:190} INFO - [2024-10-18T09:55:05.328+0000] {dag.py:3239} INFO - Sync 3 DAGs
[2024-10-18T09:55:05.356+0000] {logging_mixin.py:190} INFO - [2024-10-18T09:55:05.356+0000] {dag.py:4180} INFO - Setting next_dagrun for dataset_with_extra_by_context to 2024-10-17 00:00:00+00:00, run_after=2024-10-18 00:00:00+00:00
[2024-10-18T09:55:05.361+0000] {logging_mixin.py:190} INFO - [2024-10-18T09:55:05.360+0000] {dag.py:4180} INFO - Setting next_dagrun for dataset_with_extra_by_yield to 2024-10-17 00:00:00+00:00, run_after=2024-10-18 00:00:00+00:00
[2024-10-18T09:55:05.364+0000] {logging_mixin.py:190} INFO - [2024-10-18T09:55:05.364+0000] {dag.py:4180} INFO - Setting next_dagrun for dataset_with_extra_from_classic_operator to 2024-10-17 00:00:00+00:00, run_after=2024-10-18 00:00:00+00:00
[2024-10-18T09:55:05.386+0000] {processor.py:208} INFO - Processing /home/airflow/.local/lib/python3.12/site-packages/airflow/example_dags/example_outlet_event_extra.py took 0.109 seconds
[2024-10-18T09:55:36.453+0000] {processor.py:186} INFO - Started process (PID=2715) to work on /home/airflow/.local/lib/python3.12/site-packages/airflow/example_dags/example_outlet_event_extra.py
[2024-10-18T09:55:36.455+0000] {processor.py:914} INFO - Processing file /home/airflow/.local/lib/python3.12/site-packages/airflow/example_dags/example_outlet_event_extra.py for tasks to queue
[2024-10-18T09:55:36.458+0000] {logging_mixin.py:190} INFO - [2024-10-18T09:55:36.457+0000] {dagbag.py:588} INFO - Filling up the DagBag from /home/airflow/.local/lib/python3.12/site-packages/airflow/example_dags/example_outlet_event_extra.py
[2024-10-18T09:55:36.471+0000] {processor.py:925} INFO - DAG(s) 'dataset_with_extra_by_yield', 'dataset_with_extra_by_context', 'dataset_with_extra_from_classic_operator' retrieved from /home/airflow/.local/lib/python3.12/site-packages/airflow/example_dags/example_outlet_event_extra.py
[2024-10-18T09:55:36.501+0000] {logging_mixin.py:190} INFO - [2024-10-18T09:55:36.501+0000] {dag.py:3239} INFO - Sync 3 DAGs
[2024-10-18T09:55:36.527+0000] {logging_mixin.py:190} INFO - [2024-10-18T09:55:36.527+0000] {dag.py:4180} INFO - Setting next_dagrun for dataset_with_extra_by_context to 2024-10-17 00:00:00+00:00, run_after=2024-10-18 00:00:00+00:00
[2024-10-18T09:55:36.535+0000] {logging_mixin.py:190} INFO - [2024-10-18T09:55:36.534+0000] {dag.py:4180} INFO - Setting next_dagrun for dataset_with_extra_by_yield to 2024-10-17 00:00:00+00:00, run_after=2024-10-18 00:00:00+00:00
[2024-10-18T09:55:36.540+0000] {logging_mixin.py:190} INFO - [2024-10-18T09:55:36.539+0000] {dag.py:4180} INFO - Setting next_dagrun for dataset_with_extra_from_classic_operator to 2024-10-17 00:00:00+00:00, run_after=2024-10-18 00:00:00+00:00
[2024-10-18T09:55:36.566+0000] {processor.py:208} INFO - Processing /home/airflow/.local/lib/python3.12/site-packages/airflow/example_dags/example_outlet_event_extra.py took 0.118 seconds
[2024-10-18T09:56:06.994+0000] {processor.py:186} INFO - Started process (PID=3008) to work on /home/airflow/.local/lib/python3.12/site-packages/airflow/example_dags/example_outlet_event_extra.py
[2024-10-18T09:56:06.996+0000] {processor.py:914} INFO - Processing file /home/airflow/.local/lib/python3.12/site-packages/airflow/example_dags/example_outlet_event_extra.py for tasks to queue
[2024-10-18T09:56:07.000+0000] {logging_mixin.py:190} INFO - [2024-10-18T09:56:06.999+0000] {dagbag.py:588} INFO - Filling up the DagBag from /home/airflow/.local/lib/python3.12/site-packages/airflow/example_dags/example_outlet_event_extra.py
[2024-10-18T09:56:07.019+0000] {processor.py:925} INFO - DAG(s) 'dataset_with_extra_by_yield', 'dataset_with_extra_by_context', 'dataset_with_extra_from_classic_operator' retrieved from /home/airflow/.local/lib/python3.12/site-packages/airflow/example_dags/example_outlet_event_extra.py
[2024-10-18T09:56:07.055+0000] {logging_mixin.py:190} INFO - [2024-10-18T09:56:07.055+0000] {dag.py:3239} INFO - Sync 3 DAGs
[2024-10-18T09:56:07.086+0000] {logging_mixin.py:190} INFO - [2024-10-18T09:56:07.085+0000] {dag.py:4180} INFO - Setting next_dagrun for dataset_with_extra_by_context to 2024-10-17 00:00:00+00:00, run_after=2024-10-18 00:00:00+00:00
[2024-10-18T09:56:07.093+0000] {logging_mixin.py:190} INFO - [2024-10-18T09:56:07.093+0000] {dag.py:4180} INFO - Setting next_dagrun for dataset_with_extra_by_yield to 2024-10-17 00:00:00+00:00, run_after=2024-10-18 00:00:00+00:00
[2024-10-18T09:56:07.097+0000] {logging_mixin.py:190} INFO - [2024-10-18T09:56:07.096+0000] {dag.py:4180} INFO - Setting next_dagrun for dataset_with_extra_from_classic_operator to 2024-10-17 00:00:00+00:00, run_after=2024-10-18 00:00:00+00:00
[2024-10-18T09:56:07.126+0000] {processor.py:208} INFO - Processing /home/airflow/.local/lib/python3.12/site-packages/airflow/example_dags/example_outlet_event_extra.py took 0.140 seconds
[2024-10-18T09:56:37.357+0000] {processor.py:186} INFO - Started process (PID=3299) to work on /home/airflow/.local/lib/python3.12/site-packages/airflow/example_dags/example_outlet_event_extra.py
[2024-10-18T09:56:37.359+0000] {processor.py:914} INFO - Processing file /home/airflow/.local/lib/python3.12/site-packages/airflow/example_dags/example_outlet_event_extra.py for tasks to queue
[2024-10-18T09:56:37.363+0000] {logging_mixin.py:190} INFO - [2024-10-18T09:56:37.362+0000] {dagbag.py:588} INFO - Filling up the DagBag from /home/airflow/.local/lib/python3.12/site-packages/airflow/example_dags/example_outlet_event_extra.py
[2024-10-18T09:56:37.387+0000] {processor.py:925} INFO - DAG(s) 'dataset_with_extra_by_yield', 'dataset_with_extra_by_context', 'dataset_with_extra_from_classic_operator' retrieved from /home/airflow/.local/lib/python3.12/site-packages/airflow/example_dags/example_outlet_event_extra.py
[2024-10-18T09:56:37.428+0000] {logging_mixin.py:190} INFO - [2024-10-18T09:56:37.427+0000] {dag.py:3239} INFO - Sync 3 DAGs
[2024-10-18T09:56:37.463+0000] {logging_mixin.py:190} INFO - [2024-10-18T09:56:37.463+0000] {dag.py:4180} INFO - Setting next_dagrun for dataset_with_extra_by_context to 2024-10-17 00:00:00+00:00, run_after=2024-10-18 00:00:00+00:00
[2024-10-18T09:56:37.471+0000] {logging_mixin.py:190} INFO - [2024-10-18T09:56:37.471+0000] {dag.py:4180} INFO - Setting next_dagrun for dataset_with_extra_by_yield to 2024-10-17 00:00:00+00:00, run_after=2024-10-18 00:00:00+00:00
[2024-10-18T09:56:37.476+0000] {logging_mixin.py:190} INFO - [2024-10-18T09:56:37.476+0000] {dag.py:4180} INFO - Setting next_dagrun for dataset_with_extra_from_classic_operator to 2024-10-17 00:00:00+00:00, run_after=2024-10-18 00:00:00+00:00
[2024-10-18T09:56:37.519+0000] {processor.py:208} INFO - Processing /home/airflow/.local/lib/python3.12/site-packages/airflow/example_dags/example_outlet_event_extra.py took 0.170 seconds
[2024-10-18T09:57:07.598+0000] {processor.py:186} INFO - Started process (PID=3591) to work on /home/airflow/.local/lib/python3.12/site-packages/airflow/example_dags/example_outlet_event_extra.py
[2024-10-18T09:57:07.599+0000] {processor.py:914} INFO - Processing file /home/airflow/.local/lib/python3.12/site-packages/airflow/example_dags/example_outlet_event_extra.py for tasks to queue
[2024-10-18T09:57:07.602+0000] {logging_mixin.py:190} INFO - [2024-10-18T09:57:07.602+0000] {dagbag.py:588} INFO - Filling up the DagBag from /home/airflow/.local/lib/python3.12/site-packages/airflow/example_dags/example_outlet_event_extra.py
[2024-10-18T09:57:07.617+0000] {processor.py:925} INFO - DAG(s) 'dataset_with_extra_by_yield', 'dataset_with_extra_by_context', 'dataset_with_extra_from_classic_operator' retrieved from /home/airflow/.local/lib/python3.12/site-packages/airflow/example_dags/example_outlet_event_extra.py
[2024-10-18T09:57:07.644+0000] {logging_mixin.py:190} INFO - [2024-10-18T09:57:07.644+0000] {dag.py:3239} INFO - Sync 3 DAGs
[2024-10-18T09:57:07.681+0000] {logging_mixin.py:190} INFO - [2024-10-18T09:57:07.681+0000] {dag.py:4180} INFO - Setting next_dagrun for dataset_with_extra_by_context to 2024-10-17 00:00:00+00:00, run_after=2024-10-18 00:00:00+00:00
[2024-10-18T09:57:07.693+0000] {logging_mixin.py:190} INFO - [2024-10-18T09:57:07.692+0000] {dag.py:4180} INFO - Setting next_dagrun for dataset_with_extra_by_yield to 2024-10-17 00:00:00+00:00, run_after=2024-10-18 00:00:00+00:00
[2024-10-18T09:57:07.699+0000] {logging_mixin.py:190} INFO - [2024-10-18T09:57:07.699+0000] {dag.py:4180} INFO - Setting next_dagrun for dataset_with_extra_from_classic_operator to 2024-10-17 00:00:00+00:00, run_after=2024-10-18 00:00:00+00:00
[2024-10-18T09:57:07.729+0000] {processor.py:208} INFO - Processing /home/airflow/.local/lib/python3.12/site-packages/airflow/example_dags/example_outlet_event_extra.py took 0.137 seconds
