[2024-10-18T09:51:24.950+0000] {processor.py:186} INFO - Started process (PID=357) to work on /home/airflow/.local/lib/python3.12/site-packages/airflow/example_dags/example_dataset_alias.py
[2024-10-18T09:51:24.952+0000] {processor.py:914} INFO - Processing file /home/airflow/.local/lib/python3.12/site-packages/airflow/example_dags/example_dataset_alias.py for tasks to queue
[2024-10-18T09:51:24.957+0000] {logging_mixin.py:190} INFO - [2024-10-18T09:51:24.957+0000] {dagbag.py:588} INFO - Filling up the DagBag from /home/airflow/.local/lib/python3.12/site-packages/airflow/example_dags/example_dataset_alias.py
[2024-10-18T09:51:25.018+0000] {processor.py:925} INFO - DAG(s) 'dataset_s3_bucket_consumer', 'dataset_s3_bucket_producer', 'dataset_alias_example_alias_consumer', 'dataset_alias_example_alias_producer' retrieved from /home/airflow/.local/lib/python3.12/site-packages/airflow/example_dags/example_dataset_alias.py
[2024-10-18T09:51:25.073+0000] {logging_mixin.py:190} INFO - [2024-10-18T09:51:25.072+0000] {dag.py:3239} INFO - Sync 4 DAGs
[2024-10-18T09:51:25.122+0000] {logging_mixin.py:190} INFO - [2024-10-18T09:51:25.122+0000] {dag.py:4180} INFO - Setting next_dagrun for dataset_alias_example_alias_consumer to None, run_after=None
[2024-10-18T09:51:25.128+0000] {logging_mixin.py:190} INFO - [2024-10-18T09:51:25.128+0000] {dag.py:4180} INFO - Setting next_dagrun for dataset_alias_example_alias_producer to None, run_after=None
[2024-10-18T09:51:25.132+0000] {logging_mixin.py:190} INFO - [2024-10-18T09:51:25.131+0000] {dag.py:4180} INFO - Setting next_dagrun for dataset_s3_bucket_consumer to None, run_after=None
[2024-10-18T09:51:25.135+0000] {logging_mixin.py:190} INFO - [2024-10-18T09:51:25.135+0000] {dag.py:4180} INFO - Setting next_dagrun for dataset_s3_bucket_producer to None, run_after=None
[2024-10-18T09:51:25.182+0000] {processor.py:208} INFO - Processing /home/airflow/.local/lib/python3.12/site-packages/airflow/example_dags/example_dataset_alias.py took 0.243 seconds
[2024-10-18T09:51:57.505+0000] {processor.py:186} INFO - Started process (PID=648) to work on /home/airflow/.local/lib/python3.12/site-packages/airflow/example_dags/example_dataset_alias.py
[2024-10-18T09:51:57.509+0000] {processor.py:914} INFO - Processing file /home/airflow/.local/lib/python3.12/site-packages/airflow/example_dags/example_dataset_alias.py for tasks to queue
[2024-10-18T09:51:57.530+0000] {logging_mixin.py:190} INFO - [2024-10-18T09:51:57.529+0000] {dagbag.py:588} INFO - Filling up the DagBag from /home/airflow/.local/lib/python3.12/site-packages/airflow/example_dags/example_dataset_alias.py
[2024-10-18T09:51:57.651+0000] {processor.py:925} INFO - DAG(s) 'dataset_s3_bucket_producer', 'dataset_s3_bucket_consumer', 'dataset_alias_example_alias_producer', 'dataset_alias_example_alias_consumer' retrieved from /home/airflow/.local/lib/python3.12/site-packages/airflow/example_dags/example_dataset_alias.py
[2024-10-18T09:51:57.748+0000] {logging_mixin.py:190} INFO - [2024-10-18T09:51:57.747+0000] {dag.py:3239} INFO - Sync 4 DAGs
[2024-10-18T09:51:57.875+0000] {logging_mixin.py:190} INFO - [2024-10-18T09:51:57.874+0000] {dag.py:4180} INFO - Setting next_dagrun for dataset_alias_example_alias_consumer to None, run_after=None
[2024-10-18T09:51:57.887+0000] {logging_mixin.py:190} INFO - [2024-10-18T09:51:57.887+0000] {dag.py:4180} INFO - Setting next_dagrun for dataset_alias_example_alias_producer to None, run_after=None
[2024-10-18T09:51:57.896+0000] {logging_mixin.py:190} INFO - [2024-10-18T09:51:57.896+0000] {dag.py:4180} INFO - Setting next_dagrun for dataset_s3_bucket_consumer to None, run_after=None
[2024-10-18T09:51:57.902+0000] {logging_mixin.py:190} INFO - [2024-10-18T09:51:57.901+0000] {dag.py:4180} INFO - Setting next_dagrun for dataset_s3_bucket_producer to None, run_after=None
[2024-10-18T09:51:57.962+0000] {processor.py:208} INFO - Processing /home/airflow/.local/lib/python3.12/site-packages/airflow/example_dags/example_dataset_alias.py took 0.480 seconds
[2024-10-18T09:52:30.689+0000] {processor.py:186} INFO - Started process (PID=939) to work on /home/airflow/.local/lib/python3.12/site-packages/airflow/example_dags/example_dataset_alias.py
[2024-10-18T09:52:30.692+0000] {processor.py:914} INFO - Processing file /home/airflow/.local/lib/python3.12/site-packages/airflow/example_dags/example_dataset_alias.py for tasks to queue
[2024-10-18T09:52:30.698+0000] {logging_mixin.py:190} INFO - [2024-10-18T09:52:30.697+0000] {dagbag.py:588} INFO - Filling up the DagBag from /home/airflow/.local/lib/python3.12/site-packages/airflow/example_dags/example_dataset_alias.py
[2024-10-18T09:52:30.771+0000] {processor.py:925} INFO - DAG(s) 'dataset_s3_bucket_consumer', 'dataset_alias_example_alias_producer', 'dataset_alias_example_alias_consumer', 'dataset_s3_bucket_producer' retrieved from /home/airflow/.local/lib/python3.12/site-packages/airflow/example_dags/example_dataset_alias.py
[2024-10-18T09:52:30.837+0000] {logging_mixin.py:190} INFO - [2024-10-18T09:52:30.835+0000] {dag.py:3239} INFO - Sync 4 DAGs
[2024-10-18T09:52:30.950+0000] {logging_mixin.py:190} INFO - [2024-10-18T09:52:30.950+0000] {dag.py:4180} INFO - Setting next_dagrun for dataset_alias_example_alias_consumer to None, run_after=None
[2024-10-18T09:52:30.963+0000] {logging_mixin.py:190} INFO - [2024-10-18T09:52:30.962+0000] {dag.py:4180} INFO - Setting next_dagrun for dataset_alias_example_alias_producer to None, run_after=None
[2024-10-18T09:52:30.971+0000] {logging_mixin.py:190} INFO - [2024-10-18T09:52:30.970+0000] {dag.py:4180} INFO - Setting next_dagrun for dataset_s3_bucket_consumer to None, run_after=None
[2024-10-18T09:52:30.979+0000] {logging_mixin.py:190} INFO - [2024-10-18T09:52:30.979+0000] {dag.py:4180} INFO - Setting next_dagrun for dataset_s3_bucket_producer to None, run_after=None
[2024-10-18T09:52:31.077+0000] {processor.py:208} INFO - Processing /home/airflow/.local/lib/python3.12/site-packages/airflow/example_dags/example_dataset_alias.py took 0.402 seconds
[2024-10-18T09:53:01.907+0000] {processor.py:186} INFO - Started process (PID=1230) to work on /home/airflow/.local/lib/python3.12/site-packages/airflow/example_dags/example_dataset_alias.py
[2024-10-18T09:53:01.910+0000] {processor.py:914} INFO - Processing file /home/airflow/.local/lib/python3.12/site-packages/airflow/example_dags/example_dataset_alias.py for tasks to queue
[2024-10-18T09:53:01.917+0000] {logging_mixin.py:190} INFO - [2024-10-18T09:53:01.914+0000] {dagbag.py:588} INFO - Filling up the DagBag from /home/airflow/.local/lib/python3.12/site-packages/airflow/example_dags/example_dataset_alias.py
[2024-10-18T09:53:02.054+0000] {processor.py:925} INFO - DAG(s) 'dataset_alias_example_alias_producer', 'dataset_s3_bucket_consumer', 'dataset_s3_bucket_producer', 'dataset_alias_example_alias_consumer' retrieved from /home/airflow/.local/lib/python3.12/site-packages/airflow/example_dags/example_dataset_alias.py
[2024-10-18T09:53:02.109+0000] {logging_mixin.py:190} INFO - [2024-10-18T09:53:02.109+0000] {dag.py:3239} INFO - Sync 4 DAGs
[2024-10-18T09:53:02.176+0000] {logging_mixin.py:190} INFO - [2024-10-18T09:53:02.176+0000] {dag.py:4180} INFO - Setting next_dagrun for dataset_alias_example_alias_consumer to None, run_after=None
[2024-10-18T09:53:02.187+0000] {logging_mixin.py:190} INFO - [2024-10-18T09:53:02.186+0000] {dag.py:4180} INFO - Setting next_dagrun for dataset_alias_example_alias_producer to None, run_after=None
[2024-10-18T09:53:02.190+0000] {logging_mixin.py:190} INFO - [2024-10-18T09:53:02.190+0000] {dag.py:4180} INFO - Setting next_dagrun for dataset_s3_bucket_consumer to None, run_after=None
[2024-10-18T09:53:02.194+0000] {logging_mixin.py:190} INFO - [2024-10-18T09:53:02.193+0000] {dag.py:4180} INFO - Setting next_dagrun for dataset_s3_bucket_producer to None, run_after=None
[2024-10-18T09:53:02.263+0000] {processor.py:208} INFO - Processing /home/airflow/.local/lib/python3.12/site-packages/airflow/example_dags/example_dataset_alias.py took 0.372 seconds
[2024-10-18T09:53:33.124+0000] {processor.py:186} INFO - Started process (PID=1523) to work on /home/airflow/.local/lib/python3.12/site-packages/airflow/example_dags/example_dataset_alias.py
[2024-10-18T09:53:33.125+0000] {processor.py:914} INFO - Processing file /home/airflow/.local/lib/python3.12/site-packages/airflow/example_dags/example_dataset_alias.py for tasks to queue
[2024-10-18T09:53:33.129+0000] {logging_mixin.py:190} INFO - [2024-10-18T09:53:33.129+0000] {dagbag.py:588} INFO - Filling up the DagBag from /home/airflow/.local/lib/python3.12/site-packages/airflow/example_dags/example_dataset_alias.py
[2024-10-18T09:53:33.189+0000] {processor.py:925} INFO - DAG(s) 'dataset_alias_example_alias_producer', 'dataset_s3_bucket_consumer', 'dataset_alias_example_alias_consumer', 'dataset_s3_bucket_producer' retrieved from /home/airflow/.local/lib/python3.12/site-packages/airflow/example_dags/example_dataset_alias.py
[2024-10-18T09:53:33.227+0000] {logging_mixin.py:190} INFO - [2024-10-18T09:53:33.227+0000] {dag.py:3239} INFO - Sync 4 DAGs
[2024-10-18T09:53:33.265+0000] {logging_mixin.py:190} INFO - [2024-10-18T09:53:33.265+0000] {dag.py:4180} INFO - Setting next_dagrun for dataset_alias_example_alias_consumer to None, run_after=None
[2024-10-18T09:53:33.272+0000] {logging_mixin.py:190} INFO - [2024-10-18T09:53:33.272+0000] {dag.py:4180} INFO - Setting next_dagrun for dataset_alias_example_alias_producer to None, run_after=None
[2024-10-18T09:53:33.274+0000] {logging_mixin.py:190} INFO - [2024-10-18T09:53:33.274+0000] {dag.py:4180} INFO - Setting next_dagrun for dataset_s3_bucket_consumer to None, run_after=None
[2024-10-18T09:53:33.277+0000] {logging_mixin.py:190} INFO - [2024-10-18T09:53:33.276+0000] {dag.py:4180} INFO - Setting next_dagrun for dataset_s3_bucket_producer to None, run_after=None
[2024-10-18T09:53:33.315+0000] {processor.py:208} INFO - Processing /home/airflow/.local/lib/python3.12/site-packages/airflow/example_dags/example_dataset_alias.py took 0.201 seconds
[2024-10-18T09:54:03.801+0000] {processor.py:186} INFO - Started process (PID=1812) to work on /home/airflow/.local/lib/python3.12/site-packages/airflow/example_dags/example_dataset_alias.py
[2024-10-18T09:54:03.804+0000] {processor.py:914} INFO - Processing file /home/airflow/.local/lib/python3.12/site-packages/airflow/example_dags/example_dataset_alias.py for tasks to queue
[2024-10-18T09:54:03.812+0000] {logging_mixin.py:190} INFO - [2024-10-18T09:54:03.811+0000] {dagbag.py:588} INFO - Filling up the DagBag from /home/airflow/.local/lib/python3.12/site-packages/airflow/example_dags/example_dataset_alias.py
[2024-10-18T09:54:03.917+0000] {processor.py:925} INFO - DAG(s) 'dataset_alias_example_alias_producer', 'dataset_s3_bucket_producer', 'dataset_alias_example_alias_consumer', 'dataset_s3_bucket_consumer' retrieved from /home/airflow/.local/lib/python3.12/site-packages/airflow/example_dags/example_dataset_alias.py
[2024-10-18T09:54:03.978+0000] {logging_mixin.py:190} INFO - [2024-10-18T09:54:03.978+0000] {dag.py:3239} INFO - Sync 4 DAGs
[2024-10-18T09:54:04.036+0000] {logging_mixin.py:190} INFO - [2024-10-18T09:54:04.035+0000] {dag.py:4180} INFO - Setting next_dagrun for dataset_alias_example_alias_consumer to None, run_after=None
[2024-10-18T09:54:04.043+0000] {logging_mixin.py:190} INFO - [2024-10-18T09:54:04.042+0000] {dag.py:4180} INFO - Setting next_dagrun for dataset_alias_example_alias_producer to None, run_after=None
[2024-10-18T09:54:04.047+0000] {logging_mixin.py:190} INFO - [2024-10-18T09:54:04.046+0000] {dag.py:4180} INFO - Setting next_dagrun for dataset_s3_bucket_consumer to None, run_after=None
[2024-10-18T09:54:04.051+0000] {logging_mixin.py:190} INFO - [2024-10-18T09:54:04.050+0000] {dag.py:4180} INFO - Setting next_dagrun for dataset_s3_bucket_producer to None, run_after=None
[2024-10-18T09:54:04.101+0000] {processor.py:208} INFO - Processing /home/airflow/.local/lib/python3.12/site-packages/airflow/example_dags/example_dataset_alias.py took 0.317 seconds
[2024-10-18T09:54:34.523+0000] {processor.py:186} INFO - Started process (PID=2105) to work on /home/airflow/.local/lib/python3.12/site-packages/airflow/example_dags/example_dataset_alias.py
[2024-10-18T09:54:34.524+0000] {processor.py:914} INFO - Processing file /home/airflow/.local/lib/python3.12/site-packages/airflow/example_dags/example_dataset_alias.py for tasks to queue
[2024-10-18T09:54:34.526+0000] {logging_mixin.py:190} INFO - [2024-10-18T09:54:34.526+0000] {dagbag.py:588} INFO - Filling up the DagBag from /home/airflow/.local/lib/python3.12/site-packages/airflow/example_dags/example_dataset_alias.py
[2024-10-18T09:54:34.554+0000] {processor.py:925} INFO - DAG(s) 'dataset_alias_example_alias_producer', 'dataset_alias_example_alias_consumer', 'dataset_s3_bucket_producer', 'dataset_s3_bucket_consumer' retrieved from /home/airflow/.local/lib/python3.12/site-packages/airflow/example_dags/example_dataset_alias.py
[2024-10-18T09:54:34.577+0000] {logging_mixin.py:190} INFO - [2024-10-18T09:54:34.577+0000] {dag.py:3239} INFO - Sync 4 DAGs
[2024-10-18T09:54:34.602+0000] {logging_mixin.py:190} INFO - [2024-10-18T09:54:34.601+0000] {dag.py:4180} INFO - Setting next_dagrun for dataset_alias_example_alias_consumer to None, run_after=None
[2024-10-18T09:54:34.605+0000] {logging_mixin.py:190} INFO - [2024-10-18T09:54:34.605+0000] {dag.py:4180} INFO - Setting next_dagrun for dataset_alias_example_alias_producer to None, run_after=None
[2024-10-18T09:54:34.607+0000] {logging_mixin.py:190} INFO - [2024-10-18T09:54:34.607+0000] {dag.py:4180} INFO - Setting next_dagrun for dataset_s3_bucket_consumer to None, run_after=None
[2024-10-18T09:54:34.609+0000] {logging_mixin.py:190} INFO - [2024-10-18T09:54:34.609+0000] {dag.py:4180} INFO - Setting next_dagrun for dataset_s3_bucket_producer to None, run_after=None
[2024-10-18T09:54:34.641+0000] {processor.py:208} INFO - Processing /home/airflow/.local/lib/python3.12/site-packages/airflow/example_dags/example_dataset_alias.py took 0.125 seconds
[2024-10-18T09:55:04.793+0000] {processor.py:186} INFO - Started process (PID=2396) to work on /home/airflow/.local/lib/python3.12/site-packages/airflow/example_dags/example_dataset_alias.py
[2024-10-18T09:55:04.795+0000] {processor.py:914} INFO - Processing file /home/airflow/.local/lib/python3.12/site-packages/airflow/example_dags/example_dataset_alias.py for tasks to queue
[2024-10-18T09:55:04.797+0000] {logging_mixin.py:190} INFO - [2024-10-18T09:55:04.797+0000] {dagbag.py:588} INFO - Filling up the DagBag from /home/airflow/.local/lib/python3.12/site-packages/airflow/example_dags/example_dataset_alias.py
[2024-10-18T09:55:04.826+0000] {processor.py:925} INFO - DAG(s) 'dataset_s3_bucket_consumer', 'dataset_s3_bucket_producer', 'dataset_alias_example_alias_consumer', 'dataset_alias_example_alias_producer' retrieved from /home/airflow/.local/lib/python3.12/site-packages/airflow/example_dags/example_dataset_alias.py
[2024-10-18T09:55:04.848+0000] {logging_mixin.py:190} INFO - [2024-10-18T09:55:04.848+0000] {dag.py:3239} INFO - Sync 4 DAGs
[2024-10-18T09:55:04.877+0000] {logging_mixin.py:190} INFO - [2024-10-18T09:55:04.877+0000] {dag.py:4180} INFO - Setting next_dagrun for dataset_alias_example_alias_consumer to None, run_after=None
[2024-10-18T09:55:04.883+0000] {logging_mixin.py:190} INFO - [2024-10-18T09:55:04.882+0000] {dag.py:4180} INFO - Setting next_dagrun for dataset_alias_example_alias_producer to None, run_after=None
[2024-10-18T09:55:04.887+0000] {logging_mixin.py:190} INFO - [2024-10-18T09:55:04.887+0000] {dag.py:4180} INFO - Setting next_dagrun for dataset_s3_bucket_consumer to None, run_after=None
[2024-10-18T09:55:04.890+0000] {logging_mixin.py:190} INFO - [2024-10-18T09:55:04.890+0000] {dag.py:4180} INFO - Setting next_dagrun for dataset_s3_bucket_producer to None, run_after=None
[2024-10-18T09:55:04.924+0000] {processor.py:208} INFO - Processing /home/airflow/.local/lib/python3.12/site-packages/airflow/example_dags/example_dataset_alias.py took 0.136 seconds
[2024-10-18T09:55:35.968+0000] {processor.py:186} INFO - Started process (PID=2687) to work on /home/airflow/.local/lib/python3.12/site-packages/airflow/example_dags/example_dataset_alias.py
[2024-10-18T09:55:35.969+0000] {processor.py:914} INFO - Processing file /home/airflow/.local/lib/python3.12/site-packages/airflow/example_dags/example_dataset_alias.py for tasks to queue
[2024-10-18T09:55:35.972+0000] {logging_mixin.py:190} INFO - [2024-10-18T09:55:35.971+0000] {dagbag.py:588} INFO - Filling up the DagBag from /home/airflow/.local/lib/python3.12/site-packages/airflow/example_dags/example_dataset_alias.py
[2024-10-18T09:55:36.007+0000] {processor.py:925} INFO - DAG(s) 'dataset_alias_example_alias_consumer', 'dataset_s3_bucket_consumer', 'dataset_alias_example_alias_producer', 'dataset_s3_bucket_producer' retrieved from /home/airflow/.local/lib/python3.12/site-packages/airflow/example_dags/example_dataset_alias.py
[2024-10-18T09:55:36.036+0000] {logging_mixin.py:190} INFO - [2024-10-18T09:55:36.036+0000] {dag.py:3239} INFO - Sync 4 DAGs
[2024-10-18T09:55:36.061+0000] {logging_mixin.py:190} INFO - [2024-10-18T09:55:36.061+0000] {dag.py:4180} INFO - Setting next_dagrun for dataset_alias_example_alias_consumer to None, run_after=None
[2024-10-18T09:55:36.064+0000] {logging_mixin.py:190} INFO - [2024-10-18T09:55:36.064+0000] {dag.py:4180} INFO - Setting next_dagrun for dataset_alias_example_alias_producer to None, run_after=None
[2024-10-18T09:55:36.067+0000] {logging_mixin.py:190} INFO - [2024-10-18T09:55:36.067+0000] {dag.py:4180} INFO - Setting next_dagrun for dataset_s3_bucket_consumer to None, run_after=None
[2024-10-18T09:55:36.069+0000] {logging_mixin.py:190} INFO - [2024-10-18T09:55:36.069+0000] {dag.py:4180} INFO - Setting next_dagrun for dataset_s3_bucket_producer to None, run_after=None
[2024-10-18T09:55:36.098+0000] {processor.py:208} INFO - Processing /home/airflow/.local/lib/python3.12/site-packages/airflow/example_dags/example_dataset_alias.py took 0.138 seconds
[2024-10-18T09:56:06.263+0000] {processor.py:186} INFO - Started process (PID=2978) to work on /home/airflow/.local/lib/python3.12/site-packages/airflow/example_dags/example_dataset_alias.py
[2024-10-18T09:56:06.265+0000] {processor.py:914} INFO - Processing file /home/airflow/.local/lib/python3.12/site-packages/airflow/example_dags/example_dataset_alias.py for tasks to queue
[2024-10-18T09:56:06.269+0000] {logging_mixin.py:190} INFO - [2024-10-18T09:56:06.268+0000] {dagbag.py:588} INFO - Filling up the DagBag from /home/airflow/.local/lib/python3.12/site-packages/airflow/example_dags/example_dataset_alias.py
[2024-10-18T09:56:06.305+0000] {processor.py:925} INFO - DAG(s) 'dataset_s3_bucket_producer', 'dataset_alias_example_alias_consumer', 'dataset_alias_example_alias_producer', 'dataset_s3_bucket_consumer' retrieved from /home/airflow/.local/lib/python3.12/site-packages/airflow/example_dags/example_dataset_alias.py
[2024-10-18T09:56:06.335+0000] {logging_mixin.py:190} INFO - [2024-10-18T09:56:06.335+0000] {dag.py:3239} INFO - Sync 4 DAGs
[2024-10-18T09:56:06.367+0000] {logging_mixin.py:190} INFO - [2024-10-18T09:56:06.367+0000] {dag.py:4180} INFO - Setting next_dagrun for dataset_alias_example_alias_consumer to None, run_after=None
[2024-10-18T09:56:06.372+0000] {logging_mixin.py:190} INFO - [2024-10-18T09:56:06.372+0000] {dag.py:4180} INFO - Setting next_dagrun for dataset_alias_example_alias_producer to None, run_after=None
[2024-10-18T09:56:06.376+0000] {logging_mixin.py:190} INFO - [2024-10-18T09:56:06.375+0000] {dag.py:4180} INFO - Setting next_dagrun for dataset_s3_bucket_consumer to None, run_after=None
[2024-10-18T09:56:06.378+0000] {logging_mixin.py:190} INFO - [2024-10-18T09:56:06.378+0000] {dag.py:4180} INFO - Setting next_dagrun for dataset_s3_bucket_producer to None, run_after=None
[2024-10-18T09:56:06.410+0000] {processor.py:208} INFO - Processing /home/airflow/.local/lib/python3.12/site-packages/airflow/example_dags/example_dataset_alias.py took 0.153 seconds
[2024-10-18T09:56:36.626+0000] {processor.py:186} INFO - Started process (PID=3269) to work on /home/airflow/.local/lib/python3.12/site-packages/airflow/example_dags/example_dataset_alias.py
[2024-10-18T09:56:36.628+0000] {processor.py:914} INFO - Processing file /home/airflow/.local/lib/python3.12/site-packages/airflow/example_dags/example_dataset_alias.py for tasks to queue
[2024-10-18T09:56:36.631+0000] {logging_mixin.py:190} INFO - [2024-10-18T09:56:36.631+0000] {dagbag.py:588} INFO - Filling up the DagBag from /home/airflow/.local/lib/python3.12/site-packages/airflow/example_dags/example_dataset_alias.py
[2024-10-18T09:56:36.669+0000] {processor.py:925} INFO - DAG(s) 'dataset_s3_bucket_consumer', 'dataset_s3_bucket_producer', 'dataset_alias_example_alias_consumer', 'dataset_alias_example_alias_producer' retrieved from /home/airflow/.local/lib/python3.12/site-packages/airflow/example_dags/example_dataset_alias.py
[2024-10-18T09:56:36.701+0000] {logging_mixin.py:190} INFO - [2024-10-18T09:56:36.701+0000] {dag.py:3239} INFO - Sync 4 DAGs
[2024-10-18T09:56:36.726+0000] {logging_mixin.py:190} INFO - [2024-10-18T09:56:36.726+0000] {dag.py:4180} INFO - Setting next_dagrun for dataset_alias_example_alias_consumer to None, run_after=None
[2024-10-18T09:56:36.730+0000] {logging_mixin.py:190} INFO - [2024-10-18T09:56:36.729+0000] {dag.py:4180} INFO - Setting next_dagrun for dataset_alias_example_alias_producer to None, run_after=None
[2024-10-18T09:56:36.732+0000] {logging_mixin.py:190} INFO - [2024-10-18T09:56:36.732+0000] {dag.py:4180} INFO - Setting next_dagrun for dataset_s3_bucket_consumer to None, run_after=None
[2024-10-18T09:56:36.734+0000] {logging_mixin.py:190} INFO - [2024-10-18T09:56:36.734+0000] {dag.py:4180} INFO - Setting next_dagrun for dataset_s3_bucket_producer to None, run_after=None
[2024-10-18T09:56:36.773+0000] {processor.py:208} INFO - Processing /home/airflow/.local/lib/python3.12/site-packages/airflow/example_dags/example_dataset_alias.py took 0.156 seconds
[2024-10-18T09:57:06.947+0000] {processor.py:186} INFO - Started process (PID=3561) to work on /home/airflow/.local/lib/python3.12/site-packages/airflow/example_dags/example_dataset_alias.py
[2024-10-18T09:57:06.949+0000] {processor.py:914} INFO - Processing file /home/airflow/.local/lib/python3.12/site-packages/airflow/example_dags/example_dataset_alias.py for tasks to queue
[2024-10-18T09:57:06.952+0000] {logging_mixin.py:190} INFO - [2024-10-18T09:57:06.951+0000] {dagbag.py:588} INFO - Filling up the DagBag from /home/airflow/.local/lib/python3.12/site-packages/airflow/example_dags/example_dataset_alias.py
[2024-10-18T09:57:07.001+0000] {processor.py:925} INFO - DAG(s) 'dataset_alias_example_alias_producer', 'dataset_alias_example_alias_consumer', 'dataset_s3_bucket_consumer', 'dataset_s3_bucket_producer' retrieved from /home/airflow/.local/lib/python3.12/site-packages/airflow/example_dags/example_dataset_alias.py
[2024-10-18T09:57:07.039+0000] {logging_mixin.py:190} INFO - [2024-10-18T09:57:07.038+0000] {dag.py:3239} INFO - Sync 4 DAGs
[2024-10-18T09:57:07.070+0000] {logging_mixin.py:190} INFO - [2024-10-18T09:57:07.070+0000] {dag.py:4180} INFO - Setting next_dagrun for dataset_alias_example_alias_consumer to None, run_after=None
[2024-10-18T09:57:07.073+0000] {logging_mixin.py:190} INFO - [2024-10-18T09:57:07.073+0000] {dag.py:4180} INFO - Setting next_dagrun for dataset_alias_example_alias_producer to None, run_after=None
[2024-10-18T09:57:07.075+0000] {logging_mixin.py:190} INFO - [2024-10-18T09:57:07.075+0000] {dag.py:4180} INFO - Setting next_dagrun for dataset_s3_bucket_consumer to None, run_after=None
[2024-10-18T09:57:07.077+0000] {logging_mixin.py:190} INFO - [2024-10-18T09:57:07.077+0000] {dag.py:4180} INFO - Setting next_dagrun for dataset_s3_bucket_producer to None, run_after=None
[2024-10-18T09:57:07.103+0000] {processor.py:208} INFO - Processing /home/airflow/.local/lib/python3.12/site-packages/airflow/example_dags/example_dataset_alias.py took 0.161 seconds
[2024-10-18T09:57:37.515+0000] {processor.py:186} INFO - Started process (PID=3858) to work on /home/airflow/.local/lib/python3.12/site-packages/airflow/example_dags/example_dataset_alias.py
[2024-10-18T09:57:37.534+0000] {processor.py:914} INFO - Processing file /home/airflow/.local/lib/python3.12/site-packages/airflow/example_dags/example_dataset_alias.py for tasks to queue
[2024-10-18T09:57:37.562+0000] {logging_mixin.py:190} INFO - [2024-10-18T09:57:37.556+0000] {dagbag.py:588} INFO - Filling up the DagBag from /home/airflow/.local/lib/python3.12/site-packages/airflow/example_dags/example_dataset_alias.py
[2024-10-18T09:57:37.810+0000] {processor.py:925} INFO - DAG(s) 'dataset_alias_example_alias_producer', 'dataset_s3_bucket_producer', 'dataset_alias_example_alias_consumer', 'dataset_s3_bucket_consumer' retrieved from /home/airflow/.local/lib/python3.12/site-packages/airflow/example_dags/example_dataset_alias.py
