[2024-10-18T09:51:25.814+0000] {processor.py:186} INFO - Started process (PID=382) to work on /home/airflow/.local/lib/python3.12/site-packages/airflow/example_dags/example_sla_dag.py
[2024-10-18T09:51:25.817+0000] {processor.py:914} INFO - Processing file /home/airflow/.local/lib/python3.12/site-packages/airflow/example_dags/example_sla_dag.py for tasks to queue
[2024-10-18T09:51:25.822+0000] {logging_mixin.py:190} INFO - [2024-10-18T09:51:25.822+0000] {dagbag.py:588} INFO - Filling up the DagBag from /home/airflow/.local/lib/python3.12/site-packages/airflow/example_dags/example_sla_dag.py
[2024-10-18T09:51:25.844+0000] {processor.py:925} INFO - DAG(s) 'example_sla_dag' retrieved from /home/airflow/.local/lib/python3.12/site-packages/airflow/example_dags/example_sla_dag.py
[2024-10-18T09:51:25.883+0000] {logging_mixin.py:190} INFO - [2024-10-18T09:51:25.882+0000] {dag.py:3239} INFO - Sync 1 DAGs
[2024-10-18T09:51:25.955+0000] {logging_mixin.py:190} INFO - [2024-10-18T09:51:25.954+0000] {dag.py:4180} INFO - Setting next_dagrun for example_sla_dag to 2024-10-18 09:48:00+00:00, run_after=2024-10-18 09:50:00+00:00
[2024-10-18T09:51:26.000+0000] {processor.py:208} INFO - Processing /home/airflow/.local/lib/python3.12/site-packages/airflow/example_dags/example_sla_dag.py took 0.194 seconds
[2024-10-18T09:51:58.383+0000] {processor.py:186} INFO - Started process (PID=673) to work on /home/airflow/.local/lib/python3.12/site-packages/airflow/example_dags/example_sla_dag.py
[2024-10-18T09:51:58.387+0000] {processor.py:914} INFO - Processing file /home/airflow/.local/lib/python3.12/site-packages/airflow/example_dags/example_sla_dag.py for tasks to queue
[2024-10-18T09:51:58.393+0000] {logging_mixin.py:190} INFO - [2024-10-18T09:51:58.392+0000] {dagbag.py:588} INFO - Filling up the DagBag from /home/airflow/.local/lib/python3.12/site-packages/airflow/example_dags/example_sla_dag.py
[2024-10-18T09:51:58.415+0000] {processor.py:925} INFO - DAG(s) 'example_sla_dag' retrieved from /home/airflow/.local/lib/python3.12/site-packages/airflow/example_dags/example_sla_dag.py
[2024-10-18T09:51:58.463+0000] {logging_mixin.py:190} INFO - [2024-10-18T09:51:58.462+0000] {dag.py:3239} INFO - Sync 1 DAGs
[2024-10-18T09:51:58.540+0000] {logging_mixin.py:190} INFO - [2024-10-18T09:51:58.539+0000] {dag.py:4180} INFO - Setting next_dagrun for example_sla_dag to 2024-10-18 09:48:00+00:00, run_after=2024-10-18 09:50:00+00:00
[2024-10-18T09:51:58.601+0000] {processor.py:208} INFO - Processing /home/airflow/.local/lib/python3.12/site-packages/airflow/example_dags/example_sla_dag.py took 0.231 seconds
[2024-10-18T09:52:31.849+0000] {processor.py:186} INFO - Started process (PID=964) to work on /home/airflow/.local/lib/python3.12/site-packages/airflow/example_dags/example_sla_dag.py
[2024-10-18T09:52:31.854+0000] {processor.py:914} INFO - Processing file /home/airflow/.local/lib/python3.12/site-packages/airflow/example_dags/example_sla_dag.py for tasks to queue
[2024-10-18T09:52:31.859+0000] {logging_mixin.py:190} INFO - [2024-10-18T09:52:31.858+0000] {dagbag.py:588} INFO - Filling up the DagBag from /home/airflow/.local/lib/python3.12/site-packages/airflow/example_dags/example_sla_dag.py
[2024-10-18T09:52:31.887+0000] {processor.py:925} INFO - DAG(s) 'example_sla_dag' retrieved from /home/airflow/.local/lib/python3.12/site-packages/airflow/example_dags/example_sla_dag.py
[2024-10-18T09:52:31.942+0000] {logging_mixin.py:190} INFO - [2024-10-18T09:52:31.942+0000] {dag.py:3239} INFO - Sync 1 DAGs
[2024-10-18T09:52:32.035+0000] {logging_mixin.py:190} INFO - [2024-10-18T09:52:32.032+0000] {dag.py:4180} INFO - Setting next_dagrun for example_sla_dag to 2024-10-18 09:50:00+00:00, run_after=2024-10-18 09:52:00+00:00
[2024-10-18T09:52:32.120+0000] {processor.py:208} INFO - Processing /home/airflow/.local/lib/python3.12/site-packages/airflow/example_dags/example_sla_dag.py took 0.289 seconds
[2024-10-18T09:53:02.674+0000] {processor.py:186} INFO - Started process (PID=1255) to work on /home/airflow/.local/lib/python3.12/site-packages/airflow/example_dags/example_sla_dag.py
[2024-10-18T09:53:02.677+0000] {processor.py:914} INFO - Processing file /home/airflow/.local/lib/python3.12/site-packages/airflow/example_dags/example_sla_dag.py for tasks to queue
[2024-10-18T09:53:02.681+0000] {logging_mixin.py:190} INFO - [2024-10-18T09:53:02.681+0000] {dagbag.py:588} INFO - Filling up the DagBag from /home/airflow/.local/lib/python3.12/site-packages/airflow/example_dags/example_sla_dag.py
[2024-10-18T09:53:02.709+0000] {processor.py:925} INFO - DAG(s) 'example_sla_dag' retrieved from /home/airflow/.local/lib/python3.12/site-packages/airflow/example_dags/example_sla_dag.py
[2024-10-18T09:53:02.756+0000] {logging_mixin.py:190} INFO - [2024-10-18T09:53:02.756+0000] {dag.py:3239} INFO - Sync 1 DAGs
[2024-10-18T09:53:02.816+0000] {logging_mixin.py:190} INFO - [2024-10-18T09:53:02.816+0000] {dag.py:4180} INFO - Setting next_dagrun for example_sla_dag to 2024-10-18 09:50:00+00:00, run_after=2024-10-18 09:52:00+00:00
[2024-10-18T09:53:02.849+0000] {processor.py:208} INFO - Processing /home/airflow/.local/lib/python3.12/site-packages/airflow/example_dags/example_sla_dag.py took 0.187 seconds
[2024-10-18T09:53:33.798+0000] {processor.py:186} INFO - Started process (PID=1548) to work on /home/airflow/.local/lib/python3.12/site-packages/airflow/example_dags/example_sla_dag.py
[2024-10-18T09:53:33.800+0000] {processor.py:914} INFO - Processing file /home/airflow/.local/lib/python3.12/site-packages/airflow/example_dags/example_sla_dag.py for tasks to queue
[2024-10-18T09:53:33.807+0000] {logging_mixin.py:190} INFO - [2024-10-18T09:53:33.806+0000] {dagbag.py:588} INFO - Filling up the DagBag from /home/airflow/.local/lib/python3.12/site-packages/airflow/example_dags/example_sla_dag.py
[2024-10-18T09:53:33.829+0000] {processor.py:925} INFO - DAG(s) 'example_sla_dag' retrieved from /home/airflow/.local/lib/python3.12/site-packages/airflow/example_dags/example_sla_dag.py
[2024-10-18T09:53:33.867+0000] {logging_mixin.py:190} INFO - [2024-10-18T09:53:33.866+0000] {dag.py:3239} INFO - Sync 1 DAGs
[2024-10-18T09:53:33.932+0000] {logging_mixin.py:190} INFO - [2024-10-18T09:53:33.931+0000] {dag.py:4180} INFO - Setting next_dagrun for example_sla_dag to 2024-10-18 09:50:00+00:00, run_after=2024-10-18 09:52:00+00:00
[2024-10-18T09:53:33.981+0000] {processor.py:208} INFO - Processing /home/airflow/.local/lib/python3.12/site-packages/airflow/example_dags/example_sla_dag.py took 0.194 seconds
[2024-10-18T09:54:04.488+0000] {processor.py:186} INFO - Started process (PID=1837) to work on /home/airflow/.local/lib/python3.12/site-packages/airflow/example_dags/example_sla_dag.py
[2024-10-18T09:54:04.490+0000] {processor.py:914} INFO - Processing file /home/airflow/.local/lib/python3.12/site-packages/airflow/example_dags/example_sla_dag.py for tasks to queue
[2024-10-18T09:54:04.495+0000] {logging_mixin.py:190} INFO - [2024-10-18T09:54:04.495+0000] {dagbag.py:588} INFO - Filling up the DagBag from /home/airflow/.local/lib/python3.12/site-packages/airflow/example_dags/example_sla_dag.py
[2024-10-18T09:54:04.517+0000] {processor.py:925} INFO - DAG(s) 'example_sla_dag' retrieved from /home/airflow/.local/lib/python3.12/site-packages/airflow/example_dags/example_sla_dag.py
[2024-10-18T09:54:04.556+0000] {logging_mixin.py:190} INFO - [2024-10-18T09:54:04.555+0000] {dag.py:3239} INFO - Sync 1 DAGs
[2024-10-18T09:54:04.618+0000] {logging_mixin.py:190} INFO - [2024-10-18T09:54:04.617+0000] {dag.py:4180} INFO - Setting next_dagrun for example_sla_dag to 2024-10-18 09:52:00+00:00, run_after=2024-10-18 09:54:00+00:00
[2024-10-18T09:54:04.688+0000] {processor.py:208} INFO - Processing /home/airflow/.local/lib/python3.12/site-packages/airflow/example_dags/example_sla_dag.py took 0.211 seconds
[2024-10-18T09:54:35.034+0000] {processor.py:186} INFO - Started process (PID=2128) to work on /home/airflow/.local/lib/python3.12/site-packages/airflow/example_dags/example_sla_dag.py
[2024-10-18T09:54:35.035+0000] {processor.py:914} INFO - Processing file /home/airflow/.local/lib/python3.12/site-packages/airflow/example_dags/example_sla_dag.py for tasks to queue
[2024-10-18T09:54:35.038+0000] {logging_mixin.py:190} INFO - [2024-10-18T09:54:35.038+0000] {dagbag.py:588} INFO - Filling up the DagBag from /home/airflow/.local/lib/python3.12/site-packages/airflow/example_dags/example_sla_dag.py
[2024-10-18T09:54:35.052+0000] {processor.py:925} INFO - DAG(s) 'example_sla_dag' retrieved from /home/airflow/.local/lib/python3.12/site-packages/airflow/example_dags/example_sla_dag.py
[2024-10-18T09:54:35.079+0000] {logging_mixin.py:190} INFO - [2024-10-18T09:54:35.078+0000] {dag.py:3239} INFO - Sync 1 DAGs
[2024-10-18T09:54:35.115+0000] {logging_mixin.py:190} INFO - [2024-10-18T09:54:35.115+0000] {dag.py:4180} INFO - Setting next_dagrun for example_sla_dag to 2024-10-18 09:52:00+00:00, run_after=2024-10-18 09:54:00+00:00
[2024-10-18T09:54:35.141+0000] {processor.py:208} INFO - Processing /home/airflow/.local/lib/python3.12/site-packages/airflow/example_dags/example_sla_dag.py took 0.116 seconds
[2024-10-18T09:55:05.244+0000] {processor.py:186} INFO - Started process (PID=2419) to work on /home/airflow/.local/lib/python3.12/site-packages/airflow/example_dags/example_sla_dag.py
[2024-10-18T09:55:05.245+0000] {processor.py:914} INFO - Processing file /home/airflow/.local/lib/python3.12/site-packages/airflow/example_dags/example_sla_dag.py for tasks to queue
[2024-10-18T09:55:05.249+0000] {logging_mixin.py:190} INFO - [2024-10-18T09:55:05.248+0000] {dagbag.py:588} INFO - Filling up the DagBag from /home/airflow/.local/lib/python3.12/site-packages/airflow/example_dags/example_sla_dag.py
[2024-10-18T09:55:05.262+0000] {processor.py:925} INFO - DAG(s) 'example_sla_dag' retrieved from /home/airflow/.local/lib/python3.12/site-packages/airflow/example_dags/example_sla_dag.py
[2024-10-18T09:55:05.285+0000] {logging_mixin.py:190} INFO - [2024-10-18T09:55:05.284+0000] {dag.py:3239} INFO - Sync 1 DAGs
[2024-10-18T09:55:05.310+0000] {logging_mixin.py:190} INFO - [2024-10-18T09:55:05.309+0000] {dag.py:4180} INFO - Setting next_dagrun for example_sla_dag to 2024-10-18 09:52:00+00:00, run_after=2024-10-18 09:54:00+00:00
[2024-10-18T09:55:05.329+0000] {processor.py:208} INFO - Processing /home/airflow/.local/lib/python3.12/site-packages/airflow/example_dags/example_sla_dag.py took 0.092 seconds
[2024-10-18T09:55:36.452+0000] {processor.py:186} INFO - Started process (PID=2712) to work on /home/airflow/.local/lib/python3.12/site-packages/airflow/example_dags/example_sla_dag.py
[2024-10-18T09:55:36.454+0000] {processor.py:914} INFO - Processing file /home/airflow/.local/lib/python3.12/site-packages/airflow/example_dags/example_sla_dag.py for tasks to queue
[2024-10-18T09:55:36.457+0000] {logging_mixin.py:190} INFO - [2024-10-18T09:55:36.457+0000] {dagbag.py:588} INFO - Filling up the DagBag from /home/airflow/.local/lib/python3.12/site-packages/airflow/example_dags/example_sla_dag.py
[2024-10-18T09:55:36.466+0000] {processor.py:925} INFO - DAG(s) 'example_sla_dag' retrieved from /home/airflow/.local/lib/python3.12/site-packages/airflow/example_dags/example_sla_dag.py
[2024-10-18T09:55:36.489+0000] {logging_mixin.py:190} INFO - [2024-10-18T09:55:36.489+0000] {dag.py:3239} INFO - Sync 1 DAGs
[2024-10-18T09:55:36.513+0000] {logging_mixin.py:190} INFO - [2024-10-18T09:55:36.513+0000] {dag.py:4180} INFO - Setting next_dagrun for example_sla_dag to 2024-10-18 09:52:00+00:00, run_after=2024-10-18 09:54:00+00:00
[2024-10-18T09:55:36.539+0000] {processor.py:208} INFO - Processing /home/airflow/.local/lib/python3.12/site-packages/airflow/example_dags/example_sla_dag.py took 0.093 seconds
[2024-10-18T09:56:06.807+0000] {processor.py:186} INFO - Started process (PID=3003) to work on /home/airflow/.local/lib/python3.12/site-packages/airflow/example_dags/example_sla_dag.py
[2024-10-18T09:56:06.808+0000] {processor.py:914} INFO - Processing file /home/airflow/.local/lib/python3.12/site-packages/airflow/example_dags/example_sla_dag.py for tasks to queue
[2024-10-18T09:56:06.811+0000] {logging_mixin.py:190} INFO - [2024-10-18T09:56:06.811+0000] {dagbag.py:588} INFO - Filling up the DagBag from /home/airflow/.local/lib/python3.12/site-packages/airflow/example_dags/example_sla_dag.py
[2024-10-18T09:56:06.824+0000] {processor.py:925} INFO - DAG(s) 'example_sla_dag' retrieved from /home/airflow/.local/lib/python3.12/site-packages/airflow/example_dags/example_sla_dag.py
[2024-10-18T09:56:06.852+0000] {logging_mixin.py:190} INFO - [2024-10-18T09:56:06.852+0000] {dag.py:3239} INFO - Sync 1 DAGs
[2024-10-18T09:56:06.887+0000] {logging_mixin.py:190} INFO - [2024-10-18T09:56:06.887+0000] {dag.py:4180} INFO - Setting next_dagrun for example_sla_dag to 2024-10-18 09:54:00+00:00, run_after=2024-10-18 09:56:00+00:00
[2024-10-18T09:56:06.915+0000] {processor.py:208} INFO - Processing /home/airflow/.local/lib/python3.12/site-packages/airflow/example_dags/example_sla_dag.py took 0.116 seconds
[2024-10-18T09:56:37.164+0000] {processor.py:186} INFO - Started process (PID=3294) to work on /home/airflow/.local/lib/python3.12/site-packages/airflow/example_dags/example_sla_dag.py
[2024-10-18T09:56:37.166+0000] {processor.py:914} INFO - Processing file /home/airflow/.local/lib/python3.12/site-packages/airflow/example_dags/example_sla_dag.py for tasks to queue
[2024-10-18T09:56:37.169+0000] {logging_mixin.py:190} INFO - [2024-10-18T09:56:37.169+0000] {dagbag.py:588} INFO - Filling up the DagBag from /home/airflow/.local/lib/python3.12/site-packages/airflow/example_dags/example_sla_dag.py
[2024-10-18T09:56:37.185+0000] {processor.py:925} INFO - DAG(s) 'example_sla_dag' retrieved from /home/airflow/.local/lib/python3.12/site-packages/airflow/example_dags/example_sla_dag.py
[2024-10-18T09:56:37.213+0000] {logging_mixin.py:190} INFO - [2024-10-18T09:56:37.213+0000] {dag.py:3239} INFO - Sync 1 DAGs
[2024-10-18T09:56:37.252+0000] {logging_mixin.py:190} INFO - [2024-10-18T09:56:37.251+0000] {dag.py:4180} INFO - Setting next_dagrun for example_sla_dag to 2024-10-18 09:54:00+00:00, run_after=2024-10-18 09:56:00+00:00
[2024-10-18T09:56:37.276+0000] {processor.py:208} INFO - Processing /home/airflow/.local/lib/python3.12/site-packages/airflow/example_dags/example_sla_dag.py took 0.120 seconds
[2024-10-18T09:57:07.469+0000] {processor.py:186} INFO - Started process (PID=3584) to work on /home/airflow/.local/lib/python3.12/site-packages/airflow/example_dags/example_sla_dag.py
[2024-10-18T09:57:07.470+0000] {processor.py:914} INFO - Processing file /home/airflow/.local/lib/python3.12/site-packages/airflow/example_dags/example_sla_dag.py for tasks to queue
[2024-10-18T09:57:07.472+0000] {logging_mixin.py:190} INFO - [2024-10-18T09:57:07.472+0000] {dagbag.py:588} INFO - Filling up the DagBag from /home/airflow/.local/lib/python3.12/site-packages/airflow/example_dags/example_sla_dag.py
[2024-10-18T09:57:07.484+0000] {processor.py:925} INFO - DAG(s) 'example_sla_dag' retrieved from /home/airflow/.local/lib/python3.12/site-packages/airflow/example_dags/example_sla_dag.py
[2024-10-18T09:57:07.505+0000] {logging_mixin.py:190} INFO - [2024-10-18T09:57:07.505+0000] {dag.py:3239} INFO - Sync 1 DAGs
[2024-10-18T09:57:07.531+0000] {logging_mixin.py:190} INFO - [2024-10-18T09:57:07.530+0000] {dag.py:4180} INFO - Setting next_dagrun for example_sla_dag to 2024-10-18 09:54:00+00:00, run_after=2024-10-18 09:56:00+00:00
[2024-10-18T09:57:07.556+0000] {processor.py:208} INFO - Processing /home/airflow/.local/lib/python3.12/site-packages/airflow/example_dags/example_sla_dag.py took 0.092 seconds
