[2024-10-18T09:51:20.353+0000] {processor.py:186} INFO - Started process (PID=247) to work on /home/airflow/.local/lib/python3.12/site-packages/airflow/example_dags/example_dynamic_task_mapping.py
[2024-10-18T09:51:20.356+0000] {processor.py:914} INFO - Processing file /home/airflow/.local/lib/python3.12/site-packages/airflow/example_dags/example_dynamic_task_mapping.py for tasks to queue
[2024-10-18T09:51:20.361+0000] {logging_mixin.py:190} INFO - [2024-10-18T09:51:20.360+0000] {dagbag.py:588} INFO - Filling up the DagBag from /home/airflow/.local/lib/python3.12/site-packages/airflow/example_dags/example_dynamic_task_mapping.py
[2024-10-18T09:51:20.388+0000] {processor.py:925} INFO - DAG(s) 'example_dynamic_task_mapping' retrieved from /home/airflow/.local/lib/python3.12/site-packages/airflow/example_dags/example_dynamic_task_mapping.py
[2024-10-18T09:51:20.459+0000] {logging_mixin.py:190} INFO - [2024-10-18T09:51:20.459+0000] {dag.py:3239} INFO - Sync 1 DAGs
[2024-10-18T09:51:20.492+0000] {logging_mixin.py:190} INFO - [2024-10-18T09:51:20.492+0000] {dag.py:4180} INFO - Setting next_dagrun for example_dynamic_task_mapping to None, run_after=None
[2024-10-18T09:51:20.546+0000] {processor.py:208} INFO - Processing /home/airflow/.local/lib/python3.12/site-packages/airflow/example_dags/example_dynamic_task_mapping.py took 0.209 seconds
[2024-10-18T09:51:53.396+0000] {processor.py:186} INFO - Started process (PID=538) to work on /home/airflow/.local/lib/python3.12/site-packages/airflow/example_dags/example_dynamic_task_mapping.py
[2024-10-18T09:51:53.399+0000] {processor.py:914} INFO - Processing file /home/airflow/.local/lib/python3.12/site-packages/airflow/example_dags/example_dynamic_task_mapping.py for tasks to queue
[2024-10-18T09:51:53.404+0000] {logging_mixin.py:190} INFO - [2024-10-18T09:51:53.403+0000] {dagbag.py:588} INFO - Filling up the DagBag from /home/airflow/.local/lib/python3.12/site-packages/airflow/example_dags/example_dynamic_task_mapping.py
[2024-10-18T09:51:53.426+0000] {processor.py:925} INFO - DAG(s) 'example_dynamic_task_mapping' retrieved from /home/airflow/.local/lib/python3.12/site-packages/airflow/example_dags/example_dynamic_task_mapping.py
[2024-10-18T09:51:53.484+0000] {logging_mixin.py:190} INFO - [2024-10-18T09:51:53.483+0000] {dag.py:3239} INFO - Sync 1 DAGs
[2024-10-18T09:51:53.517+0000] {logging_mixin.py:190} INFO - [2024-10-18T09:51:53.516+0000] {dag.py:4180} INFO - Setting next_dagrun for example_dynamic_task_mapping to None, run_after=None
[2024-10-18T09:51:53.564+0000] {processor.py:208} INFO - Processing /home/airflow/.local/lib/python3.12/site-packages/airflow/example_dags/example_dynamic_task_mapping.py took 0.181 seconds
[2024-10-18T09:52:24.675+0000] {processor.py:186} INFO - Started process (PID=829) to work on /home/airflow/.local/lib/python3.12/site-packages/airflow/example_dags/example_dynamic_task_mapping.py
[2024-10-18T09:52:24.679+0000] {processor.py:914} INFO - Processing file /home/airflow/.local/lib/python3.12/site-packages/airflow/example_dags/example_dynamic_task_mapping.py for tasks to queue
[2024-10-18T09:52:24.712+0000] {logging_mixin.py:190} INFO - [2024-10-18T09:52:24.711+0000] {dagbag.py:588} INFO - Filling up the DagBag from /home/airflow/.local/lib/python3.12/site-packages/airflow/example_dags/example_dynamic_task_mapping.py
[2024-10-18T09:52:24.737+0000] {processor.py:925} INFO - DAG(s) 'example_dynamic_task_mapping' retrieved from /home/airflow/.local/lib/python3.12/site-packages/airflow/example_dags/example_dynamic_task_mapping.py
[2024-10-18T09:52:25.068+0000] {logging_mixin.py:190} INFO - [2024-10-18T09:52:25.063+0000] {dag.py:3239} INFO - Sync 1 DAGs
[2024-10-18T09:52:25.265+0000] {logging_mixin.py:190} INFO - [2024-10-18T09:52:25.264+0000] {dag.py:4180} INFO - Setting next_dagrun for example_dynamic_task_mapping to None, run_after=None
[2024-10-18T09:52:25.343+0000] {processor.py:208} INFO - Processing /home/airflow/.local/lib/python3.12/site-packages/airflow/example_dags/example_dynamic_task_mapping.py took 0.697 seconds
[2024-10-18T09:52:55.638+0000] {processor.py:186} INFO - Started process (PID=1120) to work on /home/airflow/.local/lib/python3.12/site-packages/airflow/example_dags/example_dynamic_task_mapping.py
[2024-10-18T09:52:55.642+0000] {processor.py:914} INFO - Processing file /home/airflow/.local/lib/python3.12/site-packages/airflow/example_dags/example_dynamic_task_mapping.py for tasks to queue
[2024-10-18T09:52:55.644+0000] {logging_mixin.py:190} INFO - [2024-10-18T09:52:55.644+0000] {dagbag.py:588} INFO - Filling up the DagBag from /home/airflow/.local/lib/python3.12/site-packages/airflow/example_dags/example_dynamic_task_mapping.py
[2024-10-18T09:52:55.653+0000] {processor.py:925} INFO - DAG(s) 'example_dynamic_task_mapping' retrieved from /home/airflow/.local/lib/python3.12/site-packages/airflow/example_dags/example_dynamic_task_mapping.py
[2024-10-18T09:52:55.679+0000] {logging_mixin.py:190} INFO - [2024-10-18T09:52:55.678+0000] {dag.py:3239} INFO - Sync 1 DAGs
[2024-10-18T09:52:55.699+0000] {logging_mixin.py:190} INFO - [2024-10-18T09:52:55.699+0000] {dag.py:4180} INFO - Setting next_dagrun for example_dynamic_task_mapping to None, run_after=None
[2024-10-18T09:52:55.770+0000] {processor.py:208} INFO - Processing /home/airflow/.local/lib/python3.12/site-packages/airflow/example_dags/example_dynamic_task_mapping.py took 0.138 seconds
[2024-10-18T09:53:26.452+0000] {processor.py:186} INFO - Started process (PID=1411) to work on /home/airflow/.local/lib/python3.12/site-packages/airflow/example_dags/example_dynamic_task_mapping.py
[2024-10-18T09:53:26.454+0000] {processor.py:914} INFO - Processing file /home/airflow/.local/lib/python3.12/site-packages/airflow/example_dags/example_dynamic_task_mapping.py for tasks to queue
[2024-10-18T09:53:26.458+0000] {logging_mixin.py:190} INFO - [2024-10-18T09:53:26.458+0000] {dagbag.py:588} INFO - Filling up the DagBag from /home/airflow/.local/lib/python3.12/site-packages/airflow/example_dags/example_dynamic_task_mapping.py
[2024-10-18T09:53:26.467+0000] {processor.py:925} INFO - DAG(s) 'example_dynamic_task_mapping' retrieved from /home/airflow/.local/lib/python3.12/site-packages/airflow/example_dags/example_dynamic_task_mapping.py
[2024-10-18T09:53:26.492+0000] {logging_mixin.py:190} INFO - [2024-10-18T09:53:26.492+0000] {dag.py:3239} INFO - Sync 1 DAGs
[2024-10-18T09:53:26.507+0000] {logging_mixin.py:190} INFO - [2024-10-18T09:53:26.507+0000] {dag.py:4180} INFO - Setting next_dagrun for example_dynamic_task_mapping to None, run_after=None
[2024-10-18T09:53:26.530+0000] {processor.py:208} INFO - Processing /home/airflow/.local/lib/python3.12/site-packages/airflow/example_dags/example_dynamic_task_mapping.py took 0.083 seconds
[2024-10-18T09:53:56.996+0000] {processor.py:186} INFO - Started process (PID=1702) to work on /home/airflow/.local/lib/python3.12/site-packages/airflow/example_dags/example_dynamic_task_mapping.py
[2024-10-18T09:53:57.000+0000] {processor.py:914} INFO - Processing file /home/airflow/.local/lib/python3.12/site-packages/airflow/example_dags/example_dynamic_task_mapping.py for tasks to queue
[2024-10-18T09:53:57.010+0000] {logging_mixin.py:190} INFO - [2024-10-18T09:53:57.009+0000] {dagbag.py:588} INFO - Filling up the DagBag from /home/airflow/.local/lib/python3.12/site-packages/airflow/example_dags/example_dynamic_task_mapping.py
[2024-10-18T09:53:57.038+0000] {processor.py:925} INFO - DAG(s) 'example_dynamic_task_mapping' retrieved from /home/airflow/.local/lib/python3.12/site-packages/airflow/example_dags/example_dynamic_task_mapping.py
[2024-10-18T09:53:57.092+0000] {logging_mixin.py:190} INFO - [2024-10-18T09:53:57.091+0000] {dag.py:3239} INFO - Sync 1 DAGs
[2024-10-18T09:53:57.130+0000] {logging_mixin.py:190} INFO - [2024-10-18T09:53:57.130+0000] {dag.py:4180} INFO - Setting next_dagrun for example_dynamic_task_mapping to None, run_after=None
[2024-10-18T09:53:57.181+0000] {processor.py:208} INFO - Processing /home/airflow/.local/lib/python3.12/site-packages/airflow/example_dags/example_dynamic_task_mapping.py took 0.199 seconds
[2024-10-18T09:54:27.539+0000] {processor.py:186} INFO - Started process (PID=1993) to work on /home/airflow/.local/lib/python3.12/site-packages/airflow/example_dags/example_dynamic_task_mapping.py
[2024-10-18T09:54:27.542+0000] {processor.py:914} INFO - Processing file /home/airflow/.local/lib/python3.12/site-packages/airflow/example_dags/example_dynamic_task_mapping.py for tasks to queue
[2024-10-18T09:54:27.551+0000] {logging_mixin.py:190} INFO - [2024-10-18T09:54:27.550+0000] {dagbag.py:588} INFO - Filling up the DagBag from /home/airflow/.local/lib/python3.12/site-packages/airflow/example_dags/example_dynamic_task_mapping.py
[2024-10-18T09:54:27.562+0000] {processor.py:925} INFO - DAG(s) 'example_dynamic_task_mapping' retrieved from /home/airflow/.local/lib/python3.12/site-packages/airflow/example_dags/example_dynamic_task_mapping.py
[2024-10-18T09:54:27.588+0000] {logging_mixin.py:190} INFO - [2024-10-18T09:54:27.587+0000] {dag.py:3239} INFO - Sync 1 DAGs
[2024-10-18T09:54:27.607+0000] {logging_mixin.py:190} INFO - [2024-10-18T09:54:27.607+0000] {dag.py:4180} INFO - Setting next_dagrun for example_dynamic_task_mapping to None, run_after=None
[2024-10-18T09:54:27.629+0000] {processor.py:208} INFO - Processing /home/airflow/.local/lib/python3.12/site-packages/airflow/example_dags/example_dynamic_task_mapping.py took 0.100 seconds
[2024-10-18T09:54:57.891+0000] {processor.py:186} INFO - Started process (PID=2286) to work on /home/airflow/.local/lib/python3.12/site-packages/airflow/example_dags/example_dynamic_task_mapping.py
[2024-10-18T09:54:57.893+0000] {processor.py:914} INFO - Processing file /home/airflow/.local/lib/python3.12/site-packages/airflow/example_dags/example_dynamic_task_mapping.py for tasks to queue
[2024-10-18T09:54:57.897+0000] {logging_mixin.py:190} INFO - [2024-10-18T09:54:57.896+0000] {dagbag.py:588} INFO - Filling up the DagBag from /home/airflow/.local/lib/python3.12/site-packages/airflow/example_dags/example_dynamic_task_mapping.py
[2024-10-18T09:54:57.907+0000] {processor.py:925} INFO - DAG(s) 'example_dynamic_task_mapping' retrieved from /home/airflow/.local/lib/python3.12/site-packages/airflow/example_dags/example_dynamic_task_mapping.py
[2024-10-18T09:54:57.930+0000] {logging_mixin.py:190} INFO - [2024-10-18T09:54:57.930+0000] {dag.py:3239} INFO - Sync 1 DAGs
[2024-10-18T09:54:57.944+0000] {logging_mixin.py:190} INFO - [2024-10-18T09:54:57.944+0000] {dag.py:4180} INFO - Setting next_dagrun for example_dynamic_task_mapping to None, run_after=None
[2024-10-18T09:54:57.966+0000] {processor.py:208} INFO - Processing /home/airflow/.local/lib/python3.12/site-packages/airflow/example_dags/example_dynamic_task_mapping.py took 0.082 seconds
[2024-10-18T09:55:28.170+0000] {processor.py:186} INFO - Started process (PID=2575) to work on /home/airflow/.local/lib/python3.12/site-packages/airflow/example_dags/example_dynamic_task_mapping.py
[2024-10-18T09:55:28.172+0000] {processor.py:914} INFO - Processing file /home/airflow/.local/lib/python3.12/site-packages/airflow/example_dags/example_dynamic_task_mapping.py for tasks to queue
[2024-10-18T09:55:28.175+0000] {logging_mixin.py:190} INFO - [2024-10-18T09:55:28.175+0000] {dagbag.py:588} INFO - Filling up the DagBag from /home/airflow/.local/lib/python3.12/site-packages/airflow/example_dags/example_dynamic_task_mapping.py
[2024-10-18T09:55:28.184+0000] {processor.py:925} INFO - DAG(s) 'example_dynamic_task_mapping' retrieved from /home/airflow/.local/lib/python3.12/site-packages/airflow/example_dags/example_dynamic_task_mapping.py
[2024-10-18T09:55:28.208+0000] {logging_mixin.py:190} INFO - [2024-10-18T09:55:28.207+0000] {dag.py:3239} INFO - Sync 1 DAGs
[2024-10-18T09:55:28.222+0000] {logging_mixin.py:190} INFO - [2024-10-18T09:55:28.222+0000] {dag.py:4180} INFO - Setting next_dagrun for example_dynamic_task_mapping to None, run_after=None
[2024-10-18T09:55:28.248+0000] {processor.py:208} INFO - Processing /home/airflow/.local/lib/python3.12/site-packages/airflow/example_dags/example_dynamic_task_mapping.py took 0.083 seconds
[2024-10-18T09:55:58.490+0000] {processor.py:186} INFO - Started process (PID=2868) to work on /home/airflow/.local/lib/python3.12/site-packages/airflow/example_dags/example_dynamic_task_mapping.py
[2024-10-18T09:55:58.492+0000] {processor.py:914} INFO - Processing file /home/airflow/.local/lib/python3.12/site-packages/airflow/example_dags/example_dynamic_task_mapping.py for tasks to queue
[2024-10-18T09:55:58.495+0000] {logging_mixin.py:190} INFO - [2024-10-18T09:55:58.495+0000] {dagbag.py:588} INFO - Filling up the DagBag from /home/airflow/.local/lib/python3.12/site-packages/airflow/example_dags/example_dynamic_task_mapping.py
[2024-10-18T09:55:58.505+0000] {processor.py:925} INFO - DAG(s) 'example_dynamic_task_mapping' retrieved from /home/airflow/.local/lib/python3.12/site-packages/airflow/example_dags/example_dynamic_task_mapping.py
[2024-10-18T09:55:58.535+0000] {logging_mixin.py:190} INFO - [2024-10-18T09:55:58.534+0000] {dag.py:3239} INFO - Sync 1 DAGs
[2024-10-18T09:55:58.556+0000] {logging_mixin.py:190} INFO - [2024-10-18T09:55:58.555+0000] {dag.py:4180} INFO - Setting next_dagrun for example_dynamic_task_mapping to None, run_after=None
[2024-10-18T09:55:58.583+0000] {processor.py:208} INFO - Processing /home/airflow/.local/lib/python3.12/site-packages/airflow/example_dags/example_dynamic_task_mapping.py took 0.102 seconds
[2024-10-18T09:56:28.678+0000] {processor.py:186} INFO - Started process (PID=3157) to work on /home/airflow/.local/lib/python3.12/site-packages/airflow/example_dags/example_dynamic_task_mapping.py
[2024-10-18T09:56:28.679+0000] {processor.py:914} INFO - Processing file /home/airflow/.local/lib/python3.12/site-packages/airflow/example_dags/example_dynamic_task_mapping.py for tasks to queue
[2024-10-18T09:56:28.682+0000] {logging_mixin.py:190} INFO - [2024-10-18T09:56:28.682+0000] {dagbag.py:588} INFO - Filling up the DagBag from /home/airflow/.local/lib/python3.12/site-packages/airflow/example_dags/example_dynamic_task_mapping.py
[2024-10-18T09:56:28.691+0000] {processor.py:925} INFO - DAG(s) 'example_dynamic_task_mapping' retrieved from /home/airflow/.local/lib/python3.12/site-packages/airflow/example_dags/example_dynamic_task_mapping.py
[2024-10-18T09:56:28.713+0000] {logging_mixin.py:190} INFO - [2024-10-18T09:56:28.713+0000] {dag.py:3239} INFO - Sync 1 DAGs
[2024-10-18T09:56:28.731+0000] {logging_mixin.py:190} INFO - [2024-10-18T09:56:28.731+0000] {dag.py:4180} INFO - Setting next_dagrun for example_dynamic_task_mapping to None, run_after=None
[2024-10-18T09:56:28.753+0000] {processor.py:208} INFO - Processing /home/airflow/.local/lib/python3.12/site-packages/airflow/example_dags/example_dynamic_task_mapping.py took 0.082 seconds
[2024-10-18T09:56:58.928+0000] {processor.py:186} INFO - Started process (PID=3449) to work on /home/airflow/.local/lib/python3.12/site-packages/airflow/example_dags/example_dynamic_task_mapping.py
[2024-10-18T09:56:58.929+0000] {processor.py:914} INFO - Processing file /home/airflow/.local/lib/python3.12/site-packages/airflow/example_dags/example_dynamic_task_mapping.py for tasks to queue
[2024-10-18T09:56:58.933+0000] {logging_mixin.py:190} INFO - [2024-10-18T09:56:58.933+0000] {dagbag.py:588} INFO - Filling up the DagBag from /home/airflow/.local/lib/python3.12/site-packages/airflow/example_dags/example_dynamic_task_mapping.py
[2024-10-18T09:56:58.944+0000] {processor.py:925} INFO - DAG(s) 'example_dynamic_task_mapping' retrieved from /home/airflow/.local/lib/python3.12/site-packages/airflow/example_dags/example_dynamic_task_mapping.py
[2024-10-18T09:56:58.976+0000] {logging_mixin.py:190} INFO - [2024-10-18T09:56:58.975+0000] {dag.py:3239} INFO - Sync 1 DAGs
[2024-10-18T09:56:59.007+0000] {logging_mixin.py:190} INFO - [2024-10-18T09:56:59.007+0000] {dag.py:4180} INFO - Setting next_dagrun for example_dynamic_task_mapping to None, run_after=None
[2024-10-18T09:56:59.036+0000] {processor.py:208} INFO - Processing /home/airflow/.local/lib/python3.12/site-packages/airflow/example_dags/example_dynamic_task_mapping.py took 0.116 seconds
[2024-10-18T09:57:29.228+0000] {processor.py:186} INFO - Started process (PID=3740) to work on /home/airflow/.local/lib/python3.12/site-packages/airflow/example_dags/example_dynamic_task_mapping.py
[2024-10-18T09:57:29.229+0000] {processor.py:914} INFO - Processing file /home/airflow/.local/lib/python3.12/site-packages/airflow/example_dags/example_dynamic_task_mapping.py for tasks to queue
[2024-10-18T09:57:29.232+0000] {logging_mixin.py:190} INFO - [2024-10-18T09:57:29.231+0000] {dagbag.py:588} INFO - Filling up the DagBag from /home/airflow/.local/lib/python3.12/site-packages/airflow/example_dags/example_dynamic_task_mapping.py
[2024-10-18T09:57:29.238+0000] {processor.py:925} INFO - DAG(s) 'example_dynamic_task_mapping' retrieved from /home/airflow/.local/lib/python3.12/site-packages/airflow/example_dags/example_dynamic_task_mapping.py
[2024-10-18T09:57:29.255+0000] {logging_mixin.py:190} INFO - [2024-10-18T09:57:29.255+0000] {dag.py:3239} INFO - Sync 1 DAGs
[2024-10-18T09:57:29.268+0000] {logging_mixin.py:190} INFO - [2024-10-18T09:57:29.267+0000] {dag.py:4180} INFO - Setting next_dagrun for example_dynamic_task_mapping to None, run_after=None
[2024-10-18T09:57:29.286+0000] {processor.py:208} INFO - Processing /home/airflow/.local/lib/python3.12/site-packages/airflow/example_dags/example_dynamic_task_mapping.py took 0.063 seconds
