[2024-10-18T09:51:23.279+0000] {processor.py:186} INFO - Started process (PID=307) to work on /home/airflow/.local/lib/python3.12/site-packages/airflow/example_dags/example_nested_branch_dag.py
[2024-10-18T09:51:23.282+0000] {processor.py:914} INFO - Processing file /home/airflow/.local/lib/python3.12/site-packages/airflow/example_dags/example_nested_branch_dag.py for tasks to queue
[2024-10-18T09:51:23.288+0000] {logging_mixin.py:190} INFO - [2024-10-18T09:51:23.287+0000] {dagbag.py:588} INFO - Filling up the DagBag from /home/airflow/.local/lib/python3.12/site-packages/airflow/example_dags/example_nested_branch_dag.py
[2024-10-18T09:51:23.315+0000] {processor.py:925} INFO - DAG(s) 'example_nested_branch_dag' retrieved from /home/airflow/.local/lib/python3.12/site-packages/airflow/example_dags/example_nested_branch_dag.py
[2024-10-18T09:51:23.380+0000] {logging_mixin.py:190} INFO - [2024-10-18T09:51:23.380+0000] {dag.py:3239} INFO - Sync 1 DAGs
[2024-10-18T09:51:23.449+0000] {logging_mixin.py:190} INFO - [2024-10-18T09:51:23.448+0000] {dag.py:4180} INFO - Setting next_dagrun for example_nested_branch_dag to 2024-10-17 00:00:00+00:00, run_after=2024-10-18 00:00:00+00:00
[2024-10-18T09:51:23.490+0000] {processor.py:208} INFO - Processing /home/airflow/.local/lib/python3.12/site-packages/airflow/example_dags/example_nested_branch_dag.py took 0.222 seconds
[2024-10-18T09:51:55.437+0000] {processor.py:186} INFO - Started process (PID=598) to work on /home/airflow/.local/lib/python3.12/site-packages/airflow/example_dags/example_nested_branch_dag.py
[2024-10-18T09:51:55.441+0000] {processor.py:914} INFO - Processing file /home/airflow/.local/lib/python3.12/site-packages/airflow/example_dags/example_nested_branch_dag.py for tasks to queue
[2024-10-18T09:51:55.452+0000] {logging_mixin.py:190} INFO - [2024-10-18T09:51:55.451+0000] {dagbag.py:588} INFO - Filling up the DagBag from /home/airflow/.local/lib/python3.12/site-packages/airflow/example_dags/example_nested_branch_dag.py
[2024-10-18T09:51:55.473+0000] {processor.py:925} INFO - DAG(s) 'example_nested_branch_dag' retrieved from /home/airflow/.local/lib/python3.12/site-packages/airflow/example_dags/example_nested_branch_dag.py
[2024-10-18T09:51:55.515+0000] {logging_mixin.py:190} INFO - [2024-10-18T09:51:55.514+0000] {dag.py:3239} INFO - Sync 1 DAGs
[2024-10-18T09:51:55.566+0000] {logging_mixin.py:190} INFO - [2024-10-18T09:51:55.565+0000] {dag.py:4180} INFO - Setting next_dagrun for example_nested_branch_dag to 2024-10-17 00:00:00+00:00, run_after=2024-10-18 00:00:00+00:00
[2024-10-18T09:51:55.605+0000] {processor.py:208} INFO - Processing /home/airflow/.local/lib/python3.12/site-packages/airflow/example_dags/example_nested_branch_dag.py took 0.185 seconds
[2024-10-18T09:52:28.975+0000] {processor.py:186} INFO - Started process (PID=889) to work on /home/airflow/.local/lib/python3.12/site-packages/airflow/example_dags/example_nested_branch_dag.py
[2024-10-18T09:52:28.977+0000] {processor.py:914} INFO - Processing file /home/airflow/.local/lib/python3.12/site-packages/airflow/example_dags/example_nested_branch_dag.py for tasks to queue
[2024-10-18T09:52:28.981+0000] {logging_mixin.py:190} INFO - [2024-10-18T09:52:28.980+0000] {dagbag.py:588} INFO - Filling up the DagBag from /home/airflow/.local/lib/python3.12/site-packages/airflow/example_dags/example_nested_branch_dag.py
[2024-10-18T09:52:29.007+0000] {processor.py:925} INFO - DAG(s) 'example_nested_branch_dag' retrieved from /home/airflow/.local/lib/python3.12/site-packages/airflow/example_dags/example_nested_branch_dag.py
[2024-10-18T09:52:29.047+0000] {logging_mixin.py:190} INFO - [2024-10-18T09:52:29.046+0000] {dag.py:3239} INFO - Sync 1 DAGs
[2024-10-18T09:52:29.093+0000] {logging_mixin.py:190} INFO - [2024-10-18T09:52:29.092+0000] {dag.py:4180} INFO - Setting next_dagrun for example_nested_branch_dag to 2024-10-17 00:00:00+00:00, run_after=2024-10-18 00:00:00+00:00
[2024-10-18T09:52:29.133+0000] {processor.py:208} INFO - Processing /home/airflow/.local/lib/python3.12/site-packages/airflow/example_dags/example_nested_branch_dag.py took 0.169 seconds
[2024-10-18T09:53:00.104+0000] {processor.py:186} INFO - Started process (PID=1180) to work on /home/airflow/.local/lib/python3.12/site-packages/airflow/example_dags/example_nested_branch_dag.py
[2024-10-18T09:53:00.106+0000] {processor.py:914} INFO - Processing file /home/airflow/.local/lib/python3.12/site-packages/airflow/example_dags/example_nested_branch_dag.py for tasks to queue
[2024-10-18T09:53:00.113+0000] {logging_mixin.py:190} INFO - [2024-10-18T09:53:00.112+0000] {dagbag.py:588} INFO - Filling up the DagBag from /home/airflow/.local/lib/python3.12/site-packages/airflow/example_dags/example_nested_branch_dag.py
[2024-10-18T09:53:00.146+0000] {processor.py:925} INFO - DAG(s) 'example_nested_branch_dag' retrieved from /home/airflow/.local/lib/python3.12/site-packages/airflow/example_dags/example_nested_branch_dag.py
[2024-10-18T09:53:00.194+0000] {logging_mixin.py:190} INFO - [2024-10-18T09:53:00.193+0000] {dag.py:3239} INFO - Sync 1 DAGs
[2024-10-18T09:53:00.416+0000] {logging_mixin.py:190} INFO - [2024-10-18T09:53:00.415+0000] {dag.py:4180} INFO - Setting next_dagrun for example_nested_branch_dag to 2024-10-17 00:00:00+00:00, run_after=2024-10-18 00:00:00+00:00
[2024-10-18T09:53:00.470+0000] {processor.py:208} INFO - Processing /home/airflow/.local/lib/python3.12/site-packages/airflow/example_dags/example_nested_branch_dag.py took 0.380 seconds
[2024-10-18T09:53:31.288+0000] {processor.py:186} INFO - Started process (PID=1471) to work on /home/airflow/.local/lib/python3.12/site-packages/airflow/example_dags/example_nested_branch_dag.py
[2024-10-18T09:53:31.289+0000] {processor.py:914} INFO - Processing file /home/airflow/.local/lib/python3.12/site-packages/airflow/example_dags/example_nested_branch_dag.py for tasks to queue
[2024-10-18T09:53:31.292+0000] {logging_mixin.py:190} INFO - [2024-10-18T09:53:31.292+0000] {dagbag.py:588} INFO - Filling up the DagBag from /home/airflow/.local/lib/python3.12/site-packages/airflow/example_dags/example_nested_branch_dag.py
[2024-10-18T09:53:31.305+0000] {processor.py:925} INFO - DAG(s) 'example_nested_branch_dag' retrieved from /home/airflow/.local/lib/python3.12/site-packages/airflow/example_dags/example_nested_branch_dag.py
[2024-10-18T09:53:31.332+0000] {logging_mixin.py:190} INFO - [2024-10-18T09:53:31.332+0000] {dag.py:3239} INFO - Sync 1 DAGs
[2024-10-18T09:53:31.363+0000] {logging_mixin.py:190} INFO - [2024-10-18T09:53:31.363+0000] {dag.py:4180} INFO - Setting next_dagrun for example_nested_branch_dag to 2024-10-17 00:00:00+00:00, run_after=2024-10-18 00:00:00+00:00
[2024-10-18T09:53:31.391+0000] {processor.py:208} INFO - Processing /home/airflow/.local/lib/python3.12/site-packages/airflow/example_dags/example_nested_branch_dag.py took 0.109 seconds
[2024-10-18T09:54:01.604+0000] {processor.py:186} INFO - Started process (PID=1762) to work on /home/airflow/.local/lib/python3.12/site-packages/airflow/example_dags/example_nested_branch_dag.py
[2024-10-18T09:54:01.607+0000] {processor.py:914} INFO - Processing file /home/airflow/.local/lib/python3.12/site-packages/airflow/example_dags/example_nested_branch_dag.py for tasks to queue
[2024-10-18T09:54:01.613+0000] {logging_mixin.py:190} INFO - [2024-10-18T09:54:01.612+0000] {dagbag.py:588} INFO - Filling up the DagBag from /home/airflow/.local/lib/python3.12/site-packages/airflow/example_dags/example_nested_branch_dag.py
[2024-10-18T09:54:01.646+0000] {processor.py:925} INFO - DAG(s) 'example_nested_branch_dag' retrieved from /home/airflow/.local/lib/python3.12/site-packages/airflow/example_dags/example_nested_branch_dag.py
[2024-10-18T09:54:01.692+0000] {logging_mixin.py:190} INFO - [2024-10-18T09:54:01.692+0000] {dag.py:3239} INFO - Sync 1 DAGs
[2024-10-18T09:54:01.779+0000] {logging_mixin.py:190} INFO - [2024-10-18T09:54:01.779+0000] {dag.py:4180} INFO - Setting next_dagrun for example_nested_branch_dag to 2024-10-17 00:00:00+00:00, run_after=2024-10-18 00:00:00+00:00
[2024-10-18T09:54:01.846+0000] {processor.py:208} INFO - Processing /home/airflow/.local/lib/python3.12/site-packages/airflow/example_dags/example_nested_branch_dag.py took 0.268 seconds
[2024-10-18T09:54:32.588+0000] {processor.py:186} INFO - Started process (PID=2055) to work on /home/airflow/.local/lib/python3.12/site-packages/airflow/example_dags/example_nested_branch_dag.py
[2024-10-18T09:54:32.590+0000] {processor.py:914} INFO - Processing file /home/airflow/.local/lib/python3.12/site-packages/airflow/example_dags/example_nested_branch_dag.py for tasks to queue
[2024-10-18T09:54:32.593+0000] {logging_mixin.py:190} INFO - [2024-10-18T09:54:32.592+0000] {dagbag.py:588} INFO - Filling up the DagBag from /home/airflow/.local/lib/python3.12/site-packages/airflow/example_dags/example_nested_branch_dag.py
[2024-10-18T09:54:32.605+0000] {processor.py:925} INFO - DAG(s) 'example_nested_branch_dag' retrieved from /home/airflow/.local/lib/python3.12/site-packages/airflow/example_dags/example_nested_branch_dag.py
[2024-10-18T09:54:32.632+0000] {logging_mixin.py:190} INFO - [2024-10-18T09:54:32.632+0000] {dag.py:3239} INFO - Sync 1 DAGs
[2024-10-18T09:54:32.658+0000] {logging_mixin.py:190} INFO - [2024-10-18T09:54:32.658+0000] {dag.py:4180} INFO - Setting next_dagrun for example_nested_branch_dag to 2024-10-17 00:00:00+00:00, run_after=2024-10-18 00:00:00+00:00
[2024-10-18T09:54:32.676+0000] {processor.py:208} INFO - Processing /home/airflow/.local/lib/python3.12/site-packages/airflow/example_dags/example_nested_branch_dag.py took 0.094 seconds
[2024-10-18T09:55:02.843+0000] {processor.py:186} INFO - Started process (PID=2346) to work on /home/airflow/.local/lib/python3.12/site-packages/airflow/example_dags/example_nested_branch_dag.py
[2024-10-18T09:55:02.845+0000] {processor.py:914} INFO - Processing file /home/airflow/.local/lib/python3.12/site-packages/airflow/example_dags/example_nested_branch_dag.py for tasks to queue
[2024-10-18T09:55:02.849+0000] {logging_mixin.py:190} INFO - [2024-10-18T09:55:02.849+0000] {dagbag.py:588} INFO - Filling up the DagBag from /home/airflow/.local/lib/python3.12/site-packages/airflow/example_dags/example_nested_branch_dag.py
[2024-10-18T09:55:02.861+0000] {processor.py:925} INFO - DAG(s) 'example_nested_branch_dag' retrieved from /home/airflow/.local/lib/python3.12/site-packages/airflow/example_dags/example_nested_branch_dag.py
[2024-10-18T09:55:02.887+0000] {logging_mixin.py:190} INFO - [2024-10-18T09:55:02.887+0000] {dag.py:3239} INFO - Sync 1 DAGs
[2024-10-18T09:55:02.911+0000] {logging_mixin.py:190} INFO - [2024-10-18T09:55:02.910+0000] {dag.py:4180} INFO - Setting next_dagrun for example_nested_branch_dag to 2024-10-17 00:00:00+00:00, run_after=2024-10-18 00:00:00+00:00
[2024-10-18T09:55:02.931+0000] {processor.py:208} INFO - Processing /home/airflow/.local/lib/python3.12/site-packages/airflow/example_dags/example_nested_branch_dag.py took 0.094 seconds
[2024-10-18T09:55:33.067+0000] {processor.py:186} INFO - Started process (PID=2635) to work on /home/airflow/.local/lib/python3.12/site-packages/airflow/example_dags/example_nested_branch_dag.py
[2024-10-18T09:55:33.068+0000] {processor.py:914} INFO - Processing file /home/airflow/.local/lib/python3.12/site-packages/airflow/example_dags/example_nested_branch_dag.py for tasks to queue
[2024-10-18T09:55:33.072+0000] {logging_mixin.py:190} INFO - [2024-10-18T09:55:33.072+0000] {dagbag.py:588} INFO - Filling up the DagBag from /home/airflow/.local/lib/python3.12/site-packages/airflow/example_dags/example_nested_branch_dag.py
[2024-10-18T09:55:33.089+0000] {processor.py:925} INFO - DAG(s) 'example_nested_branch_dag' retrieved from /home/airflow/.local/lib/python3.12/site-packages/airflow/example_dags/example_nested_branch_dag.py
[2024-10-18T09:55:33.115+0000] {logging_mixin.py:190} INFO - [2024-10-18T09:55:33.114+0000] {dag.py:3239} INFO - Sync 1 DAGs
[2024-10-18T09:55:33.144+0000] {logging_mixin.py:190} INFO - [2024-10-18T09:55:33.144+0000] {dag.py:4180} INFO - Setting next_dagrun for example_nested_branch_dag to 2024-10-17 00:00:00+00:00, run_after=2024-10-18 00:00:00+00:00
[2024-10-18T09:55:33.165+0000] {processor.py:208} INFO - Processing /home/airflow/.local/lib/python3.12/site-packages/airflow/example_dags/example_nested_branch_dag.py took 0.104 seconds
[2024-10-18T09:56:03.532+0000] {processor.py:186} INFO - Started process (PID=2928) to work on /home/airflow/.local/lib/python3.12/site-packages/airflow/example_dags/example_nested_branch_dag.py
[2024-10-18T09:56:03.533+0000] {processor.py:914} INFO - Processing file /home/airflow/.local/lib/python3.12/site-packages/airflow/example_dags/example_nested_branch_dag.py for tasks to queue
[2024-10-18T09:56:03.536+0000] {logging_mixin.py:190} INFO - [2024-10-18T09:56:03.535+0000] {dagbag.py:588} INFO - Filling up the DagBag from /home/airflow/.local/lib/python3.12/site-packages/airflow/example_dags/example_nested_branch_dag.py
[2024-10-18T09:56:03.549+0000] {processor.py:925} INFO - DAG(s) 'example_nested_branch_dag' retrieved from /home/airflow/.local/lib/python3.12/site-packages/airflow/example_dags/example_nested_branch_dag.py
[2024-10-18T09:56:03.569+0000] {logging_mixin.py:190} INFO - [2024-10-18T09:56:03.569+0000] {dag.py:3239} INFO - Sync 1 DAGs
[2024-10-18T09:56:03.593+0000] {logging_mixin.py:190} INFO - [2024-10-18T09:56:03.593+0000] {dag.py:4180} INFO - Setting next_dagrun for example_nested_branch_dag to 2024-10-17 00:00:00+00:00, run_after=2024-10-18 00:00:00+00:00
[2024-10-18T09:56:03.614+0000] {processor.py:208} INFO - Processing /home/airflow/.local/lib/python3.12/site-packages/airflow/example_dags/example_nested_branch_dag.py took 0.088 seconds
[2024-10-18T09:56:33.764+0000] {processor.py:186} INFO - Started process (PID=3217) to work on /home/airflow/.local/lib/python3.12/site-packages/airflow/example_dags/example_nested_branch_dag.py
[2024-10-18T09:56:33.766+0000] {processor.py:914} INFO - Processing file /home/airflow/.local/lib/python3.12/site-packages/airflow/example_dags/example_nested_branch_dag.py for tasks to queue
[2024-10-18T09:56:33.769+0000] {logging_mixin.py:190} INFO - [2024-10-18T09:56:33.769+0000] {dagbag.py:588} INFO - Filling up the DagBag from /home/airflow/.local/lib/python3.12/site-packages/airflow/example_dags/example_nested_branch_dag.py
[2024-10-18T09:56:33.782+0000] {processor.py:925} INFO - DAG(s) 'example_nested_branch_dag' retrieved from /home/airflow/.local/lib/python3.12/site-packages/airflow/example_dags/example_nested_branch_dag.py
[2024-10-18T09:56:33.811+0000] {logging_mixin.py:190} INFO - [2024-10-18T09:56:33.810+0000] {dag.py:3239} INFO - Sync 1 DAGs
[2024-10-18T09:56:33.840+0000] {logging_mixin.py:190} INFO - [2024-10-18T09:56:33.840+0000] {dag.py:4180} INFO - Setting next_dagrun for example_nested_branch_dag to 2024-10-17 00:00:00+00:00, run_after=2024-10-18 00:00:00+00:00
[2024-10-18T09:56:33.865+0000] {processor.py:208} INFO - Processing /home/airflow/.local/lib/python3.12/site-packages/airflow/example_dags/example_nested_branch_dag.py took 0.108 seconds
[2024-10-18T09:57:04.142+0000] {processor.py:186} INFO - Started process (PID=3511) to work on /home/airflow/.local/lib/python3.12/site-packages/airflow/example_dags/example_nested_branch_dag.py
[2024-10-18T09:57:04.144+0000] {processor.py:914} INFO - Processing file /home/airflow/.local/lib/python3.12/site-packages/airflow/example_dags/example_nested_branch_dag.py for tasks to queue
[2024-10-18T09:57:04.147+0000] {logging_mixin.py:190} INFO - [2024-10-18T09:57:04.147+0000] {dagbag.py:588} INFO - Filling up the DagBag from /home/airflow/.local/lib/python3.12/site-packages/airflow/example_dags/example_nested_branch_dag.py
[2024-10-18T09:57:04.157+0000] {processor.py:925} INFO - DAG(s) 'example_nested_branch_dag' retrieved from /home/airflow/.local/lib/python3.12/site-packages/airflow/example_dags/example_nested_branch_dag.py
[2024-10-18T09:57:04.180+0000] {logging_mixin.py:190} INFO - [2024-10-18T09:57:04.180+0000] {dag.py:3239} INFO - Sync 1 DAGs
[2024-10-18T09:57:04.203+0000] {logging_mixin.py:190} INFO - [2024-10-18T09:57:04.202+0000] {dag.py:4180} INFO - Setting next_dagrun for example_nested_branch_dag to 2024-10-17 00:00:00+00:00, run_after=2024-10-18 00:00:00+00:00
[2024-10-18T09:57:04.226+0000] {processor.py:208} INFO - Processing /home/airflow/.local/lib/python3.12/site-packages/airflow/example_dags/example_nested_branch_dag.py took 0.093 seconds
[2024-10-18T09:57:34.369+0000] {processor.py:186} INFO - Started process (PID=3800) to work on /home/airflow/.local/lib/python3.12/site-packages/airflow/example_dags/example_nested_branch_dag.py
[2024-10-18T09:57:34.370+0000] {processor.py:914} INFO - Processing file /home/airflow/.local/lib/python3.12/site-packages/airflow/example_dags/example_nested_branch_dag.py for tasks to queue
[2024-10-18T09:57:34.373+0000] {logging_mixin.py:190} INFO - [2024-10-18T09:57:34.373+0000] {dagbag.py:588} INFO - Filling up the DagBag from /home/airflow/.local/lib/python3.12/site-packages/airflow/example_dags/example_nested_branch_dag.py
[2024-10-18T09:57:34.387+0000] {processor.py:925} INFO - DAG(s) 'example_nested_branch_dag' retrieved from /home/airflow/.local/lib/python3.12/site-packages/airflow/example_dags/example_nested_branch_dag.py
[2024-10-18T09:57:34.411+0000] {logging_mixin.py:190} INFO - [2024-10-18T09:57:34.410+0000] {dag.py:3239} INFO - Sync 1 DAGs
[2024-10-18T09:57:34.436+0000] {logging_mixin.py:190} INFO - [2024-10-18T09:57:34.436+0000] {dag.py:4180} INFO - Setting next_dagrun for example_nested_branch_dag to 2024-10-17 00:00:00+00:00, run_after=2024-10-18 00:00:00+00:00
[2024-10-18T09:57:34.459+0000] {processor.py:208} INFO - Processing /home/airflow/.local/lib/python3.12/site-packages/airflow/example_dags/example_nested_branch_dag.py took 0.096 seconds
