[2024-10-18T09:51:23.397+0000] {processor.py:186} INFO - Started process (PID=312) to work on /home/airflow/.local/lib/python3.12/site-packages/airflow/example_dags/example_latest_only_with_trigger.py
[2024-10-18T09:51:23.400+0000] {processor.py:914} INFO - Processing file /home/airflow/.local/lib/python3.12/site-packages/airflow/example_dags/example_latest_only_with_trigger.py for tasks to queue
[2024-10-18T09:51:23.406+0000] {logging_mixin.py:190} INFO - [2024-10-18T09:51:23.405+0000] {dagbag.py:588} INFO - Filling up the DagBag from /home/airflow/.local/lib/python3.12/site-packages/airflow/example_dags/example_latest_only_with_trigger.py
[2024-10-18T09:51:23.426+0000] {processor.py:925} INFO - DAG(s) 'latest_only_with_trigger' retrieved from /home/airflow/.local/lib/python3.12/site-packages/airflow/example_dags/example_latest_only_with_trigger.py
[2024-10-18T09:51:23.484+0000] {logging_mixin.py:190} INFO - [2024-10-18T09:51:23.483+0000] {dag.py:3239} INFO - Sync 1 DAGs
[2024-10-18T09:51:23.538+0000] {logging_mixin.py:190} INFO - [2024-10-18T09:51:23.538+0000] {dag.py:4180} INFO - Setting next_dagrun for latest_only_with_trigger to 2024-10-18 04:00:00+00:00, run_after=2024-10-18 08:00:00+00:00
[2024-10-18T09:51:23.584+0000] {processor.py:208} INFO - Processing /home/airflow/.local/lib/python3.12/site-packages/airflow/example_dags/example_latest_only_with_trigger.py took 0.206 seconds
[2024-10-18T09:51:55.524+0000] {processor.py:186} INFO - Started process (PID=603) to work on /home/airflow/.local/lib/python3.12/site-packages/airflow/example_dags/example_latest_only_with_trigger.py
[2024-10-18T09:51:55.527+0000] {processor.py:914} INFO - Processing file /home/airflow/.local/lib/python3.12/site-packages/airflow/example_dags/example_latest_only_with_trigger.py for tasks to queue
[2024-10-18T09:51:55.534+0000] {logging_mixin.py:190} INFO - [2024-10-18T09:51:55.533+0000] {dagbag.py:588} INFO - Filling up the DagBag from /home/airflow/.local/lib/python3.12/site-packages/airflow/example_dags/example_latest_only_with_trigger.py
[2024-10-18T09:51:55.550+0000] {processor.py:925} INFO - DAG(s) 'latest_only_with_trigger' retrieved from /home/airflow/.local/lib/python3.12/site-packages/airflow/example_dags/example_latest_only_with_trigger.py
[2024-10-18T09:51:55.589+0000] {logging_mixin.py:190} INFO - [2024-10-18T09:51:55.588+0000] {dag.py:3239} INFO - Sync 1 DAGs
[2024-10-18T09:51:55.641+0000] {logging_mixin.py:190} INFO - [2024-10-18T09:51:55.640+0000] {dag.py:4180} INFO - Setting next_dagrun for latest_only_with_trigger to 2024-10-18 04:00:00+00:00, run_after=2024-10-18 08:00:00+00:00
[2024-10-18T09:51:55.689+0000] {processor.py:208} INFO - Processing /home/airflow/.local/lib/python3.12/site-packages/airflow/example_dags/example_latest_only_with_trigger.py took 0.174 seconds
[2024-10-18T09:52:29.186+0000] {processor.py:186} INFO - Started process (PID=896) to work on /home/airflow/.local/lib/python3.12/site-packages/airflow/example_dags/example_latest_only_with_trigger.py
[2024-10-18T09:52:29.188+0000] {processor.py:914} INFO - Processing file /home/airflow/.local/lib/python3.12/site-packages/airflow/example_dags/example_latest_only_with_trigger.py for tasks to queue
[2024-10-18T09:52:29.191+0000] {logging_mixin.py:190} INFO - [2024-10-18T09:52:29.191+0000] {dagbag.py:588} INFO - Filling up the DagBag from /home/airflow/.local/lib/python3.12/site-packages/airflow/example_dags/example_latest_only_with_trigger.py
[2024-10-18T09:52:29.204+0000] {processor.py:925} INFO - DAG(s) 'latest_only_with_trigger' retrieved from /home/airflow/.local/lib/python3.12/site-packages/airflow/example_dags/example_latest_only_with_trigger.py
[2024-10-18T09:52:29.238+0000] {logging_mixin.py:190} INFO - [2024-10-18T09:52:29.237+0000] {dag.py:3239} INFO - Sync 1 DAGs
[2024-10-18T09:52:29.275+0000] {logging_mixin.py:190} INFO - [2024-10-18T09:52:29.275+0000] {dag.py:4180} INFO - Setting next_dagrun for latest_only_with_trigger to 2024-10-18 04:00:00+00:00, run_after=2024-10-18 08:00:00+00:00
[2024-10-18T09:52:29.319+0000] {processor.py:208} INFO - Processing /home/airflow/.local/lib/python3.12/site-packages/airflow/example_dags/example_latest_only_with_trigger.py took 0.143 seconds
[2024-10-18T09:53:00.497+0000] {processor.py:186} INFO - Started process (PID=1185) to work on /home/airflow/.local/lib/python3.12/site-packages/airflow/example_dags/example_latest_only_with_trigger.py
[2024-10-18T09:53:00.500+0000] {processor.py:914} INFO - Processing file /home/airflow/.local/lib/python3.12/site-packages/airflow/example_dags/example_latest_only_with_trigger.py for tasks to queue
[2024-10-18T09:53:00.506+0000] {logging_mixin.py:190} INFO - [2024-10-18T09:53:00.505+0000] {dagbag.py:588} INFO - Filling up the DagBag from /home/airflow/.local/lib/python3.12/site-packages/airflow/example_dags/example_latest_only_with_trigger.py
[2024-10-18T09:53:00.521+0000] {processor.py:925} INFO - DAG(s) 'latest_only_with_trigger' retrieved from /home/airflow/.local/lib/python3.12/site-packages/airflow/example_dags/example_latest_only_with_trigger.py
[2024-10-18T09:53:00.569+0000] {logging_mixin.py:190} INFO - [2024-10-18T09:53:00.569+0000] {dag.py:3239} INFO - Sync 1 DAGs
[2024-10-18T09:53:00.646+0000] {logging_mixin.py:190} INFO - [2024-10-18T09:53:00.646+0000] {dag.py:4180} INFO - Setting next_dagrun for latest_only_with_trigger to 2024-10-18 04:00:00+00:00, run_after=2024-10-18 08:00:00+00:00
[2024-10-18T09:53:00.687+0000] {processor.py:208} INFO - Processing /home/airflow/.local/lib/python3.12/site-packages/airflow/example_dags/example_latest_only_with_trigger.py took 0.205 seconds
[2024-10-18T09:53:31.447+0000] {processor.py:186} INFO - Started process (PID=1476) to work on /home/airflow/.local/lib/python3.12/site-packages/airflow/example_dags/example_latest_only_with_trigger.py
[2024-10-18T09:53:31.448+0000] {processor.py:914} INFO - Processing file /home/airflow/.local/lib/python3.12/site-packages/airflow/example_dags/example_latest_only_with_trigger.py for tasks to queue
[2024-10-18T09:53:31.451+0000] {logging_mixin.py:190} INFO - [2024-10-18T09:53:31.450+0000] {dagbag.py:588} INFO - Filling up the DagBag from /home/airflow/.local/lib/python3.12/site-packages/airflow/example_dags/example_latest_only_with_trigger.py
[2024-10-18T09:53:31.458+0000] {processor.py:925} INFO - DAG(s) 'latest_only_with_trigger' retrieved from /home/airflow/.local/lib/python3.12/site-packages/airflow/example_dags/example_latest_only_with_trigger.py
[2024-10-18T09:53:31.482+0000] {logging_mixin.py:190} INFO - [2024-10-18T09:53:31.482+0000] {dag.py:3239} INFO - Sync 1 DAGs
[2024-10-18T09:53:31.507+0000] {logging_mixin.py:190} INFO - [2024-10-18T09:53:31.507+0000] {dag.py:4180} INFO - Setting next_dagrun for latest_only_with_trigger to 2024-10-18 04:00:00+00:00, run_after=2024-10-18 08:00:00+00:00
[2024-10-18T09:53:31.527+0000] {processor.py:208} INFO - Processing /home/airflow/.local/lib/python3.12/site-packages/airflow/example_dags/example_latest_only_with_trigger.py took 0.086 seconds
[2024-10-18T09:54:01.950+0000] {processor.py:186} INFO - Started process (PID=1767) to work on /home/airflow/.local/lib/python3.12/site-packages/airflow/example_dags/example_latest_only_with_trigger.py
[2024-10-18T09:54:01.955+0000] {processor.py:914} INFO - Processing file /home/airflow/.local/lib/python3.12/site-packages/airflow/example_dags/example_latest_only_with_trigger.py for tasks to queue
[2024-10-18T09:54:01.961+0000] {logging_mixin.py:190} INFO - [2024-10-18T09:54:01.960+0000] {dagbag.py:588} INFO - Filling up the DagBag from /home/airflow/.local/lib/python3.12/site-packages/airflow/example_dags/example_latest_only_with_trigger.py
[2024-10-18T09:54:01.991+0000] {processor.py:925} INFO - DAG(s) 'latest_only_with_trigger' retrieved from /home/airflow/.local/lib/python3.12/site-packages/airflow/example_dags/example_latest_only_with_trigger.py
[2024-10-18T09:54:02.058+0000] {logging_mixin.py:190} INFO - [2024-10-18T09:54:02.057+0000] {dag.py:3239} INFO - Sync 1 DAGs
[2024-10-18T09:54:02.132+0000] {logging_mixin.py:190} INFO - [2024-10-18T09:54:02.132+0000] {dag.py:4180} INFO - Setting next_dagrun for latest_only_with_trigger to 2024-10-18 04:00:00+00:00, run_after=2024-10-18 08:00:00+00:00
[2024-10-18T09:54:02.187+0000] {processor.py:208} INFO - Processing /home/airflow/.local/lib/python3.12/site-packages/airflow/example_dags/example_latest_only_with_trigger.py took 0.255 seconds
[2024-10-18T09:54:32.591+0000] {processor.py:186} INFO - Started process (PID=2058) to work on /home/airflow/.local/lib/python3.12/site-packages/airflow/example_dags/example_latest_only_with_trigger.py
[2024-10-18T09:54:32.593+0000] {processor.py:914} INFO - Processing file /home/airflow/.local/lib/python3.12/site-packages/airflow/example_dags/example_latest_only_with_trigger.py for tasks to queue
[2024-10-18T09:54:32.596+0000] {logging_mixin.py:190} INFO - [2024-10-18T09:54:32.596+0000] {dagbag.py:588} INFO - Filling up the DagBag from /home/airflow/.local/lib/python3.12/site-packages/airflow/example_dags/example_latest_only_with_trigger.py
[2024-10-18T09:54:32.604+0000] {processor.py:925} INFO - DAG(s) 'latest_only_with_trigger' retrieved from /home/airflow/.local/lib/python3.12/site-packages/airflow/example_dags/example_latest_only_with_trigger.py
[2024-10-18T09:54:32.632+0000] {logging_mixin.py:190} INFO - [2024-10-18T09:54:32.632+0000] {dag.py:3239} INFO - Sync 1 DAGs
[2024-10-18T09:54:32.657+0000] {logging_mixin.py:190} INFO - [2024-10-18T09:54:32.657+0000] {dag.py:4180} INFO - Setting next_dagrun for latest_only_with_trigger to 2024-10-18 04:00:00+00:00, run_after=2024-10-18 08:00:00+00:00
[2024-10-18T09:54:32.678+0000] {processor.py:208} INFO - Processing /home/airflow/.local/lib/python3.12/site-packages/airflow/example_dags/example_latest_only_with_trigger.py took 0.092 seconds
[2024-10-18T09:55:02.863+0000] {processor.py:186} INFO - Started process (PID=2349) to work on /home/airflow/.local/lib/python3.12/site-packages/airflow/example_dags/example_latest_only_with_trigger.py
[2024-10-18T09:55:02.865+0000] {processor.py:914} INFO - Processing file /home/airflow/.local/lib/python3.12/site-packages/airflow/example_dags/example_latest_only_with_trigger.py for tasks to queue
[2024-10-18T09:55:02.868+0000] {logging_mixin.py:190} INFO - [2024-10-18T09:55:02.868+0000] {dagbag.py:588} INFO - Filling up the DagBag from /home/airflow/.local/lib/python3.12/site-packages/airflow/example_dags/example_latest_only_with_trigger.py
[2024-10-18T09:55:02.875+0000] {processor.py:925} INFO - DAG(s) 'latest_only_with_trigger' retrieved from /home/airflow/.local/lib/python3.12/site-packages/airflow/example_dags/example_latest_only_with_trigger.py
[2024-10-18T09:55:02.899+0000] {logging_mixin.py:190} INFO - [2024-10-18T09:55:02.899+0000] {dag.py:3239} INFO - Sync 1 DAGs
[2024-10-18T09:55:02.920+0000] {logging_mixin.py:190} INFO - [2024-10-18T09:55:02.920+0000] {dag.py:4180} INFO - Setting next_dagrun for latest_only_with_trigger to 2024-10-18 04:00:00+00:00, run_after=2024-10-18 08:00:00+00:00
[2024-10-18T09:55:02.941+0000] {processor.py:208} INFO - Processing /home/airflow/.local/lib/python3.12/site-packages/airflow/example_dags/example_latest_only_with_trigger.py took 0.084 seconds
[2024-10-18T09:55:33.095+0000] {processor.py:186} INFO - Started process (PID=2640) to work on /home/airflow/.local/lib/python3.12/site-packages/airflow/example_dags/example_latest_only_with_trigger.py
[2024-10-18T09:55:33.097+0000] {processor.py:914} INFO - Processing file /home/airflow/.local/lib/python3.12/site-packages/airflow/example_dags/example_latest_only_with_trigger.py for tasks to queue
[2024-10-18T09:55:33.101+0000] {logging_mixin.py:190} INFO - [2024-10-18T09:55:33.101+0000] {dagbag.py:588} INFO - Filling up the DagBag from /home/airflow/.local/lib/python3.12/site-packages/airflow/example_dags/example_latest_only_with_trigger.py
[2024-10-18T09:55:33.109+0000] {processor.py:925} INFO - DAG(s) 'latest_only_with_trigger' retrieved from /home/airflow/.local/lib/python3.12/site-packages/airflow/example_dags/example_latest_only_with_trigger.py
[2024-10-18T09:55:33.138+0000] {logging_mixin.py:190} INFO - [2024-10-18T09:55:33.137+0000] {dag.py:3239} INFO - Sync 1 DAGs
[2024-10-18T09:55:33.160+0000] {logging_mixin.py:190} INFO - [2024-10-18T09:55:33.160+0000] {dag.py:4180} INFO - Setting next_dagrun for latest_only_with_trigger to 2024-10-18 04:00:00+00:00, run_after=2024-10-18 08:00:00+00:00
[2024-10-18T09:55:33.181+0000] {processor.py:208} INFO - Processing /home/airflow/.local/lib/python3.12/site-packages/airflow/example_dags/example_latest_only_with_trigger.py took 0.092 seconds
[2024-10-18T09:56:03.551+0000] {processor.py:186} INFO - Started process (PID=2931) to work on /home/airflow/.local/lib/python3.12/site-packages/airflow/example_dags/example_latest_only_with_trigger.py
[2024-10-18T09:56:03.553+0000] {processor.py:914} INFO - Processing file /home/airflow/.local/lib/python3.12/site-packages/airflow/example_dags/example_latest_only_with_trigger.py for tasks to queue
[2024-10-18T09:56:03.556+0000] {logging_mixin.py:190} INFO - [2024-10-18T09:56:03.555+0000] {dagbag.py:588} INFO - Filling up the DagBag from /home/airflow/.local/lib/python3.12/site-packages/airflow/example_dags/example_latest_only_with_trigger.py
[2024-10-18T09:56:03.562+0000] {processor.py:925} INFO - DAG(s) 'latest_only_with_trigger' retrieved from /home/airflow/.local/lib/python3.12/site-packages/airflow/example_dags/example_latest_only_with_trigger.py
[2024-10-18T09:56:03.583+0000] {logging_mixin.py:190} INFO - [2024-10-18T09:56:03.582+0000] {dag.py:3239} INFO - Sync 1 DAGs
[2024-10-18T09:56:03.606+0000] {logging_mixin.py:190} INFO - [2024-10-18T09:56:03.606+0000] {dag.py:4180} INFO - Setting next_dagrun for latest_only_with_trigger to 2024-10-18 04:00:00+00:00, run_after=2024-10-18 08:00:00+00:00
[2024-10-18T09:56:03.627+0000] {processor.py:208} INFO - Processing /home/airflow/.local/lib/python3.12/site-packages/airflow/example_dags/example_latest_only_with_trigger.py took 0.081 seconds
[2024-10-18T09:56:33.893+0000] {processor.py:186} INFO - Started process (PID=3222) to work on /home/airflow/.local/lib/python3.12/site-packages/airflow/example_dags/example_latest_only_with_trigger.py
[2024-10-18T09:56:33.895+0000] {processor.py:914} INFO - Processing file /home/airflow/.local/lib/python3.12/site-packages/airflow/example_dags/example_latest_only_with_trigger.py for tasks to queue
[2024-10-18T09:56:33.899+0000] {logging_mixin.py:190} INFO - [2024-10-18T09:56:33.898+0000] {dagbag.py:588} INFO - Filling up the DagBag from /home/airflow/.local/lib/python3.12/site-packages/airflow/example_dags/example_latest_only_with_trigger.py
[2024-10-18T09:56:33.910+0000] {processor.py:925} INFO - DAG(s) 'latest_only_with_trigger' retrieved from /home/airflow/.local/lib/python3.12/site-packages/airflow/example_dags/example_latest_only_with_trigger.py
[2024-10-18T09:56:33.946+0000] {logging_mixin.py:190} INFO - [2024-10-18T09:56:33.946+0000] {dag.py:3239} INFO - Sync 1 DAGs
[2024-10-18T09:56:33.982+0000] {logging_mixin.py:190} INFO - [2024-10-18T09:56:33.982+0000] {dag.py:4180} INFO - Setting next_dagrun for latest_only_with_trigger to 2024-10-18 04:00:00+00:00, run_after=2024-10-18 08:00:00+00:00
[2024-10-18T09:56:34.016+0000] {processor.py:208} INFO - Processing /home/airflow/.local/lib/python3.12/site-packages/airflow/example_dags/example_latest_only_with_trigger.py took 0.130 seconds
[2024-10-18T09:57:04.151+0000] {processor.py:186} INFO - Started process (PID=3514) to work on /home/airflow/.local/lib/python3.12/site-packages/airflow/example_dags/example_latest_only_with_trigger.py
[2024-10-18T09:57:04.152+0000] {processor.py:914} INFO - Processing file /home/airflow/.local/lib/python3.12/site-packages/airflow/example_dags/example_latest_only_with_trigger.py for tasks to queue
[2024-10-18T09:57:04.155+0000] {logging_mixin.py:190} INFO - [2024-10-18T09:57:04.154+0000] {dagbag.py:588} INFO - Filling up the DagBag from /home/airflow/.local/lib/python3.12/site-packages/airflow/example_dags/example_latest_only_with_trigger.py
[2024-10-18T09:57:04.162+0000] {processor.py:925} INFO - DAG(s) 'latest_only_with_trigger' retrieved from /home/airflow/.local/lib/python3.12/site-packages/airflow/example_dags/example_latest_only_with_trigger.py
[2024-10-18T09:57:04.183+0000] {logging_mixin.py:190} INFO - [2024-10-18T09:57:04.183+0000] {dag.py:3239} INFO - Sync 1 DAGs
[2024-10-18T09:57:04.204+0000] {logging_mixin.py:190} INFO - [2024-10-18T09:57:04.204+0000] {dag.py:4180} INFO - Setting next_dagrun for latest_only_with_trigger to 2024-10-18 04:00:00+00:00, run_after=2024-10-18 08:00:00+00:00
[2024-10-18T09:57:04.227+0000] {processor.py:208} INFO - Processing /home/airflow/.local/lib/python3.12/site-packages/airflow/example_dags/example_latest_only_with_trigger.py took 0.081 seconds
[2024-10-18T09:57:34.395+0000] {processor.py:186} INFO - Started process (PID=3805) to work on /home/airflow/.local/lib/python3.12/site-packages/airflow/example_dags/example_latest_only_with_trigger.py
[2024-10-18T09:57:34.396+0000] {processor.py:914} INFO - Processing file /home/airflow/.local/lib/python3.12/site-packages/airflow/example_dags/example_latest_only_with_trigger.py for tasks to queue
[2024-10-18T09:57:34.399+0000] {logging_mixin.py:190} INFO - [2024-10-18T09:57:34.399+0000] {dagbag.py:588} INFO - Filling up the DagBag from /home/airflow/.local/lib/python3.12/site-packages/airflow/example_dags/example_latest_only_with_trigger.py
[2024-10-18T09:57:34.407+0000] {processor.py:925} INFO - DAG(s) 'latest_only_with_trigger' retrieved from /home/airflow/.local/lib/python3.12/site-packages/airflow/example_dags/example_latest_only_with_trigger.py
[2024-10-18T09:57:34.430+0000] {logging_mixin.py:190} INFO - [2024-10-18T09:57:34.430+0000] {dag.py:3239} INFO - Sync 1 DAGs
[2024-10-18T09:57:34.456+0000] {logging_mixin.py:190} INFO - [2024-10-18T09:57:34.455+0000] {dag.py:4180} INFO - Setting next_dagrun for latest_only_with_trigger to 2024-10-18 04:00:00+00:00, run_after=2024-10-18 08:00:00+00:00
[2024-10-18T09:57:34.480+0000] {processor.py:208} INFO - Processing /home/airflow/.local/lib/python3.12/site-packages/airflow/example_dags/example_latest_only_with_trigger.py took 0.092 seconds
