[2024-10-18T09:51:27.820+0000] {processor.py:186} INFO - Started process (PID=437) to work on /home/airflow/.local/lib/python3.12/site-packages/airflow/example_dags/example_branch_python_dop_operator_3.py
[2024-10-18T09:51:27.823+0000] {processor.py:914} INFO - Processing file /home/airflow/.local/lib/python3.12/site-packages/airflow/example_dags/example_branch_python_dop_operator_3.py for tasks to queue
[2024-10-18T09:51:27.829+0000] {logging_mixin.py:190} INFO - [2024-10-18T09:51:27.828+0000] {dagbag.py:588} INFO - Filling up the DagBag from /home/airflow/.local/lib/python3.12/site-packages/airflow/example_dags/example_branch_python_dop_operator_3.py
[2024-10-18T09:51:27.859+0000] {processor.py:925} INFO - DAG(s) 'example_branch_dop_operator_v3' retrieved from /home/airflow/.local/lib/python3.12/site-packages/airflow/example_dags/example_branch_python_dop_operator_3.py
[2024-10-18T09:51:27.911+0000] {logging_mixin.py:190} INFO - [2024-10-18T09:51:27.910+0000] {dag.py:3239} INFO - Sync 1 DAGs
[2024-10-18T09:51:27.991+0000] {logging_mixin.py:190} INFO - [2024-10-18T09:51:27.991+0000] {dag.py:4180} INFO - Setting next_dagrun for example_branch_dop_operator_v3 to 2024-10-18 09:50:00+00:00, run_after=2024-10-18 09:51:00+00:00
[2024-10-18T09:51:28.062+0000] {processor.py:208} INFO - Processing /home/airflow/.local/lib/python3.12/site-packages/airflow/example_dags/example_branch_python_dop_operator_3.py took 0.258 seconds
[2024-10-18T09:52:00.541+0000] {processor.py:186} INFO - Started process (PID=728) to work on /home/airflow/.local/lib/python3.12/site-packages/airflow/example_dags/example_branch_python_dop_operator_3.py
[2024-10-18T09:52:00.564+0000] {processor.py:914} INFO - Processing file /home/airflow/.local/lib/python3.12/site-packages/airflow/example_dags/example_branch_python_dop_operator_3.py for tasks to queue
[2024-10-18T09:52:00.575+0000] {logging_mixin.py:190} INFO - [2024-10-18T09:52:00.573+0000] {dagbag.py:588} INFO - Filling up the DagBag from /home/airflow/.local/lib/python3.12/site-packages/airflow/example_dags/example_branch_python_dop_operator_3.py
[2024-10-18T09:52:00.643+0000] {processor.py:925} INFO - DAG(s) 'example_branch_dop_operator_v3' retrieved from /home/airflow/.local/lib/python3.12/site-packages/airflow/example_dags/example_branch_python_dop_operator_3.py
[2024-10-18T09:52:00.749+0000] {logging_mixin.py:190} INFO - [2024-10-18T09:52:00.748+0000] {dag.py:3239} INFO - Sync 1 DAGs
[2024-10-18T09:52:00.862+0000] {logging_mixin.py:190} INFO - [2024-10-18T09:52:00.861+0000] {dag.py:4180} INFO - Setting next_dagrun for example_branch_dop_operator_v3 to 2024-10-18 09:51:00+00:00, run_after=2024-10-18 09:52:00+00:00
[2024-10-18T09:52:00.947+0000] {processor.py:208} INFO - Processing /home/airflow/.local/lib/python3.12/site-packages/airflow/example_dags/example_branch_python_dop_operator_3.py took 0.444 seconds
[2024-10-18T09:52:34.333+0000] {processor.py:186} INFO - Started process (PID=1019) to work on /home/airflow/.local/lib/python3.12/site-packages/airflow/example_dags/example_branch_python_dop_operator_3.py
[2024-10-18T09:52:34.336+0000] {processor.py:914} INFO - Processing file /home/airflow/.local/lib/python3.12/site-packages/airflow/example_dags/example_branch_python_dop_operator_3.py for tasks to queue
[2024-10-18T09:52:34.339+0000] {logging_mixin.py:190} INFO - [2024-10-18T09:52:34.339+0000] {dagbag.py:588} INFO - Filling up the DagBag from /home/airflow/.local/lib/python3.12/site-packages/airflow/example_dags/example_branch_python_dop_operator_3.py
[2024-10-18T09:52:34.354+0000] {processor.py:925} INFO - DAG(s) 'example_branch_dop_operator_v3' retrieved from /home/airflow/.local/lib/python3.12/site-packages/airflow/example_dags/example_branch_python_dop_operator_3.py
[2024-10-18T09:52:34.390+0000] {logging_mixin.py:190} INFO - [2024-10-18T09:52:34.389+0000] {dag.py:3239} INFO - Sync 1 DAGs
[2024-10-18T09:52:34.433+0000] {logging_mixin.py:190} INFO - [2024-10-18T09:52:34.433+0000] {dag.py:4180} INFO - Setting next_dagrun for example_branch_dop_operator_v3 to 2024-10-18 09:51:00+00:00, run_after=2024-10-18 09:52:00+00:00
[2024-10-18T09:52:34.491+0000] {processor.py:208} INFO - Processing /home/airflow/.local/lib/python3.12/site-packages/airflow/example_dags/example_branch_python_dop_operator_3.py took 0.167 seconds
[2024-10-18T09:53:07.891+0000] {processor.py:186} INFO - Started process (PID=1312) to work on /home/airflow/.local/lib/python3.12/site-packages/airflow/example_dags/example_branch_python_dop_operator_3.py
[2024-10-18T09:53:07.894+0000] {processor.py:914} INFO - Processing file /home/airflow/.local/lib/python3.12/site-packages/airflow/example_dags/example_branch_python_dop_operator_3.py for tasks to queue
[2024-10-18T09:53:07.898+0000] {logging_mixin.py:190} INFO - [2024-10-18T09:53:07.898+0000] {dagbag.py:588} INFO - Filling up the DagBag from /home/airflow/.local/lib/python3.12/site-packages/airflow/example_dags/example_branch_python_dop_operator_3.py
[2024-10-18T09:53:07.918+0000] {processor.py:925} INFO - DAG(s) 'example_branch_dop_operator_v3' retrieved from /home/airflow/.local/lib/python3.12/site-packages/airflow/example_dags/example_branch_python_dop_operator_3.py
[2024-10-18T09:53:07.966+0000] {logging_mixin.py:190} INFO - [2024-10-18T09:53:07.965+0000] {dag.py:3239} INFO - Sync 1 DAGs
[2024-10-18T09:53:08.048+0000] {logging_mixin.py:190} INFO - [2024-10-18T09:53:08.047+0000] {dag.py:4180} INFO - Setting next_dagrun for example_branch_dop_operator_v3 to 2024-10-18 09:52:00+00:00, run_after=2024-10-18 09:53:00+00:00
[2024-10-18T09:53:08.107+0000] {processor.py:208} INFO - Processing /home/airflow/.local/lib/python3.12/site-packages/airflow/example_dags/example_branch_python_dop_operator_3.py took 0.231 seconds
[2024-10-18T09:53:38.378+0000] {processor.py:186} INFO - Started process (PID=1608) to work on /home/airflow/.local/lib/python3.12/site-packages/airflow/example_dags/example_branch_python_dop_operator_3.py
[2024-10-18T09:53:38.380+0000] {processor.py:914} INFO - Processing file /home/airflow/.local/lib/python3.12/site-packages/airflow/example_dags/example_branch_python_dop_operator_3.py for tasks to queue
[2024-10-18T09:53:38.384+0000] {logging_mixin.py:190} INFO - [2024-10-18T09:53:38.383+0000] {dagbag.py:588} INFO - Filling up the DagBag from /home/airflow/.local/lib/python3.12/site-packages/airflow/example_dags/example_branch_python_dop_operator_3.py
[2024-10-18T09:53:38.399+0000] {processor.py:925} INFO - DAG(s) 'example_branch_dop_operator_v3' retrieved from /home/airflow/.local/lib/python3.12/site-packages/airflow/example_dags/example_branch_python_dop_operator_3.py
[2024-10-18T09:53:38.426+0000] {logging_mixin.py:190} INFO - [2024-10-18T09:53:38.426+0000] {dag.py:3239} INFO - Sync 1 DAGs
[2024-10-18T09:53:38.465+0000] {logging_mixin.py:190} INFO - [2024-10-18T09:53:38.464+0000] {dag.py:4180} INFO - Setting next_dagrun for example_branch_dop_operator_v3 to 2024-10-18 09:52:00+00:00, run_after=2024-10-18 09:53:00+00:00
[2024-10-18T09:53:38.490+0000] {processor.py:208} INFO - Processing /home/airflow/.local/lib/python3.12/site-packages/airflow/example_dags/example_branch_python_dop_operator_3.py took 0.122 seconds
[2024-10-18T09:54:08.578+0000] {processor.py:186} INFO - Started process (PID=1892) to work on /home/airflow/.local/lib/python3.12/site-packages/airflow/example_dags/example_branch_python_dop_operator_3.py
[2024-10-18T09:54:08.579+0000] {processor.py:914} INFO - Processing file /home/airflow/.local/lib/python3.12/site-packages/airflow/example_dags/example_branch_python_dop_operator_3.py for tasks to queue
[2024-10-18T09:54:08.583+0000] {logging_mixin.py:190} INFO - [2024-10-18T09:54:08.583+0000] {dagbag.py:588} INFO - Filling up the DagBag from /home/airflow/.local/lib/python3.12/site-packages/airflow/example_dags/example_branch_python_dop_operator_3.py
[2024-10-18T09:54:08.597+0000] {processor.py:925} INFO - DAG(s) 'example_branch_dop_operator_v3' retrieved from /home/airflow/.local/lib/python3.12/site-packages/airflow/example_dags/example_branch_python_dop_operator_3.py
[2024-10-18T09:54:08.627+0000] {logging_mixin.py:190} INFO - [2024-10-18T09:54:08.627+0000] {dag.py:3239} INFO - Sync 1 DAGs
[2024-10-18T09:54:08.662+0000] {logging_mixin.py:190} INFO - [2024-10-18T09:54:08.662+0000] {dag.py:4180} INFO - Setting next_dagrun for example_branch_dop_operator_v3 to 2024-10-18 09:53:00+00:00, run_after=2024-10-18 09:54:00+00:00
[2024-10-18T09:54:08.690+0000] {processor.py:208} INFO - Processing /home/airflow/.local/lib/python3.12/site-packages/airflow/example_dags/example_branch_python_dop_operator_3.py took 0.121 seconds
[2024-10-18T09:54:39.006+0000] {processor.py:186} INFO - Started process (PID=2185) to work on /home/airflow/.local/lib/python3.12/site-packages/airflow/example_dags/example_branch_python_dop_operator_3.py
[2024-10-18T09:54:39.008+0000] {processor.py:914} INFO - Processing file /home/airflow/.local/lib/python3.12/site-packages/airflow/example_dags/example_branch_python_dop_operator_3.py for tasks to queue
[2024-10-18T09:54:39.011+0000] {logging_mixin.py:190} INFO - [2024-10-18T09:54:39.010+0000] {dagbag.py:588} INFO - Filling up the DagBag from /home/airflow/.local/lib/python3.12/site-packages/airflow/example_dags/example_branch_python_dop_operator_3.py
[2024-10-18T09:54:39.021+0000] {processor.py:925} INFO - DAG(s) 'example_branch_dop_operator_v3' retrieved from /home/airflow/.local/lib/python3.12/site-packages/airflow/example_dags/example_branch_python_dop_operator_3.py
[2024-10-18T09:54:39.042+0000] {logging_mixin.py:190} INFO - [2024-10-18T09:54:39.042+0000] {dag.py:3239} INFO - Sync 1 DAGs
[2024-10-18T09:54:39.066+0000] {logging_mixin.py:190} INFO - [2024-10-18T09:54:39.066+0000] {dag.py:4180} INFO - Setting next_dagrun for example_branch_dop_operator_v3 to 2024-10-18 09:53:00+00:00, run_after=2024-10-18 09:54:00+00:00
[2024-10-18T09:54:39.088+0000] {processor.py:208} INFO - Processing /home/airflow/.local/lib/python3.12/site-packages/airflow/example_dags/example_branch_python_dop_operator_3.py took 0.087 seconds
[2024-10-18T09:55:09.263+0000] {processor.py:186} INFO - Started process (PID=2476) to work on /home/airflow/.local/lib/python3.12/site-packages/airflow/example_dags/example_branch_python_dop_operator_3.py
[2024-10-18T09:55:09.264+0000] {processor.py:914} INFO - Processing file /home/airflow/.local/lib/python3.12/site-packages/airflow/example_dags/example_branch_python_dop_operator_3.py for tasks to queue
[2024-10-18T09:55:09.268+0000] {logging_mixin.py:190} INFO - [2024-10-18T09:55:09.267+0000] {dagbag.py:588} INFO - Filling up the DagBag from /home/airflow/.local/lib/python3.12/site-packages/airflow/example_dags/example_branch_python_dop_operator_3.py
[2024-10-18T09:55:09.278+0000] {processor.py:925} INFO - DAG(s) 'example_branch_dop_operator_v3' retrieved from /home/airflow/.local/lib/python3.12/site-packages/airflow/example_dags/example_branch_python_dop_operator_3.py
[2024-10-18T09:55:09.300+0000] {logging_mixin.py:190} INFO - [2024-10-18T09:55:09.300+0000] {dag.py:3239} INFO - Sync 1 DAGs
[2024-10-18T09:55:09.326+0000] {logging_mixin.py:190} INFO - [2024-10-18T09:55:09.325+0000] {dag.py:4180} INFO - Setting next_dagrun for example_branch_dop_operator_v3 to 2024-10-18 09:54:00+00:00, run_after=2024-10-18 09:55:00+00:00
[2024-10-18T09:55:09.349+0000] {processor.py:208} INFO - Processing /home/airflow/.local/lib/python3.12/site-packages/airflow/example_dags/example_branch_python_dop_operator_3.py took 0.092 seconds
[2024-10-18T09:55:39.575+0000] {processor.py:186} INFO - Started process (PID=2767) to work on /home/airflow/.local/lib/python3.12/site-packages/airflow/example_dags/example_branch_python_dop_operator_3.py
[2024-10-18T09:55:39.577+0000] {processor.py:914} INFO - Processing file /home/airflow/.local/lib/python3.12/site-packages/airflow/example_dags/example_branch_python_dop_operator_3.py for tasks to queue
[2024-10-18T09:55:39.580+0000] {logging_mixin.py:190} INFO - [2024-10-18T09:55:39.580+0000] {dagbag.py:588} INFO - Filling up the DagBag from /home/airflow/.local/lib/python3.12/site-packages/airflow/example_dags/example_branch_python_dop_operator_3.py
[2024-10-18T09:55:39.592+0000] {processor.py:925} INFO - DAG(s) 'example_branch_dop_operator_v3' retrieved from /home/airflow/.local/lib/python3.12/site-packages/airflow/example_dags/example_branch_python_dop_operator_3.py
[2024-10-18T09:55:39.621+0000] {logging_mixin.py:190} INFO - [2024-10-18T09:55:39.621+0000] {dag.py:3239} INFO - Sync 1 DAGs
[2024-10-18T09:55:39.648+0000] {logging_mixin.py:190} INFO - [2024-10-18T09:55:39.647+0000] {dag.py:4180} INFO - Setting next_dagrun for example_branch_dop_operator_v3 to 2024-10-18 09:54:00+00:00, run_after=2024-10-18 09:55:00+00:00
[2024-10-18T09:55:39.670+0000] {processor.py:208} INFO - Processing /home/airflow/.local/lib/python3.12/site-packages/airflow/example_dags/example_branch_python_dop_operator_3.py took 0.105 seconds
[2024-10-18T09:56:09.803+0000] {processor.py:186} INFO - Started process (PID=3058) to work on /home/airflow/.local/lib/python3.12/site-packages/airflow/example_dags/example_branch_python_dop_operator_3.py
[2024-10-18T09:56:09.804+0000] {processor.py:914} INFO - Processing file /home/airflow/.local/lib/python3.12/site-packages/airflow/example_dags/example_branch_python_dop_operator_3.py for tasks to queue
[2024-10-18T09:56:09.807+0000] {logging_mixin.py:190} INFO - [2024-10-18T09:56:09.807+0000] {dagbag.py:588} INFO - Filling up the DagBag from /home/airflow/.local/lib/python3.12/site-packages/airflow/example_dags/example_branch_python_dop_operator_3.py
[2024-10-18T09:56:09.816+0000] {processor.py:925} INFO - DAG(s) 'example_branch_dop_operator_v3' retrieved from /home/airflow/.local/lib/python3.12/site-packages/airflow/example_dags/example_branch_python_dop_operator_3.py
[2024-10-18T09:56:09.841+0000] {logging_mixin.py:190} INFO - [2024-10-18T09:56:09.841+0000] {dag.py:3239} INFO - Sync 1 DAGs
[2024-10-18T09:56:09.866+0000] {logging_mixin.py:190} INFO - [2024-10-18T09:56:09.866+0000] {dag.py:4180} INFO - Setting next_dagrun for example_branch_dop_operator_v3 to 2024-10-18 09:55:00+00:00, run_after=2024-10-18 09:56:00+00:00
[2024-10-18T09:56:09.886+0000] {processor.py:208} INFO - Processing /home/airflow/.local/lib/python3.12/site-packages/airflow/example_dags/example_branch_python_dop_operator_3.py took 0.087 seconds
[2024-10-18T09:56:40.193+0000] {processor.py:186} INFO - Started process (PID=3349) to work on /home/airflow/.local/lib/python3.12/site-packages/airflow/example_dags/example_branch_python_dop_operator_3.py
[2024-10-18T09:56:40.195+0000] {processor.py:914} INFO - Processing file /home/airflow/.local/lib/python3.12/site-packages/airflow/example_dags/example_branch_python_dop_operator_3.py for tasks to queue
[2024-10-18T09:56:40.199+0000] {logging_mixin.py:190} INFO - [2024-10-18T09:56:40.198+0000] {dagbag.py:588} INFO - Filling up the DagBag from /home/airflow/.local/lib/python3.12/site-packages/airflow/example_dags/example_branch_python_dop_operator_3.py
[2024-10-18T09:56:40.210+0000] {processor.py:925} INFO - DAG(s) 'example_branch_dop_operator_v3' retrieved from /home/airflow/.local/lib/python3.12/site-packages/airflow/example_dags/example_branch_python_dop_operator_3.py
[2024-10-18T09:56:40.236+0000] {logging_mixin.py:190} INFO - [2024-10-18T09:56:40.236+0000] {dag.py:3239} INFO - Sync 1 DAGs
[2024-10-18T09:56:40.266+0000] {logging_mixin.py:190} INFO - [2024-10-18T09:56:40.266+0000] {dag.py:4180} INFO - Setting next_dagrun for example_branch_dop_operator_v3 to 2024-10-18 09:55:00+00:00, run_after=2024-10-18 09:56:00+00:00
[2024-10-18T09:56:40.290+0000] {processor.py:208} INFO - Processing /home/airflow/.local/lib/python3.12/site-packages/airflow/example_dags/example_branch_python_dop_operator_3.py took 0.104 seconds
[2024-10-18T09:57:10.364+0000] {processor.py:186} INFO - Started process (PID=3639) to work on /home/airflow/.local/lib/python3.12/site-packages/airflow/example_dags/example_branch_python_dop_operator_3.py
[2024-10-18T09:57:10.366+0000] {processor.py:914} INFO - Processing file /home/airflow/.local/lib/python3.12/site-packages/airflow/example_dags/example_branch_python_dop_operator_3.py for tasks to queue
[2024-10-18T09:57:10.369+0000] {logging_mixin.py:190} INFO - [2024-10-18T09:57:10.369+0000] {dagbag.py:588} INFO - Filling up the DagBag from /home/airflow/.local/lib/python3.12/site-packages/airflow/example_dags/example_branch_python_dop_operator_3.py
[2024-10-18T09:57:10.382+0000] {processor.py:925} INFO - DAG(s) 'example_branch_dop_operator_v3' retrieved from /home/airflow/.local/lib/python3.12/site-packages/airflow/example_dags/example_branch_python_dop_operator_3.py
[2024-10-18T09:57:10.411+0000] {logging_mixin.py:190} INFO - [2024-10-18T09:57:10.411+0000] {dag.py:3239} INFO - Sync 1 DAGs
[2024-10-18T09:57:10.449+0000] {logging_mixin.py:190} INFO - [2024-10-18T09:57:10.449+0000] {dag.py:4180} INFO - Setting next_dagrun for example_branch_dop_operator_v3 to 2024-10-18 09:56:00+00:00, run_after=2024-10-18 09:57:00+00:00
[2024-10-18T09:57:10.482+0000] {processor.py:208} INFO - Processing /home/airflow/.local/lib/python3.12/site-packages/airflow/example_dags/example_branch_python_dop_operator_3.py took 0.124 seconds
