[2024-10-18T09:51:26.467+0000] {processor.py:186} INFO - Started process (PID=402) to work on /home/airflow/.local/lib/python3.12/site-packages/airflow/example_dags/example_trigger_controller_dag.py
[2024-10-18T09:51:26.469+0000] {processor.py:914} INFO - Processing file /home/airflow/.local/lib/python3.12/site-packages/airflow/example_dags/example_trigger_controller_dag.py for tasks to queue
[2024-10-18T09:51:26.475+0000] {logging_mixin.py:190} INFO - [2024-10-18T09:51:26.474+0000] {dagbag.py:588} INFO - Filling up the DagBag from /home/airflow/.local/lib/python3.12/site-packages/airflow/example_dags/example_trigger_controller_dag.py
[2024-10-18T09:51:26.493+0000] {processor.py:925} INFO - DAG(s) 'example_trigger_controller_dag' retrieved from /home/airflow/.local/lib/python3.12/site-packages/airflow/example_dags/example_trigger_controller_dag.py
[2024-10-18T09:51:26.539+0000] {logging_mixin.py:190} INFO - [2024-10-18T09:51:26.538+0000] {dag.py:3239} INFO - Sync 1 DAGs
[2024-10-18T09:51:26.611+0000] {logging_mixin.py:190} INFO - [2024-10-18T09:51:26.611+0000] {dag.py:4180} INFO - Setting next_dagrun for example_trigger_controller_dag to 2021-01-01 00:00:00+00:00, run_after=2021-01-01 00:00:00+00:00
[2024-10-18T09:51:26.664+0000] {processor.py:208} INFO - Processing /home/airflow/.local/lib/python3.12/site-packages/airflow/example_dags/example_trigger_controller_dag.py took 0.208 seconds
[2024-10-18T09:51:59.277+0000] {processor.py:186} INFO - Started process (PID=693) to work on /home/airflow/.local/lib/python3.12/site-packages/airflow/example_dags/example_trigger_controller_dag.py
[2024-10-18T09:51:59.280+0000] {processor.py:914} INFO - Processing file /home/airflow/.local/lib/python3.12/site-packages/airflow/example_dags/example_trigger_controller_dag.py for tasks to queue
[2024-10-18T09:51:59.287+0000] {logging_mixin.py:190} INFO - [2024-10-18T09:51:59.286+0000] {dagbag.py:588} INFO - Filling up the DagBag from /home/airflow/.local/lib/python3.12/site-packages/airflow/example_dags/example_trigger_controller_dag.py
[2024-10-18T09:51:59.302+0000] {processor.py:925} INFO - DAG(s) 'example_trigger_controller_dag' retrieved from /home/airflow/.local/lib/python3.12/site-packages/airflow/example_dags/example_trigger_controller_dag.py
[2024-10-18T09:51:59.345+0000] {logging_mixin.py:190} INFO - [2024-10-18T09:51:59.344+0000] {dag.py:3239} INFO - Sync 1 DAGs
[2024-10-18T09:51:59.402+0000] {logging_mixin.py:190} INFO - [2024-10-18T09:51:59.402+0000] {dag.py:4180} INFO - Setting next_dagrun for example_trigger_controller_dag to 2021-01-01 00:00:00+00:00, run_after=2021-01-01 00:00:00+00:00
[2024-10-18T09:51:59.443+0000] {processor.py:208} INFO - Processing /home/airflow/.local/lib/python3.12/site-packages/airflow/example_dags/example_trigger_controller_dag.py took 0.178 seconds
[2024-10-18T09:52:33.575+0000] {processor.py:186} INFO - Started process (PID=984) to work on /home/airflow/.local/lib/python3.12/site-packages/airflow/example_dags/example_trigger_controller_dag.py
[2024-10-18T09:52:33.578+0000] {processor.py:914} INFO - Processing file /home/airflow/.local/lib/python3.12/site-packages/airflow/example_dags/example_trigger_controller_dag.py for tasks to queue
[2024-10-18T09:52:33.583+0000] {logging_mixin.py:190} INFO - [2024-10-18T09:52:33.582+0000] {dagbag.py:588} INFO - Filling up the DagBag from /home/airflow/.local/lib/python3.12/site-packages/airflow/example_dags/example_trigger_controller_dag.py
[2024-10-18T09:52:33.595+0000] {processor.py:925} INFO - DAG(s) 'example_trigger_controller_dag' retrieved from /home/airflow/.local/lib/python3.12/site-packages/airflow/example_dags/example_trigger_controller_dag.py
[2024-10-18T09:52:33.632+0000] {logging_mixin.py:190} INFO - [2024-10-18T09:52:33.631+0000] {dag.py:3239} INFO - Sync 1 DAGs
[2024-10-18T09:52:33.670+0000] {logging_mixin.py:190} INFO - [2024-10-18T09:52:33.670+0000] {dag.py:4180} INFO - Setting next_dagrun for example_trigger_controller_dag to 2021-01-01 00:00:00+00:00, run_after=2021-01-01 00:00:00+00:00
[2024-10-18T09:52:33.703+0000] {processor.py:208} INFO - Processing /home/airflow/.local/lib/python3.12/site-packages/airflow/example_dags/example_trigger_controller_dag.py took 0.139 seconds
[2024-10-18T09:53:05.452+0000] {processor.py:186} INFO - Started process (PID=1275) to work on /home/airflow/.local/lib/python3.12/site-packages/airflow/example_dags/example_trigger_controller_dag.py
[2024-10-18T09:53:05.511+0000] {processor.py:914} INFO - Processing file /home/airflow/.local/lib/python3.12/site-packages/airflow/example_dags/example_trigger_controller_dag.py for tasks to queue
[2024-10-18T09:53:05.548+0000] {logging_mixin.py:190} INFO - [2024-10-18T09:53:05.543+0000] {dagbag.py:588} INFO - Filling up the DagBag from /home/airflow/.local/lib/python3.12/site-packages/airflow/example_dags/example_trigger_controller_dag.py
[2024-10-18T09:53:05.633+0000] {processor.py:925} INFO - DAG(s) 'example_trigger_controller_dag' retrieved from /home/airflow/.local/lib/python3.12/site-packages/airflow/example_dags/example_trigger_controller_dag.py
[2024-10-18T09:53:05.742+0000] {logging_mixin.py:190} INFO - [2024-10-18T09:53:05.741+0000] {dag.py:3239} INFO - Sync 1 DAGs
[2024-10-18T09:53:05.951+0000] {logging_mixin.py:190} INFO - [2024-10-18T09:53:05.951+0000] {dag.py:4180} INFO - Setting next_dagrun for example_trigger_controller_dag to 2021-01-01 00:00:00+00:00, run_after=2021-01-01 00:00:00+00:00
[2024-10-18T09:53:06.105+0000] {processor.py:208} INFO - Processing /home/airflow/.local/lib/python3.12/site-packages/airflow/example_dags/example_trigger_controller_dag.py took 0.727 seconds
[2024-10-18T09:53:36.364+0000] {processor.py:186} INFO - Started process (PID=1566) to work on /home/airflow/.local/lib/python3.12/site-packages/airflow/example_dags/example_trigger_controller_dag.py
[2024-10-18T09:53:36.366+0000] {processor.py:914} INFO - Processing file /home/airflow/.local/lib/python3.12/site-packages/airflow/example_dags/example_trigger_controller_dag.py for tasks to queue
[2024-10-18T09:53:36.375+0000] {logging_mixin.py:190} INFO - [2024-10-18T09:53:36.373+0000] {dagbag.py:588} INFO - Filling up the DagBag from /home/airflow/.local/lib/python3.12/site-packages/airflow/example_dags/example_trigger_controller_dag.py
[2024-10-18T09:53:36.390+0000] {processor.py:925} INFO - DAG(s) 'example_trigger_controller_dag' retrieved from /home/airflow/.local/lib/python3.12/site-packages/airflow/example_dags/example_trigger_controller_dag.py
[2024-10-18T09:53:36.434+0000] {logging_mixin.py:190} INFO - [2024-10-18T09:53:36.433+0000] {dag.py:3239} INFO - Sync 1 DAGs
[2024-10-18T09:53:36.485+0000] {logging_mixin.py:190} INFO - [2024-10-18T09:53:36.484+0000] {dag.py:4180} INFO - Setting next_dagrun for example_trigger_controller_dag to 2021-01-01 00:00:00+00:00, run_after=2021-01-01 00:00:00+00:00
[2024-10-18T09:53:36.530+0000] {processor.py:208} INFO - Processing /home/airflow/.local/lib/python3.12/site-packages/airflow/example_dags/example_trigger_controller_dag.py took 0.184 seconds
[2024-10-18T09:54:07.001+0000] {processor.py:186} INFO - Started process (PID=1857) to work on /home/airflow/.local/lib/python3.12/site-packages/airflow/example_dags/example_trigger_controller_dag.py
[2024-10-18T09:54:07.003+0000] {processor.py:914} INFO - Processing file /home/airflow/.local/lib/python3.12/site-packages/airflow/example_dags/example_trigger_controller_dag.py for tasks to queue
[2024-10-18T09:54:07.013+0000] {logging_mixin.py:190} INFO - [2024-10-18T09:54:07.012+0000] {dagbag.py:588} INFO - Filling up the DagBag from /home/airflow/.local/lib/python3.12/site-packages/airflow/example_dags/example_trigger_controller_dag.py
[2024-10-18T09:54:07.029+0000] {processor.py:925} INFO - DAG(s) 'example_trigger_controller_dag' retrieved from /home/airflow/.local/lib/python3.12/site-packages/airflow/example_dags/example_trigger_controller_dag.py
[2024-10-18T09:54:07.075+0000] {logging_mixin.py:190} INFO - [2024-10-18T09:54:07.075+0000] {dag.py:3239} INFO - Sync 1 DAGs
[2024-10-18T09:54:07.113+0000] {logging_mixin.py:190} INFO - [2024-10-18T09:54:07.112+0000] {dag.py:4180} INFO - Setting next_dagrun for example_trigger_controller_dag to 2021-01-01 00:00:00+00:00, run_after=2021-01-01 00:00:00+00:00
[2024-10-18T09:54:07.143+0000] {processor.py:208} INFO - Processing /home/airflow/.local/lib/python3.12/site-packages/airflow/example_dags/example_trigger_controller_dag.py took 0.151 seconds
[2024-10-18T09:54:37.370+0000] {processor.py:186} INFO - Started process (PID=2148) to work on /home/airflow/.local/lib/python3.12/site-packages/airflow/example_dags/example_trigger_controller_dag.py
[2024-10-18T09:54:37.371+0000] {processor.py:914} INFO - Processing file /home/airflow/.local/lib/python3.12/site-packages/airflow/example_dags/example_trigger_controller_dag.py for tasks to queue
[2024-10-18T09:54:37.374+0000] {logging_mixin.py:190} INFO - [2024-10-18T09:54:37.374+0000] {dagbag.py:588} INFO - Filling up the DagBag from /home/airflow/.local/lib/python3.12/site-packages/airflow/example_dags/example_trigger_controller_dag.py
[2024-10-18T09:54:37.382+0000] {processor.py:925} INFO - DAG(s) 'example_trigger_controller_dag' retrieved from /home/airflow/.local/lib/python3.12/site-packages/airflow/example_dags/example_trigger_controller_dag.py
[2024-10-18T09:54:37.405+0000] {logging_mixin.py:190} INFO - [2024-10-18T09:54:37.404+0000] {dag.py:3239} INFO - Sync 1 DAGs
[2024-10-18T09:54:37.431+0000] {logging_mixin.py:190} INFO - [2024-10-18T09:54:37.431+0000] {dag.py:4180} INFO - Setting next_dagrun for example_trigger_controller_dag to 2021-01-01 00:00:00+00:00, run_after=2021-01-01 00:00:00+00:00
[2024-10-18T09:54:37.457+0000] {processor.py:208} INFO - Processing /home/airflow/.local/lib/python3.12/site-packages/airflow/example_dags/example_trigger_controller_dag.py took 0.094 seconds
[2024-10-18T09:55:07.581+0000] {processor.py:186} INFO - Started process (PID=2439) to work on /home/airflow/.local/lib/python3.12/site-packages/airflow/example_dags/example_trigger_controller_dag.py
[2024-10-18T09:55:07.582+0000] {processor.py:914} INFO - Processing file /home/airflow/.local/lib/python3.12/site-packages/airflow/example_dags/example_trigger_controller_dag.py for tasks to queue
[2024-10-18T09:55:07.586+0000] {logging_mixin.py:190} INFO - [2024-10-18T09:55:07.586+0000] {dagbag.py:588} INFO - Filling up the DagBag from /home/airflow/.local/lib/python3.12/site-packages/airflow/example_dags/example_trigger_controller_dag.py
[2024-10-18T09:55:07.596+0000] {processor.py:925} INFO - DAG(s) 'example_trigger_controller_dag' retrieved from /home/airflow/.local/lib/python3.12/site-packages/airflow/example_dags/example_trigger_controller_dag.py
[2024-10-18T09:55:07.616+0000] {logging_mixin.py:190} INFO - [2024-10-18T09:55:07.615+0000] {dag.py:3239} INFO - Sync 1 DAGs
[2024-10-18T09:55:07.637+0000] {logging_mixin.py:190} INFO - [2024-10-18T09:55:07.637+0000] {dag.py:4180} INFO - Setting next_dagrun for example_trigger_controller_dag to 2021-01-01 00:00:00+00:00, run_after=2021-01-01 00:00:00+00:00
[2024-10-18T09:55:07.656+0000] {processor.py:208} INFO - Processing /home/airflow/.local/lib/python3.12/site-packages/airflow/example_dags/example_trigger_controller_dag.py took 0.084 seconds
[2024-10-18T09:55:37.788+0000] {processor.py:186} INFO - Started process (PID=2727) to work on /home/airflow/.local/lib/python3.12/site-packages/airflow/example_dags/example_trigger_controller_dag.py
[2024-10-18T09:55:37.790+0000] {processor.py:914} INFO - Processing file /home/airflow/.local/lib/python3.12/site-packages/airflow/example_dags/example_trigger_controller_dag.py for tasks to queue
[2024-10-18T09:55:37.792+0000] {logging_mixin.py:190} INFO - [2024-10-18T09:55:37.792+0000] {dagbag.py:588} INFO - Filling up the DagBag from /home/airflow/.local/lib/python3.12/site-packages/airflow/example_dags/example_trigger_controller_dag.py
[2024-10-18T09:55:37.799+0000] {processor.py:925} INFO - DAG(s) 'example_trigger_controller_dag' retrieved from /home/airflow/.local/lib/python3.12/site-packages/airflow/example_dags/example_trigger_controller_dag.py
[2024-10-18T09:55:37.821+0000] {logging_mixin.py:190} INFO - [2024-10-18T09:55:37.821+0000] {dag.py:3239} INFO - Sync 1 DAGs
[2024-10-18T09:55:37.842+0000] {logging_mixin.py:190} INFO - [2024-10-18T09:55:37.842+0000] {dag.py:4180} INFO - Setting next_dagrun for example_trigger_controller_dag to 2021-01-01 00:00:00+00:00, run_after=2021-01-01 00:00:00+00:00
[2024-10-18T09:55:37.864+0000] {processor.py:208} INFO - Processing /home/airflow/.local/lib/python3.12/site-packages/airflow/example_dags/example_trigger_controller_dag.py took 0.083 seconds
[2024-10-18T09:56:08.006+0000] {processor.py:186} INFO - Started process (PID=3016) to work on /home/airflow/.local/lib/python3.12/site-packages/airflow/example_dags/example_trigger_controller_dag.py
[2024-10-18T09:56:08.008+0000] {processor.py:914} INFO - Processing file /home/airflow/.local/lib/python3.12/site-packages/airflow/example_dags/example_trigger_controller_dag.py for tasks to queue
[2024-10-18T09:56:08.011+0000] {logging_mixin.py:190} INFO - [2024-10-18T09:56:08.010+0000] {dagbag.py:588} INFO - Filling up the DagBag from /home/airflow/.local/lib/python3.12/site-packages/airflow/example_dags/example_trigger_controller_dag.py
[2024-10-18T09:56:08.019+0000] {processor.py:925} INFO - DAG(s) 'example_trigger_controller_dag' retrieved from /home/airflow/.local/lib/python3.12/site-packages/airflow/example_dags/example_trigger_controller_dag.py
[2024-10-18T09:56:08.045+0000] {logging_mixin.py:190} INFO - [2024-10-18T09:56:08.045+0000] {dag.py:3239} INFO - Sync 1 DAGs
[2024-10-18T09:56:08.070+0000] {logging_mixin.py:190} INFO - [2024-10-18T09:56:08.070+0000] {dag.py:4180} INFO - Setting next_dagrun for example_trigger_controller_dag to 2021-01-01 00:00:00+00:00, run_after=2021-01-01 00:00:00+00:00
[2024-10-18T09:56:08.094+0000] {processor.py:208} INFO - Processing /home/airflow/.local/lib/python3.12/site-packages/airflow/example_dags/example_trigger_controller_dag.py took 0.096 seconds
[2024-10-18T09:56:38.372+0000] {processor.py:186} INFO - Started process (PID=3307) to work on /home/airflow/.local/lib/python3.12/site-packages/airflow/example_dags/example_trigger_controller_dag.py
[2024-10-18T09:56:38.374+0000] {processor.py:914} INFO - Processing file /home/airflow/.local/lib/python3.12/site-packages/airflow/example_dags/example_trigger_controller_dag.py for tasks to queue
[2024-10-18T09:56:38.377+0000] {logging_mixin.py:190} INFO - [2024-10-18T09:56:38.376+0000] {dagbag.py:588} INFO - Filling up the DagBag from /home/airflow/.local/lib/python3.12/site-packages/airflow/example_dags/example_trigger_controller_dag.py
[2024-10-18T09:56:38.384+0000] {processor.py:925} INFO - DAG(s) 'example_trigger_controller_dag' retrieved from /home/airflow/.local/lib/python3.12/site-packages/airflow/example_dags/example_trigger_controller_dag.py
[2024-10-18T09:56:38.409+0000] {logging_mixin.py:190} INFO - [2024-10-18T09:56:38.408+0000] {dag.py:3239} INFO - Sync 1 DAGs
[2024-10-18T09:56:38.434+0000] {logging_mixin.py:190} INFO - [2024-10-18T09:56:38.434+0000] {dag.py:4180} INFO - Setting next_dagrun for example_trigger_controller_dag to 2021-01-01 00:00:00+00:00, run_after=2021-01-01 00:00:00+00:00
[2024-10-18T09:56:38.459+0000] {processor.py:208} INFO - Processing /home/airflow/.local/lib/python3.12/site-packages/airflow/example_dags/example_trigger_controller_dag.py took 0.093 seconds
[2024-10-18T09:57:08.653+0000] {processor.py:186} INFO - Started process (PID=3599) to work on /home/airflow/.local/lib/python3.12/site-packages/airflow/example_dags/example_trigger_controller_dag.py
[2024-10-18T09:57:08.655+0000] {processor.py:914} INFO - Processing file /home/airflow/.local/lib/python3.12/site-packages/airflow/example_dags/example_trigger_controller_dag.py for tasks to queue
[2024-10-18T09:57:08.658+0000] {logging_mixin.py:190} INFO - [2024-10-18T09:57:08.658+0000] {dagbag.py:588} INFO - Filling up the DagBag from /home/airflow/.local/lib/python3.12/site-packages/airflow/example_dags/example_trigger_controller_dag.py
[2024-10-18T09:57:08.665+0000] {processor.py:925} INFO - DAG(s) 'example_trigger_controller_dag' retrieved from /home/airflow/.local/lib/python3.12/site-packages/airflow/example_dags/example_trigger_controller_dag.py
[2024-10-18T09:57:08.695+0000] {logging_mixin.py:190} INFO - [2024-10-18T09:57:08.695+0000] {dag.py:3239} INFO - Sync 1 DAGs
[2024-10-18T09:57:08.724+0000] {logging_mixin.py:190} INFO - [2024-10-18T09:57:08.724+0000] {dag.py:4180} INFO - Setting next_dagrun for example_trigger_controller_dag to 2021-01-01 00:00:00+00:00, run_after=2021-01-01 00:00:00+00:00
[2024-10-18T09:57:08.754+0000] {processor.py:208} INFO - Processing /home/airflow/.local/lib/python3.12/site-packages/airflow/example_dags/example_trigger_controller_dag.py took 0.106 seconds
