[2024-10-18T09:51:26.952+0000] {processor.py:186} INFO - Started process (PID=417) to work on /home/airflow/.local/lib/python3.12/site-packages/airflow/example_dags/example_branch_operator.py
[2024-10-18T09:51:26.954+0000] {processor.py:914} INFO - Processing file /home/airflow/.local/lib/python3.12/site-packages/airflow/example_dags/example_branch_operator.py for tasks to queue
[2024-10-18T09:51:26.959+0000] {logging_mixin.py:190} INFO - [2024-10-18T09:51:26.958+0000] {dagbag.py:588} INFO - Filling up the DagBag from /home/airflow/.local/lib/python3.12/site-packages/airflow/example_dags/example_branch_operator.py
[2024-10-18T09:51:27.010+0000] {processor.py:925} INFO - DAG(s) 'example_branch_operator' retrieved from /home/airflow/.local/lib/python3.12/site-packages/airflow/example_dags/example_branch_operator.py
[2024-10-18T09:51:27.355+0000] {logging_mixin.py:190} INFO - [2024-10-18T09:51:27.354+0000] {dag.py:3239} INFO - Sync 1 DAGs
[2024-10-18T09:51:27.415+0000] {logging_mixin.py:190} INFO - [2024-10-18T09:51:27.414+0000] {dag.py:4180} INFO - Setting next_dagrun for example_branch_operator to 2024-10-17 00:00:00+00:00, run_after=2024-10-18 00:00:00+00:00
[2024-10-18T09:51:27.477+0000] {processor.py:208} INFO - Processing /home/airflow/.local/lib/python3.12/site-packages/airflow/example_dags/example_branch_operator.py took 0.538 seconds
[2024-10-18T09:51:59.724+0000] {processor.py:186} INFO - Started process (PID=708) to work on /home/airflow/.local/lib/python3.12/site-packages/airflow/example_dags/example_branch_operator.py
[2024-10-18T09:51:59.728+0000] {processor.py:914} INFO - Processing file /home/airflow/.local/lib/python3.12/site-packages/airflow/example_dags/example_branch_operator.py for tasks to queue
[2024-10-18T09:51:59.735+0000] {logging_mixin.py:190} INFO - [2024-10-18T09:51:59.734+0000] {dagbag.py:588} INFO - Filling up the DagBag from /home/airflow/.local/lib/python3.12/site-packages/airflow/example_dags/example_branch_operator.py
[2024-10-18T09:51:59.819+0000] {processor.py:925} INFO - DAG(s) 'example_branch_operator' retrieved from /home/airflow/.local/lib/python3.12/site-packages/airflow/example_dags/example_branch_operator.py
[2024-10-18T09:51:59.907+0000] {logging_mixin.py:190} INFO - [2024-10-18T09:51:59.906+0000] {dag.py:3239} INFO - Sync 1 DAGs
[2024-10-18T09:51:59.961+0000] {logging_mixin.py:190} INFO - [2024-10-18T09:51:59.961+0000] {dag.py:4180} INFO - Setting next_dagrun for example_branch_operator to 2024-10-17 00:00:00+00:00, run_after=2024-10-18 00:00:00+00:00
[2024-10-18T09:52:00.008+0000] {processor.py:208} INFO - Processing /home/airflow/.local/lib/python3.12/site-packages/airflow/example_dags/example_branch_operator.py took 0.301 seconds
[2024-10-18T09:52:33.881+0000] {processor.py:186} INFO - Started process (PID=999) to work on /home/airflow/.local/lib/python3.12/site-packages/airflow/example_dags/example_branch_operator.py
[2024-10-18T09:52:33.884+0000] {processor.py:914} INFO - Processing file /home/airflow/.local/lib/python3.12/site-packages/airflow/example_dags/example_branch_operator.py for tasks to queue
[2024-10-18T09:52:33.890+0000] {logging_mixin.py:190} INFO - [2024-10-18T09:52:33.890+0000] {dagbag.py:588} INFO - Filling up the DagBag from /home/airflow/.local/lib/python3.12/site-packages/airflow/example_dags/example_branch_operator.py
[2024-10-18T09:52:33.936+0000] {processor.py:925} INFO - DAG(s) 'example_branch_operator' retrieved from /home/airflow/.local/lib/python3.12/site-packages/airflow/example_dags/example_branch_operator.py
[2024-10-18T09:52:33.999+0000] {logging_mixin.py:190} INFO - [2024-10-18T09:52:33.998+0000] {dag.py:3239} INFO - Sync 1 DAGs
[2024-10-18T09:52:34.046+0000] {logging_mixin.py:190} INFO - [2024-10-18T09:52:34.046+0000] {dag.py:4180} INFO - Setting next_dagrun for example_branch_operator to 2024-10-17 00:00:00+00:00, run_after=2024-10-18 00:00:00+00:00
[2024-10-18T09:52:34.082+0000] {processor.py:208} INFO - Processing /home/airflow/.local/lib/python3.12/site-packages/airflow/example_dags/example_branch_operator.py took 0.216 seconds
[2024-10-18T09:53:06.700+0000] {processor.py:186} INFO - Started process (PID=1290) to work on /home/airflow/.local/lib/python3.12/site-packages/airflow/example_dags/example_branch_operator.py
[2024-10-18T09:53:06.704+0000] {processor.py:914} INFO - Processing file /home/airflow/.local/lib/python3.12/site-packages/airflow/example_dags/example_branch_operator.py for tasks to queue
[2024-10-18T09:53:06.712+0000] {logging_mixin.py:190} INFO - [2024-10-18T09:53:06.711+0000] {dagbag.py:588} INFO - Filling up the DagBag from /home/airflow/.local/lib/python3.12/site-packages/airflow/example_dags/example_branch_operator.py
[2024-10-18T09:53:06.786+0000] {processor.py:925} INFO - DAG(s) 'example_branch_operator' retrieved from /home/airflow/.local/lib/python3.12/site-packages/airflow/example_dags/example_branch_operator.py
[2024-10-18T09:53:06.924+0000] {logging_mixin.py:190} INFO - [2024-10-18T09:53:06.923+0000] {dag.py:3239} INFO - Sync 1 DAGs
[2024-10-18T09:53:07.039+0000] {logging_mixin.py:190} INFO - [2024-10-18T09:53:07.038+0000] {dag.py:4180} INFO - Setting next_dagrun for example_branch_operator to 2024-10-17 00:00:00+00:00, run_after=2024-10-18 00:00:00+00:00
[2024-10-18T09:53:07.119+0000] {processor.py:208} INFO - Processing /home/airflow/.local/lib/python3.12/site-packages/airflow/example_dags/example_branch_operator.py took 0.436 seconds
[2024-10-18T09:53:37.797+0000] {processor.py:186} INFO - Started process (PID=1581) to work on /home/airflow/.local/lib/python3.12/site-packages/airflow/example_dags/example_branch_operator.py
[2024-10-18T09:53:37.799+0000] {processor.py:914} INFO - Processing file /home/airflow/.local/lib/python3.12/site-packages/airflow/example_dags/example_branch_operator.py for tasks to queue
[2024-10-18T09:53:37.805+0000] {logging_mixin.py:190} INFO - [2024-10-18T09:53:37.803+0000] {dagbag.py:588} INFO - Filling up the DagBag from /home/airflow/.local/lib/python3.12/site-packages/airflow/example_dags/example_branch_operator.py
[2024-10-18T09:53:37.837+0000] {processor.py:925} INFO - DAG(s) 'example_branch_operator' retrieved from /home/airflow/.local/lib/python3.12/site-packages/airflow/example_dags/example_branch_operator.py
[2024-10-18T09:53:37.902+0000] {logging_mixin.py:190} INFO - [2024-10-18T09:53:37.901+0000] {dag.py:3239} INFO - Sync 1 DAGs
[2024-10-18T09:53:37.957+0000] {logging_mixin.py:190} INFO - [2024-10-18T09:53:37.956+0000] {dag.py:4180} INFO - Setting next_dagrun for example_branch_operator to 2024-10-17 00:00:00+00:00, run_after=2024-10-18 00:00:00+00:00
[2024-10-18T09:53:37.992+0000] {processor.py:208} INFO - Processing /home/airflow/.local/lib/python3.12/site-packages/airflow/example_dags/example_branch_operator.py took 0.204 seconds
[2024-10-18T09:54:08.231+0000] {processor.py:186} INFO - Started process (PID=1872) to work on /home/airflow/.local/lib/python3.12/site-packages/airflow/example_dags/example_branch_operator.py
[2024-10-18T09:54:08.233+0000] {processor.py:914} INFO - Processing file /home/airflow/.local/lib/python3.12/site-packages/airflow/example_dags/example_branch_operator.py for tasks to queue
[2024-10-18T09:54:08.237+0000] {logging_mixin.py:190} INFO - [2024-10-18T09:54:08.236+0000] {dagbag.py:588} INFO - Filling up the DagBag from /home/airflow/.local/lib/python3.12/site-packages/airflow/example_dags/example_branch_operator.py
[2024-10-18T09:54:08.263+0000] {processor.py:925} INFO - DAG(s) 'example_branch_operator' retrieved from /home/airflow/.local/lib/python3.12/site-packages/airflow/example_dags/example_branch_operator.py
[2024-10-18T09:54:08.309+0000] {logging_mixin.py:190} INFO - [2024-10-18T09:54:08.309+0000] {dag.py:3239} INFO - Sync 1 DAGs
[2024-10-18T09:54:08.345+0000] {logging_mixin.py:190} INFO - [2024-10-18T09:54:08.345+0000] {dag.py:4180} INFO - Setting next_dagrun for example_branch_operator to 2024-10-17 00:00:00+00:00, run_after=2024-10-18 00:00:00+00:00
[2024-10-18T09:54:08.374+0000] {processor.py:208} INFO - Processing /home/airflow/.local/lib/python3.12/site-packages/airflow/example_dags/example_branch_operator.py took 0.150 seconds
[2024-10-18T09:54:38.538+0000] {processor.py:186} INFO - Started process (PID=2163) to work on /home/airflow/.local/lib/python3.12/site-packages/airflow/example_dags/example_branch_operator.py
[2024-10-18T09:54:38.541+0000] {processor.py:914} INFO - Processing file /home/airflow/.local/lib/python3.12/site-packages/airflow/example_dags/example_branch_operator.py for tasks to queue
[2024-10-18T09:54:38.544+0000] {logging_mixin.py:190} INFO - [2024-10-18T09:54:38.544+0000] {dagbag.py:588} INFO - Filling up the DagBag from /home/airflow/.local/lib/python3.12/site-packages/airflow/example_dags/example_branch_operator.py
[2024-10-18T09:54:38.563+0000] {processor.py:925} INFO - DAG(s) 'example_branch_operator' retrieved from /home/airflow/.local/lib/python3.12/site-packages/airflow/example_dags/example_branch_operator.py
[2024-10-18T09:54:38.593+0000] {logging_mixin.py:190} INFO - [2024-10-18T09:54:38.593+0000] {dag.py:3239} INFO - Sync 1 DAGs
[2024-10-18T09:54:38.618+0000] {logging_mixin.py:190} INFO - [2024-10-18T09:54:38.617+0000] {dag.py:4180} INFO - Setting next_dagrun for example_branch_operator to 2024-10-17 00:00:00+00:00, run_after=2024-10-18 00:00:00+00:00
[2024-10-18T09:54:38.643+0000] {processor.py:208} INFO - Processing /home/airflow/.local/lib/python3.12/site-packages/airflow/example_dags/example_branch_operator.py took 0.115 seconds
[2024-10-18T09:55:08.818+0000] {processor.py:186} INFO - Started process (PID=2454) to work on /home/airflow/.local/lib/python3.12/site-packages/airflow/example_dags/example_branch_operator.py
[2024-10-18T09:55:08.820+0000] {processor.py:914} INFO - Processing file /home/airflow/.local/lib/python3.12/site-packages/airflow/example_dags/example_branch_operator.py for tasks to queue
[2024-10-18T09:55:08.823+0000] {logging_mixin.py:190} INFO - [2024-10-18T09:55:08.823+0000] {dagbag.py:588} INFO - Filling up the DagBag from /home/airflow/.local/lib/python3.12/site-packages/airflow/example_dags/example_branch_operator.py
[2024-10-18T09:55:08.840+0000] {processor.py:925} INFO - DAG(s) 'example_branch_operator' retrieved from /home/airflow/.local/lib/python3.12/site-packages/airflow/example_dags/example_branch_operator.py
[2024-10-18T09:55:08.871+0000] {logging_mixin.py:190} INFO - [2024-10-18T09:55:08.871+0000] {dag.py:3239} INFO - Sync 1 DAGs
[2024-10-18T09:55:08.898+0000] {logging_mixin.py:190} INFO - [2024-10-18T09:55:08.898+0000] {dag.py:4180} INFO - Setting next_dagrun for example_branch_operator to 2024-10-17 00:00:00+00:00, run_after=2024-10-18 00:00:00+00:00
[2024-10-18T09:55:08.928+0000] {processor.py:208} INFO - Processing /home/airflow/.local/lib/python3.12/site-packages/airflow/example_dags/example_branch_operator.py took 0.117 seconds
[2024-10-18T09:55:39.111+0000] {processor.py:186} INFO - Started process (PID=2745) to work on /home/airflow/.local/lib/python3.12/site-packages/airflow/example_dags/example_branch_operator.py
[2024-10-18T09:55:39.113+0000] {processor.py:914} INFO - Processing file /home/airflow/.local/lib/python3.12/site-packages/airflow/example_dags/example_branch_operator.py for tasks to queue
[2024-10-18T09:55:39.116+0000] {logging_mixin.py:190} INFO - [2024-10-18T09:55:39.115+0000] {dagbag.py:588} INFO - Filling up the DagBag from /home/airflow/.local/lib/python3.12/site-packages/airflow/example_dags/example_branch_operator.py
[2024-10-18T09:55:39.132+0000] {processor.py:925} INFO - DAG(s) 'example_branch_operator' retrieved from /home/airflow/.local/lib/python3.12/site-packages/airflow/example_dags/example_branch_operator.py
[2024-10-18T09:55:39.166+0000] {logging_mixin.py:190} INFO - [2024-10-18T09:55:39.166+0000] {dag.py:3239} INFO - Sync 1 DAGs
[2024-10-18T09:55:39.192+0000] {logging_mixin.py:190} INFO - [2024-10-18T09:55:39.191+0000] {dag.py:4180} INFO - Setting next_dagrun for example_branch_operator to 2024-10-17 00:00:00+00:00, run_after=2024-10-18 00:00:00+00:00
[2024-10-18T09:55:39.220+0000] {processor.py:208} INFO - Processing /home/airflow/.local/lib/python3.12/site-packages/airflow/example_dags/example_branch_operator.py took 0.115 seconds
[2024-10-18T09:56:09.355+0000] {processor.py:186} INFO - Started process (PID=3036) to work on /home/airflow/.local/lib/python3.12/site-packages/airflow/example_dags/example_branch_operator.py
[2024-10-18T09:56:09.357+0000] {processor.py:914} INFO - Processing file /home/airflow/.local/lib/python3.12/site-packages/airflow/example_dags/example_branch_operator.py for tasks to queue
[2024-10-18T09:56:09.360+0000] {logging_mixin.py:190} INFO - [2024-10-18T09:56:09.360+0000] {dagbag.py:588} INFO - Filling up the DagBag from /home/airflow/.local/lib/python3.12/site-packages/airflow/example_dags/example_branch_operator.py
[2024-10-18T09:56:09.378+0000] {processor.py:925} INFO - DAG(s) 'example_branch_operator' retrieved from /home/airflow/.local/lib/python3.12/site-packages/airflow/example_dags/example_branch_operator.py
[2024-10-18T09:56:09.410+0000] {logging_mixin.py:190} INFO - [2024-10-18T09:56:09.409+0000] {dag.py:3239} INFO - Sync 1 DAGs
[2024-10-18T09:56:09.433+0000] {logging_mixin.py:190} INFO - [2024-10-18T09:56:09.433+0000] {dag.py:4180} INFO - Setting next_dagrun for example_branch_operator to 2024-10-17 00:00:00+00:00, run_after=2024-10-18 00:00:00+00:00
[2024-10-18T09:56:09.461+0000] {processor.py:208} INFO - Processing /home/airflow/.local/lib/python3.12/site-packages/airflow/example_dags/example_branch_operator.py took 0.112 seconds
[2024-10-18T09:56:39.718+0000] {processor.py:186} INFO - Started process (PID=3327) to work on /home/airflow/.local/lib/python3.12/site-packages/airflow/example_dags/example_branch_operator.py
[2024-10-18T09:56:39.720+0000] {processor.py:914} INFO - Processing file /home/airflow/.local/lib/python3.12/site-packages/airflow/example_dags/example_branch_operator.py for tasks to queue
[2024-10-18T09:56:39.723+0000] {logging_mixin.py:190} INFO - [2024-10-18T09:56:39.723+0000] {dagbag.py:588} INFO - Filling up the DagBag from /home/airflow/.local/lib/python3.12/site-packages/airflow/example_dags/example_branch_operator.py
[2024-10-18T09:56:39.743+0000] {processor.py:925} INFO - DAG(s) 'example_branch_operator' retrieved from /home/airflow/.local/lib/python3.12/site-packages/airflow/example_dags/example_branch_operator.py
[2024-10-18T09:56:39.779+0000] {logging_mixin.py:190} INFO - [2024-10-18T09:56:39.778+0000] {dag.py:3239} INFO - Sync 1 DAGs
[2024-10-18T09:56:39.806+0000] {logging_mixin.py:190} INFO - [2024-10-18T09:56:39.806+0000] {dag.py:4180} INFO - Setting next_dagrun for example_branch_operator to 2024-10-17 00:00:00+00:00, run_after=2024-10-18 00:00:00+00:00
[2024-10-18T09:56:39.835+0000] {processor.py:208} INFO - Processing /home/airflow/.local/lib/python3.12/site-packages/airflow/example_dags/example_branch_operator.py took 0.124 seconds
[2024-10-18T09:57:10.021+0000] {processor.py:186} INFO - Started process (PID=3619) to work on /home/airflow/.local/lib/python3.12/site-packages/airflow/example_dags/example_branch_operator.py
[2024-10-18T09:57:10.023+0000] {processor.py:914} INFO - Processing file /home/airflow/.local/lib/python3.12/site-packages/airflow/example_dags/example_branch_operator.py for tasks to queue
[2024-10-18T09:57:10.026+0000] {logging_mixin.py:190} INFO - [2024-10-18T09:57:10.026+0000] {dagbag.py:588} INFO - Filling up the DagBag from /home/airflow/.local/lib/python3.12/site-packages/airflow/example_dags/example_branch_operator.py
[2024-10-18T09:57:10.050+0000] {processor.py:925} INFO - DAG(s) 'example_branch_operator' retrieved from /home/airflow/.local/lib/python3.12/site-packages/airflow/example_dags/example_branch_operator.py
[2024-10-18T09:57:10.089+0000] {logging_mixin.py:190} INFO - [2024-10-18T09:57:10.088+0000] {dag.py:3239} INFO - Sync 1 DAGs
[2024-10-18T09:57:10.121+0000] {logging_mixin.py:190} INFO - [2024-10-18T09:57:10.121+0000] {dag.py:4180} INFO - Setting next_dagrun for example_branch_operator to 2024-10-17 00:00:00+00:00, run_after=2024-10-18 00:00:00+00:00
[2024-10-18T09:57:10.154+0000] {processor.py:208} INFO - Processing /home/airflow/.local/lib/python3.12/site-packages/airflow/example_dags/example_branch_operator.py took 0.140 seconds
