[2024-10-18T09:51:25.626+0000] {processor.py:186} INFO - Started process (PID=374) to work on /home/airflow/.local/lib/python3.12/site-packages/airflow/example_dags/example_time_delta_sensor_async.py
[2024-10-18T09:51:25.628+0000] {processor.py:914} INFO - Processing file /home/airflow/.local/lib/python3.12/site-packages/airflow/example_dags/example_time_delta_sensor_async.py for tasks to queue
[2024-10-18T09:51:25.633+0000] {logging_mixin.py:190} INFO - [2024-10-18T09:51:25.633+0000] {dagbag.py:588} INFO - Filling up the DagBag from /home/airflow/.local/lib/python3.12/site-packages/airflow/example_dags/example_time_delta_sensor_async.py
[2024-10-18T09:51:25.646+0000] {processor.py:925} INFO - DAG(s) 'example_time_delta_sensor_async' retrieved from /home/airflow/.local/lib/python3.12/site-packages/airflow/example_dags/example_time_delta_sensor_async.py
[2024-10-18T09:51:25.681+0000] {logging_mixin.py:190} INFO - [2024-10-18T09:51:25.681+0000] {dag.py:3239} INFO - Sync 1 DAGs
[2024-10-18T09:51:25.706+0000] {logging_mixin.py:190} INFO - [2024-10-18T09:51:25.706+0000] {dag.py:4180} INFO - Setting next_dagrun for example_time_delta_sensor_async to None, run_after=None
[2024-10-18T09:51:25.736+0000] {processor.py:208} INFO - Processing /home/airflow/.local/lib/python3.12/site-packages/airflow/example_dags/example_time_delta_sensor_async.py took 0.120 seconds
[2024-10-18T09:51:58.125+0000] {processor.py:186} INFO - Started process (PID=663) to work on /home/airflow/.local/lib/python3.12/site-packages/airflow/example_dags/example_time_delta_sensor_async.py
[2024-10-18T09:51:58.129+0000] {processor.py:914} INFO - Processing file /home/airflow/.local/lib/python3.12/site-packages/airflow/example_dags/example_time_delta_sensor_async.py for tasks to queue
[2024-10-18T09:51:58.137+0000] {logging_mixin.py:190} INFO - [2024-10-18T09:51:58.136+0000] {dagbag.py:588} INFO - Filling up the DagBag from /home/airflow/.local/lib/python3.12/site-packages/airflow/example_dags/example_time_delta_sensor_async.py
[2024-10-18T09:51:58.154+0000] {processor.py:925} INFO - DAG(s) 'example_time_delta_sensor_async' retrieved from /home/airflow/.local/lib/python3.12/site-packages/airflow/example_dags/example_time_delta_sensor_async.py
[2024-10-18T09:51:58.198+0000] {logging_mixin.py:190} INFO - [2024-10-18T09:51:58.197+0000] {dag.py:3239} INFO - Sync 1 DAGs
[2024-10-18T09:51:58.227+0000] {logging_mixin.py:190} INFO - [2024-10-18T09:51:58.226+0000] {dag.py:4180} INFO - Setting next_dagrun for example_time_delta_sensor_async to None, run_after=None
[2024-10-18T09:51:58.279+0000] {processor.py:208} INFO - Processing /home/airflow/.local/lib/python3.12/site-packages/airflow/example_dags/example_time_delta_sensor_async.py took 0.168 seconds
[2024-10-18T09:52:31.596+0000] {processor.py:186} INFO - Started process (PID=956) to work on /home/airflow/.local/lib/python3.12/site-packages/airflow/example_dags/example_time_delta_sensor_async.py
[2024-10-18T09:52:31.599+0000] {processor.py:914} INFO - Processing file /home/airflow/.local/lib/python3.12/site-packages/airflow/example_dags/example_time_delta_sensor_async.py for tasks to queue
[2024-10-18T09:52:31.606+0000] {logging_mixin.py:190} INFO - [2024-10-18T09:52:31.605+0000] {dagbag.py:588} INFO - Filling up the DagBag from /home/airflow/.local/lib/python3.12/site-packages/airflow/example_dags/example_time_delta_sensor_async.py
[2024-10-18T09:52:31.619+0000] {processor.py:925} INFO - DAG(s) 'example_time_delta_sensor_async' retrieved from /home/airflow/.local/lib/python3.12/site-packages/airflow/example_dags/example_time_delta_sensor_async.py
[2024-10-18T09:52:31.663+0000] {logging_mixin.py:190} INFO - [2024-10-18T09:52:31.662+0000] {dag.py:3239} INFO - Sync 1 DAGs
[2024-10-18T09:52:31.698+0000] {logging_mixin.py:190} INFO - [2024-10-18T09:52:31.698+0000] {dag.py:4180} INFO - Setting next_dagrun for example_time_delta_sensor_async to None, run_after=None
[2024-10-18T09:52:31.749+0000] {processor.py:208} INFO - Processing /home/airflow/.local/lib/python3.12/site-packages/airflow/example_dags/example_time_delta_sensor_async.py took 0.165 seconds
[2024-10-18T09:53:02.475+0000] {processor.py:186} INFO - Started process (PID=1245) to work on /home/airflow/.local/lib/python3.12/site-packages/airflow/example_dags/example_time_delta_sensor_async.py
[2024-10-18T09:53:02.477+0000] {processor.py:914} INFO - Processing file /home/airflow/.local/lib/python3.12/site-packages/airflow/example_dags/example_time_delta_sensor_async.py for tasks to queue
[2024-10-18T09:53:02.482+0000] {logging_mixin.py:190} INFO - [2024-10-18T09:53:02.481+0000] {dagbag.py:588} INFO - Filling up the DagBag from /home/airflow/.local/lib/python3.12/site-packages/airflow/example_dags/example_time_delta_sensor_async.py
[2024-10-18T09:53:02.493+0000] {processor.py:925} INFO - DAG(s) 'example_time_delta_sensor_async' retrieved from /home/airflow/.local/lib/python3.12/site-packages/airflow/example_dags/example_time_delta_sensor_async.py
[2024-10-18T09:53:02.544+0000] {logging_mixin.py:190} INFO - [2024-10-18T09:53:02.544+0000] {dag.py:3239} INFO - Sync 1 DAGs
[2024-10-18T09:53:02.572+0000] {logging_mixin.py:190} INFO - [2024-10-18T09:53:02.571+0000] {dag.py:4180} INFO - Setting next_dagrun for example_time_delta_sensor_async to None, run_after=None
[2024-10-18T09:53:02.607+0000] {processor.py:208} INFO - Processing /home/airflow/.local/lib/python3.12/site-packages/airflow/example_dags/example_time_delta_sensor_async.py took 0.142 seconds
[2024-10-18T09:53:33.387+0000] {processor.py:186} INFO - Started process (PID=1536) to work on /home/airflow/.local/lib/python3.12/site-packages/airflow/example_dags/example_time_delta_sensor_async.py
[2024-10-18T09:53:33.389+0000] {processor.py:914} INFO - Processing file /home/airflow/.local/lib/python3.12/site-packages/airflow/example_dags/example_time_delta_sensor_async.py for tasks to queue
[2024-10-18T09:53:33.394+0000] {logging_mixin.py:190} INFO - [2024-10-18T09:53:33.393+0000] {dagbag.py:588} INFO - Filling up the DagBag from /home/airflow/.local/lib/python3.12/site-packages/airflow/example_dags/example_time_delta_sensor_async.py
[2024-10-18T09:53:33.409+0000] {processor.py:925} INFO - DAG(s) 'example_time_delta_sensor_async' retrieved from /home/airflow/.local/lib/python3.12/site-packages/airflow/example_dags/example_time_delta_sensor_async.py
[2024-10-18T09:53:33.446+0000] {logging_mixin.py:190} INFO - [2024-10-18T09:53:33.446+0000] {dag.py:3239} INFO - Sync 1 DAGs
[2024-10-18T09:53:33.476+0000] {logging_mixin.py:190} INFO - [2024-10-18T09:53:33.476+0000] {dag.py:4180} INFO - Setting next_dagrun for example_time_delta_sensor_async to None, run_after=None
[2024-10-18T09:53:33.520+0000] {processor.py:208} INFO - Processing /home/airflow/.local/lib/python3.12/site-packages/airflow/example_dags/example_time_delta_sensor_async.py took 0.143 seconds
[2024-10-18T09:54:04.266+0000] {processor.py:186} INFO - Started process (PID=1827) to work on /home/airflow/.local/lib/python3.12/site-packages/airflow/example_dags/example_time_delta_sensor_async.py
[2024-10-18T09:54:04.269+0000] {processor.py:914} INFO - Processing file /home/airflow/.local/lib/python3.12/site-packages/airflow/example_dags/example_time_delta_sensor_async.py for tasks to queue
[2024-10-18T09:54:04.274+0000] {logging_mixin.py:190} INFO - [2024-10-18T09:54:04.273+0000] {dagbag.py:588} INFO - Filling up the DagBag from /home/airflow/.local/lib/python3.12/site-packages/airflow/example_dags/example_time_delta_sensor_async.py
[2024-10-18T09:54:04.289+0000] {processor.py:925} INFO - DAG(s) 'example_time_delta_sensor_async' retrieved from /home/airflow/.local/lib/python3.12/site-packages/airflow/example_dags/example_time_delta_sensor_async.py
[2024-10-18T09:54:04.331+0000] {logging_mixin.py:190} INFO - [2024-10-18T09:54:04.330+0000] {dag.py:3239} INFO - Sync 1 DAGs
[2024-10-18T09:54:04.369+0000] {logging_mixin.py:190} INFO - [2024-10-18T09:54:04.368+0000] {dag.py:4180} INFO - Setting next_dagrun for example_time_delta_sensor_async to None, run_after=None
[2024-10-18T09:54:04.413+0000] {processor.py:208} INFO - Processing /home/airflow/.local/lib/python3.12/site-packages/airflow/example_dags/example_time_delta_sensor_async.py took 0.159 seconds
[2024-10-18T09:54:34.888+0000] {processor.py:186} INFO - Started process (PID=2118) to work on /home/airflow/.local/lib/python3.12/site-packages/airflow/example_dags/example_time_delta_sensor_async.py
[2024-10-18T09:54:34.890+0000] {processor.py:914} INFO - Processing file /home/airflow/.local/lib/python3.12/site-packages/airflow/example_dags/example_time_delta_sensor_async.py for tasks to queue
[2024-10-18T09:54:34.894+0000] {logging_mixin.py:190} INFO - [2024-10-18T09:54:34.894+0000] {dagbag.py:588} INFO - Filling up the DagBag from /home/airflow/.local/lib/python3.12/site-packages/airflow/example_dags/example_time_delta_sensor_async.py
[2024-10-18T09:54:34.907+0000] {processor.py:925} INFO - DAG(s) 'example_time_delta_sensor_async' retrieved from /home/airflow/.local/lib/python3.12/site-packages/airflow/example_dags/example_time_delta_sensor_async.py
[2024-10-18T09:54:34.937+0000] {logging_mixin.py:190} INFO - [2024-10-18T09:54:34.937+0000] {dag.py:3239} INFO - Sync 1 DAGs
[2024-10-18T09:54:34.957+0000] {logging_mixin.py:190} INFO - [2024-10-18T09:54:34.956+0000] {dag.py:4180} INFO - Setting next_dagrun for example_time_delta_sensor_async to None, run_after=None
[2024-10-18T09:54:34.982+0000] {processor.py:208} INFO - Processing /home/airflow/.local/lib/python3.12/site-packages/airflow/example_dags/example_time_delta_sensor_async.py took 0.107 seconds
[2024-10-18T09:55:05.113+0000] {processor.py:186} INFO - Started process (PID=2409) to work on /home/airflow/.local/lib/python3.12/site-packages/airflow/example_dags/example_time_delta_sensor_async.py
[2024-10-18T09:55:05.115+0000] {processor.py:914} INFO - Processing file /home/airflow/.local/lib/python3.12/site-packages/airflow/example_dags/example_time_delta_sensor_async.py for tasks to queue
[2024-10-18T09:55:05.120+0000] {logging_mixin.py:190} INFO - [2024-10-18T09:55:05.119+0000] {dagbag.py:588} INFO - Filling up the DagBag from /home/airflow/.local/lib/python3.12/site-packages/airflow/example_dags/example_time_delta_sensor_async.py
[2024-10-18T09:55:05.129+0000] {processor.py:925} INFO - DAG(s) 'example_time_delta_sensor_async' retrieved from /home/airflow/.local/lib/python3.12/site-packages/airflow/example_dags/example_time_delta_sensor_async.py
[2024-10-18T09:55:05.157+0000] {logging_mixin.py:190} INFO - [2024-10-18T09:55:05.156+0000] {dag.py:3239} INFO - Sync 1 DAGs
[2024-10-18T09:55:05.175+0000] {logging_mixin.py:190} INFO - [2024-10-18T09:55:05.175+0000] {dag.py:4180} INFO - Setting next_dagrun for example_time_delta_sensor_async to None, run_after=None
[2024-10-18T09:55:05.200+0000] {processor.py:208} INFO - Processing /home/airflow/.local/lib/python3.12/site-packages/airflow/example_dags/example_time_delta_sensor_async.py took 0.097 seconds
[2024-10-18T09:55:36.310+0000] {processor.py:186} INFO - Started process (PID=2702) to work on /home/airflow/.local/lib/python3.12/site-packages/airflow/example_dags/example_time_delta_sensor_async.py
[2024-10-18T09:55:36.312+0000] {processor.py:914} INFO - Processing file /home/airflow/.local/lib/python3.12/site-packages/airflow/example_dags/example_time_delta_sensor_async.py for tasks to queue
[2024-10-18T09:55:36.315+0000] {logging_mixin.py:190} INFO - [2024-10-18T09:55:36.315+0000] {dagbag.py:588} INFO - Filling up the DagBag from /home/airflow/.local/lib/python3.12/site-packages/airflow/example_dags/example_time_delta_sensor_async.py
[2024-10-18T09:55:36.322+0000] {processor.py:925} INFO - DAG(s) 'example_time_delta_sensor_async' retrieved from /home/airflow/.local/lib/python3.12/site-packages/airflow/example_dags/example_time_delta_sensor_async.py
[2024-10-18T09:55:36.347+0000] {logging_mixin.py:190} INFO - [2024-10-18T09:55:36.347+0000] {dag.py:3239} INFO - Sync 1 DAGs
[2024-10-18T09:55:36.361+0000] {logging_mixin.py:190} INFO - [2024-10-18T09:55:36.361+0000] {dag.py:4180} INFO - Setting next_dagrun for example_time_delta_sensor_async to None, run_after=None
[2024-10-18T09:55:36.384+0000] {processor.py:208} INFO - Processing /home/airflow/.local/lib/python3.12/site-packages/airflow/example_dags/example_time_delta_sensor_async.py took 0.080 seconds
[2024-10-18T09:56:06.642+0000] {processor.py:186} INFO - Started process (PID=2993) to work on /home/airflow/.local/lib/python3.12/site-packages/airflow/example_dags/example_time_delta_sensor_async.py
[2024-10-18T09:56:06.643+0000] {processor.py:914} INFO - Processing file /home/airflow/.local/lib/python3.12/site-packages/airflow/example_dags/example_time_delta_sensor_async.py for tasks to queue
[2024-10-18T09:56:06.646+0000] {logging_mixin.py:190} INFO - [2024-10-18T09:56:06.646+0000] {dagbag.py:588} INFO - Filling up the DagBag from /home/airflow/.local/lib/python3.12/site-packages/airflow/example_dags/example_time_delta_sensor_async.py
[2024-10-18T09:56:06.657+0000] {processor.py:925} INFO - DAG(s) 'example_time_delta_sensor_async' retrieved from /home/airflow/.local/lib/python3.12/site-packages/airflow/example_dags/example_time_delta_sensor_async.py
[2024-10-18T09:56:06.684+0000] {logging_mixin.py:190} INFO - [2024-10-18T09:56:06.684+0000] {dag.py:3239} INFO - Sync 1 DAGs
[2024-10-18T09:56:06.709+0000] {logging_mixin.py:190} INFO - [2024-10-18T09:56:06.709+0000] {dag.py:4180} INFO - Setting next_dagrun for example_time_delta_sensor_async to None, run_after=None
[2024-10-18T09:56:06.740+0000] {processor.py:208} INFO - Processing /home/airflow/.local/lib/python3.12/site-packages/airflow/example_dags/example_time_delta_sensor_async.py took 0.107 seconds
[2024-10-18T09:56:36.971+0000] {processor.py:186} INFO - Started process (PID=3284) to work on /home/airflow/.local/lib/python3.12/site-packages/airflow/example_dags/example_time_delta_sensor_async.py
[2024-10-18T09:56:36.973+0000] {processor.py:914} INFO - Processing file /home/airflow/.local/lib/python3.12/site-packages/airflow/example_dags/example_time_delta_sensor_async.py for tasks to queue
[2024-10-18T09:56:36.976+0000] {logging_mixin.py:190} INFO - [2024-10-18T09:56:36.976+0000] {dagbag.py:588} INFO - Filling up the DagBag from /home/airflow/.local/lib/python3.12/site-packages/airflow/example_dags/example_time_delta_sensor_async.py
[2024-10-18T09:56:36.985+0000] {processor.py:925} INFO - DAG(s) 'example_time_delta_sensor_async' retrieved from /home/airflow/.local/lib/python3.12/site-packages/airflow/example_dags/example_time_delta_sensor_async.py
[2024-10-18T09:56:37.016+0000] {logging_mixin.py:190} INFO - [2024-10-18T09:56:37.016+0000] {dag.py:3239} INFO - Sync 1 DAGs
[2024-10-18T09:56:37.044+0000] {logging_mixin.py:190} INFO - [2024-10-18T09:56:37.043+0000] {dag.py:4180} INFO - Setting next_dagrun for example_time_delta_sensor_async to None, run_after=None
[2024-10-18T09:56:37.076+0000] {processor.py:208} INFO - Processing /home/airflow/.local/lib/python3.12/site-packages/airflow/example_dags/example_time_delta_sensor_async.py took 0.112 seconds
[2024-10-18T09:57:07.469+0000] {processor.py:186} INFO - Started process (PID=3581) to work on /home/airflow/.local/lib/python3.12/site-packages/airflow/example_dags/example_time_delta_sensor_async.py
[2024-10-18T09:57:07.470+0000] {processor.py:914} INFO - Processing file /home/airflow/.local/lib/python3.12/site-packages/airflow/example_dags/example_time_delta_sensor_async.py for tasks to queue
[2024-10-18T09:57:07.472+0000] {logging_mixin.py:190} INFO - [2024-10-18T09:57:07.472+0000] {dagbag.py:588} INFO - Filling up the DagBag from /home/airflow/.local/lib/python3.12/site-packages/airflow/example_dags/example_time_delta_sensor_async.py
[2024-10-18T09:57:07.481+0000] {processor.py:925} INFO - DAG(s) 'example_time_delta_sensor_async' retrieved from /home/airflow/.local/lib/python3.12/site-packages/airflow/example_dags/example_time_delta_sensor_async.py
[2024-10-18T09:57:07.505+0000] {logging_mixin.py:190} INFO - [2024-10-18T09:57:07.504+0000] {dag.py:3239} INFO - Sync 1 DAGs
[2024-10-18T09:57:07.519+0000] {logging_mixin.py:190} INFO - [2024-10-18T09:57:07.519+0000] {dag.py:4180} INFO - Setting next_dagrun for example_time_delta_sensor_async to None, run_after=None
[2024-10-18T09:57:07.542+0000] {processor.py:208} INFO - Processing /home/airflow/.local/lib/python3.12/site-packages/airflow/example_dags/example_time_delta_sensor_async.py took 0.078 seconds
