[2024-10-18T09:51:26.416+0000] {processor.py:186} INFO - Started process (PID=397) to work on /home/airflow/.local/lib/python3.12/site-packages/airflow/example_dags/example_task_group.py
[2024-10-18T09:51:26.418+0000] {processor.py:914} INFO - Processing file /home/airflow/.local/lib/python3.12/site-packages/airflow/example_dags/example_task_group.py for tasks to queue
[2024-10-18T09:51:26.423+0000] {logging_mixin.py:190} INFO - [2024-10-18T09:51:26.422+0000] {dagbag.py:588} INFO - Filling up the DagBag from /home/airflow/.local/lib/python3.12/site-packages/airflow/example_dags/example_task_group.py
[2024-10-18T09:51:26.440+0000] {processor.py:925} INFO - DAG(s) 'example_task_group' retrieved from /home/airflow/.local/lib/python3.12/site-packages/airflow/example_dags/example_task_group.py
[2024-10-18T09:51:26.487+0000] {logging_mixin.py:190} INFO - [2024-10-18T09:51:26.486+0000] {dag.py:3239} INFO - Sync 1 DAGs
[2024-10-18T09:51:26.532+0000] {logging_mixin.py:190} INFO - [2024-10-18T09:51:26.531+0000] {dag.py:4180} INFO - Setting next_dagrun for example_task_group to None, run_after=None
[2024-10-18T09:51:26.586+0000] {processor.py:208} INFO - Processing /home/airflow/.local/lib/python3.12/site-packages/airflow/example_dags/example_task_group.py took 0.182 seconds
[2024-10-18T09:51:59.022+0000] {processor.py:186} INFO - Started process (PID=688) to work on /home/airflow/.local/lib/python3.12/site-packages/airflow/example_dags/example_task_group.py
[2024-10-18T09:51:59.025+0000] {processor.py:914} INFO - Processing file /home/airflow/.local/lib/python3.12/site-packages/airflow/example_dags/example_task_group.py for tasks to queue
[2024-10-18T09:51:59.032+0000] {logging_mixin.py:190} INFO - [2024-10-18T09:51:59.030+0000] {dagbag.py:588} INFO - Filling up the DagBag from /home/airflow/.local/lib/python3.12/site-packages/airflow/example_dags/example_task_group.py
[2024-10-18T09:51:59.053+0000] {processor.py:925} INFO - DAG(s) 'example_task_group' retrieved from /home/airflow/.local/lib/python3.12/site-packages/airflow/example_dags/example_task_group.py
[2024-10-18T09:51:59.102+0000] {logging_mixin.py:190} INFO - [2024-10-18T09:51:59.101+0000] {dag.py:3239} INFO - Sync 1 DAGs
[2024-10-18T09:51:59.138+0000] {logging_mixin.py:190} INFO - [2024-10-18T09:51:59.138+0000] {dag.py:4180} INFO - Setting next_dagrun for example_task_group to None, run_after=None
[2024-10-18T09:51:59.189+0000] {processor.py:208} INFO - Processing /home/airflow/.local/lib/python3.12/site-packages/airflow/example_dags/example_task_group.py took 0.182 seconds
[2024-10-18T09:52:32.750+0000] {processor.py:186} INFO - Started process (PID=979) to work on /home/airflow/.local/lib/python3.12/site-packages/airflow/example_dags/example_task_group.py
[2024-10-18T09:52:32.753+0000] {processor.py:914} INFO - Processing file /home/airflow/.local/lib/python3.12/site-packages/airflow/example_dags/example_task_group.py for tasks to queue
[2024-10-18T09:52:32.761+0000] {logging_mixin.py:190} INFO - [2024-10-18T09:52:32.759+0000] {dagbag.py:588} INFO - Filling up the DagBag from /home/airflow/.local/lib/python3.12/site-packages/airflow/example_dags/example_task_group.py
[2024-10-18T09:52:33.161+0000] {processor.py:925} INFO - DAG(s) 'example_task_group' retrieved from /home/airflow/.local/lib/python3.12/site-packages/airflow/example_dags/example_task_group.py
[2024-10-18T09:52:33.464+0000] {logging_mixin.py:190} INFO - [2024-10-18T09:52:33.463+0000] {dag.py:3239} INFO - Sync 1 DAGs
[2024-10-18T09:52:33.541+0000] {logging_mixin.py:190} INFO - [2024-10-18T09:52:33.541+0000] {dag.py:4180} INFO - Setting next_dagrun for example_task_group to None, run_after=None
[2024-10-18T09:52:33.578+0000] {processor.py:208} INFO - Processing /home/airflow/.local/lib/python3.12/site-packages/airflow/example_dags/example_task_group.py took 0.869 seconds
[2024-10-18T09:53:03.958+0000] {processor.py:186} INFO - Started process (PID=1270) to work on /home/airflow/.local/lib/python3.12/site-packages/airflow/example_dags/example_task_group.py
[2024-10-18T09:53:03.961+0000] {processor.py:914} INFO - Processing file /home/airflow/.local/lib/python3.12/site-packages/airflow/example_dags/example_task_group.py for tasks to queue
[2024-10-18T09:53:03.974+0000] {logging_mixin.py:190} INFO - [2024-10-18T09:53:03.972+0000] {dagbag.py:588} INFO - Filling up the DagBag from /home/airflow/.local/lib/python3.12/site-packages/airflow/example_dags/example_task_group.py
[2024-10-18T09:53:04.305+0000] {processor.py:925} INFO - DAG(s) 'example_task_group' retrieved from /home/airflow/.local/lib/python3.12/site-packages/airflow/example_dags/example_task_group.py
[2024-10-18T09:53:04.698+0000] {logging_mixin.py:190} INFO - [2024-10-18T09:53:04.697+0000] {dag.py:3239} INFO - Sync 1 DAGs
[2024-10-18T09:53:04.881+0000] {logging_mixin.py:190} INFO - [2024-10-18T09:53:04.880+0000] {dag.py:4180} INFO - Setting next_dagrun for example_task_group to None, run_after=None
[2024-10-18T09:53:05.236+0000] {processor.py:208} INFO - Processing /home/airflow/.local/lib/python3.12/site-packages/airflow/example_dags/example_task_group.py took 1.296 seconds
[2024-10-18T09:53:36.124+0000] {processor.py:186} INFO - Started process (PID=1558) to work on /home/airflow/.local/lib/python3.12/site-packages/airflow/example_dags/example_task_group.py
[2024-10-18T09:53:36.127+0000] {processor.py:914} INFO - Processing file /home/airflow/.local/lib/python3.12/site-packages/airflow/example_dags/example_task_group.py for tasks to queue
[2024-10-18T09:53:36.130+0000] {logging_mixin.py:190} INFO - [2024-10-18T09:53:36.130+0000] {dagbag.py:588} INFO - Filling up the DagBag from /home/airflow/.local/lib/python3.12/site-packages/airflow/example_dags/example_task_group.py
[2024-10-18T09:53:36.146+0000] {processor.py:925} INFO - DAG(s) 'example_task_group' retrieved from /home/airflow/.local/lib/python3.12/site-packages/airflow/example_dags/example_task_group.py
[2024-10-18T09:53:36.189+0000] {logging_mixin.py:190} INFO - [2024-10-18T09:53:36.189+0000] {dag.py:3239} INFO - Sync 1 DAGs
[2024-10-18T09:53:36.214+0000] {logging_mixin.py:190} INFO - [2024-10-18T09:53:36.214+0000] {dag.py:4180} INFO - Setting next_dagrun for example_task_group to None, run_after=None
[2024-10-18T09:53:36.247+0000] {processor.py:208} INFO - Processing /home/airflow/.local/lib/python3.12/site-packages/airflow/example_dags/example_task_group.py took 0.136 seconds
[2024-10-18T09:54:06.805+0000] {processor.py:186} INFO - Started process (PID=1852) to work on /home/airflow/.local/lib/python3.12/site-packages/airflow/example_dags/example_task_group.py
[2024-10-18T09:54:06.808+0000] {processor.py:914} INFO - Processing file /home/airflow/.local/lib/python3.12/site-packages/airflow/example_dags/example_task_group.py for tasks to queue
[2024-10-18T09:54:06.811+0000] {logging_mixin.py:190} INFO - [2024-10-18T09:54:06.811+0000] {dagbag.py:588} INFO - Filling up the DagBag from /home/airflow/.local/lib/python3.12/site-packages/airflow/example_dags/example_task_group.py
[2024-10-18T09:54:06.825+0000] {processor.py:925} INFO - DAG(s) 'example_task_group' retrieved from /home/airflow/.local/lib/python3.12/site-packages/airflow/example_dags/example_task_group.py
[2024-10-18T09:54:06.859+0000] {logging_mixin.py:190} INFO - [2024-10-18T09:54:06.858+0000] {dag.py:3239} INFO - Sync 1 DAGs
[2024-10-18T09:54:06.897+0000] {logging_mixin.py:190} INFO - [2024-10-18T09:54:06.896+0000] {dag.py:4180} INFO - Setting next_dagrun for example_task_group to None, run_after=None
[2024-10-18T09:54:06.942+0000] {processor.py:208} INFO - Processing /home/airflow/.local/lib/python3.12/site-packages/airflow/example_dags/example_task_group.py took 0.155 seconds
[2024-10-18T09:54:37.233+0000] {processor.py:186} INFO - Started process (PID=2143) to work on /home/airflow/.local/lib/python3.12/site-packages/airflow/example_dags/example_task_group.py
[2024-10-18T09:54:37.234+0000] {processor.py:914} INFO - Processing file /home/airflow/.local/lib/python3.12/site-packages/airflow/example_dags/example_task_group.py for tasks to queue
[2024-10-18T09:54:37.237+0000] {logging_mixin.py:190} INFO - [2024-10-18T09:54:37.237+0000] {dagbag.py:588} INFO - Filling up the DagBag from /home/airflow/.local/lib/python3.12/site-packages/airflow/example_dags/example_task_group.py
[2024-10-18T09:54:37.246+0000] {processor.py:925} INFO - DAG(s) 'example_task_group' retrieved from /home/airflow/.local/lib/python3.12/site-packages/airflow/example_dags/example_task_group.py
[2024-10-18T09:54:37.274+0000] {logging_mixin.py:190} INFO - [2024-10-18T09:54:37.274+0000] {dag.py:3239} INFO - Sync 1 DAGs
[2024-10-18T09:54:37.289+0000] {logging_mixin.py:190} INFO - [2024-10-18T09:54:37.289+0000] {dag.py:4180} INFO - Setting next_dagrun for example_task_group to None, run_after=None
[2024-10-18T09:54:37.314+0000] {processor.py:208} INFO - Processing /home/airflow/.local/lib/python3.12/site-packages/airflow/example_dags/example_task_group.py took 0.087 seconds
[2024-10-18T09:55:07.428+0000] {processor.py:186} INFO - Started process (PID=2431) to work on /home/airflow/.local/lib/python3.12/site-packages/airflow/example_dags/example_task_group.py
[2024-10-18T09:55:07.430+0000] {processor.py:914} INFO - Processing file /home/airflow/.local/lib/python3.12/site-packages/airflow/example_dags/example_task_group.py for tasks to queue
[2024-10-18T09:55:07.433+0000] {logging_mixin.py:190} INFO - [2024-10-18T09:55:07.433+0000] {dagbag.py:588} INFO - Filling up the DagBag from /home/airflow/.local/lib/python3.12/site-packages/airflow/example_dags/example_task_group.py
[2024-10-18T09:55:07.442+0000] {processor.py:925} INFO - DAG(s) 'example_task_group' retrieved from /home/airflow/.local/lib/python3.12/site-packages/airflow/example_dags/example_task_group.py
[2024-10-18T09:55:07.468+0000] {logging_mixin.py:190} INFO - [2024-10-18T09:55:07.468+0000] {dag.py:3239} INFO - Sync 1 DAGs
[2024-10-18T09:55:07.489+0000] {logging_mixin.py:190} INFO - [2024-10-18T09:55:07.489+0000] {dag.py:4180} INFO - Setting next_dagrun for example_task_group to None, run_after=None
[2024-10-18T09:55:07.517+0000] {processor.py:208} INFO - Processing /home/airflow/.local/lib/python3.12/site-packages/airflow/example_dags/example_task_group.py took 0.096 seconds
[2024-10-18T09:55:37.630+0000] {processor.py:186} INFO - Started process (PID=2722) to work on /home/airflow/.local/lib/python3.12/site-packages/airflow/example_dags/example_task_group.py
[2024-10-18T09:55:37.631+0000] {processor.py:914} INFO - Processing file /home/airflow/.local/lib/python3.12/site-packages/airflow/example_dags/example_task_group.py for tasks to queue
[2024-10-18T09:55:37.635+0000] {logging_mixin.py:190} INFO - [2024-10-18T09:55:37.635+0000] {dagbag.py:588} INFO - Filling up the DagBag from /home/airflow/.local/lib/python3.12/site-packages/airflow/example_dags/example_task_group.py
[2024-10-18T09:55:37.645+0000] {processor.py:925} INFO - DAG(s) 'example_task_group' retrieved from /home/airflow/.local/lib/python3.12/site-packages/airflow/example_dags/example_task_group.py
[2024-10-18T09:55:37.669+0000] {logging_mixin.py:190} INFO - [2024-10-18T09:55:37.669+0000] {dag.py:3239} INFO - Sync 1 DAGs
[2024-10-18T09:55:37.682+0000] {logging_mixin.py:190} INFO - [2024-10-18T09:55:37.682+0000] {dag.py:4180} INFO - Setting next_dagrun for example_task_group to None, run_after=None
[2024-10-18T09:55:37.704+0000] {processor.py:208} INFO - Processing /home/airflow/.local/lib/python3.12/site-packages/airflow/example_dags/example_task_group.py took 0.080 seconds
[2024-10-18T09:56:08.006+0000] {processor.py:186} INFO - Started process (PID=3013) to work on /home/airflow/.local/lib/python3.12/site-packages/airflow/example_dags/example_task_group.py
[2024-10-18T09:56:08.008+0000] {processor.py:914} INFO - Processing file /home/airflow/.local/lib/python3.12/site-packages/airflow/example_dags/example_task_group.py for tasks to queue
[2024-10-18T09:56:08.011+0000] {logging_mixin.py:190} INFO - [2024-10-18T09:56:08.010+0000] {dagbag.py:588} INFO - Filling up the DagBag from /home/airflow/.local/lib/python3.12/site-packages/airflow/example_dags/example_task_group.py
[2024-10-18T09:56:08.021+0000] {processor.py:925} INFO - DAG(s) 'example_task_group' retrieved from /home/airflow/.local/lib/python3.12/site-packages/airflow/example_dags/example_task_group.py
[2024-10-18T09:56:08.049+0000] {logging_mixin.py:190} INFO - [2024-10-18T09:56:08.049+0000] {dag.py:3239} INFO - Sync 1 DAGs
[2024-10-18T09:56:08.062+0000] {logging_mixin.py:190} INFO - [2024-10-18T09:56:08.062+0000] {dag.py:4180} INFO - Setting next_dagrun for example_task_group to None, run_after=None
[2024-10-18T09:56:08.087+0000] {processor.py:208} INFO - Processing /home/airflow/.local/lib/python3.12/site-packages/airflow/example_dags/example_task_group.py took 0.089 seconds
[2024-10-18T09:56:38.371+0000] {processor.py:186} INFO - Started process (PID=3304) to work on /home/airflow/.local/lib/python3.12/site-packages/airflow/example_dags/example_task_group.py
[2024-10-18T09:56:38.373+0000] {processor.py:914} INFO - Processing file /home/airflow/.local/lib/python3.12/site-packages/airflow/example_dags/example_task_group.py for tasks to queue
[2024-10-18T09:56:38.377+0000] {logging_mixin.py:190} INFO - [2024-10-18T09:56:38.377+0000] {dagbag.py:588} INFO - Filling up the DagBag from /home/airflow/.local/lib/python3.12/site-packages/airflow/example_dags/example_task_group.py
[2024-10-18T09:56:38.386+0000] {processor.py:925} INFO - DAG(s) 'example_task_group' retrieved from /home/airflow/.local/lib/python3.12/site-packages/airflow/example_dags/example_task_group.py
[2024-10-18T09:56:38.413+0000] {logging_mixin.py:190} INFO - [2024-10-18T09:56:38.413+0000] {dag.py:3239} INFO - Sync 1 DAGs
[2024-10-18T09:56:38.428+0000] {logging_mixin.py:190} INFO - [2024-10-18T09:56:38.428+0000] {dag.py:4180} INFO - Setting next_dagrun for example_task_group to None, run_after=None
[2024-10-18T09:56:38.453+0000] {processor.py:208} INFO - Processing /home/airflow/.local/lib/python3.12/site-packages/airflow/example_dags/example_task_group.py took 0.088 seconds
[2024-10-18T09:57:08.651+0000] {processor.py:186} INFO - Started process (PID=3596) to work on /home/airflow/.local/lib/python3.12/site-packages/airflow/example_dags/example_task_group.py
[2024-10-18T09:57:08.653+0000] {processor.py:914} INFO - Processing file /home/airflow/.local/lib/python3.12/site-packages/airflow/example_dags/example_task_group.py for tasks to queue
[2024-10-18T09:57:08.656+0000] {logging_mixin.py:190} INFO - [2024-10-18T09:57:08.656+0000] {dagbag.py:588} INFO - Filling up the DagBag from /home/airflow/.local/lib/python3.12/site-packages/airflow/example_dags/example_task_group.py
[2024-10-18T09:57:08.665+0000] {processor.py:925} INFO - DAG(s) 'example_task_group' retrieved from /home/airflow/.local/lib/python3.12/site-packages/airflow/example_dags/example_task_group.py
[2024-10-18T09:57:08.697+0000] {logging_mixin.py:190} INFO - [2024-10-18T09:57:08.697+0000] {dag.py:3239} INFO - Sync 1 DAGs
[2024-10-18T09:57:08.711+0000] {logging_mixin.py:190} INFO - [2024-10-18T09:57:08.711+0000] {dag.py:4180} INFO - Setting next_dagrun for example_task_group to None, run_after=None
[2024-10-18T09:57:08.740+0000] {processor.py:208} INFO - Processing /home/airflow/.local/lib/python3.12/site-packages/airflow/example_dags/example_task_group.py took 0.096 seconds
