[2024-10-18T09:51:25.342+0000] {processor.py:186} INFO - Started process (PID=367) to work on /home/airflow/.local/lib/python3.12/site-packages/airflow/example_dags/example_external_task_marker_dag.py
[2024-10-18T09:51:25.345+0000] {processor.py:914} INFO - Processing file /home/airflow/.local/lib/python3.12/site-packages/airflow/example_dags/example_external_task_marker_dag.py for tasks to queue
[2024-10-18T09:51:25.351+0000] {logging_mixin.py:190} INFO - [2024-10-18T09:51:25.351+0000] {dagbag.py:588} INFO - Filling up the DagBag from /home/airflow/.local/lib/python3.12/site-packages/airflow/example_dags/example_external_task_marker_dag.py
[2024-10-18T09:51:25.371+0000] {processor.py:925} INFO - DAG(s) 'example_external_task_marker_parent', 'example_external_task_marker_child' retrieved from /home/airflow/.local/lib/python3.12/site-packages/airflow/example_dags/example_external_task_marker_dag.py
[2024-10-18T09:51:25.434+0000] {logging_mixin.py:190} INFO - [2024-10-18T09:51:25.433+0000] {dag.py:3239} INFO - Sync 2 DAGs
[2024-10-18T09:51:25.473+0000] {logging_mixin.py:190} INFO - [2024-10-18T09:51:25.472+0000] {dag.py:4180} INFO - Setting next_dagrun for example_external_task_marker_child to None, run_after=None
[2024-10-18T09:51:25.482+0000] {logging_mixin.py:190} INFO - [2024-10-18T09:51:25.482+0000] {dag.py:4180} INFO - Setting next_dagrun for example_external_task_marker_parent to None, run_after=None
[2024-10-18T09:51:25.526+0000] {processor.py:208} INFO - Processing /home/airflow/.local/lib/python3.12/site-packages/airflow/example_dags/example_external_task_marker_dag.py took 0.198 seconds
[2024-10-18T09:51:58.064+0000] {processor.py:186} INFO - Started process (PID=658) to work on /home/airflow/.local/lib/python3.12/site-packages/airflow/example_dags/example_external_task_marker_dag.py
[2024-10-18T09:51:58.069+0000] {processor.py:914} INFO - Processing file /home/airflow/.local/lib/python3.12/site-packages/airflow/example_dags/example_external_task_marker_dag.py for tasks to queue
[2024-10-18T09:51:58.076+0000] {logging_mixin.py:190} INFO - [2024-10-18T09:51:58.074+0000] {dagbag.py:588} INFO - Filling up the DagBag from /home/airflow/.local/lib/python3.12/site-packages/airflow/example_dags/example_external_task_marker_dag.py
[2024-10-18T09:51:58.096+0000] {processor.py:925} INFO - DAG(s) 'example_external_task_marker_child', 'example_external_task_marker_parent' retrieved from /home/airflow/.local/lib/python3.12/site-packages/airflow/example_dags/example_external_task_marker_dag.py
[2024-10-18T09:51:58.157+0000] {logging_mixin.py:190} INFO - [2024-10-18T09:51:58.156+0000] {dag.py:3239} INFO - Sync 2 DAGs
[2024-10-18T09:51:58.188+0000] {logging_mixin.py:190} INFO - [2024-10-18T09:51:58.188+0000] {dag.py:4180} INFO - Setting next_dagrun for example_external_task_marker_child to None, run_after=None
[2024-10-18T09:51:58.197+0000] {logging_mixin.py:190} INFO - [2024-10-18T09:51:58.196+0000] {dag.py:4180} INFO - Setting next_dagrun for example_external_task_marker_parent to None, run_after=None
[2024-10-18T09:51:58.235+0000] {processor.py:208} INFO - Processing /home/airflow/.local/lib/python3.12/site-packages/airflow/example_dags/example_external_task_marker_dag.py took 0.188 seconds
[2024-10-18T09:52:31.213+0000] {processor.py:186} INFO - Started process (PID=949) to work on /home/airflow/.local/lib/python3.12/site-packages/airflow/example_dags/example_external_task_marker_dag.py
[2024-10-18T09:52:31.217+0000] {processor.py:914} INFO - Processing file /home/airflow/.local/lib/python3.12/site-packages/airflow/example_dags/example_external_task_marker_dag.py for tasks to queue
[2024-10-18T09:52:31.227+0000] {logging_mixin.py:190} INFO - [2024-10-18T09:52:31.225+0000] {dagbag.py:588} INFO - Filling up the DagBag from /home/airflow/.local/lib/python3.12/site-packages/airflow/example_dags/example_external_task_marker_dag.py
[2024-10-18T09:52:31.250+0000] {processor.py:925} INFO - DAG(s) 'example_external_task_marker_parent', 'example_external_task_marker_child' retrieved from /home/airflow/.local/lib/python3.12/site-packages/airflow/example_dags/example_external_task_marker_dag.py
[2024-10-18T09:52:31.348+0000] {logging_mixin.py:190} INFO - [2024-10-18T09:52:31.347+0000] {dag.py:3239} INFO - Sync 2 DAGs
[2024-10-18T09:52:31.395+0000] {logging_mixin.py:190} INFO - [2024-10-18T09:52:31.395+0000] {dag.py:4180} INFO - Setting next_dagrun for example_external_task_marker_child to None, run_after=None
[2024-10-18T09:52:31.407+0000] {logging_mixin.py:190} INFO - [2024-10-18T09:52:31.406+0000] {dag.py:4180} INFO - Setting next_dagrun for example_external_task_marker_parent to None, run_after=None
[2024-10-18T09:52:31.486+0000] {processor.py:208} INFO - Processing /home/airflow/.local/lib/python3.12/site-packages/airflow/example_dags/example_external_task_marker_dag.py took 0.292 seconds
[2024-10-18T09:53:02.364+0000] {processor.py:186} INFO - Started process (PID=1240) to work on /home/airflow/.local/lib/python3.12/site-packages/airflow/example_dags/example_external_task_marker_dag.py
[2024-10-18T09:53:02.367+0000] {processor.py:914} INFO - Processing file /home/airflow/.local/lib/python3.12/site-packages/airflow/example_dags/example_external_task_marker_dag.py for tasks to queue
[2024-10-18T09:53:02.372+0000] {logging_mixin.py:190} INFO - [2024-10-18T09:53:02.371+0000] {dagbag.py:588} INFO - Filling up the DagBag from /home/airflow/.local/lib/python3.12/site-packages/airflow/example_dags/example_external_task_marker_dag.py
[2024-10-18T09:53:02.388+0000] {processor.py:925} INFO - DAG(s) 'example_external_task_marker_parent', 'example_external_task_marker_child' retrieved from /home/airflow/.local/lib/python3.12/site-packages/airflow/example_dags/example_external_task_marker_dag.py
[2024-10-18T09:53:02.440+0000] {logging_mixin.py:190} INFO - [2024-10-18T09:53:02.440+0000] {dag.py:3239} INFO - Sync 2 DAGs
[2024-10-18T09:53:02.468+0000] {logging_mixin.py:190} INFO - [2024-10-18T09:53:02.467+0000] {dag.py:4180} INFO - Setting next_dagrun for example_external_task_marker_child to None, run_after=None
[2024-10-18T09:53:02.475+0000] {logging_mixin.py:190} INFO - [2024-10-18T09:53:02.475+0000] {dag.py:4180} INFO - Setting next_dagrun for example_external_task_marker_parent to None, run_after=None
[2024-10-18T09:53:02.512+0000] {processor.py:208} INFO - Processing /home/airflow/.local/lib/python3.12/site-packages/airflow/example_dags/example_external_task_marker_dag.py took 0.161 seconds
[2024-10-18T09:53:33.371+0000] {processor.py:186} INFO - Started process (PID=1533) to work on /home/airflow/.local/lib/python3.12/site-packages/airflow/example_dags/example_external_task_marker_dag.py
[2024-10-18T09:53:33.372+0000] {processor.py:914} INFO - Processing file /home/airflow/.local/lib/python3.12/site-packages/airflow/example_dags/example_external_task_marker_dag.py for tasks to queue
[2024-10-18T09:53:33.376+0000] {logging_mixin.py:190} INFO - [2024-10-18T09:53:33.376+0000] {dagbag.py:588} INFO - Filling up the DagBag from /home/airflow/.local/lib/python3.12/site-packages/airflow/example_dags/example_external_task_marker_dag.py
[2024-10-18T09:53:33.391+0000] {processor.py:925} INFO - DAG(s) 'example_external_task_marker_child', 'example_external_task_marker_parent' retrieved from /home/airflow/.local/lib/python3.12/site-packages/airflow/example_dags/example_external_task_marker_dag.py
[2024-10-18T09:53:33.439+0000] {logging_mixin.py:190} INFO - [2024-10-18T09:53:33.438+0000] {dag.py:3239} INFO - Sync 2 DAGs
[2024-10-18T09:53:33.470+0000] {logging_mixin.py:190} INFO - [2024-10-18T09:53:33.468+0000] {dag.py:4180} INFO - Setting next_dagrun for example_external_task_marker_child to None, run_after=None
[2024-10-18T09:53:33.477+0000] {logging_mixin.py:190} INFO - [2024-10-18T09:53:33.476+0000] {dag.py:4180} INFO - Setting next_dagrun for example_external_task_marker_parent to None, run_after=None
[2024-10-18T09:53:33.512+0000] {processor.py:208} INFO - Processing /home/airflow/.local/lib/python3.12/site-packages/airflow/example_dags/example_external_task_marker_dag.py took 0.152 seconds
[2024-10-18T09:54:04.180+0000] {processor.py:186} INFO - Started process (PID=1822) to work on /home/airflow/.local/lib/python3.12/site-packages/airflow/example_dags/example_external_task_marker_dag.py
[2024-10-18T09:54:04.182+0000] {processor.py:914} INFO - Processing file /home/airflow/.local/lib/python3.12/site-packages/airflow/example_dags/example_external_task_marker_dag.py for tasks to queue
[2024-10-18T09:54:04.188+0000] {logging_mixin.py:190} INFO - [2024-10-18T09:54:04.187+0000] {dagbag.py:588} INFO - Filling up the DagBag from /home/airflow/.local/lib/python3.12/site-packages/airflow/example_dags/example_external_task_marker_dag.py
[2024-10-18T09:54:04.206+0000] {processor.py:925} INFO - DAG(s) 'example_external_task_marker_parent', 'example_external_task_marker_child' retrieved from /home/airflow/.local/lib/python3.12/site-packages/airflow/example_dags/example_external_task_marker_dag.py
[2024-10-18T09:54:04.259+0000] {logging_mixin.py:190} INFO - [2024-10-18T09:54:04.259+0000] {dag.py:3239} INFO - Sync 2 DAGs
[2024-10-18T09:54:04.289+0000] {logging_mixin.py:190} INFO - [2024-10-18T09:54:04.289+0000] {dag.py:4180} INFO - Setting next_dagrun for example_external_task_marker_child to None, run_after=None
[2024-10-18T09:54:04.297+0000] {logging_mixin.py:190} INFO - [2024-10-18T09:54:04.297+0000] {dag.py:4180} INFO - Setting next_dagrun for example_external_task_marker_parent to None, run_after=None
[2024-10-18T09:54:04.333+0000] {processor.py:208} INFO - Processing /home/airflow/.local/lib/python3.12/site-packages/airflow/example_dags/example_external_task_marker_dag.py took 0.166 seconds
[2024-10-18T09:54:34.705+0000] {processor.py:186} INFO - Started process (PID=2113) to work on /home/airflow/.local/lib/python3.12/site-packages/airflow/example_dags/example_external_task_marker_dag.py
[2024-10-18T09:54:34.707+0000] {processor.py:914} INFO - Processing file /home/airflow/.local/lib/python3.12/site-packages/airflow/example_dags/example_external_task_marker_dag.py for tasks to queue
[2024-10-18T09:54:34.711+0000] {logging_mixin.py:190} INFO - [2024-10-18T09:54:34.710+0000] {dagbag.py:588} INFO - Filling up the DagBag from /home/airflow/.local/lib/python3.12/site-packages/airflow/example_dags/example_external_task_marker_dag.py
[2024-10-18T09:54:34.725+0000] {processor.py:925} INFO - DAG(s) 'example_external_task_marker_parent', 'example_external_task_marker_child' retrieved from /home/airflow/.local/lib/python3.12/site-packages/airflow/example_dags/example_external_task_marker_dag.py
[2024-10-18T09:54:34.764+0000] {logging_mixin.py:190} INFO - [2024-10-18T09:54:34.764+0000] {dag.py:3239} INFO - Sync 2 DAGs
[2024-10-18T09:54:34.790+0000] {logging_mixin.py:190} INFO - [2024-10-18T09:54:34.789+0000] {dag.py:4180} INFO - Setting next_dagrun for example_external_task_marker_child to None, run_after=None
[2024-10-18T09:54:34.796+0000] {logging_mixin.py:190} INFO - [2024-10-18T09:54:34.796+0000] {dag.py:4180} INFO - Setting next_dagrun for example_external_task_marker_parent to None, run_after=None
[2024-10-18T09:54:34.823+0000] {processor.py:208} INFO - Processing /home/airflow/.local/lib/python3.12/site-packages/airflow/example_dags/example_external_task_marker_dag.py took 0.126 seconds
[2024-10-18T09:55:04.988+0000] {processor.py:186} INFO - Started process (PID=2404) to work on /home/airflow/.local/lib/python3.12/site-packages/airflow/example_dags/example_external_task_marker_dag.py
[2024-10-18T09:55:04.989+0000] {processor.py:914} INFO - Processing file /home/airflow/.local/lib/python3.12/site-packages/airflow/example_dags/example_external_task_marker_dag.py for tasks to queue
[2024-10-18T09:55:04.991+0000] {logging_mixin.py:190} INFO - [2024-10-18T09:55:04.991+0000] {dagbag.py:588} INFO - Filling up the DagBag from /home/airflow/.local/lib/python3.12/site-packages/airflow/example_dags/example_external_task_marker_dag.py
[2024-10-18T09:55:04.999+0000] {processor.py:925} INFO - DAG(s) 'example_external_task_marker_child', 'example_external_task_marker_parent' retrieved from /home/airflow/.local/lib/python3.12/site-packages/airflow/example_dags/example_external_task_marker_dag.py
[2024-10-18T09:55:05.027+0000] {logging_mixin.py:190} INFO - [2024-10-18T09:55:05.027+0000] {dag.py:3239} INFO - Sync 2 DAGs
[2024-10-18T09:55:05.042+0000] {logging_mixin.py:190} INFO - [2024-10-18T09:55:05.042+0000] {dag.py:4180} INFO - Setting next_dagrun for example_external_task_marker_child to None, run_after=None
[2024-10-18T09:55:05.046+0000] {logging_mixin.py:190} INFO - [2024-10-18T09:55:05.046+0000] {dag.py:4180} INFO - Setting next_dagrun for example_external_task_marker_parent to None, run_after=None
[2024-10-18T09:55:05.063+0000] {processor.py:208} INFO - Processing /home/airflow/.local/lib/python3.12/site-packages/airflow/example_dags/example_external_task_marker_dag.py took 0.081 seconds
[2024-10-18T09:55:36.163+0000] {processor.py:186} INFO - Started process (PID=2697) to work on /home/airflow/.local/lib/python3.12/site-packages/airflow/example_dags/example_external_task_marker_dag.py
[2024-10-18T09:55:36.165+0000] {processor.py:914} INFO - Processing file /home/airflow/.local/lib/python3.12/site-packages/airflow/example_dags/example_external_task_marker_dag.py for tasks to queue
[2024-10-18T09:55:36.168+0000] {logging_mixin.py:190} INFO - [2024-10-18T09:55:36.167+0000] {dagbag.py:588} INFO - Filling up the DagBag from /home/airflow/.local/lib/python3.12/site-packages/airflow/example_dags/example_external_task_marker_dag.py
[2024-10-18T09:55:36.175+0000] {processor.py:925} INFO - DAG(s) 'example_external_task_marker_child', 'example_external_task_marker_parent' retrieved from /home/airflow/.local/lib/python3.12/site-packages/airflow/example_dags/example_external_task_marker_dag.py
[2024-10-18T09:55:36.202+0000] {logging_mixin.py:190} INFO - [2024-10-18T09:55:36.201+0000] {dag.py:3239} INFO - Sync 2 DAGs
[2024-10-18T09:55:36.215+0000] {logging_mixin.py:190} INFO - [2024-10-18T09:55:36.214+0000] {dag.py:4180} INFO - Setting next_dagrun for example_external_task_marker_child to None, run_after=None
[2024-10-18T09:55:36.219+0000] {logging_mixin.py:190} INFO - [2024-10-18T09:55:36.219+0000] {dag.py:4180} INFO - Setting next_dagrun for example_external_task_marker_parent to None, run_after=None
[2024-10-18T09:55:36.238+0000] {processor.py:208} INFO - Processing /home/airflow/.local/lib/python3.12/site-packages/airflow/example_dags/example_external_task_marker_dag.py took 0.080 seconds
[2024-10-18T09:56:06.478+0000] {processor.py:186} INFO - Started process (PID=2988) to work on /home/airflow/.local/lib/python3.12/site-packages/airflow/example_dags/example_external_task_marker_dag.py
[2024-10-18T09:56:06.480+0000] {processor.py:914} INFO - Processing file /home/airflow/.local/lib/python3.12/site-packages/airflow/example_dags/example_external_task_marker_dag.py for tasks to queue
[2024-10-18T09:56:06.483+0000] {logging_mixin.py:190} INFO - [2024-10-18T09:56:06.483+0000] {dagbag.py:588} INFO - Filling up the DagBag from /home/airflow/.local/lib/python3.12/site-packages/airflow/example_dags/example_external_task_marker_dag.py
[2024-10-18T09:56:06.493+0000] {processor.py:925} INFO - DAG(s) 'example_external_task_marker_parent', 'example_external_task_marker_child' retrieved from /home/airflow/.local/lib/python3.12/site-packages/airflow/example_dags/example_external_task_marker_dag.py
[2024-10-18T09:56:06.530+0000] {logging_mixin.py:190} INFO - [2024-10-18T09:56:06.530+0000] {dag.py:3239} INFO - Sync 2 DAGs
[2024-10-18T09:56:06.549+0000] {logging_mixin.py:190} INFO - [2024-10-18T09:56:06.548+0000] {dag.py:4180} INFO - Setting next_dagrun for example_external_task_marker_child to None, run_after=None
[2024-10-18T09:56:06.554+0000] {logging_mixin.py:190} INFO - [2024-10-18T09:56:06.554+0000] {dag.py:4180} INFO - Setting next_dagrun for example_external_task_marker_parent to None, run_after=None
[2024-10-18T09:56:06.576+0000] {processor.py:208} INFO - Processing /home/airflow/.local/lib/python3.12/site-packages/airflow/example_dags/example_external_task_marker_dag.py took 0.105 seconds
[2024-10-18T09:56:36.823+0000] {processor.py:186} INFO - Started process (PID=3279) to work on /home/airflow/.local/lib/python3.12/site-packages/airflow/example_dags/example_external_task_marker_dag.py
[2024-10-18T09:56:36.824+0000] {processor.py:914} INFO - Processing file /home/airflow/.local/lib/python3.12/site-packages/airflow/example_dags/example_external_task_marker_dag.py for tasks to queue
[2024-10-18T09:56:36.826+0000] {logging_mixin.py:190} INFO - [2024-10-18T09:56:36.826+0000] {dagbag.py:588} INFO - Filling up the DagBag from /home/airflow/.local/lib/python3.12/site-packages/airflow/example_dags/example_external_task_marker_dag.py
[2024-10-18T09:56:36.835+0000] {processor.py:925} INFO - DAG(s) 'example_external_task_marker_child', 'example_external_task_marker_parent' retrieved from /home/airflow/.local/lib/python3.12/site-packages/airflow/example_dags/example_external_task_marker_dag.py
[2024-10-18T09:56:36.862+0000] {logging_mixin.py:190} INFO - [2024-10-18T09:56:36.861+0000] {dag.py:3239} INFO - Sync 2 DAGs
[2024-10-18T09:56:36.879+0000] {logging_mixin.py:190} INFO - [2024-10-18T09:56:36.879+0000] {dag.py:4180} INFO - Setting next_dagrun for example_external_task_marker_child to None, run_after=None
[2024-10-18T09:56:36.885+0000] {logging_mixin.py:190} INFO - [2024-10-18T09:56:36.884+0000] {dag.py:4180} INFO - Setting next_dagrun for example_external_task_marker_parent to None, run_after=None
[2024-10-18T09:56:36.905+0000] {processor.py:208} INFO - Processing /home/airflow/.local/lib/python3.12/site-packages/airflow/example_dags/example_external_task_marker_dag.py took 0.090 seconds
[2024-10-18T09:57:07.144+0000] {processor.py:186} INFO - Started process (PID=3571) to work on /home/airflow/.local/lib/python3.12/site-packages/airflow/example_dags/example_external_task_marker_dag.py
[2024-10-18T09:57:07.146+0000] {processor.py:914} INFO - Processing file /home/airflow/.local/lib/python3.12/site-packages/airflow/example_dags/example_external_task_marker_dag.py for tasks to queue
[2024-10-18T09:57:07.148+0000] {logging_mixin.py:190} INFO - [2024-10-18T09:57:07.148+0000] {dagbag.py:588} INFO - Filling up the DagBag from /home/airflow/.local/lib/python3.12/site-packages/airflow/example_dags/example_external_task_marker_dag.py
[2024-10-18T09:57:07.155+0000] {processor.py:925} INFO - DAG(s) 'example_external_task_marker_child', 'example_external_task_marker_parent' retrieved from /home/airflow/.local/lib/python3.12/site-packages/airflow/example_dags/example_external_task_marker_dag.py
[2024-10-18T09:57:07.179+0000] {logging_mixin.py:190} INFO - [2024-10-18T09:57:07.178+0000] {dag.py:3239} INFO - Sync 2 DAGs
[2024-10-18T09:57:07.193+0000] {logging_mixin.py:190} INFO - [2024-10-18T09:57:07.192+0000] {dag.py:4180} INFO - Setting next_dagrun for example_external_task_marker_child to None, run_after=None
[2024-10-18T09:57:07.197+0000] {logging_mixin.py:190} INFO - [2024-10-18T09:57:07.197+0000] {dag.py:4180} INFO - Setting next_dagrun for example_external_task_marker_parent to None, run_after=None
[2024-10-18T09:57:07.221+0000] {processor.py:208} INFO - Processing /home/airflow/.local/lib/python3.12/site-packages/airflow/example_dags/example_external_task_marker_dag.py took 0.082 seconds
