[2024-10-18T09:51:26.087+0000] {processor.py:186} INFO - Started process (PID=389) to work on /home/airflow/.local/lib/python3.12/site-packages/airflow/example_dags/example_datasets.py
[2024-10-18T09:51:26.089+0000] {processor.py:914} INFO - Processing file /home/airflow/.local/lib/python3.12/site-packages/airflow/example_dags/example_datasets.py for tasks to queue
[2024-10-18T09:51:26.094+0000] {logging_mixin.py:190} INFO - [2024-10-18T09:51:26.093+0000] {dagbag.py:588} INFO - Filling up the DagBag from /home/airflow/.local/lib/python3.12/site-packages/airflow/example_dags/example_datasets.py
[2024-10-18T09:51:26.126+0000] {processor.py:925} INFO - DAG(s) 'dataset_produces_1', 'dataset_produces_2', 'dataset_consumes_1_never_scheduled', 'dataset_consumes_1_and_2', 'consume_1_or_2_with_dataset_expressions', 'dataset_consumes_unknown_never_scheduled', 'conditional_dataset_and_time_based_timetable', 'consume_1_or_both_2_and_3_with_dataset_expressions', 'dataset_consumes_1', 'consume_1_and_2_with_dataset_expressions' retrieved from /home/airflow/.local/lib/python3.12/site-packages/airflow/example_dags/example_datasets.py
[2024-10-18T09:51:26.221+0000] {logging_mixin.py:190} INFO - [2024-10-18T09:51:26.220+0000] {dag.py:3239} INFO - Sync 10 DAGs
[2024-10-18T09:51:26.273+0000] {logging_mixin.py:190} INFO - [2024-10-18T09:51:26.272+0000] {dag.py:4180} INFO - Setting next_dagrun for conditional_dataset_and_time_based_timetable to 2024-10-16 01:00:00+00:00, run_after=2024-10-16 01:00:00+00:00
[2024-10-18T09:51:26.280+0000] {logging_mixin.py:190} INFO - [2024-10-18T09:51:26.280+0000] {dag.py:4180} INFO - Setting next_dagrun for consume_1_and_2_with_dataset_expressions to None, run_after=None
[2024-10-18T09:51:26.283+0000] {logging_mixin.py:190} INFO - [2024-10-18T09:51:26.283+0000] {dag.py:4180} INFO - Setting next_dagrun for consume_1_or_2_with_dataset_expressions to None, run_after=None
[2024-10-18T09:51:26.287+0000] {logging_mixin.py:190} INFO - [2024-10-18T09:51:26.286+0000] {dag.py:4180} INFO - Setting next_dagrun for consume_1_or_both_2_and_3_with_dataset_expressions to None, run_after=None
[2024-10-18T09:51:26.290+0000] {logging_mixin.py:190} INFO - [2024-10-18T09:51:26.290+0000] {dag.py:4180} INFO - Setting next_dagrun for dataset_consumes_1 to None, run_after=None
[2024-10-18T09:51:26.294+0000] {logging_mixin.py:190} INFO - [2024-10-18T09:51:26.294+0000] {dag.py:4180} INFO - Setting next_dagrun for dataset_consumes_1_and_2 to None, run_after=None
[2024-10-18T09:51:26.297+0000] {logging_mixin.py:190} INFO - [2024-10-18T09:51:26.297+0000] {dag.py:4180} INFO - Setting next_dagrun for dataset_consumes_1_never_scheduled to None, run_after=None
[2024-10-18T09:51:26.301+0000] {logging_mixin.py:190} INFO - [2024-10-18T09:51:26.300+0000] {dag.py:4180} INFO - Setting next_dagrun for dataset_consumes_unknown_never_scheduled to None, run_after=None
[2024-10-18T09:51:26.307+0000] {logging_mixin.py:190} INFO - [2024-10-18T09:51:26.306+0000] {dag.py:4180} INFO - Setting next_dagrun for dataset_produces_1 to 2024-10-17 00:00:00+00:00, run_after=2024-10-18 00:00:00+00:00
[2024-10-18T09:51:26.310+0000] {logging_mixin.py:190} INFO - [2024-10-18T09:51:26.310+0000] {dag.py:4180} INFO - Setting next_dagrun for dataset_produces_2 to None, run_after=None
[2024-10-18T09:51:26.381+0000] {processor.py:208} INFO - Processing /home/airflow/.local/lib/python3.12/site-packages/airflow/example_dags/example_datasets.py took 0.305 seconds
[2024-10-18T09:51:58.610+0000] {processor.py:186} INFO - Started process (PID=678) to work on /home/airflow/.local/lib/python3.12/site-packages/airflow/example_dags/example_datasets.py
[2024-10-18T09:51:58.614+0000] {processor.py:914} INFO - Processing file /home/airflow/.local/lib/python3.12/site-packages/airflow/example_dags/example_datasets.py for tasks to queue
[2024-10-18T09:51:58.622+0000] {logging_mixin.py:190} INFO - [2024-10-18T09:51:58.621+0000] {dagbag.py:588} INFO - Filling up the DagBag from /home/airflow/.local/lib/python3.12/site-packages/airflow/example_dags/example_datasets.py
[2024-10-18T09:51:58.674+0000] {processor.py:925} INFO - DAG(s) 'consume_1_or_both_2_and_3_with_dataset_expressions', 'dataset_consumes_1', 'conditional_dataset_and_time_based_timetable', 'consume_1_or_2_with_dataset_expressions', 'dataset_produces_1', 'dataset_produces_2', 'dataset_consumes_unknown_never_scheduled', 'consume_1_and_2_with_dataset_expressions', 'dataset_consumes_1_never_scheduled', 'dataset_consumes_1_and_2' retrieved from /home/airflow/.local/lib/python3.12/site-packages/airflow/example_dags/example_datasets.py
[2024-10-18T09:51:59.085+0000] {logging_mixin.py:190} INFO - [2024-10-18T09:51:59.084+0000] {dag.py:3239} INFO - Sync 10 DAGs
[2024-10-18T09:51:59.125+0000] {logging_mixin.py:190} INFO - [2024-10-18T09:51:59.124+0000] {dag.py:3262} INFO - Creating ORM DAG for conditional_dataset_and_time_based_timetable
[2024-10-18T09:51:59.127+0000] {logging_mixin.py:190} INFO - [2024-10-18T09:51:59.127+0000] {dag.py:3262} INFO - Creating ORM DAG for consume_1_and_2_with_dataset_expressions
[2024-10-18T09:51:59.158+0000] {logging_mixin.py:190} INFO - [2024-10-18T09:51:59.158+0000] {dag.py:4180} INFO - Setting next_dagrun for conditional_dataset_and_time_based_timetable to 2024-10-16 01:00:00+00:00, run_after=2024-10-16 01:00:00+00:00
[2024-10-18T09:51:59.161+0000] {logging_mixin.py:190} INFO - [2024-10-18T09:51:59.161+0000] {dag.py:4180} INFO - Setting next_dagrun for consume_1_and_2_with_dataset_expressions to None, run_after=None
[2024-10-18T09:51:59.163+0000] {logging_mixin.py:190} INFO - [2024-10-18T09:51:59.162+0000] {dag.py:4180} INFO - Setting next_dagrun for consume_1_or_2_with_dataset_expressions to None, run_after=None
[2024-10-18T09:51:59.172+0000] {logging_mixin.py:190} INFO - [2024-10-18T09:51:59.172+0000] {dag.py:4180} INFO - Setting next_dagrun for consume_1_or_both_2_and_3_with_dataset_expressions to None, run_after=None
[2024-10-18T09:51:59.176+0000] {logging_mixin.py:190} INFO - [2024-10-18T09:51:59.176+0000] {dag.py:4180} INFO - Setting next_dagrun for dataset_consumes_1 to None, run_after=None
[2024-10-18T09:51:59.180+0000] {logging_mixin.py:190} INFO - [2024-10-18T09:51:59.179+0000] {dag.py:4180} INFO - Setting next_dagrun for dataset_consumes_1_and_2 to None, run_after=None
[2024-10-18T09:51:59.186+0000] {logging_mixin.py:190} INFO - [2024-10-18T09:51:59.186+0000] {dag.py:4180} INFO - Setting next_dagrun for dataset_consumes_1_never_scheduled to None, run_after=None
[2024-10-18T09:51:59.190+0000] {logging_mixin.py:190} INFO - [2024-10-18T09:51:59.190+0000] {dag.py:4180} INFO - Setting next_dagrun for dataset_consumes_unknown_never_scheduled to None, run_after=None
[2024-10-18T09:51:59.197+0000] {logging_mixin.py:190} INFO - [2024-10-18T09:51:59.197+0000] {dag.py:4180} INFO - Setting next_dagrun for dataset_produces_1 to 2024-10-17 00:00:00+00:00, run_after=2024-10-18 00:00:00+00:00
[2024-10-18T09:51:59.203+0000] {logging_mixin.py:190} INFO - [2024-10-18T09:51:59.203+0000] {dag.py:4180} INFO - Setting next_dagrun for dataset_produces_2 to None, run_after=None
[2024-10-18T09:51:59.346+0000] {processor.py:208} INFO - Processing /home/airflow/.local/lib/python3.12/site-packages/airflow/example_dags/example_datasets.py took 0.752 seconds
[2024-10-18T09:52:32.195+0000] {processor.py:186} INFO - Started process (PID=971) to work on /home/airflow/.local/lib/python3.12/site-packages/airflow/example_dags/example_datasets.py
[2024-10-18T09:52:32.199+0000] {processor.py:914} INFO - Processing file /home/airflow/.local/lib/python3.12/site-packages/airflow/example_dags/example_datasets.py for tasks to queue
[2024-10-18T09:52:32.213+0000] {logging_mixin.py:190} INFO - [2024-10-18T09:52:32.212+0000] {dagbag.py:588} INFO - Filling up the DagBag from /home/airflow/.local/lib/python3.12/site-packages/airflow/example_dags/example_datasets.py
[2024-10-18T09:52:32.300+0000] {processor.py:925} INFO - DAG(s) 'dataset_produces_1', 'conditional_dataset_and_time_based_timetable', 'dataset_consumes_1', 'dataset_consumes_unknown_never_scheduled', 'dataset_consumes_1_and_2', 'consume_1_or_both_2_and_3_with_dataset_expressions', 'dataset_consumes_1_never_scheduled', 'consume_1_or_2_with_dataset_expressions', 'dataset_produces_2', 'consume_1_and_2_with_dataset_expressions' retrieved from /home/airflow/.local/lib/python3.12/site-packages/airflow/example_dags/example_datasets.py
[2024-10-18T09:52:32.836+0000] {logging_mixin.py:190} INFO - [2024-10-18T09:52:32.835+0000] {dag.py:3239} INFO - Sync 10 DAGs
[2024-10-18T09:52:33.167+0000] {logging_mixin.py:190} INFO - [2024-10-18T09:52:33.166+0000] {dag.py:3262} INFO - Creating ORM DAG for conditional_dataset_and_time_based_timetable
[2024-10-18T09:52:33.170+0000] {logging_mixin.py:190} INFO - [2024-10-18T09:52:33.170+0000] {dag.py:3262} INFO - Creating ORM DAG for consume_1_or_2_with_dataset_expressions
[2024-10-18T09:52:33.173+0000] {logging_mixin.py:190} INFO - [2024-10-18T09:52:33.172+0000] {dag.py:3262} INFO - Creating ORM DAG for consume_1_and_2_with_dataset_expressions
[2024-10-18T09:52:33.312+0000] {logging_mixin.py:190} INFO - [2024-10-18T09:52:33.312+0000] {dag.py:4180} INFO - Setting next_dagrun for conditional_dataset_and_time_based_timetable to 2024-10-16 01:00:00+00:00, run_after=2024-10-16 01:00:00+00:00
[2024-10-18T09:52:33.316+0000] {logging_mixin.py:190} INFO - [2024-10-18T09:52:33.315+0000] {dag.py:4180} INFO - Setting next_dagrun for consume_1_and_2_with_dataset_expressions to None, run_after=None
[2024-10-18T09:52:33.317+0000] {logging_mixin.py:190} INFO - [2024-10-18T09:52:33.317+0000] {dag.py:4180} INFO - Setting next_dagrun for consume_1_or_2_with_dataset_expressions to None, run_after=None
[2024-10-18T09:52:33.320+0000] {logging_mixin.py:190} INFO - [2024-10-18T09:52:33.319+0000] {dag.py:4180} INFO - Setting next_dagrun for consume_1_or_both_2_and_3_with_dataset_expressions to None, run_after=None
[2024-10-18T09:52:33.333+0000] {logging_mixin.py:190} INFO - [2024-10-18T09:52:33.332+0000] {dag.py:4180} INFO - Setting next_dagrun for dataset_consumes_1 to None, run_after=None
[2024-10-18T09:52:33.337+0000] {logging_mixin.py:190} INFO - [2024-10-18T09:52:33.336+0000] {dag.py:4180} INFO - Setting next_dagrun for dataset_consumes_1_and_2 to None, run_after=None
[2024-10-18T09:52:33.340+0000] {logging_mixin.py:190} INFO - [2024-10-18T09:52:33.340+0000] {dag.py:4180} INFO - Setting next_dagrun for dataset_consumes_1_never_scheduled to None, run_after=None
[2024-10-18T09:52:33.344+0000] {logging_mixin.py:190} INFO - [2024-10-18T09:52:33.343+0000] {dag.py:4180} INFO - Setting next_dagrun for dataset_consumes_unknown_never_scheduled to None, run_after=None
[2024-10-18T09:52:33.351+0000] {logging_mixin.py:190} INFO - [2024-10-18T09:52:33.351+0000] {dag.py:4180} INFO - Setting next_dagrun for dataset_produces_1 to 2024-10-17 00:00:00+00:00, run_after=2024-10-18 00:00:00+00:00
[2024-10-18T09:52:33.355+0000] {logging_mixin.py:190} INFO - [2024-10-18T09:52:33.354+0000] {dag.py:4180} INFO - Setting next_dagrun for dataset_produces_2 to None, run_after=None
[2024-10-18T09:52:33.504+0000] {processor.py:208} INFO - Processing /home/airflow/.local/lib/python3.12/site-packages/airflow/example_dags/example_datasets.py took 1.329 seconds
[2024-10-18T09:53:03.952+0000] {processor.py:186} INFO - Started process (PID=1267) to work on /home/airflow/.local/lib/python3.12/site-packages/airflow/example_dags/example_datasets.py
[2024-10-18T09:53:03.955+0000] {processor.py:914} INFO - Processing file /home/airflow/.local/lib/python3.12/site-packages/airflow/example_dags/example_datasets.py for tasks to queue
[2024-10-18T09:53:03.968+0000] {logging_mixin.py:190} INFO - [2024-10-18T09:53:03.964+0000] {dagbag.py:588} INFO - Filling up the DagBag from /home/airflow/.local/lib/python3.12/site-packages/airflow/example_dags/example_datasets.py
[2024-10-18T09:53:04.283+0000] {processor.py:925} INFO - DAG(s) 'dataset_produces_1', 'dataset_consumes_unknown_never_scheduled', 'dataset_consumes_1', 'dataset_consumes_1_and_2', 'consume_1_or_2_with_dataset_expressions', 'dataset_consumes_1_never_scheduled', 'consume_1_and_2_with_dataset_expressions', 'dataset_produces_2', 'conditional_dataset_and_time_based_timetable', 'consume_1_or_both_2_and_3_with_dataset_expressions' retrieved from /home/airflow/.local/lib/python3.12/site-packages/airflow/example_dags/example_datasets.py
[2024-10-18T09:53:05.654+0000] {logging_mixin.py:190} INFO - [2024-10-18T09:53:05.653+0000] {dag.py:3239} INFO - Sync 10 DAGs
[2024-10-18T09:53:05.736+0000] {logging_mixin.py:190} INFO - [2024-10-18T09:53:05.735+0000] {dag.py:3262} INFO - Creating ORM DAG for conditional_dataset_and_time_based_timetable
[2024-10-18T09:53:05.823+0000] {logging_mixin.py:190} INFO - [2024-10-18T09:53:05.822+0000] {dag.py:4180} INFO - Setting next_dagrun for conditional_dataset_and_time_based_timetable to 2024-10-16 01:00:00+00:00, run_after=2024-10-16 01:00:00+00:00
[2024-10-18T09:53:05.827+0000] {logging_mixin.py:190} INFO - [2024-10-18T09:53:05.827+0000] {dag.py:4180} INFO - Setting next_dagrun for consume_1_and_2_with_dataset_expressions to None, run_after=None
[2024-10-18T09:53:05.841+0000] {logging_mixin.py:190} INFO - [2024-10-18T09:53:05.840+0000] {dag.py:4180} INFO - Setting next_dagrun for consume_1_or_2_with_dataset_expressions to None, run_after=None
[2024-10-18T09:53:05.846+0000] {logging_mixin.py:190} INFO - [2024-10-18T09:53:05.845+0000] {dag.py:4180} INFO - Setting next_dagrun for consume_1_or_both_2_and_3_with_dataset_expressions to None, run_after=None
[2024-10-18T09:53:05.851+0000] {logging_mixin.py:190} INFO - [2024-10-18T09:53:05.850+0000] {dag.py:4180} INFO - Setting next_dagrun for dataset_consumes_1 to None, run_after=None
[2024-10-18T09:53:05.857+0000] {logging_mixin.py:190} INFO - [2024-10-18T09:53:05.856+0000] {dag.py:4180} INFO - Setting next_dagrun for dataset_consumes_1_and_2 to None, run_after=None
[2024-10-18T09:53:05.862+0000] {logging_mixin.py:190} INFO - [2024-10-18T09:53:05.861+0000] {dag.py:4180} INFO - Setting next_dagrun for dataset_consumes_1_never_scheduled to None, run_after=None
[2024-10-18T09:53:05.872+0000] {logging_mixin.py:190} INFO - [2024-10-18T09:53:05.871+0000] {dag.py:4180} INFO - Setting next_dagrun for dataset_consumes_unknown_never_scheduled to None, run_after=None
[2024-10-18T09:53:05.883+0000] {logging_mixin.py:190} INFO - [2024-10-18T09:53:05.882+0000] {dag.py:4180} INFO - Setting next_dagrun for dataset_produces_1 to 2024-10-17 00:00:00+00:00, run_after=2024-10-18 00:00:00+00:00
[2024-10-18T09:53:05.890+0000] {logging_mixin.py:190} INFO - [2024-10-18T09:53:05.889+0000] {dag.py:4180} INFO - Setting next_dagrun for dataset_produces_2 to None, run_after=None
[2024-10-18T09:53:06.104+0000] {processor.py:208} INFO - Processing /home/airflow/.local/lib/python3.12/site-packages/airflow/example_dags/example_datasets.py took 2.167 seconds
[2024-10-18T09:53:36.361+0000] {processor.py:186} INFO - Started process (PID=1563) to work on /home/airflow/.local/lib/python3.12/site-packages/airflow/example_dags/example_datasets.py
[2024-10-18T09:53:36.364+0000] {processor.py:914} INFO - Processing file /home/airflow/.local/lib/python3.12/site-packages/airflow/example_dags/example_datasets.py for tasks to queue
[2024-10-18T09:53:36.374+0000] {logging_mixin.py:190} INFO - [2024-10-18T09:53:36.373+0000] {dagbag.py:588} INFO - Filling up the DagBag from /home/airflow/.local/lib/python3.12/site-packages/airflow/example_dags/example_datasets.py
[2024-10-18T09:53:36.419+0000] {processor.py:925} INFO - DAG(s) 'consume_1_or_2_with_dataset_expressions', 'consume_1_or_both_2_and_3_with_dataset_expressions', 'dataset_consumes_unknown_never_scheduled', 'dataset_produces_1', 'dataset_produces_2', 'conditional_dataset_and_time_based_timetable', 'consume_1_and_2_with_dataset_expressions', 'dataset_consumes_1', 'dataset_consumes_1_never_scheduled', 'dataset_consumes_1_and_2' retrieved from /home/airflow/.local/lib/python3.12/site-packages/airflow/example_dags/example_datasets.py
[2024-10-18T09:53:36.527+0000] {logging_mixin.py:190} INFO - [2024-10-18T09:53:36.527+0000] {dag.py:3239} INFO - Sync 10 DAGs
[2024-10-18T09:53:36.592+0000] {logging_mixin.py:190} INFO - [2024-10-18T09:53:36.592+0000] {dag.py:4180} INFO - Setting next_dagrun for conditional_dataset_and_time_based_timetable to 2024-10-16 01:00:00+00:00, run_after=2024-10-16 01:00:00+00:00
[2024-10-18T09:53:36.599+0000] {logging_mixin.py:190} INFO - [2024-10-18T09:53:36.599+0000] {dag.py:4180} INFO - Setting next_dagrun for consume_1_and_2_with_dataset_expressions to None, run_after=None
[2024-10-18T09:53:36.605+0000] {logging_mixin.py:190} INFO - [2024-10-18T09:53:36.603+0000] {dag.py:4180} INFO - Setting next_dagrun for consume_1_or_2_with_dataset_expressions to None, run_after=None
[2024-10-18T09:53:36.608+0000] {logging_mixin.py:190} INFO - [2024-10-18T09:53:36.608+0000] {dag.py:4180} INFO - Setting next_dagrun for consume_1_or_both_2_and_3_with_dataset_expressions to None, run_after=None
[2024-10-18T09:53:36.611+0000] {logging_mixin.py:190} INFO - [2024-10-18T09:53:36.611+0000] {dag.py:4180} INFO - Setting next_dagrun for dataset_consumes_1 to None, run_after=None
[2024-10-18T09:53:36.614+0000] {logging_mixin.py:190} INFO - [2024-10-18T09:53:36.614+0000] {dag.py:4180} INFO - Setting next_dagrun for dataset_consumes_1_and_2 to None, run_after=None
[2024-10-18T09:53:36.617+0000] {logging_mixin.py:190} INFO - [2024-10-18T09:53:36.617+0000] {dag.py:4180} INFO - Setting next_dagrun for dataset_consumes_1_never_scheduled to None, run_after=None
[2024-10-18T09:53:36.622+0000] {logging_mixin.py:190} INFO - [2024-10-18T09:53:36.622+0000] {dag.py:4180} INFO - Setting next_dagrun for dataset_consumes_unknown_never_scheduled to None, run_after=None
[2024-10-18T09:53:36.628+0000] {logging_mixin.py:190} INFO - [2024-10-18T09:53:36.628+0000] {dag.py:4180} INFO - Setting next_dagrun for dataset_produces_1 to 2024-10-17 00:00:00+00:00, run_after=2024-10-18 00:00:00+00:00
[2024-10-18T09:53:36.631+0000] {logging_mixin.py:190} INFO - [2024-10-18T09:53:36.631+0000] {dag.py:4180} INFO - Setting next_dagrun for dataset_produces_2 to None, run_after=None
[2024-10-18T09:53:36.701+0000] {processor.py:208} INFO - Processing /home/airflow/.local/lib/python3.12/site-packages/airflow/example_dags/example_datasets.py took 0.356 seconds
[2024-10-18T09:54:06.805+0000] {processor.py:186} INFO - Started process (PID=1849) to work on /home/airflow/.local/lib/python3.12/site-packages/airflow/example_dags/example_datasets.py
[2024-10-18T09:54:06.807+0000] {processor.py:914} INFO - Processing file /home/airflow/.local/lib/python3.12/site-packages/airflow/example_dags/example_datasets.py for tasks to queue
[2024-10-18T09:54:06.811+0000] {logging_mixin.py:190} INFO - [2024-10-18T09:54:06.811+0000] {dagbag.py:588} INFO - Filling up the DagBag from /home/airflow/.local/lib/python3.12/site-packages/airflow/example_dags/example_datasets.py
[2024-10-18T09:54:06.839+0000] {processor.py:925} INFO - DAG(s) 'consume_1_or_2_with_dataset_expressions', 'dataset_produces_2', 'consume_1_and_2_with_dataset_expressions', 'dataset_consumes_1_and_2', 'consume_1_or_both_2_and_3_with_dataset_expressions', 'dataset_consumes_1_never_scheduled', 'dataset_produces_1', 'conditional_dataset_and_time_based_timetable', 'dataset_consumes_unknown_never_scheduled', 'dataset_consumes_1' retrieved from /home/airflow/.local/lib/python3.12/site-packages/airflow/example_dags/example_datasets.py
[2024-10-18T09:54:06.935+0000] {logging_mixin.py:190} INFO - [2024-10-18T09:54:06.934+0000] {dag.py:3239} INFO - Sync 10 DAGs
[2024-10-18T09:54:06.991+0000] {logging_mixin.py:190} INFO - [2024-10-18T09:54:06.991+0000] {dag.py:4180} INFO - Setting next_dagrun for conditional_dataset_and_time_based_timetable to 2024-10-16 01:00:00+00:00, run_after=2024-10-16 01:00:00+00:00
[2024-10-18T09:54:06.997+0000] {logging_mixin.py:190} INFO - [2024-10-18T09:54:06.997+0000] {dag.py:4180} INFO - Setting next_dagrun for consume_1_and_2_with_dataset_expressions to None, run_after=None
[2024-10-18T09:54:06.999+0000] {logging_mixin.py:190} INFO - [2024-10-18T09:54:06.999+0000] {dag.py:4180} INFO - Setting next_dagrun for consume_1_or_2_with_dataset_expressions to None, run_after=None
[2024-10-18T09:54:07.002+0000] {logging_mixin.py:190} INFO - [2024-10-18T09:54:07.001+0000] {dag.py:4180} INFO - Setting next_dagrun for consume_1_or_both_2_and_3_with_dataset_expressions to None, run_after=None
[2024-10-18T09:54:07.007+0000] {logging_mixin.py:190} INFO - [2024-10-18T09:54:07.006+0000] {dag.py:4180} INFO - Setting next_dagrun for dataset_consumes_1 to None, run_after=None
[2024-10-18T09:54:07.010+0000] {logging_mixin.py:190} INFO - [2024-10-18T09:54:07.009+0000] {dag.py:4180} INFO - Setting next_dagrun for dataset_consumes_1_and_2 to None, run_after=None
[2024-10-18T09:54:07.015+0000] {logging_mixin.py:190} INFO - [2024-10-18T09:54:07.014+0000] {dag.py:4180} INFO - Setting next_dagrun for dataset_consumes_1_never_scheduled to None, run_after=None
[2024-10-18T09:54:07.018+0000] {logging_mixin.py:190} INFO - [2024-10-18T09:54:07.018+0000] {dag.py:4180} INFO - Setting next_dagrun for dataset_consumes_unknown_never_scheduled to None, run_after=None
[2024-10-18T09:54:07.027+0000] {logging_mixin.py:190} INFO - [2024-10-18T09:54:07.027+0000] {dag.py:4180} INFO - Setting next_dagrun for dataset_produces_1 to 2024-10-17 00:00:00+00:00, run_after=2024-10-18 00:00:00+00:00
[2024-10-18T09:54:07.032+0000] {logging_mixin.py:190} INFO - [2024-10-18T09:54:07.031+0000] {dag.py:4180} INFO - Setting next_dagrun for dataset_produces_2 to None, run_after=None
[2024-10-18T09:54:07.108+0000] {processor.py:208} INFO - Processing /home/airflow/.local/lib/python3.12/site-packages/airflow/example_dags/example_datasets.py took 0.322 seconds
[2024-10-18T09:54:37.233+0000] {processor.py:186} INFO - Started process (PID=2140) to work on /home/airflow/.local/lib/python3.12/site-packages/airflow/example_dags/example_datasets.py
[2024-10-18T09:54:37.235+0000] {processor.py:914} INFO - Processing file /home/airflow/.local/lib/python3.12/site-packages/airflow/example_dags/example_datasets.py for tasks to queue
[2024-10-18T09:54:37.237+0000] {logging_mixin.py:190} INFO - [2024-10-18T09:54:37.237+0000] {dagbag.py:588} INFO - Filling up the DagBag from /home/airflow/.local/lib/python3.12/site-packages/airflow/example_dags/example_datasets.py
[2024-10-18T09:54:37.255+0000] {processor.py:925} INFO - DAG(s) 'dataset_produces_1', 'dataset_consumes_1', 'consume_1_or_2_with_dataset_expressions', 'conditional_dataset_and_time_based_timetable', 'consume_1_and_2_with_dataset_expressions', 'dataset_consumes_1_and_2', 'dataset_produces_2', 'dataset_consumes_unknown_never_scheduled', 'consume_1_or_both_2_and_3_with_dataset_expressions', 'dataset_consumes_1_never_scheduled' retrieved from /home/airflow/.local/lib/python3.12/site-packages/airflow/example_dags/example_datasets.py
[2024-10-18T09:54:37.312+0000] {logging_mixin.py:190} INFO - [2024-10-18T09:54:37.312+0000] {dag.py:3239} INFO - Sync 10 DAGs
[2024-10-18T09:54:37.349+0000] {logging_mixin.py:190} INFO - [2024-10-18T09:54:37.348+0000] {dag.py:4180} INFO - Setting next_dagrun for conditional_dataset_and_time_based_timetable to 2024-10-16 01:00:00+00:00, run_after=2024-10-16 01:00:00+00:00
[2024-10-18T09:54:37.355+0000] {logging_mixin.py:190} INFO - [2024-10-18T09:54:37.355+0000] {dag.py:4180} INFO - Setting next_dagrun for consume_1_and_2_with_dataset_expressions to None, run_after=None
[2024-10-18T09:54:37.359+0000] {logging_mixin.py:190} INFO - [2024-10-18T09:54:37.359+0000] {dag.py:4180} INFO - Setting next_dagrun for consume_1_or_2_with_dataset_expressions to None, run_after=None
[2024-10-18T09:54:37.362+0000] {logging_mixin.py:190} INFO - [2024-10-18T09:54:37.362+0000] {dag.py:4180} INFO - Setting next_dagrun for consume_1_or_both_2_and_3_with_dataset_expressions to None, run_after=None
[2024-10-18T09:54:37.364+0000] {logging_mixin.py:190} INFO - [2024-10-18T09:54:37.364+0000] {dag.py:4180} INFO - Setting next_dagrun for dataset_consumes_1 to None, run_after=None
[2024-10-18T09:54:37.367+0000] {logging_mixin.py:190} INFO - [2024-10-18T09:54:37.366+0000] {dag.py:4180} INFO - Setting next_dagrun for dataset_consumes_1_and_2 to None, run_after=None
[2024-10-18T09:54:37.369+0000] {logging_mixin.py:190} INFO - [2024-10-18T09:54:37.369+0000] {dag.py:4180} INFO - Setting next_dagrun for dataset_consumes_1_never_scheduled to None, run_after=None
[2024-10-18T09:54:37.371+0000] {logging_mixin.py:190} INFO - [2024-10-18T09:54:37.371+0000] {dag.py:4180} INFO - Setting next_dagrun for dataset_consumes_unknown_never_scheduled to None, run_after=None
[2024-10-18T09:54:37.374+0000] {logging_mixin.py:190} INFO - [2024-10-18T09:54:37.374+0000] {dag.py:4180} INFO - Setting next_dagrun for dataset_produces_1 to 2024-10-17 00:00:00+00:00, run_after=2024-10-18 00:00:00+00:00
[2024-10-18T09:54:37.377+0000] {logging_mixin.py:190} INFO - [2024-10-18T09:54:37.377+0000] {dag.py:4180} INFO - Setting next_dagrun for dataset_produces_2 to None, run_after=None
[2024-10-18T09:54:37.422+0000] {processor.py:208} INFO - Processing /home/airflow/.local/lib/python3.12/site-packages/airflow/example_dags/example_datasets.py took 0.194 seconds
[2024-10-18T09:55:07.577+0000] {processor.py:186} INFO - Started process (PID=2436) to work on /home/airflow/.local/lib/python3.12/site-packages/airflow/example_dags/example_datasets.py
[2024-10-18T09:55:07.579+0000] {processor.py:914} INFO - Processing file /home/airflow/.local/lib/python3.12/site-packages/airflow/example_dags/example_datasets.py for tasks to queue
[2024-10-18T09:55:07.582+0000] {logging_mixin.py:190} INFO - [2024-10-18T09:55:07.582+0000] {dagbag.py:588} INFO - Filling up the DagBag from /home/airflow/.local/lib/python3.12/site-packages/airflow/example_dags/example_datasets.py
[2024-10-18T09:55:07.604+0000] {processor.py:925} INFO - DAG(s) 'consume_1_and_2_with_dataset_expressions', 'consume_1_or_both_2_and_3_with_dataset_expressions', 'dataset_produces_2', 'dataset_consumes_1', 'dataset_consumes_unknown_never_scheduled', 'dataset_produces_1', 'dataset_consumes_1_never_scheduled', 'dataset_consumes_1_and_2', 'consume_1_or_2_with_dataset_expressions', 'conditional_dataset_and_time_based_timetable' retrieved from /home/airflow/.local/lib/python3.12/site-packages/airflow/example_dags/example_datasets.py
[2024-10-18T09:55:07.650+0000] {logging_mixin.py:190} INFO - [2024-10-18T09:55:07.650+0000] {dag.py:3239} INFO - Sync 10 DAGs
[2024-10-18T09:55:07.679+0000] {logging_mixin.py:190} INFO - [2024-10-18T09:55:07.679+0000] {dag.py:4180} INFO - Setting next_dagrun for conditional_dataset_and_time_based_timetable to 2024-10-16 01:00:00+00:00, run_after=2024-10-16 01:00:00+00:00
[2024-10-18T09:55:07.686+0000] {logging_mixin.py:190} INFO - [2024-10-18T09:55:07.685+0000] {dag.py:4180} INFO - Setting next_dagrun for consume_1_and_2_with_dataset_expressions to None, run_after=None
[2024-10-18T09:55:07.688+0000] {logging_mixin.py:190} INFO - [2024-10-18T09:55:07.688+0000] {dag.py:4180} INFO - Setting next_dagrun for consume_1_or_2_with_dataset_expressions to None, run_after=None
[2024-10-18T09:55:07.691+0000] {logging_mixin.py:190} INFO - [2024-10-18T09:55:07.690+0000] {dag.py:4180} INFO - Setting next_dagrun for consume_1_or_both_2_and_3_with_dataset_expressions to None, run_after=None
[2024-10-18T09:55:07.693+0000] {logging_mixin.py:190} INFO - [2024-10-18T09:55:07.693+0000] {dag.py:4180} INFO - Setting next_dagrun for dataset_consumes_1 to None, run_after=None
[2024-10-18T09:55:07.696+0000] {logging_mixin.py:190} INFO - [2024-10-18T09:55:07.695+0000] {dag.py:4180} INFO - Setting next_dagrun for dataset_consumes_1_and_2 to None, run_after=None
[2024-10-18T09:55:07.698+0000] {logging_mixin.py:190} INFO - [2024-10-18T09:55:07.697+0000] {dag.py:4180} INFO - Setting next_dagrun for dataset_consumes_1_never_scheduled to None, run_after=None
[2024-10-18T09:55:07.700+0000] {logging_mixin.py:190} INFO - [2024-10-18T09:55:07.699+0000] {dag.py:4180} INFO - Setting next_dagrun for dataset_consumes_unknown_never_scheduled to None, run_after=None
[2024-10-18T09:55:07.703+0000] {logging_mixin.py:190} INFO - [2024-10-18T09:55:07.703+0000] {dag.py:4180} INFO - Setting next_dagrun for dataset_produces_1 to 2024-10-17 00:00:00+00:00, run_after=2024-10-18 00:00:00+00:00
[2024-10-18T09:55:07.705+0000] {logging_mixin.py:190} INFO - [2024-10-18T09:55:07.705+0000] {dag.py:4180} INFO - Setting next_dagrun for dataset_produces_2 to None, run_after=None
[2024-10-18T09:55:07.745+0000] {processor.py:208} INFO - Processing /home/airflow/.local/lib/python3.12/site-packages/airflow/example_dags/example_datasets.py took 0.175 seconds
[2024-10-18T09:55:37.937+0000] {processor.py:186} INFO - Started process (PID=2732) to work on /home/airflow/.local/lib/python3.12/site-packages/airflow/example_dags/example_datasets.py
[2024-10-18T09:55:37.939+0000] {processor.py:914} INFO - Processing file /home/airflow/.local/lib/python3.12/site-packages/airflow/example_dags/example_datasets.py for tasks to queue
[2024-10-18T09:55:37.942+0000] {logging_mixin.py:190} INFO - [2024-10-18T09:55:37.942+0000] {dagbag.py:588} INFO - Filling up the DagBag from /home/airflow/.local/lib/python3.12/site-packages/airflow/example_dags/example_datasets.py
[2024-10-18T09:55:37.959+0000] {processor.py:925} INFO - DAG(s) 'conditional_dataset_and_time_based_timetable', 'dataset_consumes_1', 'consume_1_and_2_with_dataset_expressions', 'consume_1_or_2_with_dataset_expressions', 'dataset_produces_1', 'dataset_consumes_1_never_scheduled', 'dataset_consumes_1_and_2', 'dataset_consumes_unknown_never_scheduled', 'dataset_produces_2', 'consume_1_or_both_2_and_3_with_dataset_expressions' retrieved from /home/airflow/.local/lib/python3.12/site-packages/airflow/example_dags/example_datasets.py
[2024-10-18T09:55:38.013+0000] {logging_mixin.py:190} INFO - [2024-10-18T09:55:38.013+0000] {dag.py:3239} INFO - Sync 10 DAGs
[2024-10-18T09:55:38.045+0000] {logging_mixin.py:190} INFO - [2024-10-18T09:55:38.045+0000] {dag.py:4180} INFO - Setting next_dagrun for conditional_dataset_and_time_based_timetable to 2024-10-16 01:00:00+00:00, run_after=2024-10-16 01:00:00+00:00
[2024-10-18T09:55:38.050+0000] {logging_mixin.py:190} INFO - [2024-10-18T09:55:38.050+0000] {dag.py:4180} INFO - Setting next_dagrun for consume_1_and_2_with_dataset_expressions to None, run_after=None
[2024-10-18T09:55:38.053+0000] {logging_mixin.py:190} INFO - [2024-10-18T09:55:38.053+0000] {dag.py:4180} INFO - Setting next_dagrun for consume_1_or_2_with_dataset_expressions to None, run_after=None
[2024-10-18T09:55:38.055+0000] {logging_mixin.py:190} INFO - [2024-10-18T09:55:38.055+0000] {dag.py:4180} INFO - Setting next_dagrun for consume_1_or_both_2_and_3_with_dataset_expressions to None, run_after=None
[2024-10-18T09:55:38.057+0000] {logging_mixin.py:190} INFO - [2024-10-18T09:55:38.056+0000] {dag.py:4180} INFO - Setting next_dagrun for dataset_consumes_1 to None, run_after=None
[2024-10-18T09:55:38.059+0000] {logging_mixin.py:190} INFO - [2024-10-18T09:55:38.059+0000] {dag.py:4180} INFO - Setting next_dagrun for dataset_consumes_1_and_2 to None, run_after=None
[2024-10-18T09:55:38.061+0000] {logging_mixin.py:190} INFO - [2024-10-18T09:55:38.061+0000] {dag.py:4180} INFO - Setting next_dagrun for dataset_consumes_1_never_scheduled to None, run_after=None
[2024-10-18T09:55:38.063+0000] {logging_mixin.py:190} INFO - [2024-10-18T09:55:38.063+0000] {dag.py:4180} INFO - Setting next_dagrun for dataset_consumes_unknown_never_scheduled to None, run_after=None
[2024-10-18T09:55:38.067+0000] {logging_mixin.py:190} INFO - [2024-10-18T09:55:38.067+0000] {dag.py:4180} INFO - Setting next_dagrun for dataset_produces_1 to 2024-10-17 00:00:00+00:00, run_after=2024-10-18 00:00:00+00:00
[2024-10-18T09:55:38.070+0000] {logging_mixin.py:190} INFO - [2024-10-18T09:55:38.070+0000] {dag.py:4180} INFO - Setting next_dagrun for dataset_produces_2 to None, run_after=None
[2024-10-18T09:55:38.109+0000] {processor.py:208} INFO - Processing /home/airflow/.local/lib/python3.12/site-packages/airflow/example_dags/example_datasets.py took 0.177 seconds
[2024-10-18T09:56:08.353+0000] {processor.py:186} INFO - Started process (PID=3028) to work on /home/airflow/.local/lib/python3.12/site-packages/airflow/example_dags/example_datasets.py
[2024-10-18T09:56:08.355+0000] {processor.py:914} INFO - Processing file /home/airflow/.local/lib/python3.12/site-packages/airflow/example_dags/example_datasets.py for tasks to queue
[2024-10-18T09:56:08.358+0000] {logging_mixin.py:190} INFO - [2024-10-18T09:56:08.358+0000] {dagbag.py:588} INFO - Filling up the DagBag from /home/airflow/.local/lib/python3.12/site-packages/airflow/example_dags/example_datasets.py
[2024-10-18T09:56:08.381+0000] {processor.py:925} INFO - DAG(s) 'dataset_consumes_1_never_scheduled', 'dataset_consumes_1', 'dataset_consumes_1_and_2', 'dataset_produces_1', 'consume_1_or_2_with_dataset_expressions', 'conditional_dataset_and_time_based_timetable', 'dataset_consumes_unknown_never_scheduled', 'consume_1_and_2_with_dataset_expressions', 'dataset_produces_2', 'consume_1_or_both_2_and_3_with_dataset_expressions' retrieved from /home/airflow/.local/lib/python3.12/site-packages/airflow/example_dags/example_datasets.py
[2024-10-18T09:56:08.446+0000] {logging_mixin.py:190} INFO - [2024-10-18T09:56:08.446+0000] {dag.py:3239} INFO - Sync 10 DAGs
[2024-10-18T09:56:08.477+0000] {logging_mixin.py:190} INFO - [2024-10-18T09:56:08.477+0000] {dag.py:4180} INFO - Setting next_dagrun for conditional_dataset_and_time_based_timetable to 2024-10-16 01:00:00+00:00, run_after=2024-10-16 01:00:00+00:00
[2024-10-18T09:56:08.482+0000] {logging_mixin.py:190} INFO - [2024-10-18T09:56:08.482+0000] {dag.py:4180} INFO - Setting next_dagrun for consume_1_and_2_with_dataset_expressions to None, run_after=None
[2024-10-18T09:56:08.485+0000] {logging_mixin.py:190} INFO - [2024-10-18T09:56:08.485+0000] {dag.py:4180} INFO - Setting next_dagrun for consume_1_or_2_with_dataset_expressions to None, run_after=None
[2024-10-18T09:56:08.487+0000] {logging_mixin.py:190} INFO - [2024-10-18T09:56:08.487+0000] {dag.py:4180} INFO - Setting next_dagrun for consume_1_or_both_2_and_3_with_dataset_expressions to None, run_after=None
[2024-10-18T09:56:08.490+0000] {logging_mixin.py:190} INFO - [2024-10-18T09:56:08.490+0000] {dag.py:4180} INFO - Setting next_dagrun for dataset_consumes_1 to None, run_after=None
[2024-10-18T09:56:08.492+0000] {logging_mixin.py:190} INFO - [2024-10-18T09:56:08.492+0000] {dag.py:4180} INFO - Setting next_dagrun for dataset_consumes_1_and_2 to None, run_after=None
[2024-10-18T09:56:08.495+0000] {logging_mixin.py:190} INFO - [2024-10-18T09:56:08.495+0000] {dag.py:4180} INFO - Setting next_dagrun for dataset_consumes_1_never_scheduled to None, run_after=None
[2024-10-18T09:56:08.497+0000] {logging_mixin.py:190} INFO - [2024-10-18T09:56:08.497+0000] {dag.py:4180} INFO - Setting next_dagrun for dataset_consumes_unknown_never_scheduled to None, run_after=None
[2024-10-18T09:56:08.501+0000] {logging_mixin.py:190} INFO - [2024-10-18T09:56:08.500+0000] {dag.py:4180} INFO - Setting next_dagrun for dataset_produces_1 to 2024-10-17 00:00:00+00:00, run_after=2024-10-18 00:00:00+00:00
[2024-10-18T09:56:08.503+0000] {logging_mixin.py:190} INFO - [2024-10-18T09:56:08.503+0000] {dag.py:4180} INFO - Setting next_dagrun for dataset_produces_2 to None, run_after=None
[2024-10-18T09:56:08.551+0000] {processor.py:208} INFO - Processing /home/airflow/.local/lib/python3.12/site-packages/airflow/example_dags/example_datasets.py took 0.208 seconds
[2024-10-18T09:56:38.713+0000] {processor.py:186} INFO - Started process (PID=3319) to work on /home/airflow/.local/lib/python3.12/site-packages/airflow/example_dags/example_datasets.py
[2024-10-18T09:56:38.715+0000] {processor.py:914} INFO - Processing file /home/airflow/.local/lib/python3.12/site-packages/airflow/example_dags/example_datasets.py for tasks to queue
[2024-10-18T09:56:38.719+0000] {logging_mixin.py:190} INFO - [2024-10-18T09:56:38.718+0000] {dagbag.py:588} INFO - Filling up the DagBag from /home/airflow/.local/lib/python3.12/site-packages/airflow/example_dags/example_datasets.py
[2024-10-18T09:56:38.737+0000] {processor.py:925} INFO - DAG(s) 'dataset_produces_1', 'consume_1_or_2_with_dataset_expressions', 'consume_1_and_2_with_dataset_expressions', 'dataset_consumes_1_never_scheduled', 'consume_1_or_both_2_and_3_with_dataset_expressions', 'dataset_consumes_1_and_2', 'dataset_produces_2', 'dataset_consumes_1', 'conditional_dataset_and_time_based_timetable', 'dataset_consumes_unknown_never_scheduled' retrieved from /home/airflow/.local/lib/python3.12/site-packages/airflow/example_dags/example_datasets.py
[2024-10-18T09:56:38.794+0000] {logging_mixin.py:190} INFO - [2024-10-18T09:56:38.794+0000] {dag.py:3239} INFO - Sync 10 DAGs
[2024-10-18T09:56:38.826+0000] {logging_mixin.py:190} INFO - [2024-10-18T09:56:38.826+0000] {dag.py:4180} INFO - Setting next_dagrun for conditional_dataset_and_time_based_timetable to 2024-10-16 01:00:00+00:00, run_after=2024-10-16 01:00:00+00:00
[2024-10-18T09:56:38.831+0000] {logging_mixin.py:190} INFO - [2024-10-18T09:56:38.831+0000] {dag.py:4180} INFO - Setting next_dagrun for consume_1_and_2_with_dataset_expressions to None, run_after=None
[2024-10-18T09:56:38.834+0000] {logging_mixin.py:190} INFO - [2024-10-18T09:56:38.834+0000] {dag.py:4180} INFO - Setting next_dagrun for consume_1_or_2_with_dataset_expressions to None, run_after=None
[2024-10-18T09:56:38.836+0000] {logging_mixin.py:190} INFO - [2024-10-18T09:56:38.836+0000] {dag.py:4180} INFO - Setting next_dagrun for consume_1_or_both_2_and_3_with_dataset_expressions to None, run_after=None
[2024-10-18T09:56:38.838+0000] {logging_mixin.py:190} INFO - [2024-10-18T09:56:38.838+0000] {dag.py:4180} INFO - Setting next_dagrun for dataset_consumes_1 to None, run_after=None
[2024-10-18T09:56:38.840+0000] {logging_mixin.py:190} INFO - [2024-10-18T09:56:38.840+0000] {dag.py:4180} INFO - Setting next_dagrun for dataset_consumes_1_and_2 to None, run_after=None
[2024-10-18T09:56:38.843+0000] {logging_mixin.py:190} INFO - [2024-10-18T09:56:38.842+0000] {dag.py:4180} INFO - Setting next_dagrun for dataset_consumes_1_never_scheduled to None, run_after=None
[2024-10-18T09:56:38.845+0000] {logging_mixin.py:190} INFO - [2024-10-18T09:56:38.845+0000] {dag.py:4180} INFO - Setting next_dagrun for dataset_consumes_unknown_never_scheduled to None, run_after=None
[2024-10-18T09:56:38.849+0000] {logging_mixin.py:190} INFO - [2024-10-18T09:56:38.848+0000] {dag.py:4180} INFO - Setting next_dagrun for dataset_produces_1 to 2024-10-17 00:00:00+00:00, run_after=2024-10-18 00:00:00+00:00
[2024-10-18T09:56:38.852+0000] {logging_mixin.py:190} INFO - [2024-10-18T09:56:38.852+0000] {dag.py:4180} INFO - Setting next_dagrun for dataset_produces_2 to None, run_after=None
[2024-10-18T09:56:38.901+0000] {processor.py:208} INFO - Processing /home/airflow/.local/lib/python3.12/site-packages/airflow/example_dags/example_datasets.py took 0.194 seconds
[2024-10-18T09:57:09.018+0000] {processor.py:186} INFO - Started process (PID=3611) to work on /home/airflow/.local/lib/python3.12/site-packages/airflow/example_dags/example_datasets.py
[2024-10-18T09:57:09.020+0000] {processor.py:914} INFO - Processing file /home/airflow/.local/lib/python3.12/site-packages/airflow/example_dags/example_datasets.py for tasks to queue
[2024-10-18T09:57:09.024+0000] {logging_mixin.py:190} INFO - [2024-10-18T09:57:09.023+0000] {dagbag.py:588} INFO - Filling up the DagBag from /home/airflow/.local/lib/python3.12/site-packages/airflow/example_dags/example_datasets.py
[2024-10-18T09:57:09.075+0000] {processor.py:925} INFO - DAG(s) 'dataset_consumes_1', 'dataset_consumes_unknown_never_scheduled', 'conditional_dataset_and_time_based_timetable', 'dataset_produces_2', 'dataset_consumes_1_never_scheduled', 'dataset_consumes_1_and_2', 'consume_1_or_both_2_and_3_with_dataset_expressions', 'dataset_produces_1', 'consume_1_or_2_with_dataset_expressions', 'consume_1_and_2_with_dataset_expressions' retrieved from /home/airflow/.local/lib/python3.12/site-packages/airflow/example_dags/example_datasets.py
[2024-10-18T09:57:09.158+0000] {logging_mixin.py:190} INFO - [2024-10-18T09:57:09.157+0000] {dag.py:3239} INFO - Sync 10 DAGs
[2024-10-18T09:57:09.203+0000] {logging_mixin.py:190} INFO - [2024-10-18T09:57:09.202+0000] {dag.py:4180} INFO - Setting next_dagrun for conditional_dataset_and_time_based_timetable to 2024-10-16 01:00:00+00:00, run_after=2024-10-16 01:00:00+00:00
[2024-10-18T09:57:09.209+0000] {logging_mixin.py:190} INFO - [2024-10-18T09:57:09.209+0000] {dag.py:4180} INFO - Setting next_dagrun for consume_1_and_2_with_dataset_expressions to None, run_after=None
[2024-10-18T09:57:09.211+0000] {logging_mixin.py:190} INFO - [2024-10-18T09:57:09.211+0000] {dag.py:4180} INFO - Setting next_dagrun for consume_1_or_2_with_dataset_expressions to None, run_after=None
[2024-10-18T09:57:09.213+0000] {logging_mixin.py:190} INFO - [2024-10-18T09:57:09.213+0000] {dag.py:4180} INFO - Setting next_dagrun for consume_1_or_both_2_and_3_with_dataset_expressions to None, run_after=None
[2024-10-18T09:57:09.218+0000] {logging_mixin.py:190} INFO - [2024-10-18T09:57:09.218+0000] {dag.py:4180} INFO - Setting next_dagrun for dataset_consumes_1 to None, run_after=None
[2024-10-18T09:57:09.221+0000] {logging_mixin.py:190} INFO - [2024-10-18T09:57:09.221+0000] {dag.py:4180} INFO - Setting next_dagrun for dataset_consumes_1_and_2 to None, run_after=None
[2024-10-18T09:57:09.224+0000] {logging_mixin.py:190} INFO - [2024-10-18T09:57:09.224+0000] {dag.py:4180} INFO - Setting next_dagrun for dataset_consumes_1_never_scheduled to None, run_after=None
[2024-10-18T09:57:09.227+0000] {logging_mixin.py:190} INFO - [2024-10-18T09:57:09.226+0000] {dag.py:4180} INFO - Setting next_dagrun for dataset_consumes_unknown_never_scheduled to None, run_after=None
[2024-10-18T09:57:09.233+0000] {logging_mixin.py:190} INFO - [2024-10-18T09:57:09.232+0000] {dag.py:4180} INFO - Setting next_dagrun for dataset_produces_1 to 2024-10-17 00:00:00+00:00, run_after=2024-10-18 00:00:00+00:00
[2024-10-18T09:57:09.237+0000] {logging_mixin.py:190} INFO - [2024-10-18T09:57:09.236+0000] {dag.py:4180} INFO - Setting next_dagrun for dataset_produces_2 to None, run_after=None
[2024-10-18T09:57:09.335+0000] {processor.py:208} INFO - Processing /home/airflow/.local/lib/python3.12/site-packages/airflow/example_dags/example_datasets.py took 0.328 seconds
