[2024-10-18T09:51:19.166+0000] {processor.py:186} INFO - Started process (PID=212) to work on /home/airflow/.local/lib/python3.12/site-packages/airflow/example_dags/example_inlet_event_extra.py
[2024-10-18T09:51:19.168+0000] {processor.py:914} INFO - Processing file /home/airflow/.local/lib/python3.12/site-packages/airflow/example_dags/example_inlet_event_extra.py for tasks to queue
[2024-10-18T09:51:19.176+0000] {logging_mixin.py:190} INFO - [2024-10-18T09:51:19.175+0000] {dagbag.py:588} INFO - Filling up the DagBag from /home/airflow/.local/lib/python3.12/site-packages/airflow/example_dags/example_inlet_event_extra.py
[2024-10-18T09:51:19.267+0000] {processor.py:925} INFO - DAG(s) 'read_dataset_event_from_classic', 'read_dataset_event' retrieved from /home/airflow/.local/lib/python3.12/site-packages/airflow/example_dags/example_inlet_event_extra.py
[2024-10-18T09:51:19.376+0000] {logging_mixin.py:190} INFO - [2024-10-18T09:51:19.376+0000] {dag.py:3239} INFO - Sync 2 DAGs
[2024-10-18T09:51:19.460+0000] {logging_mixin.py:190} INFO - [2024-10-18T09:51:19.459+0000] {dag.py:4180} INFO - Setting next_dagrun for read_dataset_event to 2024-10-17 00:00:00+00:00, run_after=2024-10-18 00:00:00+00:00
[2024-10-18T09:51:19.477+0000] {logging_mixin.py:190} INFO - [2024-10-18T09:51:19.476+0000] {dag.py:4180} INFO - Setting next_dagrun for read_dataset_event_from_classic to 2024-10-17 00:00:00+00:00, run_after=2024-10-18 00:00:00+00:00
[2024-10-18T09:51:19.529+0000] {processor.py:208} INFO - Processing /home/airflow/.local/lib/python3.12/site-packages/airflow/example_dags/example_inlet_event_extra.py took 0.383 seconds
[2024-10-18T09:51:51.680+0000] {processor.py:186} INFO - Started process (PID=503) to work on /home/airflow/.local/lib/python3.12/site-packages/airflow/example_dags/example_inlet_event_extra.py
[2024-10-18T09:51:51.685+0000] {processor.py:914} INFO - Processing file /home/airflow/.local/lib/python3.12/site-packages/airflow/example_dags/example_inlet_event_extra.py for tasks to queue
[2024-10-18T09:51:51.696+0000] {logging_mixin.py:190} INFO - [2024-10-18T09:51:51.695+0000] {dagbag.py:588} INFO - Filling up the DagBag from /home/airflow/.local/lib/python3.12/site-packages/airflow/example_dags/example_inlet_event_extra.py
[2024-10-18T09:51:51.926+0000] {processor.py:925} INFO - DAG(s) 'read_dataset_event_from_classic', 'read_dataset_event' retrieved from /home/airflow/.local/lib/python3.12/site-packages/airflow/example_dags/example_inlet_event_extra.py
[2024-10-18T09:51:52.114+0000] {logging_mixin.py:190} INFO - [2024-10-18T09:51:52.113+0000] {dag.py:3239} INFO - Sync 2 DAGs
[2024-10-18T09:51:52.377+0000] {logging_mixin.py:190} INFO - [2024-10-18T09:51:52.376+0000] {dag.py:4180} INFO - Setting next_dagrun for read_dataset_event to 2024-10-17 00:00:00+00:00, run_after=2024-10-18 00:00:00+00:00
[2024-10-18T09:51:52.393+0000] {logging_mixin.py:190} INFO - [2024-10-18T09:51:52.392+0000] {dag.py:4180} INFO - Setting next_dagrun for read_dataset_event_from_classic to 2024-10-17 00:00:00+00:00, run_after=2024-10-18 00:00:00+00:00
[2024-10-18T09:51:52.451+0000] {processor.py:208} INFO - Processing /home/airflow/.local/lib/python3.12/site-packages/airflow/example_dags/example_inlet_event_extra.py took 0.799 seconds
[2024-10-18T09:52:22.627+0000] {processor.py:186} INFO - Started process (PID=794) to work on /home/airflow/.local/lib/python3.12/site-packages/airflow/example_dags/example_inlet_event_extra.py
[2024-10-18T09:52:22.632+0000] {processor.py:914} INFO - Processing file /home/airflow/.local/lib/python3.12/site-packages/airflow/example_dags/example_inlet_event_extra.py for tasks to queue
[2024-10-18T09:52:22.639+0000] {logging_mixin.py:190} INFO - [2024-10-18T09:52:22.638+0000] {dagbag.py:588} INFO - Filling up the DagBag from /home/airflow/.local/lib/python3.12/site-packages/airflow/example_dags/example_inlet_event_extra.py
[2024-10-18T09:52:22.686+0000] {processor.py:925} INFO - DAG(s) 'read_dataset_event_from_classic', 'read_dataset_event' retrieved from /home/airflow/.local/lib/python3.12/site-packages/airflow/example_dags/example_inlet_event_extra.py
[2024-10-18T09:52:22.756+0000] {logging_mixin.py:190} INFO - [2024-10-18T09:52:22.755+0000] {dag.py:3239} INFO - Sync 2 DAGs
[2024-10-18T09:52:22.860+0000] {logging_mixin.py:190} INFO - [2024-10-18T09:52:22.859+0000] {dag.py:4180} INFO - Setting next_dagrun for read_dataset_event to 2024-10-17 00:00:00+00:00, run_after=2024-10-18 00:00:00+00:00
[2024-10-18T09:52:22.894+0000] {logging_mixin.py:190} INFO - [2024-10-18T09:52:22.893+0000] {dag.py:4180} INFO - Setting next_dagrun for read_dataset_event_from_classic to 2024-10-17 00:00:00+00:00, run_after=2024-10-18 00:00:00+00:00
[2024-10-18T09:52:22.978+0000] {processor.py:208} INFO - Processing /home/airflow/.local/lib/python3.12/site-packages/airflow/example_dags/example_inlet_event_extra.py took 0.366 seconds
[2024-10-18T09:52:53.754+0000] {processor.py:186} INFO - Started process (PID=1085) to work on /home/airflow/.local/lib/python3.12/site-packages/airflow/example_dags/example_inlet_event_extra.py
[2024-10-18T09:52:53.756+0000] {processor.py:914} INFO - Processing file /home/airflow/.local/lib/python3.12/site-packages/airflow/example_dags/example_inlet_event_extra.py for tasks to queue
[2024-10-18T09:52:53.759+0000] {logging_mixin.py:190} INFO - [2024-10-18T09:52:53.758+0000] {dagbag.py:588} INFO - Filling up the DagBag from /home/airflow/.local/lib/python3.12/site-packages/airflow/example_dags/example_inlet_event_extra.py
[2024-10-18T09:52:53.794+0000] {processor.py:925} INFO - DAG(s) 'read_dataset_event_from_classic', 'read_dataset_event' retrieved from /home/airflow/.local/lib/python3.12/site-packages/airflow/example_dags/example_inlet_event_extra.py
[2024-10-18T09:52:53.879+0000] {logging_mixin.py:190} INFO - [2024-10-18T09:52:53.879+0000] {dag.py:3239} INFO - Sync 2 DAGs
[2024-10-18T09:52:53.982+0000] {logging_mixin.py:190} INFO - [2024-10-18T09:52:53.981+0000] {dag.py:4180} INFO - Setting next_dagrun for read_dataset_event to 2024-10-17 00:00:00+00:00, run_after=2024-10-18 00:00:00+00:00
[2024-10-18T09:52:53.993+0000] {logging_mixin.py:190} INFO - [2024-10-18T09:52:53.993+0000] {dag.py:4180} INFO - Setting next_dagrun for read_dataset_event_from_classic to 2024-10-17 00:00:00+00:00, run_after=2024-10-18 00:00:00+00:00
[2024-10-18T09:52:54.026+0000] {processor.py:208} INFO - Processing /home/airflow/.local/lib/python3.12/site-packages/airflow/example_dags/example_inlet_event_extra.py took 0.282 seconds
[2024-10-18T09:53:24.791+0000] {processor.py:186} INFO - Started process (PID=1378) to work on /home/airflow/.local/lib/python3.12/site-packages/airflow/example_dags/example_inlet_event_extra.py
[2024-10-18T09:53:24.793+0000] {processor.py:914} INFO - Processing file /home/airflow/.local/lib/python3.12/site-packages/airflow/example_dags/example_inlet_event_extra.py for tasks to queue
[2024-10-18T09:53:24.797+0000] {logging_mixin.py:190} INFO - [2024-10-18T09:53:24.796+0000] {dagbag.py:588} INFO - Filling up the DagBag from /home/airflow/.local/lib/python3.12/site-packages/airflow/example_dags/example_inlet_event_extra.py
[2024-10-18T09:53:24.815+0000] {processor.py:925} INFO - DAG(s) 'read_dataset_event', 'read_dataset_event_from_classic' retrieved from /home/airflow/.local/lib/python3.12/site-packages/airflow/example_dags/example_inlet_event_extra.py
[2024-10-18T09:53:24.848+0000] {logging_mixin.py:190} INFO - [2024-10-18T09:53:24.847+0000] {dag.py:3239} INFO - Sync 2 DAGs
[2024-10-18T09:53:24.890+0000] {logging_mixin.py:190} INFO - [2024-10-18T09:53:24.889+0000] {dag.py:4180} INFO - Setting next_dagrun for read_dataset_event to 2024-10-17 00:00:00+00:00, run_after=2024-10-18 00:00:00+00:00
[2024-10-18T09:53:24.898+0000] {logging_mixin.py:190} INFO - [2024-10-18T09:53:24.898+0000] {dag.py:4180} INFO - Setting next_dagrun for read_dataset_event_from_classic to 2024-10-17 00:00:00+00:00, run_after=2024-10-18 00:00:00+00:00
[2024-10-18T09:53:24.929+0000] {processor.py:208} INFO - Processing /home/airflow/.local/lib/python3.12/site-packages/airflow/example_dags/example_inlet_event_extra.py took 0.145 seconds
[2024-10-18T09:53:55.395+0000] {processor.py:186} INFO - Started process (PID=1667) to work on /home/airflow/.local/lib/python3.12/site-packages/airflow/example_dags/example_inlet_event_extra.py
[2024-10-18T09:53:55.397+0000] {processor.py:914} INFO - Processing file /home/airflow/.local/lib/python3.12/site-packages/airflow/example_dags/example_inlet_event_extra.py for tasks to queue
[2024-10-18T09:53:55.404+0000] {logging_mixin.py:190} INFO - [2024-10-18T09:53:55.403+0000] {dagbag.py:588} INFO - Filling up the DagBag from /home/airflow/.local/lib/python3.12/site-packages/airflow/example_dags/example_inlet_event_extra.py
[2024-10-18T09:53:55.436+0000] {processor.py:925} INFO - DAG(s) 'read_dataset_event_from_classic', 'read_dataset_event' retrieved from /home/airflow/.local/lib/python3.12/site-packages/airflow/example_dags/example_inlet_event_extra.py
[2024-10-18T09:53:55.491+0000] {logging_mixin.py:190} INFO - [2024-10-18T09:53:55.490+0000] {dag.py:3239} INFO - Sync 2 DAGs
[2024-10-18T09:53:55.579+0000] {logging_mixin.py:190} INFO - [2024-10-18T09:53:55.578+0000] {dag.py:4180} INFO - Setting next_dagrun for read_dataset_event to 2024-10-17 00:00:00+00:00, run_after=2024-10-18 00:00:00+00:00
[2024-10-18T09:53:55.598+0000] {logging_mixin.py:190} INFO - [2024-10-18T09:53:55.596+0000] {dag.py:4180} INFO - Setting next_dagrun for read_dataset_event_from_classic to 2024-10-17 00:00:00+00:00, run_after=2024-10-18 00:00:00+00:00
[2024-10-18T09:53:55.649+0000] {processor.py:208} INFO - Processing /home/airflow/.local/lib/python3.12/site-packages/airflow/example_dags/example_inlet_event_extra.py took 0.265 seconds
[2024-10-18T09:54:25.843+0000] {processor.py:186} INFO - Started process (PID=1960) to work on /home/airflow/.local/lib/python3.12/site-packages/airflow/example_dags/example_inlet_event_extra.py
[2024-10-18T09:54:25.845+0000] {processor.py:914} INFO - Processing file /home/airflow/.local/lib/python3.12/site-packages/airflow/example_dags/example_inlet_event_extra.py for tasks to queue
[2024-10-18T09:54:25.848+0000] {logging_mixin.py:190} INFO - [2024-10-18T09:54:25.847+0000] {dagbag.py:588} INFO - Filling up the DagBag from /home/airflow/.local/lib/python3.12/site-packages/airflow/example_dags/example_inlet_event_extra.py
[2024-10-18T09:54:25.860+0000] {processor.py:925} INFO - DAG(s) 'read_dataset_event', 'read_dataset_event_from_classic' retrieved from /home/airflow/.local/lib/python3.12/site-packages/airflow/example_dags/example_inlet_event_extra.py
[2024-10-18T09:54:25.894+0000] {logging_mixin.py:190} INFO - [2024-10-18T09:54:25.894+0000] {dag.py:3239} INFO - Sync 2 DAGs
[2024-10-18T09:54:25.916+0000] {logging_mixin.py:190} INFO - [2024-10-18T09:54:25.916+0000] {dag.py:4180} INFO - Setting next_dagrun for read_dataset_event to 2024-10-17 00:00:00+00:00, run_after=2024-10-18 00:00:00+00:00
[2024-10-18T09:54:25.921+0000] {logging_mixin.py:190} INFO - [2024-10-18T09:54:25.921+0000] {dag.py:4180} INFO - Setting next_dagrun for read_dataset_event_from_classic to 2024-10-17 00:00:00+00:00, run_after=2024-10-18 00:00:00+00:00
[2024-10-18T09:54:25.946+0000] {processor.py:208} INFO - Processing /home/airflow/.local/lib/python3.12/site-packages/airflow/example_dags/example_inlet_event_extra.py took 0.108 seconds
[2024-10-18T09:54:56.154+0000] {processor.py:186} INFO - Started process (PID=2249) to work on /home/airflow/.local/lib/python3.12/site-packages/airflow/example_dags/example_inlet_event_extra.py
[2024-10-18T09:54:56.155+0000] {processor.py:914} INFO - Processing file /home/airflow/.local/lib/python3.12/site-packages/airflow/example_dags/example_inlet_event_extra.py for tasks to queue
[2024-10-18T09:54:56.158+0000] {logging_mixin.py:190} INFO - [2024-10-18T09:54:56.158+0000] {dagbag.py:588} INFO - Filling up the DagBag from /home/airflow/.local/lib/python3.12/site-packages/airflow/example_dags/example_inlet_event_extra.py
[2024-10-18T09:54:56.171+0000] {processor.py:925} INFO - DAG(s) 'read_dataset_event', 'read_dataset_event_from_classic' retrieved from /home/airflow/.local/lib/python3.12/site-packages/airflow/example_dags/example_inlet_event_extra.py
[2024-10-18T09:54:56.198+0000] {logging_mixin.py:190} INFO - [2024-10-18T09:54:56.198+0000] {dag.py:3239} INFO - Sync 2 DAGs
[2024-10-18T09:54:56.227+0000] {logging_mixin.py:190} INFO - [2024-10-18T09:54:56.227+0000] {dag.py:4180} INFO - Setting next_dagrun for read_dataset_event to 2024-10-17 00:00:00+00:00, run_after=2024-10-18 00:00:00+00:00
[2024-10-18T09:54:56.235+0000] {logging_mixin.py:190} INFO - [2024-10-18T09:54:56.234+0000] {dag.py:4180} INFO - Setting next_dagrun for read_dataset_event_from_classic to 2024-10-17 00:00:00+00:00, run_after=2024-10-18 00:00:00+00:00
[2024-10-18T09:54:56.258+0000] {processor.py:208} INFO - Processing /home/airflow/.local/lib/python3.12/site-packages/airflow/example_dags/example_inlet_event_extra.py took 0.110 seconds
[2024-10-18T09:55:26.369+0000] {processor.py:186} INFO - Started process (PID=2540) to work on /home/airflow/.local/lib/python3.12/site-packages/airflow/example_dags/example_inlet_event_extra.py
[2024-10-18T09:55:26.371+0000] {processor.py:914} INFO - Processing file /home/airflow/.local/lib/python3.12/site-packages/airflow/example_dags/example_inlet_event_extra.py for tasks to queue
[2024-10-18T09:55:26.373+0000] {logging_mixin.py:190} INFO - [2024-10-18T09:55:26.373+0000] {dagbag.py:588} INFO - Filling up the DagBag from /home/airflow/.local/lib/python3.12/site-packages/airflow/example_dags/example_inlet_event_extra.py
[2024-10-18T09:55:26.385+0000] {processor.py:925} INFO - DAG(s) 'read_dataset_event', 'read_dataset_event_from_classic' retrieved from /home/airflow/.local/lib/python3.12/site-packages/airflow/example_dags/example_inlet_event_extra.py
[2024-10-18T09:55:26.412+0000] {logging_mixin.py:190} INFO - [2024-10-18T09:55:26.412+0000] {dag.py:3239} INFO - Sync 2 DAGs
[2024-10-18T09:55:26.436+0000] {logging_mixin.py:190} INFO - [2024-10-18T09:55:26.435+0000] {dag.py:4180} INFO - Setting next_dagrun for read_dataset_event to 2024-10-17 00:00:00+00:00, run_after=2024-10-18 00:00:00+00:00
[2024-10-18T09:55:26.441+0000] {logging_mixin.py:190} INFO - [2024-10-18T09:55:26.441+0000] {dag.py:4180} INFO - Setting next_dagrun for read_dataset_event_from_classic to 2024-10-17 00:00:00+00:00, run_after=2024-10-18 00:00:00+00:00
[2024-10-18T09:55:26.463+0000] {processor.py:208} INFO - Processing /home/airflow/.local/lib/python3.12/site-packages/airflow/example_dags/example_inlet_event_extra.py took 0.100 seconds
[2024-10-18T09:55:56.523+0000] {processor.py:186} INFO - Started process (PID=2826) to work on /home/airflow/.local/lib/python3.12/site-packages/airflow/example_dags/example_inlet_event_extra.py
[2024-10-18T09:55:56.524+0000] {processor.py:914} INFO - Processing file /home/airflow/.local/lib/python3.12/site-packages/airflow/example_dags/example_inlet_event_extra.py for tasks to queue
[2024-10-18T09:55:56.529+0000] {logging_mixin.py:190} INFO - [2024-10-18T09:55:56.528+0000] {dagbag.py:588} INFO - Filling up the DagBag from /home/airflow/.local/lib/python3.12/site-packages/airflow/example_dags/example_inlet_event_extra.py
[2024-10-18T09:55:56.542+0000] {processor.py:925} INFO - DAG(s) 'read_dataset_event_from_classic', 'read_dataset_event' retrieved from /home/airflow/.local/lib/python3.12/site-packages/airflow/example_dags/example_inlet_event_extra.py
[2024-10-18T09:55:56.569+0000] {logging_mixin.py:190} INFO - [2024-10-18T09:55:56.568+0000] {dag.py:3239} INFO - Sync 2 DAGs
[2024-10-18T09:55:56.596+0000] {logging_mixin.py:190} INFO - [2024-10-18T09:55:56.596+0000] {dag.py:4180} INFO - Setting next_dagrun for read_dataset_event to 2024-10-17 00:00:00+00:00, run_after=2024-10-18 00:00:00+00:00
[2024-10-18T09:55:56.603+0000] {logging_mixin.py:190} INFO - [2024-10-18T09:55:56.603+0000] {dag.py:4180} INFO - Setting next_dagrun for read_dataset_event_from_classic to 2024-10-17 00:00:00+00:00, run_after=2024-10-18 00:00:00+00:00
[2024-10-18T09:55:56.628+0000] {processor.py:208} INFO - Processing /home/airflow/.local/lib/python3.12/site-packages/airflow/example_dags/example_inlet_event_extra.py took 0.113 seconds
[2024-10-18T09:56:26.865+0000] {processor.py:186} INFO - Started process (PID=3117) to work on /home/airflow/.local/lib/python3.12/site-packages/airflow/example_dags/example_inlet_event_extra.py
[2024-10-18T09:56:26.867+0000] {processor.py:914} INFO - Processing file /home/airflow/.local/lib/python3.12/site-packages/airflow/example_dags/example_inlet_event_extra.py for tasks to queue
[2024-10-18T09:56:26.870+0000] {logging_mixin.py:190} INFO - [2024-10-18T09:56:26.870+0000] {dagbag.py:588} INFO - Filling up the DagBag from /home/airflow/.local/lib/python3.12/site-packages/airflow/example_dags/example_inlet_event_extra.py
[2024-10-18T09:56:26.885+0000] {processor.py:925} INFO - DAG(s) 'read_dataset_event_from_classic', 'read_dataset_event' retrieved from /home/airflow/.local/lib/python3.12/site-packages/airflow/example_dags/example_inlet_event_extra.py
[2024-10-18T09:56:26.912+0000] {logging_mixin.py:190} INFO - [2024-10-18T09:56:26.912+0000] {dag.py:3239} INFO - Sync 2 DAGs
[2024-10-18T09:56:26.939+0000] {logging_mixin.py:190} INFO - [2024-10-18T09:56:26.939+0000] {dag.py:4180} INFO - Setting next_dagrun for read_dataset_event to 2024-10-17 00:00:00+00:00, run_after=2024-10-18 00:00:00+00:00
[2024-10-18T09:56:26.945+0000] {logging_mixin.py:190} INFO - [2024-10-18T09:56:26.945+0000] {dag.py:4180} INFO - Setting next_dagrun for read_dataset_event_from_classic to 2024-10-17 00:00:00+00:00, run_after=2024-10-18 00:00:00+00:00
[2024-10-18T09:56:26.968+0000] {processor.py:208} INFO - Processing /home/airflow/.local/lib/python3.12/site-packages/airflow/example_dags/example_inlet_event_extra.py took 0.109 seconds
[2024-10-18T09:56:57.066+0000] {processor.py:186} INFO - Started process (PID=3409) to work on /home/airflow/.local/lib/python3.12/site-packages/airflow/example_dags/example_inlet_event_extra.py
[2024-10-18T09:56:57.068+0000] {processor.py:914} INFO - Processing file /home/airflow/.local/lib/python3.12/site-packages/airflow/example_dags/example_inlet_event_extra.py for tasks to queue
[2024-10-18T09:56:57.071+0000] {logging_mixin.py:190} INFO - [2024-10-18T09:56:57.071+0000] {dagbag.py:588} INFO - Filling up the DagBag from /home/airflow/.local/lib/python3.12/site-packages/airflow/example_dags/example_inlet_event_extra.py
[2024-10-18T09:56:57.089+0000] {processor.py:925} INFO - DAG(s) 'read_dataset_event', 'read_dataset_event_from_classic' retrieved from /home/airflow/.local/lib/python3.12/site-packages/airflow/example_dags/example_inlet_event_extra.py
[2024-10-18T09:56:57.117+0000] {logging_mixin.py:190} INFO - [2024-10-18T09:56:57.117+0000] {dag.py:3239} INFO - Sync 2 DAGs
[2024-10-18T09:56:57.146+0000] {logging_mixin.py:190} INFO - [2024-10-18T09:56:57.145+0000] {dag.py:4180} INFO - Setting next_dagrun for read_dataset_event to 2024-10-17 00:00:00+00:00, run_after=2024-10-18 00:00:00+00:00
[2024-10-18T09:56:57.154+0000] {logging_mixin.py:190} INFO - [2024-10-18T09:56:57.154+0000] {dag.py:4180} INFO - Setting next_dagrun for read_dataset_event_from_classic to 2024-10-17 00:00:00+00:00, run_after=2024-10-18 00:00:00+00:00
[2024-10-18T09:56:57.177+0000] {processor.py:208} INFO - Processing /home/airflow/.local/lib/python3.12/site-packages/airflow/example_dags/example_inlet_event_extra.py took 0.118 seconds
[2024-10-18T09:57:27.307+0000] {processor.py:186} INFO - Started process (PID=3700) to work on /home/airflow/.local/lib/python3.12/site-packages/airflow/example_dags/example_inlet_event_extra.py
[2024-10-18T09:57:27.309+0000] {processor.py:914} INFO - Processing file /home/airflow/.local/lib/python3.12/site-packages/airflow/example_dags/example_inlet_event_extra.py for tasks to queue
[2024-10-18T09:57:27.313+0000] {logging_mixin.py:190} INFO - [2024-10-18T09:57:27.312+0000] {dagbag.py:588} INFO - Filling up the DagBag from /home/airflow/.local/lib/python3.12/site-packages/airflow/example_dags/example_inlet_event_extra.py
[2024-10-18T09:57:27.333+0000] {processor.py:925} INFO - DAG(s) 'read_dataset_event_from_classic', 'read_dataset_event' retrieved from /home/airflow/.local/lib/python3.12/site-packages/airflow/example_dags/example_inlet_event_extra.py
[2024-10-18T09:57:27.360+0000] {logging_mixin.py:190} INFO - [2024-10-18T09:57:27.360+0000] {dag.py:3239} INFO - Sync 2 DAGs
[2024-10-18T09:57:27.385+0000] {logging_mixin.py:190} INFO - [2024-10-18T09:57:27.385+0000] {dag.py:4180} INFO - Setting next_dagrun for read_dataset_event to 2024-10-17 00:00:00+00:00, run_after=2024-10-18 00:00:00+00:00
[2024-10-18T09:57:27.392+0000] {logging_mixin.py:190} INFO - [2024-10-18T09:57:27.392+0000] {dag.py:4180} INFO - Setting next_dagrun for read_dataset_event_from_classic to 2024-10-17 00:00:00+00:00, run_after=2024-10-18 00:00:00+00:00
[2024-10-18T09:57:27.416+0000] {processor.py:208} INFO - Processing /home/airflow/.local/lib/python3.12/site-packages/airflow/example_dags/example_inlet_event_extra.py took 0.115 seconds
