[2024-10-18T09:51:19.979+0000] {processor.py:186} INFO - Started process (PID=232) to work on /home/airflow/.local/lib/python3.12/site-packages/airflow/example_dags/tutorial_objectstorage.py
[2024-10-18T09:51:19.981+0000] {processor.py:914} INFO - Processing file /home/airflow/.local/lib/python3.12/site-packages/airflow/example_dags/tutorial_objectstorage.py for tasks to queue
[2024-10-18T09:51:19.988+0000] {logging_mixin.py:190} INFO - [2024-10-18T09:51:19.987+0000] {dagbag.py:588} INFO - Filling up the DagBag from /home/airflow/.local/lib/python3.12/site-packages/airflow/example_dags/tutorial_objectstorage.py
[2024-10-18T09:51:20.010+0000] {processor.py:925} INFO - DAG(s) 'tutorial_objectstorage' retrieved from /home/airflow/.local/lib/python3.12/site-packages/airflow/example_dags/tutorial_objectstorage.py
[2024-10-18T09:51:20.064+0000] {logging_mixin.py:190} INFO - [2024-10-18T09:51:20.063+0000] {dag.py:3239} INFO - Sync 1 DAGs
[2024-10-18T09:51:20.096+0000] {logging_mixin.py:190} INFO - [2024-10-18T09:51:20.096+0000] {dag.py:4180} INFO - Setting next_dagrun for tutorial_objectstorage to None, run_after=None
[2024-10-18T09:51:20.136+0000] {processor.py:208} INFO - Processing /home/airflow/.local/lib/python3.12/site-packages/airflow/example_dags/tutorial_objectstorage.py took 0.168 seconds
[2024-10-18T09:51:52.952+0000] {processor.py:186} INFO - Started process (PID=523) to work on /home/airflow/.local/lib/python3.12/site-packages/airflow/example_dags/tutorial_objectstorage.py
[2024-10-18T09:51:52.956+0000] {processor.py:914} INFO - Processing file /home/airflow/.local/lib/python3.12/site-packages/airflow/example_dags/tutorial_objectstorage.py for tasks to queue
[2024-10-18T09:51:52.964+0000] {logging_mixin.py:190} INFO - [2024-10-18T09:51:52.963+0000] {dagbag.py:588} INFO - Filling up the DagBag from /home/airflow/.local/lib/python3.12/site-packages/airflow/example_dags/tutorial_objectstorage.py
[2024-10-18T09:51:52.998+0000] {processor.py:925} INFO - DAG(s) 'tutorial_objectstorage' retrieved from /home/airflow/.local/lib/python3.12/site-packages/airflow/example_dags/tutorial_objectstorage.py
[2024-10-18T09:51:53.047+0000] {logging_mixin.py:190} INFO - [2024-10-18T09:51:53.046+0000] {dag.py:3239} INFO - Sync 1 DAGs
[2024-10-18T09:51:53.090+0000] {logging_mixin.py:190} INFO - [2024-10-18T09:51:53.089+0000] {dag.py:4180} INFO - Setting next_dagrun for tutorial_objectstorage to None, run_after=None
[2024-10-18T09:51:53.139+0000] {processor.py:208} INFO - Processing /home/airflow/.local/lib/python3.12/site-packages/airflow/example_dags/tutorial_objectstorage.py took 0.203 seconds
[2024-10-18T09:52:23.812+0000] {processor.py:186} INFO - Started process (PID=814) to work on /home/airflow/.local/lib/python3.12/site-packages/airflow/example_dags/tutorial_objectstorage.py
[2024-10-18T09:52:23.817+0000] {processor.py:914} INFO - Processing file /home/airflow/.local/lib/python3.12/site-packages/airflow/example_dags/tutorial_objectstorage.py for tasks to queue
[2024-10-18T09:52:23.824+0000] {logging_mixin.py:190} INFO - [2024-10-18T09:52:23.823+0000] {dagbag.py:588} INFO - Filling up the DagBag from /home/airflow/.local/lib/python3.12/site-packages/airflow/example_dags/tutorial_objectstorage.py
[2024-10-18T09:52:23.864+0000] {processor.py:925} INFO - DAG(s) 'tutorial_objectstorage' retrieved from /home/airflow/.local/lib/python3.12/site-packages/airflow/example_dags/tutorial_objectstorage.py
[2024-10-18T09:52:24.014+0000] {logging_mixin.py:190} INFO - [2024-10-18T09:52:24.012+0000] {dag.py:3239} INFO - Sync 1 DAGs
[2024-10-18T09:52:24.141+0000] {logging_mixin.py:190} INFO - [2024-10-18T09:52:24.140+0000] {dag.py:4180} INFO - Setting next_dagrun for tutorial_objectstorage to None, run_after=None
[2024-10-18T09:52:24.205+0000] {processor.py:208} INFO - Processing /home/airflow/.local/lib/python3.12/site-packages/airflow/example_dags/tutorial_objectstorage.py took 0.415 seconds
[2024-10-18T09:52:54.424+0000] {processor.py:186} INFO - Started process (PID=1107) to work on /home/airflow/.local/lib/python3.12/site-packages/airflow/example_dags/tutorial_objectstorage.py
[2024-10-18T09:52:54.427+0000] {processor.py:914} INFO - Processing file /home/airflow/.local/lib/python3.12/site-packages/airflow/example_dags/tutorial_objectstorage.py for tasks to queue
[2024-10-18T09:52:54.431+0000] {logging_mixin.py:190} INFO - [2024-10-18T09:52:54.431+0000] {dagbag.py:588} INFO - Filling up the DagBag from /home/airflow/.local/lib/python3.12/site-packages/airflow/example_dags/tutorial_objectstorage.py
[2024-10-18T09:52:54.444+0000] {processor.py:925} INFO - DAG(s) 'tutorial_objectstorage' retrieved from /home/airflow/.local/lib/python3.12/site-packages/airflow/example_dags/tutorial_objectstorage.py
[2024-10-18T09:52:54.491+0000] {logging_mixin.py:190} INFO - [2024-10-18T09:52:54.491+0000] {dag.py:3239} INFO - Sync 1 DAGs
[2024-10-18T09:52:54.517+0000] {logging_mixin.py:190} INFO - [2024-10-18T09:52:54.517+0000] {dag.py:4180} INFO - Setting next_dagrun for tutorial_objectstorage to None, run_after=None
[2024-10-18T09:52:54.558+0000] {processor.py:208} INFO - Processing /home/airflow/.local/lib/python3.12/site-packages/airflow/example_dags/tutorial_objectstorage.py took 0.143 seconds
[2024-10-18T09:53:25.214+0000] {processor.py:186} INFO - Started process (PID=1396) to work on /home/airflow/.local/lib/python3.12/site-packages/airflow/example_dags/tutorial_objectstorage.py
[2024-10-18T09:53:25.218+0000] {processor.py:914} INFO - Processing file /home/airflow/.local/lib/python3.12/site-packages/airflow/example_dags/tutorial_objectstorage.py for tasks to queue
[2024-10-18T09:53:25.222+0000] {logging_mixin.py:190} INFO - [2024-10-18T09:53:25.222+0000] {dagbag.py:588} INFO - Filling up the DagBag from /home/airflow/.local/lib/python3.12/site-packages/airflow/example_dags/tutorial_objectstorage.py
[2024-10-18T09:53:25.242+0000] {processor.py:925} INFO - DAG(s) 'tutorial_objectstorage' retrieved from /home/airflow/.local/lib/python3.12/site-packages/airflow/example_dags/tutorial_objectstorage.py
[2024-10-18T09:53:25.286+0000] {logging_mixin.py:190} INFO - [2024-10-18T09:53:25.285+0000] {dag.py:3239} INFO - Sync 1 DAGs
[2024-10-18T09:53:25.311+0000] {logging_mixin.py:190} INFO - [2024-10-18T09:53:25.311+0000] {dag.py:4180} INFO - Setting next_dagrun for tutorial_objectstorage to None, run_after=None
[2024-10-18T09:53:25.343+0000] {processor.py:208} INFO - Processing /home/airflow/.local/lib/python3.12/site-packages/airflow/example_dags/tutorial_objectstorage.py took 0.142 seconds
[2024-10-18T09:53:56.208+0000] {processor.py:186} INFO - Started process (PID=1687) to work on /home/airflow/.local/lib/python3.12/site-packages/airflow/example_dags/tutorial_objectstorage.py
[2024-10-18T09:53:56.211+0000] {processor.py:914} INFO - Processing file /home/airflow/.local/lib/python3.12/site-packages/airflow/example_dags/tutorial_objectstorage.py for tasks to queue
[2024-10-18T09:53:56.220+0000] {logging_mixin.py:190} INFO - [2024-10-18T09:53:56.218+0000] {dagbag.py:588} INFO - Filling up the DagBag from /home/airflow/.local/lib/python3.12/site-packages/airflow/example_dags/tutorial_objectstorage.py
[2024-10-18T09:53:56.261+0000] {processor.py:925} INFO - DAG(s) 'tutorial_objectstorage' retrieved from /home/airflow/.local/lib/python3.12/site-packages/airflow/example_dags/tutorial_objectstorage.py
[2024-10-18T09:53:56.706+0000] {logging_mixin.py:190} INFO - [2024-10-18T09:53:56.705+0000] {dag.py:3239} INFO - Sync 1 DAGs
[2024-10-18T09:53:56.775+0000] {logging_mixin.py:190} INFO - [2024-10-18T09:53:56.774+0000] {dag.py:3262} INFO - Creating ORM DAG for tutorial_objectstorage
[2024-10-18T09:53:56.778+0000] {logging_mixin.py:190} INFO - [2024-10-18T09:53:56.777+0000] {dag.py:4180} INFO - Setting next_dagrun for tutorial_objectstorage to None, run_after=None
[2024-10-18T09:53:56.852+0000] {processor.py:208} INFO - Processing /home/airflow/.local/lib/python3.12/site-packages/airflow/example_dags/tutorial_objectstorage.py took 0.662 seconds
[2024-10-18T09:54:27.204+0000] {processor.py:186} INFO - Started process (PID=1978) to work on /home/airflow/.local/lib/python3.12/site-packages/airflow/example_dags/tutorial_objectstorage.py
[2024-10-18T09:54:27.206+0000] {processor.py:914} INFO - Processing file /home/airflow/.local/lib/python3.12/site-packages/airflow/example_dags/tutorial_objectstorage.py for tasks to queue
[2024-10-18T09:54:27.209+0000] {logging_mixin.py:190} INFO - [2024-10-18T09:54:27.209+0000] {dagbag.py:588} INFO - Filling up the DagBag from /home/airflow/.local/lib/python3.12/site-packages/airflow/example_dags/tutorial_objectstorage.py
[2024-10-18T09:54:27.221+0000] {processor.py:925} INFO - DAG(s) 'tutorial_objectstorage' retrieved from /home/airflow/.local/lib/python3.12/site-packages/airflow/example_dags/tutorial_objectstorage.py
[2024-10-18T09:54:27.256+0000] {logging_mixin.py:190} INFO - [2024-10-18T09:54:27.255+0000] {dag.py:3239} INFO - Sync 1 DAGs
[2024-10-18T09:54:27.279+0000] {logging_mixin.py:190} INFO - [2024-10-18T09:54:27.278+0000] {dag.py:4180} INFO - Setting next_dagrun for tutorial_objectstorage to None, run_after=None
[2024-10-18T09:54:27.310+0000] {processor.py:208} INFO - Processing /home/airflow/.local/lib/python3.12/site-packages/airflow/example_dags/tutorial_objectstorage.py took 0.113 seconds
[2024-10-18T09:54:57.425+0000] {processor.py:186} INFO - Started process (PID=2266) to work on /home/airflow/.local/lib/python3.12/site-packages/airflow/example_dags/tutorial_objectstorage.py
[2024-10-18T09:54:57.427+0000] {processor.py:914} INFO - Processing file /home/airflow/.local/lib/python3.12/site-packages/airflow/example_dags/tutorial_objectstorage.py for tasks to queue
[2024-10-18T09:54:57.430+0000] {logging_mixin.py:190} INFO - [2024-10-18T09:54:57.430+0000] {dagbag.py:588} INFO - Filling up the DagBag from /home/airflow/.local/lib/python3.12/site-packages/airflow/example_dags/tutorial_objectstorage.py
[2024-10-18T09:54:57.447+0000] {processor.py:925} INFO - DAG(s) 'tutorial_objectstorage' retrieved from /home/airflow/.local/lib/python3.12/site-packages/airflow/example_dags/tutorial_objectstorage.py
[2024-10-18T09:54:57.476+0000] {logging_mixin.py:190} INFO - [2024-10-18T09:54:57.475+0000] {dag.py:3239} INFO - Sync 1 DAGs
[2024-10-18T09:54:57.495+0000] {logging_mixin.py:190} INFO - [2024-10-18T09:54:57.495+0000] {dag.py:4180} INFO - Setting next_dagrun for tutorial_objectstorage to None, run_after=None
[2024-10-18T09:54:57.525+0000] {processor.py:208} INFO - Processing /home/airflow/.local/lib/python3.12/site-packages/airflow/example_dags/tutorial_objectstorage.py took 0.105 seconds
[2024-10-18T09:55:27.727+0000] {processor.py:186} INFO - Started process (PID=2557) to work on /home/airflow/.local/lib/python3.12/site-packages/airflow/example_dags/tutorial_objectstorage.py
[2024-10-18T09:55:27.729+0000] {processor.py:914} INFO - Processing file /home/airflow/.local/lib/python3.12/site-packages/airflow/example_dags/tutorial_objectstorage.py for tasks to queue
[2024-10-18T09:55:27.731+0000] {logging_mixin.py:190} INFO - [2024-10-18T09:55:27.731+0000] {dagbag.py:588} INFO - Filling up the DagBag from /home/airflow/.local/lib/python3.12/site-packages/airflow/example_dags/tutorial_objectstorage.py
[2024-10-18T09:55:27.739+0000] {processor.py:925} INFO - DAG(s) 'tutorial_objectstorage' retrieved from /home/airflow/.local/lib/python3.12/site-packages/airflow/example_dags/tutorial_objectstorage.py
[2024-10-18T09:55:27.762+0000] {logging_mixin.py:190} INFO - [2024-10-18T09:55:27.761+0000] {dag.py:3239} INFO - Sync 1 DAGs
[2024-10-18T09:55:27.774+0000] {logging_mixin.py:190} INFO - [2024-10-18T09:55:27.774+0000] {dag.py:4180} INFO - Setting next_dagrun for tutorial_objectstorage to None, run_after=None
[2024-10-18T09:55:27.795+0000] {processor.py:208} INFO - Processing /home/airflow/.local/lib/python3.12/site-packages/airflow/example_dags/tutorial_objectstorage.py took 0.073 seconds
[2024-10-18T09:55:57.944+0000] {processor.py:186} INFO - Started process (PID=2848) to work on /home/airflow/.local/lib/python3.12/site-packages/airflow/example_dags/tutorial_objectstorage.py
[2024-10-18T09:55:57.946+0000] {processor.py:914} INFO - Processing file /home/airflow/.local/lib/python3.12/site-packages/airflow/example_dags/tutorial_objectstorage.py for tasks to queue
[2024-10-18T09:55:57.952+0000] {logging_mixin.py:190} INFO - [2024-10-18T09:55:57.952+0000] {dagbag.py:588} INFO - Filling up the DagBag from /home/airflow/.local/lib/python3.12/site-packages/airflow/example_dags/tutorial_objectstorage.py
[2024-10-18T09:55:57.961+0000] {processor.py:925} INFO - DAG(s) 'tutorial_objectstorage' retrieved from /home/airflow/.local/lib/python3.12/site-packages/airflow/example_dags/tutorial_objectstorage.py
[2024-10-18T09:55:57.988+0000] {logging_mixin.py:190} INFO - [2024-10-18T09:55:57.988+0000] {dag.py:3239} INFO - Sync 1 DAGs
[2024-10-18T09:55:58.007+0000] {logging_mixin.py:190} INFO - [2024-10-18T09:55:58.007+0000] {dag.py:4180} INFO - Setting next_dagrun for tutorial_objectstorage to None, run_after=None
[2024-10-18T09:55:58.036+0000] {processor.py:208} INFO - Processing /home/airflow/.local/lib/python3.12/site-packages/airflow/example_dags/tutorial_objectstorage.py took 0.099 seconds
[2024-10-18T09:56:28.410+0000] {processor.py:186} INFO - Started process (PID=3142) to work on /home/airflow/.local/lib/python3.12/site-packages/airflow/example_dags/tutorial_objectstorage.py
[2024-10-18T09:56:28.412+0000] {processor.py:914} INFO - Processing file /home/airflow/.local/lib/python3.12/site-packages/airflow/example_dags/tutorial_objectstorage.py for tasks to queue
[2024-10-18T09:56:28.415+0000] {logging_mixin.py:190} INFO - [2024-10-18T09:56:28.414+0000] {dagbag.py:588} INFO - Filling up the DagBag from /home/airflow/.local/lib/python3.12/site-packages/airflow/example_dags/tutorial_objectstorage.py
[2024-10-18T09:56:28.425+0000] {processor.py:925} INFO - DAG(s) 'tutorial_objectstorage' retrieved from /home/airflow/.local/lib/python3.12/site-packages/airflow/example_dags/tutorial_objectstorage.py
[2024-10-18T09:56:28.456+0000] {logging_mixin.py:190} INFO - [2024-10-18T09:56:28.455+0000] {dag.py:3239} INFO - Sync 1 DAGs
[2024-10-18T09:56:28.475+0000] {logging_mixin.py:190} INFO - [2024-10-18T09:56:28.475+0000] {dag.py:4180} INFO - Setting next_dagrun for tutorial_objectstorage to None, run_after=None
[2024-10-18T09:56:28.506+0000] {processor.py:208} INFO - Processing /home/airflow/.local/lib/python3.12/site-packages/airflow/example_dags/tutorial_objectstorage.py took 0.101 seconds
[2024-10-18T09:56:58.582+0000] {processor.py:186} INFO - Started process (PID=3431) to work on /home/airflow/.local/lib/python3.12/site-packages/airflow/example_dags/tutorial_objectstorage.py
[2024-10-18T09:56:58.584+0000] {processor.py:914} INFO - Processing file /home/airflow/.local/lib/python3.12/site-packages/airflow/example_dags/tutorial_objectstorage.py for tasks to queue
[2024-10-18T09:56:58.588+0000] {logging_mixin.py:190} INFO - [2024-10-18T09:56:58.587+0000] {dagbag.py:588} INFO - Filling up the DagBag from /home/airflow/.local/lib/python3.12/site-packages/airflow/example_dags/tutorial_objectstorage.py
[2024-10-18T09:56:58.599+0000] {processor.py:925} INFO - DAG(s) 'tutorial_objectstorage' retrieved from /home/airflow/.local/lib/python3.12/site-packages/airflow/example_dags/tutorial_objectstorage.py
[2024-10-18T09:56:58.626+0000] {logging_mixin.py:190} INFO - [2024-10-18T09:56:58.625+0000] {dag.py:3239} INFO - Sync 1 DAGs
[2024-10-18T09:56:58.645+0000] {logging_mixin.py:190} INFO - [2024-10-18T09:56:58.644+0000] {dag.py:4180} INFO - Setting next_dagrun for tutorial_objectstorage to None, run_after=None
[2024-10-18T09:56:58.672+0000] {processor.py:208} INFO - Processing /home/airflow/.local/lib/python3.12/site-packages/airflow/example_dags/tutorial_objectstorage.py took 0.097 seconds
[2024-10-18T09:57:28.927+0000] {processor.py:186} INFO - Started process (PID=3722) to work on /home/airflow/.local/lib/python3.12/site-packages/airflow/example_dags/tutorial_objectstorage.py
[2024-10-18T09:57:28.929+0000] {processor.py:914} INFO - Processing file /home/airflow/.local/lib/python3.12/site-packages/airflow/example_dags/tutorial_objectstorage.py for tasks to queue
[2024-10-18T09:57:28.932+0000] {logging_mixin.py:190} INFO - [2024-10-18T09:57:28.932+0000] {dagbag.py:588} INFO - Filling up the DagBag from /home/airflow/.local/lib/python3.12/site-packages/airflow/example_dags/tutorial_objectstorage.py
[2024-10-18T09:57:28.941+0000] {processor.py:925} INFO - DAG(s) 'tutorial_objectstorage' retrieved from /home/airflow/.local/lib/python3.12/site-packages/airflow/example_dags/tutorial_objectstorage.py
[2024-10-18T09:57:28.965+0000] {logging_mixin.py:190} INFO - [2024-10-18T09:57:28.964+0000] {dag.py:3239} INFO - Sync 1 DAGs
[2024-10-18T09:57:28.978+0000] {logging_mixin.py:190} INFO - [2024-10-18T09:57:28.978+0000] {dag.py:4180} INFO - Setting next_dagrun for tutorial_objectstorage to None, run_after=None
[2024-10-18T09:57:29.007+0000] {processor.py:208} INFO - Processing /home/airflow/.local/lib/python3.12/site-packages/airflow/example_dags/tutorial_objectstorage.py took 0.085 seconds
