[2024-10-18T06:29:32.813+0000] {local_task_job_runner.py:123} INFO - ::group::Pre task execution logs
[2024-10-18T06:29:32.851+0000] {taskinstance.py:2612} INFO - Dependencies all met for dep_context=non-requeueable deps ti=<TaskInstance: WebScraping-etl-dag.Extraction_taks manual__2024-10-18T06:29:25.880337+00:00 [queued]>
[2024-10-18T06:29:32.876+0000] {taskinstance.py:2612} INFO - Dependencies all met for dep_context=requeueable deps ti=<TaskInstance: WebScraping-etl-dag.Extraction_taks manual__2024-10-18T06:29:25.880337+00:00 [queued]>
[2024-10-18T06:29:32.877+0000] {taskinstance.py:2865} INFO - Starting attempt 1 of 2
[2024-10-18T06:29:32.902+0000] {taskinstance.py:2888} INFO - Executing <Task(PythonOperator): Extraction_taks> on 2024-10-18 06:29:25.880337+00:00
[2024-10-18T06:29:32.912+0000] {standard_task_runner.py:104} INFO - Running: ['***', 'tasks', 'run', 'WebScraping-etl-dag', 'Extraction_taks', 'manual__2024-10-18T06:29:25.880337+00:00', '--job-id', '91', '--raw', '--subdir', 'DAGS_FOLDER/webscraping-ETL.py', '--cfg-path', '/tmp/tmpx8yx2x_o']
[2024-10-18T06:29:32.915+0000] {standard_task_runner.py:105} INFO - Job 91: Subtask Extraction_taks
[2024-10-18T06:29:32.920+0000] {logging_mixin.py:190} WARNING - /home/***/.local/lib/python3.12/site-packages/***/task/task_runner/standard_task_runner.py:70 DeprecationWarning: This process (pid=17940) is multi-threaded, use of fork() may lead to deadlocks in the child.
[2024-10-18T06:29:32.921+0000] {standard_task_runner.py:72} INFO - Started process 17946 to run task
[2024-10-18T06:29:32.990+0000] {task_command.py:467} INFO - Running <TaskInstance: WebScraping-etl-dag.Extraction_taks manual__2024-10-18T06:29:25.880337+00:00 [running]> on host 80a60bb94a91
[2024-10-18T06:29:33.150+0000] {taskinstance.py:3131} INFO - Exporting env vars: AIRFLOW_CTX_DAG_EMAIL='your email' AIRFLOW_CTX_DAG_OWNER='Your name' AIRFLOW_CTX_DAG_ID='WebScraping-etl-dag' AIRFLOW_CTX_TASK_ID='Extraction_taks' AIRFLOW_CTX_EXECUTION_DATE='2024-10-18T06:29:25.880337+00:00' AIRFLOW_CTX_TRY_NUMBER='1' AIRFLOW_CTX_DAG_RUN_ID='manual__2024-10-18T06:29:25.880337+00:00'
[2024-10-18T06:29:33.153+0000] {logging_mixin.py:190} INFO - Task instance is in running state
[2024-10-18T06:29:33.154+0000] {logging_mixin.py:190} INFO -  Previous state of the Task instance: queued
[2024-10-18T06:29:33.155+0000] {logging_mixin.py:190} INFO - Current task name:Extraction_taks state:running start_date:2024-10-18 06:29:32.852828+00:00
[2024-10-18T06:29:33.156+0000] {logging_mixin.py:190} INFO - Dag name:WebScraping-etl-dag and current dag run status:running
[2024-10-18T06:29:33.157+0000] {taskinstance.py:731} INFO - ::endgroup::
[2024-10-18T06:29:37.674+0000] {python.py:240} INFO - Done. Returned value was:                                                 title  ...                                          image Url
0       RENEE Glowscreen SPF 50 Sunscreen Spray, 50ml  ...  //www.reneecosmetics.in/cdn/shop/files/renee-g...
1                      RENEE Madness pH Lipstick, 3gm  ...  //www.reneecosmetics.in/cdn/shop/files/renee-m...
2      RENEE FAB 5 Matte Finish 5 in 1 Lipstick 7.5gm  ...  //www.reneecosmetics.in/cdn/shop/files/renee-f...
3                       RENEE Bollywood Filter Primer  ...  //www.reneecosmetics.in/cdn/shop/files/Bollywo...
4        RENEE Premium Fragrances Set Of 4, 15ml each  ...  //www.reneecosmetics.in/cdn/shop/files/renee-p...
5                  RENEE See Me Shine Lip Gloss 2.5ml  ...  //www.reneecosmetics.in/cdn/shop/files/renee-s...
6         RENEE Face Gloss with Hyaluronic Acid, 10ml  ...  //www.reneecosmetics.in/cdn/shop/files/renee-f...
7                                RENEE Stick On Nails  ...  //www.reneecosmetics.in/cdn/shop/files/renee-s...
8                     RENEE Eau De Parfum Dark Desire  ...  //www.reneecosmetics.in/cdn/shop/files/renee-e...
9                           RENEE Eau De Parfum Bloom  ...  //www.reneecosmetics.in/cdn/shop/files/renee-e...
10                   RENEE Glass Glow Pre Make Up Oil  ...  //www.reneecosmetics.in/cdn/shop/files/renee-g...
11  RENEE x VILLAIN Eau De Parfum Premium Fragranc...  ...  //www.reneecosmetics.in/cdn/shop/files/renee-x...
12     RENEE Glowscreen SPF 50 Sunscreen Cream - 50ml  ...  //www.reneecosmetics.in/cdn/shop/files/renee-g...
13  RENEE Stay With Me Minis Matte Liquid Lipstick...  ...  //www.reneecosmetics.in/cdn/shop/files/renee-s...
14                 RENEE Summer Slush Jelly Tint 13gm  ...  //www.reneecosmetics.in/cdn/shop/files/renee-s...

[15 rows x 7 columns]
[2024-10-18T06:29:37.953+0000] {taskinstance.py:340} INFO - ::group::Post task execution logs
[2024-10-18T06:29:37.955+0000] {taskinstance.py:352} INFO - Marking task as SUCCESS. dag_id=WebScraping-etl-dag, task_id=Extraction_taks, run_id=manual__2024-10-18T06:29:25.880337+00:00, execution_date=20241018T062925, start_date=20241018T062932, end_date=20241018T062937
[2024-10-18T06:29:37.979+0000] {logging_mixin.py:190} INFO - Task instance in success state
[2024-10-18T06:29:37.980+0000] {logging_mixin.py:190} INFO -  Previous state of the Task instance: running
[2024-10-18T06:29:37.980+0000] {logging_mixin.py:190} INFO - Dag name:WebScraping-etl-dag queued_at:2024-10-18 06:29:26.421057+00:00
[2024-10-18T06:29:37.981+0000] {logging_mixin.py:190} INFO - Task hostname:80a60bb94a91 operator:PythonOperator
[2024-10-18T06:29:38.001+0000] {local_task_job_runner.py:266} INFO - Task exited with return code 0
[2024-10-18T06:29:38.033+0000] {taskinstance.py:3900} INFO - 1 downstream tasks scheduled from follow-on schedule check
[2024-10-18T06:29:38.037+0000] {local_task_job_runner.py:245} INFO - ::endgroup::
